<?xml version="1.0" encoding="UTF-8"?>
<TestRun id="66c99919-bbf4-48d5-8af3-f0b5ec08dd87" name="cjmagee@CJMAGEE-PC 2012-05-22 15:15:31" runUser="cjmagee-PC\cjmagee" xmlns="http://microsoft.com/schemas/VisualStudio/TeamTest/2010">
  <TestSettings name="Local" id="63f1875e-6356-47de-9b24-1f557b223cad">
    <Description>These are default test settings for a local test run.</Description>
    <Deployment userDeploymentRoot="C:\Users\cjmagee\Desktop\PaidThxTests\SocialPayments\TestResults" useDefaultDeploymentRoot="false" enabled="false" runDeploymentRoot="cjmagee_CJMAGEE-PC 2012-05-22 15_15_31">
      <DeploymentItem filename="C:\Users\cjmagee\Desktop\PaidThxTests\SocialPayments\SocialPayments.DomainServices.UnitTests\bin\Release\SocialPayments.DomainServices.UnitTests.dll" />
      <DeploymentItem filename="C:\Users\cjmagee\Desktop\PaidThxTests\SocialPayments\SocialPayments.Domain\bin\Local\SocialPayments.Domain.dll" />
      <DeploymentItem filename="C:\Users\cjmagee\Desktop\PaidThxTests\SocialPayments\SocialPayments.Services.IMessageProcessor\bin\Release\SocialPayments.Services.IMessageProcessor.dll" />
      <DeploymentItem filename="C:\Users\cjmagee\Desktop\PaidThxTests\SocialPayments\SocialPayments.Services.SubmittedMessageProcessor\bin\Release\SocialPayments.Services.SubmittedMessageProcessor.dll" />
      <DeploymentItem filename="C:\Users\cjmagee\Desktop\PaidThxTests\SocialPayments\packages\System.Web.Http.Common.4.0.20126.16343\lib\net40\System.Web.Http.Common.dll" />
      <DeploymentItem filename="C:\Users\cjmagee\Desktop\PaidThxTests\SocialPayments\packages\AspNetRazor.Core.2.0.20126.16343\lib\net40\System.Web.Razor.dll" />
      <DeploymentItem filename="C:\Users\cjmagee\Desktop\PaidThxTests\SocialPayments\SocialPayments.DomainServices\bin\Local\SocialPayments.DomainServices.dll" />
      <DeploymentItem filename="C:\Users\cjmagee\Desktop\PaidThxTests\SocialPayments\packages\EntityFramework.4.1.10331.0\lib\EntityFramework.dll" />
      <DeploymentItem filename="C:\Users\cjmagee\Desktop\PaidThxTests\SocialPayments\packages\AspNetMvc.4.0.20126.16343\lib\net40\System.Web.Mvc.dll" />
      <DeploymentItem filename="C:\Users\cjmagee\Desktop\PaidThxTests\SocialPayments\packages\AspNetWebPages.Core.2.0.20126.16343\lib\net40\System.Web.WebPages.Deployment.dll" />
      <DeploymentItem filename="C:\Users\cjmagee\Desktop\PaidThxTests\SocialPayments\packages\AspNetWebPages.Core.2.0.20126.16343\lib\net40\System.Web.WebPages.Razor.dll" />
      <DeploymentItem filename="C:\Users\cjmagee\Desktop\PaidThxTests\SocialPayments\packages\AspNetWebPages.Core.2.0.20126.16343\lib\net40\System.Web.WebPages.dll" />
      <DeploymentItem filename="C:\Users\cjmagee\Desktop\PaidThxTests\SocialPayments\SocialPayments.Facebook\bin\SocialPayments.Facebook.dll" />
      <DeploymentItem filename="C:\Users\cjmagee\Desktop\PaidThxTests\SocialPayments\SocialPayments.DataLayer\bin\Local\SocialPayments.DataLayer.dll" />
      <DeploymentItem filename="C:\Users\cjmagee\Desktop\PaidThxTests\SocialPayments\packages\Microsoft.Web.Infrastructure.1.0.0.0\lib\net40\Microsoft.Web.Infrastructure.dll" />
      <DeploymentItem filename="C:\Users\cjmagee\Desktop\PaidThxTests\SocialPayments\packages\AspNetWebPages.Core.2.0.20126.16343\lib\net40\System.Web.Helpers.dll" />
    </Deployment>
    <Execution>
      <TestTypeSpecific />
      <AgentRule name="Execution Agents">
      </AgentRule>
    </Execution>
  </TestSettings>
  <Times creation="2012-05-22T15:15:31.2661110-04:00" queuing="2012-05-22T15:15:32.7171940-04:00" start="2012-05-22T15:15:32.8812034-04:00" finish="2012-05-22T15:15:33.3412297-04:00" />
  <ResultSummary outcome="Error">
    <Counters total="1" executed="1" error="0" failed="0" timeout="0" aborted="1" inconclusive="0" passedButRunAborted="0" notRunnable="0" notExecuted="0" disconnected="0" warning="0" passed="0" completed="0" inProgress="0" pending="0" />
    <RunInfos>
      <RunInfo computerName="CJMAGEE-PC" outcome="Error" timestamp="2012-05-22T15:15:33.3362294-04:00">
        <Text>Test host process exited unexpectedly.</Text>
      </RunInfo>
    </RunInfos>
  </ResultSummary>
  <TestDefinitions>
    <UnitTest name="WhenPendingPaymentMessageWithMobileNumberRecipientUriProcessedWithKnownRecipientTwoTransactionsAreCreated" storage="c:\users\cjmagee\desktop\paidthxtests\socialpayments\socialpayments.services.messageprocessors.unittest\bin\release\socialpayments.services.messageprocessors.unittest.dll" id="a98f7e50-8b97-baa5-6dbb-3dc100efdbe0">
      <Execution id="1c63d608-1223-4c89-98f8-b63354012f7f" />
      <TestMethod codeBase="C:/Users/cjmagee/Desktop/PaidThxTests/SocialPayments/SocialPayments.Services.MessageProcessors.UnitTest/bin/Release/SocialPayments.Services.MessageProcessors.UnitTest.DLL" adapterTypeName="Microsoft.VisualStudio.TestTools.TestTypes.Unit.UnitTestAdapter, Microsoft.VisualStudio.QualityTools.Tips.UnitTest.Adapter, Version=10.0.0.0, Culture=neutral, PublicKeyToken=b03f5f7f11d50a3a" className="SocialPayments.Services.MessageProcessors.UnitTest.SumittedPaymentMessageProcessor, SocialPayments.Services.MessageProcessors.UnitTest, Version=1.0.0.0, Culture=neutral, PublicKeyToken=null" name="WhenPendingPaymentMessageWithMobileNumberRecipientUriProcessedWithKnownRecipientTwoTransactionsAreCreated" />
    </UnitTest>
  </TestDefinitions>
  <TestLists>
    <TestList name="Results Not in a List" id="8c84fa94-04c1-424b-9868-57a2d4851a1d" />
    <TestList name="All Loaded Results" id="19431567-8539-422a-85d7-44ee4e166bda" />
  </TestLists>
  <TestEntries>
    <TestEntry testId="a98f7e50-8b97-baa5-6dbb-3dc100efdbe0" executionId="1c63d608-1223-4c89-98f8-b63354012f7f" testListId="8c84fa94-04c1-424b-9868-57a2d4851a1d" />
  </TestEntries>
  <Results>
    <UnitTestResult executionId="1c63d608-1223-4c89-98f8-b63354012f7f" testId="a98f7e50-8b97-baa5-6dbb-3dc100efdbe0" testName="WhenPendingPaymentMessageWithMobileNumberRecipientUriProcessedWithKnownRecipientTwoTransactionsAreCreated" computerName="CJMAGEE-PC" duration="00:00:00.3170181" startTime="2012-05-22T15:15:33.0242116-04:00" endTime="2012-05-22T15:15:33.3412297-04:00" testType="13cdc9d9-ddb5-4fa4-a97d-d965ccfc6d4b" outcome="Aborted" testListId="8c84fa94-04c1-424b-9868-57a2d4851a1d" relativeResultsDirectory="1c63d608-1223-4c89-98f8-b63354012f7f">
    </UnitTestResult>
  </Results>
</TestRun>