<?xml version="1.0" encoding="UTF-8"?>
<TestRun id="e5004c62-eb18-4416-b743-9b5b02df9883" name="James@JAMES-PC 2012-05-24 22:57:47" runUser="James-PC\James" xmlns="http://microsoft.com/schemas/VisualStudio/TeamTest/2010">
  <TestSettings name="Local" id="63f1875e-6356-47de-9b24-1f557b223cad">
    <Description>These are default test settings for a local test run.</Description>
    <Deployment enabled="false" runDeploymentRoot="James_JAMES-PC 2012-05-24 22_57_47">
      <DeploymentItem filename="C:\Users\James\documents\visual studio 2010\Projects\SocialPayments\packages\AspNetMvc.4.0.20126.16343\lib\net40\System.Web.Mvc.dll" />
      <DeploymentItem filename="C:\Users\James\documents\visual studio 2010\Projects\SocialPayments\packages\Microsoft.Web.Infrastructure.1.0.0.0\lib\net40\Microsoft.Web.Infrastructure.dll" />
      <DeploymentItem filename="C:\Users\James\documents\visual studio 2010\Projects\SocialPayments\packages\AspNetWebPages.Core.2.0.20126.16343\lib\net40\System.Web.WebPages.Deployment.dll" />
      <DeploymentItem filename="C:\Users\James\documents\visual studio 2010\Projects\SocialPayments\packages\AspNetWebPages.Core.2.0.20126.16343\lib\net40\System.Web.WebPages.Razor.dll" />
      <DeploymentItem filename="C:\Users\James\documents\visual studio 2010\Projects\SocialPayments\packages\AspNetWebPages.Core.2.0.20126.16343\lib\net40\System.Web.Helpers.dll" />
      <DeploymentItem filename="C:\Users\James\documents\visual studio 2010\Projects\SocialPayments\SocialPayments.DomainServices\bin\Test\SocialPayments.DomainServices.dll" />
      <DeploymentItem filename="C:\Users\James\documents\visual studio 2010\Projects\SocialPayments\packages\AspNetRazor.Core.2.0.20126.16343\lib\net40\System.Web.Razor.dll" />
      <DeploymentItem filename="C:\Users\James\documents\visual studio 2010\Projects\SocialPayments\packages\AspNetWebPages.Core.2.0.20126.16343\lib\net40\System.Web.WebPages.dll" />
      <DeploymentItem filename="C:\Users\James\documents\visual studio 2010\Projects\SocialPayments\packages\System.Web.Http.Common.4.0.20126.16343\lib\net40\System.Web.Http.Common.dll" />
      <DeploymentItem filename="C:\Users\James\documents\visual studio 2010\Projects\SocialPayments\SocialPayments.DataLayer\bin\Test\SocialPayments.DataLayer.dll" />
      <DeploymentItem filename="C:\Users\James\documents\visual studio 2010\Projects\SocialPayments\SocialPayments.Domain\bin\Test\SocialPayments.Domain.dll" />
    </Deployment>
    <Execution>
      <TestTypeSpecific />
      <AgentRule name="Execution Agents">
      </AgentRule>
    </Execution>
  </TestSettings>
  <Times creation="2012-05-24T22:57:47.7480469-04:00" queuing="2012-05-24T22:57:50.4355469-04:00" start="2012-05-24T22:57:50.9199219-04:00" finish="2012-05-24T22:58:08.8261719-04:00" />
  <ResultSummary outcome="Failed">
    <Counters total="1" executed="1" error="0" failed="1" timeout="0" aborted="0" inconclusive="0" passedButRunAborted="0" notRunnable="0" notExecuted="0" disconnected="0" warning="0" passed="0" completed="0" inProgress="0" pending="0" />
  </ResultSummary>
  <TestDefinitions>
    <UnitTest name="WhenFindingUserByFormattedMobileNumberUserWithMobileNumberIsFound" storage="c:\users\james\documents\visual studio 2010\projects\socialpayments\socialpayments.domainservices.unittests\bin\test\socialpayments.domainservices.unittests.dll" id="8bec1cbb-e592-88e4-ed4c-094ea9f6bf89">
      <Execution id="47715eb5-7c61-4b94-b971-6cf763a21814" />
      <TestMethod codeBase="C:/Users/James/documents/visual studio 2010/Projects/SocialPayments/SocialPayments.DomainServices.UnitTests/bin/Test/SocialPayments.DomainServices.UnitTests.DLL" adapterTypeName="Microsoft.VisualStudio.TestTools.TestTypes.Unit.UnitTestAdapter, Microsoft.VisualStudio.QualityTools.Tips.UnitTest.Adapter, Version=10.0.0.0, Culture=neutral, PublicKeyToken=b03f5f7f11d50a3a" className="SocialPayments.DomainServices.UnitTests.UserServicesTest, SocialPayments.DomainServices.UnitTests, Version=1.0.0.0, Culture=neutral, PublicKeyToken=null" name="WhenFindingUserByFormattedMobileNumberUserWithMobileNumberIsFound" />
    </UnitTest>
  </TestDefinitions>
  <TestLists>
    <TestList name="Results Not in a List" id="8c84fa94-04c1-424b-9868-57a2d4851a1d" />
    <TestList name="All Loaded Results" id="19431567-8539-422a-85d7-44ee4e166bda" />
  </TestLists>
  <TestEntries>
    <TestEntry testId="8bec1cbb-e592-88e4-ed4c-094ea9f6bf89" executionId="47715eb5-7c61-4b94-b971-6cf763a21814" testListId="8c84fa94-04c1-424b-9868-57a2d4851a1d" />
  </TestEntries>
  <Results>
    <UnitTestResult executionId="47715eb5-7c61-4b94-b971-6cf763a21814" testId="8bec1cbb-e592-88e4-ed4c-094ea9f6bf89" testName="WhenFindingUserByFormattedMobileNumberUserWithMobileNumberIsFound" computerName="JAMES-PC" duration="00:00:15.1154775" startTime="2012-05-24T22:57:51.1230469-04:00" endTime="2012-05-24T22:58:07.8417969-04:00" testType="13cdc9d9-ddb5-4fa4-a97d-d965ccfc6d4b" outcome="Failed" testListId="8c84fa94-04c1-424b-9868-57a2d4851a1d" relativeResultsDirectory="47715eb5-7c61-4b94-b971-6cf763a21814">
      <Output>
        <ErrorInfo>
          <Message>Assert.AreEqual failed. Expected:&lt;SocialPayments.Domain.User&gt;. Actual:&lt;(null)&gt;. </Message>
          <StackTrace>   at SocialPayments.DomainServices.UnitTests.UserServicesTest.WhenFindingUserByFormattedMobileNumberUserWithMobileNumberIsFound() in C:\Users\James\documents\visual studio 2010\Projects\SocialPayments\SocialPayments.DomainServices.UnitTests\UserServicesTest.cs:line 58
</StackTrace>
        </ErrorInfo>
      </Output>
    </UnitTestResult>
  </Results>
</TestRun>