<?xml version="1.0" encoding="UTF-8"?>
<TestRun id="769f6bb3-6103-4992-aa76-be7eccbd69a5" name="James@JAMES-PC 2012-05-21 22:49:50" runUser="James-PC\James" xmlns="http://microsoft.com/schemas/VisualStudio/TeamTest/2010">
  <TestSettings name="Local" id="63f1875e-6356-47de-9b24-1f557b223cad">
    <Description>These are default test settings for a local test run.</Description>
    <Deployment enabled="false" runDeploymentRoot="James_JAMES-PC 2012-05-21 22_49_50">
      <DeploymentItem filename="C:\Users\James\documents\visual studio 2010\Projects\SocialPayments\SocialPayments.DomainServices\bin\Test\SocialPayments.DomainServices.dll" />
      <DeploymentItem filename="C:\Users\James\documents\visual studio 2010\Projects\SocialPayments\SocialPayments.Domain\bin\Test\SocialPayments.Domain.dll" />
      <DeploymentItem filename="C:\Users\James\documents\visual studio 2010\Projects\SocialPayments\SocialPayments.DataLayer\bin\Test\SocialPayments.DataLayer.dll" />
    </Deployment>
    <Execution>
      <TestTypeSpecific />
      <AgentRule name="Execution Agents">
      </AgentRule>
    </Execution>
  </TestSettings>
  <Times creation="2012-05-21T22:49:50.0234375-04:00" queuing="2012-05-21T22:49:54.0546875-04:00" start="2012-05-21T22:49:54.8046875-04:00" finish="2012-05-21T22:50:24.1914063-04:00" />
  <ResultSummary outcome="Completed">
    <Counters total="1" executed="1" passed="1" error="0" failed="0" timeout="0" aborted="0" inconclusive="0" passedButRunAborted="0" notRunnable="0" notExecuted="0" disconnected="0" warning="0" completed="0" inProgress="0" pending="0" />
  </ResultSummary>
  <TestDefinitions>
    <UnitTest name="NewUserWithFacebookAccountCanSignIn" storage="c:\users\james\documents\visual studio 2010\projects\socialpayments\socialpayments.domainservices.unittests\bin\test\socialpayments.domainservices.unittests.dll" id="e5dd1dcd-22d5-819f-31ba-7af40d5883b0">
      <Execution id="f007c77e-8e4d-4b2d-a333-04f35d671c48" />
      <TestMethod codeBase="C:/Users/James/documents/visual studio 2010/Projects/SocialPayments/SocialPayments.DomainServices.UnitTests/bin/Test/SocialPayments.DomainServices.UnitTests.DLL" adapterTypeName="Microsoft.VisualStudio.TestTools.TestTypes.Unit.UnitTestAdapter, Microsoft.VisualStudio.QualityTools.Tips.UnitTest.Adapter, Version=10.0.0.0, Culture=neutral, PublicKeyToken=b03f5f7f11d50a3a" className="SocialPayments.DomainServices.UnitTests.UserServicesTest, SocialPayments.DomainServices.UnitTests, Version=1.0.0.0, Culture=neutral, PublicKeyToken=null" name="NewUserWithFacebookAccountCanSignIn" />
    </UnitTest>
  </TestDefinitions>
  <TestLists>
    <TestList name="Results Not in a List" id="8c84fa94-04c1-424b-9868-57a2d4851a1d" />
    <TestList name="All Loaded Results" id="19431567-8539-422a-85d7-44ee4e166bda" />
  </TestLists>
  <TestEntries>
    <TestEntry testId="e5dd1dcd-22d5-819f-31ba-7af40d5883b0" executionId="f007c77e-8e4d-4b2d-a333-04f35d671c48" testListId="8c84fa94-04c1-424b-9868-57a2d4851a1d" />
  </TestEntries>
  <Results>
    <UnitTestResult executionId="f007c77e-8e4d-4b2d-a333-04f35d671c48" testId="e5dd1dcd-22d5-819f-31ba-7af40d5883b0" testName="NewUserWithFacebookAccountCanSignIn" computerName="JAMES-PC" duration="00:00:24.9029125" startTime="2012-05-21T22:49:55.7265625-04:00" endTime="2012-05-21T22:50:22.8164063-04:00" testType="13cdc9d9-ddb5-4fa4-a97d-d965ccfc6d4b" outcome="Passed" testListId="8c84fa94-04c1-424b-9868-57a2d4851a1d" relativeResultsDirectory="f007c77e-8e4d-4b2d-a333-04f35d671c48">
    </UnitTestResult>
  </Results>
</TestRun>