<?xml version="1.0" encoding="UTF-8"?>
<TestRun id="55c5a88c-4d93-4bba-8720-506e2d303d99" name="James@JAMES-PC 2012-05-29 12:25:50" runUser="James-PC\James" xmlns="http://microsoft.com/schemas/VisualStudio/TeamTest/2010">
  <TestSettings name="Trace and Test Impact" id="0f6a2b5b-2f0e-4e40-bd8f-ceb87423dee9">
    <Description>These are test settings for Trace and Test Impact.</Description>
    <Deployment runDeploymentRoot="James_JAMES-PC 2012-05-29 12_25_50">
      <DeploymentItem filename="C:\Users\James\documents\visual studio 2010\Projects\SocialPayments\SocialPayments.Services.SubmittedMessageProcessor\bin\Release\SocialPayments.Services.SubmittedMessageProcessor.dll" />
      <DeploymentItem filename="C:\Users\James\documents\visual studio 2010\Projects\SocialPayments\SocialPayments.DomainServices.UnitTests\bin\Release\SocialPayments.DomainServices.UnitTests.dll" />
      <DeploymentItem filename="C:\Users\James\documents\visual studio 2010\Projects\SocialPayments\SocialPayments.DataLayer\bin\Local\SocialPayments.DataLayer.dll" />
      <DeploymentItem filename="C:\Users\James\documents\visual studio 2010\Projects\SocialPayments\SocialPayments.DomainServices\bin\Local\SocialPayments.DomainServices.dll" />
      <DeploymentItem filename="C:\Users\James\documents\visual studio 2010\Projects\SocialPayments\SocialPayments.Domain\bin\Local\SocialPayments.Domain.dll" />
    </Deployment>
    <Execution>
      <TestTypeSpecific />
      <AgentRule name="Execution Agents">
        <DataCollectors>
          <DataCollector uri="datacollector://microsoft/SystemInfo/1.0" assemblyQualifiedName="Microsoft.VisualStudio.TestTools.DataCollection.SystemInfo.SystemInfoDataCollector, Microsoft.VisualStudio.TestTools.DataCollection.SystemInfo, Version=10.0.0.0, Culture=neutral, PublicKeyToken=b03f5f7f11d50a3a" friendlyName="System Information">
          </DataCollector>
          <DataCollector uri="datacollector://microsoft/ActionLog/1.0" assemblyQualifiedName="Microsoft.VisualStudio.TestTools.ManualTest.ActionLog.ActionLogPlugin, Microsoft.VisualStudio.TestTools.ManualTest.ActionLog, Version=10.0.0.0, Culture=neutral, PublicKeyToken=b03f5f7f11d50a3a" friendlyName="Actions">
          </DataCollector>
          <DataCollector uri="datacollector://microsoft/HttpProxy/1.0" assemblyQualifiedName="Microsoft.VisualStudio.TraceCollector.HttpProxyCollector, Microsoft.VisualStudio.TraceCollector, Version=10.0.0.0, Culture=neutral, PublicKeyToken=b03f5f7f11d50a3a" friendlyName="ASP.NET Client Proxy for IntelliTrace and Test Impact">
          </DataCollector>
          <DataCollector uri="datacollector://microsoft/TestImpact/1.0" assemblyQualifiedName="Microsoft.VisualStudio.TraceCollector.TestImpactDataCollector, Microsoft.VisualStudio.TraceCollector, Version=10.0.0.0, Culture=neutral, PublicKeyToken=b03f5f7f11d50a3a" friendlyName="Test Impact">
          </DataCollector>
          <DataCollector uri="datacollector://microsoft/TraceDebugger/1.0" assemblyQualifiedName="Microsoft.VisualStudio.TraceCollector.TraceDebuggerDataCollector, Microsoft.VisualStudio.TraceCollector, Version=10.0.0.0, Culture=neutral, PublicKeyToken=b03f5f7f11d50a3a" friendlyName="IntelliTrace">
          </DataCollector>
        </DataCollectors>
      </AgentRule>
    </Execution>
  </TestSettings>
  <Times creation="2012-05-29T12:25:50.7373046-04:00" queuing="2012-05-29T12:25:51.4941406-04:00" start="2012-05-29T12:25:56.1328125-04:00" finish="2012-05-29T12:26:03.8085937-04:00" />
  <ResultSummary outcome="Failed">
    <Counters total="1" executed="1" error="0" failed="1" timeout="0" aborted="0" inconclusive="0" passedButRunAborted="0" notRunnable="0" notExecuted="0" disconnected="0" warning="0" passed="0" completed="0" inProgress="0" pending="0" />
    <CollectorDataEntries>
      <Collector agentName="JAMES-PC" uri="datacollector://microsoft/SystemInfo/1.0" collectorDisplayName="System Information">
        <UriAttachments>
          <UriAttachment>
            <A href="JAMES-PC\SystemInformation.xml">System Information from JAMES-PC</A>
          </UriAttachment>
        </UriAttachments>
      </Collector>
    </CollectorDataEntries>
  </ResultSummary>
  <TestDefinitions>
    <UnitTest name="WhenPendingPaymentMessageWithEmailAddressRecipientUriProcessedWithKnownRecipientTwoTransactionsAreCreated" storage="c:\users\james\documents\visual studio 2010\projects\socialpayments\socialpayments.services.messageprocessors.unittest\bin\release\socialpayments.services.messageprocessors.unittest.dll" id="9348b3c8-0ebe-7192-620d-3e0b8e10480c">
      <Execution id="3189f5e4-d9ca-4888-9811-dcf6052022ed" />
      <TestMethod codeBase="C:/Users/James/documents/visual studio 2010/Projects/SocialPayments/SocialPayments.Services.MessageProcessors.UnitTest/bin/Release/SocialPayments.Services.MessageProcessors.UnitTest.DLL" adapterTypeName="Microsoft.VisualStudio.TestTools.TestTypes.Unit.UnitTestAdapter, Microsoft.VisualStudio.QualityTools.Tips.UnitTest.Adapter, Version=10.0.0.0, Culture=neutral, PublicKeyToken=b03f5f7f11d50a3a" className="SocialPayments.Services.MessageProcessors.UnitTest.SumittedPaymentMessageProcessor, SocialPayments.Services.MessageProcessors.UnitTest, Version=1.0.0.0, Culture=neutral, PublicKeyToken=null" name="WhenPendingPaymentMessageWithEmailAddressRecipientUriProcessedWithKnownRecipientTwoTransactionsAreCreated" />
    </UnitTest>
  </TestDefinitions>
  <TestLists>
    <TestList name="Results Not in a List" id="8c84fa94-04c1-424b-9868-57a2d4851a1d" />
    <TestList name="All Loaded Results" id="19431567-8539-422a-85d7-44ee4e166bda" />
  </TestLists>
  <TestEntries>
    <TestEntry testId="9348b3c8-0ebe-7192-620d-3e0b8e10480c" executionId="3189f5e4-d9ca-4888-9811-dcf6052022ed" testListId="8c84fa94-04c1-424b-9868-57a2d4851a1d" />
  </TestEntries>
  <Results>
    <UnitTestResult executionId="3189f5e4-d9ca-4888-9811-dcf6052022ed" testId="9348b3c8-0ebe-7192-620d-3e0b8e10480c" testName="WhenPendingPaymentMessageWithEmailAddressRecipientUriProcessedWithKnownRecipientTwoTransactionsAreCreated" computerName="JAMES-PC" duration="00:00:04.8764996" startTime="2012-05-29T12:25:56.5927734-04:00" endTime="2012-05-29T12:26:02.9091796-04:00" testType="13cdc9d9-ddb5-4fa4-a97d-d965ccfc6d4b" outcome="Failed" testListId="8c84fa94-04c1-424b-9868-57a2d4851a1d" relativeResultsDirectory="3189f5e4-d9ca-4888-9811-dcf6052022ed">
      <Output>
        <ErrorInfo>
          <Message>Test method SocialPayments.Services.MessageProcessors.UnitTest.SumittedPaymentMessageProcessor.WhenPendingPaymentMessageWithEmailAddressRecipientUriProcessedWithKnownRecipientTwoTransactionsAreCreated threw exception: 
System.FormatException: Input string was not in a correct format.</Message>
          <StackTrace>    at System.Text.StringBuilder.FormatError()
   at System.Text.StringBuilder.AppendFormat(IFormatProvider provider, String format, Object[] args)
   at System.String.Format(IFormatProvider provider, String format, Object[] args)
   at System.String.Format(String format, Object arg0)
   at SocialPayments.Services.MessageProcessors.SubmittedPaymentMessageProcessor.Process(Message message) in C:\Users\James\documents\visual studio 2010\Projects\SocialPayments\SocialPayments.Services.SubmittedMessageProcessor\SubmittedPaymentMessageProcessor.cs:line 175
   at SocialPayments.Services.MessageProcessors.UnitTest.SumittedPaymentMessageProcessor.WhenPendingPaymentMessageWithEmailAddressRecipientUriProcessedWithKnownRecipientTwoTransactionsAreCreated() in C:\Users\James\documents\visual studio 2010\Projects\SocialPayments\SocialPayments.Services.MessageProcessors.UnitTest\SumittedPaymentMessageProcessor.cs:line 469
</StackTrace>
        </ErrorInfo>
      </Output>
      <CollectorDataEntries>
        <Collector agentName="JAMES-PC" uri="datacollector://microsoft/SystemInfo/1.0" collectorDisplayName="System Information">
          <UriAttachments>
            <UriAttachment>
              <A href="JAMES-PC\SystemInformation.xml">System Information from JAMES-PC</A>
            </UriAttachment>
          </UriAttachments>
        </Collector>
        <Collector agentName="JAMES-PC" uri="datacollector://microsoft/TraceDebugger/1.0" collectorDisplayName="IntelliTrace">
          <UriAttachments>
            <UriAttachment>
              <A href="JAMES-PC\QTAgent32_120529_122602803_3324.iTrace">IntelliTrace file for 'QTAgent32.exe' (3324)</A>
            </UriAttachment>
          </UriAttachments>
        </Collector>
      </CollectorDataEntries>
    </UnitTestResult>
  </Results>
</TestRun>