<?xml version="1.0" encoding="UTF-8"?>
<TestRun id="0c2390af-631f-4458-abf1-af43edf195ec" name="James@JAMES-PC 2012-05-28 20:50:47" runUser="James-PC\James" xmlns="http://microsoft.com/schemas/VisualStudio/TeamTest/2010">
  <TestSettings name="Trace and Test Impact" id="0f6a2b5b-2f0e-4e40-bd8f-ceb87423dee9">
    <Description>These are test settings for Trace and Test Impact.</Description>
    <Deployment runDeploymentRoot="James_JAMES-PC 2012-05-28 20_50_47">
      <DeploymentItem filename="C:\Users\James\documents\visual studio 2010\Projects\SocialPayments\packages\AspNetWebPages.Core.2.0.20126.16343\lib\net40\System.Web.WebPages.Razor.dll" />
      <DeploymentItem filename="C:\Users\James\documents\visual studio 2010\Projects\SocialPayments\packages\AspNetMvc.4.0.20126.16343\lib\net40\System.Web.Mvc.dll" />
      <DeploymentItem filename="C:\Users\James\documents\visual studio 2010\Projects\SocialPayments\SocialPayments.Services.IMessageProcessor\bin\Release\SocialPayments.Services.IMessageProcessor.dll" />
      <DeploymentItem filename="C:\Users\James\documents\visual studio 2010\Projects\SocialPayments\SocialPayments.Domain\bin\Local\SocialPayments.Domain.dll" />
      <DeploymentItem filename="C:\Users\James\documents\visual studio 2010\Projects\SocialPayments\packages\AspNetWebPages.Core.2.0.20126.16343\lib\net40\System.Web.WebPages.dll" />
      <DeploymentItem filename="C:\Users\James\documents\visual studio 2010\Projects\SocialPayments\packages\PagedList.1.10\lib\net40\PagedList.dll" />
      <DeploymentItem filename="C:\Users\James\documents\visual studio 2010\Projects\SocialPayments\SocialPayments.Services.UserProcessors\bin\Release\SocialPayments.Services.UserProcessors.dll" />
      <DeploymentItem filename="C:\Users\James\documents\visual studio 2010\Projects\SocialPayments\SocialPayments.DataLayer\bin\Local\SocialPayments.DataLayer.dll" />
      <DeploymentItem filename="C:\Users\James\documents\visual studio 2010\Projects\SocialPayments\SocialPayments.DomainServices.UnitTests\bin\Release\SocialPayments.DomainServices.UnitTests.dll" />
      <DeploymentItem filename="C:\Users\James\documents\visual studio 2010\Projects\SocialPayments\packages\AspNetRazor.Core.2.0.20126.16343\lib\net40\System.Web.Razor.dll" />
      <DeploymentItem filename="C:\Users\James\documents\visual studio 2010\Projects\SocialPayments\packages\Microsoft.Web.Infrastructure.1.0.0.0\lib\net40\Microsoft.Web.Infrastructure.dll" />
      <DeploymentItem filename="C:\Users\James\documents\visual studio 2010\Projects\SocialPayments\SocialPayments.Services.PaymentAccounts\bin\Release\SocialPayments.Services.PaymentAccounts.dll" />
      <DeploymentItem filename="C:\Users\James\documents\visual studio 2010\Projects\SocialPayments\SocialPayments.Services.SubmittedMessageProcessor\bin\Release\SocialPayments.Services.SubmittedMessageProcessor.dll" />
      <DeploymentItem filename="C:\Users\James\documents\visual studio 2010\Projects\SocialPayments\packages\AspNetWebPages.Core.2.0.20126.16343\lib\net40\System.Web.WebPages.Deployment.dll" />
      <DeploymentItem filename="C:\Program Files (x86)\NLog\.NET Framework 4.0\NLog.dll" />
      <DeploymentItem filename="C:\Users\James\documents\visual studio 2010\Projects\SocialPayments\packages\System.Web.Http.Common.4.0.20126.16343\lib\net40\System.Web.Http.Common.dll" />
      <DeploymentItem filename="C:\Users\James\documents\visual studio 2010\Projects\SocialPayments\SocialPayments.DomainServices\bin\Local\SocialPayments.DomainServices.dll" />
      <DeploymentItem filename="C:\Users\James\documents\visual studio 2010\Projects\SocialPayments\packages\AspNetWebPages.Core.2.0.20126.16343\lib\net40\System.Web.Helpers.dll" />
    </Deployment>
    <Execution>
      <TestTypeSpecific />
      <AgentRule name="Execution Agents">
        <DataCollectors>
          <DataCollector uri="datacollector://microsoft/SystemInfo/1.0" assemblyQualifiedName="Microsoft.VisualStudio.TestTools.DataCollection.SystemInfo.SystemInfoDataCollector, Microsoft.VisualStudio.TestTools.DataCollection.SystemInfo, Version=10.0.0.0, Culture=neutral, PublicKeyToken=b03f5f7f11d50a3a" friendlyName="System Information">
          </DataCollector>
          <DataCollector uri="datacollector://microsoft/ActionLog/1.0" assemblyQualifiedName="Microsoft.VisualStudio.TestTools.ManualTest.ActionLog.ActionLogPlugin, Microsoft.VisualStudio.TestTools.ManualTest.ActionLog, Version=10.0.0.0, Culture=neutral, PublicKeyToken=b03f5f7f11d50a3a" friendlyName="Actions">
          </DataCollector>
          <DataCollector uri="datacollector://microsoft/HttpProxy/1.0" assemblyQualifiedName="Microsoft.VisualStudio.TraceCollector.HttpProxyCollector, Microsoft.VisualStudio.TraceCollector, Version=10.0.0.0, Culture=neutral, PublicKeyToken=b03f5f7f11d50a3a" friendlyName="ASP.NET Client Proxy for IntelliTrace and Test Impact">
          </DataCollector>
          <DataCollector uri="datacollector://microsoft/TestImpact/1.0" assemblyQualifiedName="Microsoft.VisualStudio.TraceCollector.TestImpactDataCollector, Microsoft.VisualStudio.TraceCollector, Version=10.0.0.0, Culture=neutral, PublicKeyToken=b03f5f7f11d50a3a" friendlyName="Test Impact">
          </DataCollector>
          <DataCollector uri="datacollector://microsoft/TraceDebugger/1.0" assemblyQualifiedName="Microsoft.VisualStudio.TraceCollector.TraceDebuggerDataCollector, Microsoft.VisualStudio.TraceCollector, Version=10.0.0.0, Culture=neutral, PublicKeyToken=b03f5f7f11d50a3a" friendlyName="IntelliTrace">
          </DataCollector>
        </DataCollectors>
      </AgentRule>
    </Execution>
  </TestSettings>
  <Times creation="2012-05-28T20:50:47.6689453-04:00" queuing="2012-05-28T20:50:49.8251953-04:00" start="2012-05-28T20:50:53.8408203-04:00" finish="2012-05-28T20:51:19.8408203-04:00" />
  <ResultSummary outcome="Failed">
    <Counters total="77" executed="77" passed="64" error="0" failed="13" timeout="0" aborted="0" inconclusive="0" passedButRunAborted="0" notRunnable="0" notExecuted="0" disconnected="0" warning="0" completed="0" inProgress="0" pending="0" />
    <CollectorDataEntries>
      <Collector agentName="JAMES-PC" uri="datacollector://microsoft/SystemInfo/1.0" collectorDisplayName="System Information">
        <UriAttachments>
          <UriAttachment>
            <A href="JAMES-PC\SystemInformation.xml">System Information from JAMES-PC</A>
          </UriAttachment>
        </UriAttachments>
      </Collector>
    </CollectorDataEntries>
  </ResultSummary>
  <TestDefinitions>
    <UnitTest name="WhenANewUserRegistersMicroPaymentsAreCreated" storage="c:\users\james\documents\visual studio 2010\projects\socialpayments\socialpayments.services.users.unittests\bin\release\socialpayments.services.users.unittests.dll" id="9caced43-1642-359c-3127-e248e645d590">
      <Execution id="9622d15f-c581-4c67-bfdc-401e8ff89aa5" />
      <TestMethod codeBase="C:/Users/James/documents/visual studio 2010/Projects/SocialPayments/SocialPayments.Services.Users.UnitTests/bin/Release/SocialPayments.Services.Users.UnitTests.DLL" adapterTypeName="Microsoft.VisualStudio.TestTools.TestTypes.Unit.UnitTestAdapter, Microsoft.VisualStudio.QualityTools.Tips.UnitTest.Adapter, Version=10.0.0.0, Culture=neutral, PublicKeyToken=b03f5f7f11d50a3a" className="SocialPayments.Services.Users.UnitTests.SubmittedUserProcessorTests, SocialPayments.Services.Users.UnitTests, Version=1.0.0.0, Culture=neutral, PublicKeyToken=null" name="WhenANewUserRegistersMicroPaymentsAreCreated" />
    </UnitTest>
    <UnitTest name="WhenFindingUserByUnFormattedMobilieNumberUserWithMobileNumberIsFound" storage="c:\users\james\documents\visual studio 2010\projects\socialpayments\socialpayments.domainservices.unittests\bin\release\socialpayments.domainservices.unittests.dll" id="f07216c3-dd91-4f32-6392-f36901a1bfe8">
      <Execution id="cc9b1c8c-8469-4ac8-b9ae-57c20901180a" />
      <TestMethod codeBase="C:/Users/James/documents/visual studio 2010/Projects/SocialPayments/SocialPayments.DomainServices.UnitTests/bin/Release/SocialPayments.DomainServices.UnitTests.DLL" adapterTypeName="Microsoft.VisualStudio.TestTools.TestTypes.Unit.UnitTestAdapter, Microsoft.VisualStudio.QualityTools.Tips.UnitTest.Adapter, Version=10.0.0.0, Culture=neutral, PublicKeyToken=b03f5f7f11d50a3a" className="SocialPayments.DomainServices.UnitTests.UserServicesTest, SocialPayments.DomainServices.UnitTests, Version=1.0.0.0, Culture=neutral, PublicKeyToken=null" name="WhenFindingUserByUnFormattedMobilieNumberUserWithMobileNumberIsFound" />
    </UnitTest>
    <UnitTest name="WhenPhoneNumberWithHyphensAndParensAndLeading1NoSpacePhoneNumberIsFormatted" storage="c:\users\james\documents\visual studio 2010\projects\socialpayments\socialpayments.domainservices.unittests\bin\release\socialpayments.domainservices.unittests.dll" id="ebe4782a-90b6-11bf-baf5-676d34c78ea6">
      <TestCategory>
        <TestCategoryItem TestCategory="Mobile Number Formatting" />
      </TestCategory>
      <Execution id="8989d56f-93cd-474f-8fe9-c5b00ecfefa6" />
      <TestMethod codeBase="C:/Users/James/documents/visual studio 2010/Projects/SocialPayments/SocialPayments.DomainServices.UnitTests/bin/Release/SocialPayments.DomainServices.UnitTests.DLL" adapterTypeName="Microsoft.VisualStudio.TestTools.TestTypes.Unit.UnitTestAdapter, Microsoft.VisualStudio.QualityTools.Tips.UnitTest.Adapter, Version=10.0.0.0, Culture=neutral, PublicKeyToken=b03f5f7f11d50a3a" className="SocialPayments.DomainServices.UnitTests.FormattingServicesTest, SocialPayments.DomainServices.UnitTests, Version=1.0.0.0, Culture=neutral, PublicKeyToken=null" name="WhenPhoneNumberWithHyphensAndParensAndLeading1NoSpacePhoneNumberIsFormatted" />
    </UnitTest>
    <UnitTest name="WhenValidatingEmailAddressThatIsValidIsEmailAddressIsTrue" storage="c:\users\james\documents\visual studio 2010\projects\socialpayments\socialpayments.domainservices.unittests\bin\release\socialpayments.domainservices.unittests.dll" id="50b11e24-8d05-a82b-2969-f41810bd500f">
      <Execution id="2d29a7a2-60fb-4c83-9fae-05ad07359d09" />
      <TestMethod codeBase="C:/Users/James/documents/visual studio 2010/Projects/SocialPayments/SocialPayments.DomainServices.UnitTests/bin/Release/SocialPayments.DomainServices.UnitTests.DLL" adapterTypeName="Microsoft.VisualStudio.TestTools.TestTypes.Unit.UnitTestAdapter, Microsoft.VisualStudio.QualityTools.Tips.UnitTest.Adapter, Version=10.0.0.0, Culture=neutral, PublicKeyToken=b03f5f7f11d50a3a" className="SocialPayments.DomainServices.UnitTests.ValidationServiceTest, SocialPayments.DomainServices.UnitTests, Version=1.0.0.0, Culture=neutral, PublicKeyToken=null" name="WhenValidatingEmailAddressThatIsValidIsEmailAddressIsTrue" />
    </UnitTest>
    <UnitTest name="WhenValidatingMobileNumberIsEmailAddressIsFalse" storage="c:\users\james\documents\visual studio 2010\projects\socialpayments\socialpayments.domainservices.unittests\bin\release\socialpayments.domainservices.unittests.dll" id="5a206337-570d-a68e-7591-c6238c14331c">
      <Execution id="a4655e84-f930-4611-868c-3c6f4c7203e4" />
      <TestMethod codeBase="C:/Users/James/documents/visual studio 2010/Projects/SocialPayments/SocialPayments.DomainServices.UnitTests/bin/Release/SocialPayments.DomainServices.UnitTests.DLL" adapterTypeName="Microsoft.VisualStudio.TestTools.TestTypes.Unit.UnitTestAdapter, Microsoft.VisualStudio.QualityTools.Tips.UnitTest.Adapter, Version=10.0.0.0, Culture=neutral, PublicKeyToken=b03f5f7f11d50a3a" className="SocialPayments.DomainServices.UnitTests.ValidationServiceTest, SocialPayments.DomainServices.UnitTests, Version=1.0.0.0, Culture=neutral, PublicKeyToken=null" name="WhenValidatingMobileNumberIsEmailAddressIsFalse" />
    </UnitTest>
    <UnitTest name="WhenAddingFormattedMobileNumberToUserMobileNumberIsUnFormatted" storage="c:\users\james\documents\visual studio 2010\projects\socialpayments\socialpayments.domainservices.unittests\bin\release\socialpayments.domainservices.unittests.dll" id="93e82611-aff3-c279-0829-0d9f341cd332">
      <Execution id="66e924e5-121f-4186-a4e5-c88f95af52be" />
      <TestMethod codeBase="C:/Users/James/documents/visual studio 2010/Projects/SocialPayments/SocialPayments.DomainServices.UnitTests/bin/Release/SocialPayments.DomainServices.UnitTests.DLL" adapterTypeName="Microsoft.VisualStudio.TestTools.TestTypes.Unit.UnitTestAdapter, Microsoft.VisualStudio.QualityTools.Tips.UnitTest.Adapter, Version=10.0.0.0, Culture=neutral, PublicKeyToken=b03f5f7f11d50a3a" className="SocialPayments.DomainServices.UnitTests.UserServicesTest, SocialPayments.DomainServices.UnitTests, Version=1.0.0.0, Culture=neutral, PublicKeyToken=null" name="WhenAddingFormattedMobileNumberToUserMobileNumberIsUnFormatted" />
    </UnitTest>
    <UnitTest name="WhenPhoneNumberWithAllDigitsPhoneNumberIsFormatted" storage="c:\users\james\documents\visual studio 2010\projects\socialpayments\socialpayments.domainservices.unittests\bin\release\socialpayments.domainservices.unittests.dll" id="0fca5039-70ac-8fe2-0079-00929dc94a06">
      <TestCategory>
        <TestCategoryItem TestCategory="Mobile Number Formatting" />
      </TestCategory>
      <Execution id="6d5f1115-e2df-4527-a20b-4a187e149d12" />
      <TestMethod codeBase="C:/Users/James/documents/visual studio 2010/Projects/SocialPayments/SocialPayments.DomainServices.UnitTests/bin/Release/SocialPayments.DomainServices.UnitTests.DLL" adapterTypeName="Microsoft.VisualStudio.TestTools.TestTypes.Unit.UnitTestAdapter, Microsoft.VisualStudio.QualityTools.Tips.UnitTest.Adapter, Version=10.0.0.0, Culture=neutral, PublicKeyToken=b03f5f7f11d50a3a" className="SocialPayments.DomainServices.UnitTests.FormattingServicesTest, SocialPayments.DomainServices.UnitTests, Version=1.0.0.0, Culture=neutral, PublicKeyToken=null" name="WhenPhoneNumberWithAllDigitsPhoneNumberIsFormatted" />
    </UnitTest>
    <UnitTest name="WhenVerifyingAccountInCorrectlyNumberOfFailuresIncrements" storage="c:\users\james\documents\visual studio 2010\projects\socialpayments\socialpayments.domainservices.unittests\bin\release\socialpayments.domainservices.unittests.dll" id="0fe12435-7335-3797-c623-cd0f5419af8f">
      <Execution id="35dbe864-d868-4516-b60b-c36a083d7a42" />
      <TestMethod codeBase="C:/Users/James/documents/visual studio 2010/Projects/SocialPayments/SocialPayments.DomainServices.UnitTests/bin/Release/SocialPayments.DomainServices.UnitTests.DLL" adapterTypeName="Microsoft.VisualStudio.TestTools.TestTypes.Unit.UnitTestAdapter, Microsoft.VisualStudio.QualityTools.Tips.UnitTest.Adapter, Version=10.0.0.0, Culture=neutral, PublicKeyToken=b03f5f7f11d50a3a" className="SocialPayments.DomainServices.UnitTests.UserServicesTest, SocialPayments.DomainServices.UnitTests, Version=1.0.0.0, Culture=neutral, PublicKeyToken=null" name="WhenVerifyingAccountInCorrectlyNumberOfFailuresIncrements" />
    </UnitTest>
    <UnitTest name="WhenPhoneNumberWithHyphensAndParensAndLeading1AndSpacePhoneNumberIsFormatted" storage="c:\users\james\documents\visual studio 2010\projects\socialpayments\socialpayments.domainservices.unittests\bin\release\socialpayments.domainservices.unittests.dll" id="a9ddb870-db56-9c79-e19e-55240b51b825">
      <TestCategory>
        <TestCategoryItem TestCategory="Mobile Number Formatting" />
      </TestCategory>
      <Execution id="98fe72d8-ae29-4c9f-b3e4-ae858524a728" />
      <TestMethod codeBase="C:/Users/James/documents/visual studio 2010/Projects/SocialPayments/SocialPayments.DomainServices.UnitTests/bin/Release/SocialPayments.DomainServices.UnitTests.DLL" adapterTypeName="Microsoft.VisualStudio.TestTools.TestTypes.Unit.UnitTestAdapter, Microsoft.VisualStudio.QualityTools.Tips.UnitTest.Adapter, Version=10.0.0.0, Culture=neutral, PublicKeyToken=b03f5f7f11d50a3a" className="SocialPayments.DomainServices.UnitTests.FormattingServicesTest, SocialPayments.DomainServices.UnitTests, Version=1.0.0.0, Culture=neutral, PublicKeyToken=null" name="WhenPhoneNumberWithHyphensAndParensAndLeading1AndSpacePhoneNumberIsFormatted" />
    </UnitTest>
    <UnitTest name="WhenPendingPaymentMessageWithEmailAddressRecipientUriProcessedWithUnknownRecipientOneTransactionIsCreated" storage="c:\users\james\documents\visual studio 2010\projects\socialpayments\socialpayments.services.messageprocessors.unittest\bin\release\socialpayments.services.messageprocessors.unittest.dll" id="d463e2d2-a104-180b-b12e-04353ae3902b">
      <Execution id="6f4614c1-aa44-4132-b7c1-130b7c2c296f" />
      <TestMethod codeBase="C:/Users/James/documents/visual studio 2010/Projects/SocialPayments/SocialPayments.Services.MessageProcessors.UnitTest/bin/Release/SocialPayments.Services.MessageProcessors.UnitTest.DLL" adapterTypeName="Microsoft.VisualStudio.TestTools.TestTypes.Unit.UnitTestAdapter, Microsoft.VisualStudio.QualityTools.Tips.UnitTest.Adapter, Version=10.0.0.0, Culture=neutral, PublicKeyToken=b03f5f7f11d50a3a" className="SocialPayments.Services.MessageProcessors.UnitTest.SumittedPaymentMessageProcessor, SocialPayments.Services.MessageProcessors.UnitTest, Version=1.0.0.0, Culture=neutral, PublicKeyToken=null" name="WhenPendingPaymentMessageWithEmailAddressRecipientUriProcessedWithUnknownRecipientOneTransactionIsCreated" />
    </UnitTest>
    <UnitTest name="WhenUpdatingEmailLogThenEmailLogIsUpdated" storage="c:\users\james\documents\visual studio 2010\projects\socialpayments\socialpayments.domainservices.unittests\bin\release\socialpayments.domainservices.unittests.dll" id="7968a70f-f041-74d5-685d-bf4d9a768083">
      <Execution id="90bdf93e-f9c1-4c5e-a708-b937e29f99be" />
      <TestMethod codeBase="C:/Users/James/documents/visual studio 2010/Projects/SocialPayments/SocialPayments.DomainServices.UnitTests/bin/Release/SocialPayments.DomainServices.UnitTests.DLL" adapterTypeName="Microsoft.VisualStudio.TestTools.TestTypes.Unit.UnitTestAdapter, Microsoft.VisualStudio.QualityTools.Tips.UnitTest.Adapter, Version=10.0.0.0, Culture=neutral, PublicKeyToken=b03f5f7f11d50a3a" className="SocialPayments.DomainServices.UnitTests.EmailLogServiceTest, SocialPayments.DomainServices.UnitTests, Version=1.0.0.0, Culture=neutral, PublicKeyToken=null" name="WhenUpdatingEmailLogThenEmailLogIsUpdated" />
    </UnitTest>
    <UnitTest name="WhenVerifyingAccountCorrectlyVerificationServiceReturnsTrue" storage="c:\users\james\documents\visual studio 2010\projects\socialpayments\socialpayments.domainservices.unittests\bin\release\socialpayments.domainservices.unittests.dll" id="4c4c3aa4-9bab-223a-7536-2c207e786dd9">
      <Execution id="ed71edf4-d52b-4e99-81b9-09efc977ff53" />
      <TestMethod codeBase="C:/Users/James/documents/visual studio 2010/Projects/SocialPayments/SocialPayments.DomainServices.UnitTests/bin/Release/SocialPayments.DomainServices.UnitTests.DLL" adapterTypeName="Microsoft.VisualStudio.TestTools.TestTypes.Unit.UnitTestAdapter, Microsoft.VisualStudio.QualityTools.Tips.UnitTest.Adapter, Version=10.0.0.0, Culture=neutral, PublicKeyToken=b03f5f7f11d50a3a" className="SocialPayments.DomainServices.UnitTests.UserServicesTest, SocialPayments.DomainServices.UnitTests, Version=1.0.0.0, Culture=neutral, PublicKeyToken=null" name="WhenVerifyingAccountCorrectlyVerificationServiceReturnsTrue" />
    </UnitTest>
    <UnitTest name="WhenRemovingMessageWithDepositAndWithdrawlTransactionInBatchTransactionCountInBatchIsReducedBy2" storage="c:\users\james\documents\visual studio 2010\projects\socialpayments\socialpayments.domainservices.unittests\bin\release\socialpayments.domainservices.unittests.dll" id="b3781147-c075-8ef7-e89b-53e5de69fdee">
      <Execution id="6fa53e7b-07e8-4d87-90b2-4ae7629e6fc3" />
      <TestMethod codeBase="C:/Users/James/documents/visual studio 2010/Projects/SocialPayments/SocialPayments.DomainServices.UnitTests/bin/Release/SocialPayments.DomainServices.UnitTests.DLL" adapterTypeName="Microsoft.VisualStudio.TestTools.TestTypes.Unit.UnitTestAdapter, Microsoft.VisualStudio.QualityTools.Tips.UnitTest.Adapter, Version=10.0.0.0, Culture=neutral, PublicKeyToken=b03f5f7f11d50a3a" className="SocialPayments.DomainServices.UnitTests.TransactionBatchServiceTest, SocialPayments.DomainServices.UnitTests, Version=1.0.0.0, Culture=neutral, PublicKeyToken=null" name="WhenRemovingMessageWithDepositAndWithdrawlTransactionInBatchTransactionCountInBatchIsReducedBy2" />
    </UnitTest>
    <UnitTest name="WhenFindingUserByPhoneNumberWithLeadingPlus1UserIsFound" storage="c:\users\james\documents\visual studio 2010\projects\socialpayments\socialpayments.domainservices.unittests\bin\release\socialpayments.domainservices.unittests.dll" id="8d956593-ee9e-4705-52f9-57dc44fd6be7">
      <Execution id="e973ea8f-05d8-43ef-8e1a-e08d804aca3e" />
      <TestMethod codeBase="C:/Users/James/documents/visual studio 2010/Projects/SocialPayments/SocialPayments.DomainServices.UnitTests/bin/Release/SocialPayments.DomainServices.UnitTests.DLL" adapterTypeName="Microsoft.VisualStudio.TestTools.TestTypes.Unit.UnitTestAdapter, Microsoft.VisualStudio.QualityTools.Tips.UnitTest.Adapter, Version=10.0.0.0, Culture=neutral, PublicKeyToken=b03f5f7f11d50a3a" className="SocialPayments.DomainServices.UnitTests.UserServicesTest, SocialPayments.DomainServices.UnitTests, Version=1.0.0.0, Culture=neutral, PublicKeyToken=null" name="WhenFindingUserByPhoneNumberWithLeadingPlus1UserIsFound" />
    </UnitTest>
    <UnitTest name="WhenValidatingEmailAddressIsFacebookAccountIsFalse" storage="c:\users\james\documents\visual studio 2010\projects\socialpayments\socialpayments.domainservices.unittests\bin\release\socialpayments.domainservices.unittests.dll" id="4faec5b5-835d-c650-3b69-89041ad6c7a5">
      <Execution id="a81b09f2-3446-4f05-8a7e-b242dc2a94fa" />
      <TestMethod codeBase="C:/Users/James/documents/visual studio 2010/Projects/SocialPayments/SocialPayments.DomainServices.UnitTests/bin/Release/SocialPayments.DomainServices.UnitTests.DLL" adapterTypeName="Microsoft.VisualStudio.TestTools.TestTypes.Unit.UnitTestAdapter, Microsoft.VisualStudio.QualityTools.Tips.UnitTest.Adapter, Version=10.0.0.0, Culture=neutral, PublicKeyToken=b03f5f7f11d50a3a" className="SocialPayments.DomainServices.UnitTests.ValidationServiceTest, SocialPayments.DomainServices.UnitTests, Version=1.0.0.0, Culture=neutral, PublicKeyToken=null" name="WhenValidatingEmailAddressIsFacebookAccountIsFalse" />
    </UnitTest>
    <UnitTest name="WhenValidatingMECodeThatIsFormattedCorrectlyIsMECodeIsTrue" storage="c:\users\james\documents\visual studio 2010\projects\socialpayments\socialpayments.domainservices.unittests\bin\release\socialpayments.domainservices.unittests.dll" id="792dc839-f940-d74e-9581-5b57ca2b74b6">
      <Execution id="96aa2ecb-77e4-4ca1-8986-ed7b84206b1d" />
      <TestMethod codeBase="C:/Users/James/documents/visual studio 2010/Projects/SocialPayments/SocialPayments.DomainServices.UnitTests/bin/Release/SocialPayments.DomainServices.UnitTests.DLL" adapterTypeName="Microsoft.VisualStudio.TestTools.TestTypes.Unit.UnitTestAdapter, Microsoft.VisualStudio.QualityTools.Tips.UnitTest.Adapter, Version=10.0.0.0, Culture=neutral, PublicKeyToken=b03f5f7f11d50a3a" className="SocialPayments.DomainServices.UnitTests.ValidationServiceTest, SocialPayments.DomainServices.UnitTests, Version=1.0.0.0, Culture=neutral, PublicKeyToken=null" name="WhenValidatingMECodeThatIsFormattedCorrectlyIsMECodeIsTrue" />
    </UnitTest>
    <UnitTest name="WhenPaymentMessageReceivedWithRecipientUriUnKnownMeCodeArgumentExceptionOccurs" storage="c:\users\james\documents\visual studio 2010\projects\socialpayments\socialpayments.domainservices.unittests\bin\release\socialpayments.domainservices.unittests.dll" id="442afbc8-c499-8158-e633-c5b45a3c31a5">
      <Execution id="a457da86-689f-4666-b845-f8b204123816" />
      <TestMethod codeBase="C:/Users/James/documents/visual studio 2010/Projects/SocialPayments/SocialPayments.DomainServices.UnitTests/bin/Release/SocialPayments.DomainServices.UnitTests.DLL" adapterTypeName="Microsoft.VisualStudio.TestTools.TestTypes.Unit.UnitTestAdapter, Microsoft.VisualStudio.QualityTools.Tips.UnitTest.Adapter, Version=10.0.0.0, Culture=neutral, PublicKeyToken=b03f5f7f11d50a3a" className="SocialPayments.DomainServices.UnitTests.MessageServicesTest, SocialPayments.DomainServices.UnitTests, Version=1.0.0.0, Culture=neutral, PublicKeyToken=null" name="WhenPaymentMessageReceivedWithRecipientUriUnKnownMeCodeArgumentExceptionOccurs" />
    </UnitTest>
    <UnitTest name="WhenUpdatingNameApplicationNameIsChanged" storage="c:\users\james\documents\visual studio 2010\projects\socialpayments\socialpayments.domainservices.unittests\bin\release\socialpayments.domainservices.unittests.dll" id="954ba304-f237-1d11-1a31-48fb54e92c87">
      <Execution id="ecf8a886-b1f2-4612-a76c-5c1c299766e0" />
      <TestMethod codeBase="C:/Users/James/documents/visual studio 2010/Projects/SocialPayments/SocialPayments.DomainServices.UnitTests/bin/Release/SocialPayments.DomainServices.UnitTests.DLL" adapterTypeName="Microsoft.VisualStudio.TestTools.TestTypes.Unit.UnitTestAdapter, Microsoft.VisualStudio.QualityTools.Tips.UnitTest.Adapter, Version=10.0.0.0, Culture=neutral, PublicKeyToken=b03f5f7f11d50a3a" className="SocialPayments.DomainServices.UnitTests.ApplicationServicesTest, SocialPayments.DomainServices.UnitTests, Version=1.0.0.0, Culture=neutral, PublicKeyToken=null" name="WhenUpdatingNameApplicationNameIsChanged" />
    </UnitTest>
    <UnitTest name="WhenPaymentMessageReceivedWithRecipientUriRegisteredMeCodeMessageCountIs1" storage="c:\users\james\documents\visual studio 2010\projects\socialpayments\socialpayments.domainservices.unittests\bin\release\socialpayments.domainservices.unittests.dll" id="b1e55234-1998-76c8-0617-cb3f54ca66a1">
      <Execution id="254996ba-6c04-409c-882c-f9a88543aa14" />
      <TestMethod codeBase="C:/Users/James/documents/visual studio 2010/Projects/SocialPayments/SocialPayments.DomainServices.UnitTests/bin/Release/SocialPayments.DomainServices.UnitTests.DLL" adapterTypeName="Microsoft.VisualStudio.TestTools.TestTypes.Unit.UnitTestAdapter, Microsoft.VisualStudio.QualityTools.Tips.UnitTest.Adapter, Version=10.0.0.0, Culture=neutral, PublicKeyToken=b03f5f7f11d50a3a" className="SocialPayments.DomainServices.UnitTests.MessageServicesTest, SocialPayments.DomainServices.UnitTests, Version=1.0.0.0, Culture=neutral, PublicKeyToken=null" name="WhenPaymentMessageReceivedWithRecipientUriRegisteredMeCodeMessageCountIs1" />
    </UnitTest>
    <UnitTest name="WhenFindingUserByIdUserWithIdIsFound" storage="c:\users\james\documents\visual studio 2010\projects\socialpayments\socialpayments.domainservices.unittests\bin\release\socialpayments.domainservices.unittests.dll" id="e3304b05-5d84-d178-e89a-6cd39c15753f">
      <Execution id="608cdc26-2763-44ab-8c23-50c1b432b8b1" />
      <TestMethod codeBase="C:/Users/James/documents/visual studio 2010/Projects/SocialPayments/SocialPayments.DomainServices.UnitTests/bin/Release/SocialPayments.DomainServices.UnitTests.DLL" adapterTypeName="Microsoft.VisualStudio.TestTools.TestTypes.Unit.UnitTestAdapter, Microsoft.VisualStudio.QualityTools.Tips.UnitTest.Adapter, Version=10.0.0.0, Culture=neutral, PublicKeyToken=b03f5f7f11d50a3a" className="SocialPayments.DomainServices.UnitTests.UserServicesTest, SocialPayments.DomainServices.UnitTests, Version=1.0.0.0, Culture=neutral, PublicKeyToken=null" name="WhenFindingUserByIdUserWithIdIsFound" />
    </UnitTest>
    <UnitTest name="NewUserWithFacebookAccountCanSignIn" storage="c:\users\james\documents\visual studio 2010\projects\socialpayments\socialpayments.domainservices.unittests\bin\release\socialpayments.domainservices.unittests.dll" id="e5dd1dcd-22d5-819f-31ba-7af40d5883b0">
      <Execution id="0ab7f1ad-67fe-4ed7-b124-a74d581a346b" />
      <TestMethod codeBase="C:/Users/James/documents/visual studio 2010/Projects/SocialPayments/SocialPayments.DomainServices.UnitTests/bin/Release/SocialPayments.DomainServices.UnitTests.DLL" adapterTypeName="Microsoft.VisualStudio.TestTools.TestTypes.Unit.UnitTestAdapter, Microsoft.VisualStudio.QualityTools.Tips.UnitTest.Adapter, Version=10.0.0.0, Culture=neutral, PublicKeyToken=b03f5f7f11d50a3a" className="SocialPayments.DomainServices.UnitTests.UserServicesTest, SocialPayments.DomainServices.UnitTests, Version=1.0.0.0, Culture=neutral, PublicKeyToken=null" name="NewUserWithFacebookAccountCanSignIn" />
    </UnitTest>
    <UnitTest name="WhenFindingUserByFormattedMobileNumberUserWithMobileNumberIsFound" storage="c:\users\james\documents\visual studio 2010\projects\socialpayments\socialpayments.domainservices.unittests\bin\release\socialpayments.domainservices.unittests.dll" id="8bec1cbb-e592-88e4-ed4c-094ea9f6bf89">
      <Execution id="67edf256-61a4-4b30-b260-33cc43dc59e2" />
      <TestMethod codeBase="C:/Users/James/documents/visual studio 2010/Projects/SocialPayments/SocialPayments.DomainServices.UnitTests/bin/Release/SocialPayments.DomainServices.UnitTests.DLL" adapterTypeName="Microsoft.VisualStudio.TestTools.TestTypes.Unit.UnitTestAdapter, Microsoft.VisualStudio.QualityTools.Tips.UnitTest.Adapter, Version=10.0.0.0, Culture=neutral, PublicKeyToken=b03f5f7f11d50a3a" className="SocialPayments.DomainServices.UnitTests.UserServicesTest, SocialPayments.DomainServices.UnitTests, Version=1.0.0.0, Culture=neutral, PublicKeyToken=null" name="WhenFindingUserByFormattedMobileNumberUserWithMobileNumberIsFound" />
    </UnitTest>
    <UnitTest name="WhenValidatingTwoMobileNumbersThatAreNotTheSameAreNumbersEqualsIsFalse" storage="c:\users\james\documents\visual studio 2010\projects\socialpayments\socialpayments.domainservices.unittests\bin\release\socialpayments.domainservices.unittests.dll" id="d607a035-52e4-f66a-99b7-127c13984695">
      <Execution id="2ae7ffd8-fde5-4dae-8fa3-993c2512bf0f" />
      <TestMethod codeBase="C:/Users/James/documents/visual studio 2010/Projects/SocialPayments/SocialPayments.DomainServices.UnitTests/bin/Release/SocialPayments.DomainServices.UnitTests.DLL" adapterTypeName="Microsoft.VisualStudio.TestTools.TestTypes.Unit.UnitTestAdapter, Microsoft.VisualStudio.QualityTools.Tips.UnitTest.Adapter, Version=10.0.0.0, Culture=neutral, PublicKeyToken=b03f5f7f11d50a3a" className="SocialPayments.DomainServices.UnitTests.ValidationServiceTest, SocialPayments.DomainServices.UnitTests, Version=1.0.0.0, Culture=neutral, PublicKeyToken=null" name="WhenValidatingTwoMobileNumbersThatAreNotTheSameAreNumbersEqualsIsFalse" />
    </UnitTest>
    <UnitTest name="WhenGettingEmailLogEntryByIdEmailLogIsReturned" storage="c:\users\james\documents\visual studio 2010\projects\socialpayments\socialpayments.domainservices.unittests\bin\release\socialpayments.domainservices.unittests.dll" id="9507875d-fef7-b387-ef19-a14ce091b76b">
      <Execution id="a2774aeb-f80c-4ea8-a8dc-a3a43a2f1b7e" />
      <TestMethod codeBase="C:/Users/James/documents/visual studio 2010/Projects/SocialPayments/SocialPayments.DomainServices.UnitTests/bin/Release/SocialPayments.DomainServices.UnitTests.DLL" adapterTypeName="Microsoft.VisualStudio.TestTools.TestTypes.Unit.UnitTestAdapter, Microsoft.VisualStudio.QualityTools.Tips.UnitTest.Adapter, Version=10.0.0.0, Culture=neutral, PublicKeyToken=b03f5f7f11d50a3a" className="SocialPayments.DomainServices.UnitTests.EmailLogServiceTest, SocialPayments.DomainServices.UnitTests, Version=1.0.0.0, Culture=neutral, PublicKeyToken=null" name="WhenGettingEmailLogEntryByIdEmailLogIsReturned" />
    </UnitTest>
    <UnitTest name="WhenANewUserRegistersElasticEmailIsSent" storage="c:\users\james\documents\visual studio 2010\projects\socialpayments\socialpayments.services.users.unittests\bin\release\socialpayments.services.users.unittests.dll" id="0af67da2-aa69-eaa9-d8e2-b8b1ec26e6ee">
      <Execution id="3e6e36fe-7036-4643-b3c8-88badba5ae13" />
      <TestMethod codeBase="C:/Users/James/documents/visual studio 2010/Projects/SocialPayments/SocialPayments.Services.Users.UnitTests/bin/Release/SocialPayments.Services.Users.UnitTests.DLL" adapterTypeName="Microsoft.VisualStudio.TestTools.TestTypes.Unit.UnitTestAdapter, Microsoft.VisualStudio.QualityTools.Tips.UnitTest.Adapter, Version=10.0.0.0, Culture=neutral, PublicKeyToken=b03f5f7f11d50a3a" className="SocialPayments.Services.Users.UnitTests.SubmittedUserProcessorTests, SocialPayments.Services.Users.UnitTests, Version=1.0.0.0, Culture=neutral, PublicKeyToken=null" name="WhenANewUserRegistersElasticEmailIsSent" />
    </UnitTest>
    <UnitTest name="WhenPaymentMessageReceivedWithRecipientUriUnRegistreredEmailAddressMessageCountIs1" storage="c:\users\james\documents\visual studio 2010\projects\socialpayments\socialpayments.domainservices.unittests\bin\release\socialpayments.domainservices.unittests.dll" id="efa4a0f5-f6f7-afb2-4d1a-0ccbbf23de17">
      <Execution id="31591482-c6ce-455f-b7bb-f8925465d344" />
      <TestMethod codeBase="C:/Users/James/documents/visual studio 2010/Projects/SocialPayments/SocialPayments.DomainServices.UnitTests/bin/Release/SocialPayments.DomainServices.UnitTests.DLL" adapterTypeName="Microsoft.VisualStudio.TestTools.TestTypes.Unit.UnitTestAdapter, Microsoft.VisualStudio.QualityTools.Tips.UnitTest.Adapter, Version=10.0.0.0, Culture=neutral, PublicKeyToken=b03f5f7f11d50a3a" className="SocialPayments.DomainServices.UnitTests.MessageServicesTest, SocialPayments.DomainServices.UnitTests, Version=1.0.0.0, Culture=neutral, PublicKeyToken=null" name="WhenPaymentMessageReceivedWithRecipientUriUnRegistreredEmailAddressMessageCountIs1" />
    </UnitTest>
    <UnitTest name="WhenValidatingFacebookAccountIsMeCodeIsFalse" storage="c:\users\james\documents\visual studio 2010\projects\socialpayments\socialpayments.domainservices.unittests\bin\release\socialpayments.domainservices.unittests.dll" id="39b5c903-9ed6-8a77-99b3-a3fff6a48f6b">
      <Execution id="5d96b042-3fe3-4fec-ad2e-8bddd96ad533" />
      <TestMethod codeBase="C:/Users/James/documents/visual studio 2010/Projects/SocialPayments/SocialPayments.DomainServices.UnitTests/bin/Release/SocialPayments.DomainServices.UnitTests.DLL" adapterTypeName="Microsoft.VisualStudio.TestTools.TestTypes.Unit.UnitTestAdapter, Microsoft.VisualStudio.QualityTools.Tips.UnitTest.Adapter, Version=10.0.0.0, Culture=neutral, PublicKeyToken=b03f5f7f11d50a3a" className="SocialPayments.DomainServices.UnitTests.ValidationServiceTest, SocialPayments.DomainServices.UnitTests, Version=1.0.0.0, Culture=neutral, PublicKeyToken=null" name="WhenValidatingFacebookAccountIsMeCodeIsFalse" />
    </UnitTest>
    <UnitTest name="WhenFindingUserByEmailAddressUserWithEmailAddressIsFound" storage="c:\users\james\documents\visual studio 2010\projects\socialpayments\socialpayments.domainservices.unittests\bin\release\socialpayments.domainservices.unittests.dll" id="d54862ac-a136-3613-d2d3-a0f75563ca81">
      <Execution id="913c0c86-7195-4ad6-8ab2-f594f97eac5d" />
      <TestMethod codeBase="C:/Users/James/documents/visual studio 2010/Projects/SocialPayments/SocialPayments.DomainServices.UnitTests/bin/Release/SocialPayments.DomainServices.UnitTests.DLL" adapterTypeName="Microsoft.VisualStudio.TestTools.TestTypes.Unit.UnitTestAdapter, Microsoft.VisualStudio.QualityTools.Tips.UnitTest.Adapter, Version=10.0.0.0, Culture=neutral, PublicKeyToken=b03f5f7f11d50a3a" className="SocialPayments.DomainServices.UnitTests.UserServicesTest, SocialPayments.DomainServices.UnitTests, Version=1.0.0.0, Culture=neutral, PublicKeyToken=null" name="WhenFindingUserByEmailAddressUserWithEmailAddressIsFound" />
    </UnitTest>
    <UnitTest name="WhenValidatingMobileNumberIsMECoodeIsFale" storage="c:\users\james\documents\visual studio 2010\projects\socialpayments\socialpayments.domainservices.unittests\bin\release\socialpayments.domainservices.unittests.dll" id="aaa92377-90b0-c42e-c927-e5a3dbd95d8e">
      <Execution id="1ec66bad-51c0-498f-995e-72de5d71b857" />
      <TestMethod codeBase="C:/Users/James/documents/visual studio 2010/Projects/SocialPayments/SocialPayments.DomainServices.UnitTests/bin/Release/SocialPayments.DomainServices.UnitTests.DLL" adapterTypeName="Microsoft.VisualStudio.TestTools.TestTypes.Unit.UnitTestAdapter, Microsoft.VisualStudio.QualityTools.Tips.UnitTest.Adapter, Version=10.0.0.0, Culture=neutral, PublicKeyToken=b03f5f7f11d50a3a" className="SocialPayments.DomainServices.UnitTests.ValidationServiceTest, SocialPayments.DomainServices.UnitTests, Version=1.0.0.0, Culture=neutral, PublicKeyToken=null" name="WhenValidatingMobileNumberIsMECoodeIsFale" />
    </UnitTest>
    <UnitTest name="WhenValidatingUserFormattedValidUserIsFound" storage="c:\users\james\documents\visual studio 2010\projects\socialpayments\socialpayments.domainservices.unittests\bin\release\socialpayments.domainservices.unittests.dll" id="2c36ece7-33e7-5d7f-e7ec-52ff999c3bf4">
      <Execution id="cda1dbd0-c985-48ff-be3e-a89b2108b2f6" />
      <TestMethod codeBase="C:/Users/James/documents/visual studio 2010/Projects/SocialPayments/SocialPayments.DomainServices.UnitTests/bin/Release/SocialPayments.DomainServices.UnitTests.DLL" adapterTypeName="Microsoft.VisualStudio.TestTools.TestTypes.Unit.UnitTestAdapter, Microsoft.VisualStudio.QualityTools.Tips.UnitTest.Adapter, Version=10.0.0.0, Culture=neutral, PublicKeyToken=b03f5f7f11d50a3a" className="SocialPayments.DomainServices.UnitTests.UserServicesTest, SocialPayments.DomainServices.UnitTests, Version=1.0.0.0, Culture=neutral, PublicKeyToken=null" name="WhenValidatingUserFormattedValidUserIsFound" />
    </UnitTest>
    <UnitTest name="WhenPaymentMessageReceivedWithRecipientUriUnRegisteredMobileNumberMessageCountIs1" storage="c:\users\james\documents\visual studio 2010\projects\socialpayments\socialpayments.domainservices.unittests\bin\release\socialpayments.domainservices.unittests.dll" id="4c69bfb8-028d-62f7-764f-eafc79883979">
      <Execution id="9f3824dc-4d11-4716-a769-0a98d242d38f" />
      <TestMethod codeBase="C:/Users/James/documents/visual studio 2010/Projects/SocialPayments/SocialPayments.DomainServices.UnitTests/bin/Release/SocialPayments.DomainServices.UnitTests.DLL" adapterTypeName="Microsoft.VisualStudio.TestTools.TestTypes.Unit.UnitTestAdapter, Microsoft.VisualStudio.QualityTools.Tips.UnitTest.Adapter, Version=10.0.0.0, Culture=neutral, PublicKeyToken=b03f5f7f11d50a3a" className="SocialPayments.DomainServices.UnitTests.MessageServicesTest, SocialPayments.DomainServices.UnitTests, Version=1.0.0.0, Culture=neutral, PublicKeyToken=null" name="WhenPaymentMessageReceivedWithRecipientUriUnRegisteredMobileNumberMessageCountIs1" />
    </UnitTest>
    <UnitTest name="WhenVerifyingAccountInCorrectlyVerificationServiceReturnsFalse" storage="c:\users\james\documents\visual studio 2010\projects\socialpayments\socialpayments.domainservices.unittests\bin\release\socialpayments.domainservices.unittests.dll" id="ebe4a167-24e0-8c3a-ec8d-b92977ef0b32">
      <Execution id="c5363282-ceb0-4628-bbd4-c33f6e26e822" />
      <TestMethod codeBase="C:/Users/James/documents/visual studio 2010/Projects/SocialPayments/SocialPayments.DomainServices.UnitTests/bin/Release/SocialPayments.DomainServices.UnitTests.DLL" adapterTypeName="Microsoft.VisualStudio.TestTools.TestTypes.Unit.UnitTestAdapter, Microsoft.VisualStudio.QualityTools.Tips.UnitTest.Adapter, Version=10.0.0.0, Culture=neutral, PublicKeyToken=b03f5f7f11d50a3a" className="SocialPayments.DomainServices.UnitTests.UserServicesTest, SocialPayments.DomainServices.UnitTests, Version=1.0.0.0, Culture=neutral, PublicKeyToken=null" name="WhenVerifyingAccountInCorrectlyVerificationServiceReturnsFalse" />
    </UnitTest>
    <UnitTest name="WhenFindingUserByPhoneNumberWithLeading1UserIsFound" storage="c:\users\james\documents\visual studio 2010\projects\socialpayments\socialpayments.domainservices.unittests\bin\release\socialpayments.domainservices.unittests.dll" id="ec586861-52a4-8306-116b-5a18443671b3">
      <Execution id="15008d07-3d89-4f2c-8f5c-9c2883ce7404" />
      <TestMethod codeBase="C:/Users/James/documents/visual studio 2010/Projects/SocialPayments/SocialPayments.DomainServices.UnitTests/bin/Release/SocialPayments.DomainServices.UnitTests.DLL" adapterTypeName="Microsoft.VisualStudio.TestTools.TestTypes.Unit.UnitTestAdapter, Microsoft.VisualStudio.QualityTools.Tips.UnitTest.Adapter, Version=10.0.0.0, Culture=neutral, PublicKeyToken=b03f5f7f11d50a3a" className="SocialPayments.DomainServices.UnitTests.UserServicesTest, SocialPayments.DomainServices.UnitTests, Version=1.0.0.0, Culture=neutral, PublicKeyToken=null" name="WhenFindingUserByPhoneNumberWithLeading1UserIsFound" />
    </UnitTest>
    <UnitTest name="WhenValidatingMECodeIsEmailAddressIsFalse" storage="c:\users\james\documents\visual studio 2010\projects\socialpayments\socialpayments.domainservices.unittests\bin\release\socialpayments.domainservices.unittests.dll" id="0a677e88-e1fa-442c-458e-1994ae00745e">
      <Execution id="ddcf014b-d133-476b-ad29-cdfb0bbe9548" />
      <TestMethod codeBase="C:/Users/James/documents/visual studio 2010/Projects/SocialPayments/SocialPayments.DomainServices.UnitTests/bin/Release/SocialPayments.DomainServices.UnitTests.DLL" adapterTypeName="Microsoft.VisualStudio.TestTools.TestTypes.Unit.UnitTestAdapter, Microsoft.VisualStudio.QualityTools.Tips.UnitTest.Adapter, Version=10.0.0.0, Culture=neutral, PublicKeyToken=b03f5f7f11d50a3a" className="SocialPayments.DomainServices.UnitTests.ValidationServiceTest, SocialPayments.DomainServices.UnitTests, Version=1.0.0.0, Culture=neutral, PublicKeyToken=null" name="WhenValidatingMECodeIsEmailAddressIsFalse" />
    </UnitTest>
    <UnitTest name="WhenValidatingFacebookAccountIsEmailAddressIsFalse" storage="c:\users\james\documents\visual studio 2010\projects\socialpayments\socialpayments.domainservices.unittests\bin\release\socialpayments.domainservices.unittests.dll" id="899bf6a6-d07c-2413-28a5-54eb88df6476">
      <Execution id="5d03314c-6aef-47d9-b1b7-30df8148440f" />
      <TestMethod codeBase="C:/Users/James/documents/visual studio 2010/Projects/SocialPayments/SocialPayments.DomainServices.UnitTests/bin/Release/SocialPayments.DomainServices.UnitTests.DLL" adapterTypeName="Microsoft.VisualStudio.TestTools.TestTypes.Unit.UnitTestAdapter, Microsoft.VisualStudio.QualityTools.Tips.UnitTest.Adapter, Version=10.0.0.0, Culture=neutral, PublicKeyToken=b03f5f7f11d50a3a" className="SocialPayments.DomainServices.UnitTests.ValidationServiceTest, SocialPayments.DomainServices.UnitTests, Version=1.0.0.0, Culture=neutral, PublicKeyToken=null" name="WhenValidatingFacebookAccountIsEmailAddressIsFalse" />
    </UnitTest>
    <UnitTest name="WhenPhoneNumberWithHyphensPhoneNumberIsFormatted" storage="c:\users\james\documents\visual studio 2010\projects\socialpayments\socialpayments.domainservices.unittests\bin\release\socialpayments.domainservices.unittests.dll" id="92f1a48c-27c3-2484-15f2-11bd22c977c7">
      <TestCategory>
        <TestCategoryItem TestCategory="Mobile Number Formatting" />
      </TestCategory>
      <Execution id="165aac67-7375-4698-95f3-bb38f8da405a" />
      <TestMethod codeBase="C:/Users/James/documents/visual studio 2010/Projects/SocialPayments/SocialPayments.DomainServices.UnitTests/bin/Release/SocialPayments.DomainServices.UnitTests.DLL" adapterTypeName="Microsoft.VisualStudio.TestTools.TestTypes.Unit.UnitTestAdapter, Microsoft.VisualStudio.QualityTools.Tips.UnitTest.Adapter, Version=10.0.0.0, Culture=neutral, PublicKeyToken=b03f5f7f11d50a3a" className="SocialPayments.DomainServices.UnitTests.FormattingServicesTest, SocialPayments.DomainServices.UnitTests, Version=1.0.0.0, Culture=neutral, PublicKeyToken=null" name="WhenPhoneNumberWithHyphensPhoneNumberIsFormatted" />
    </UnitTest>
    <UnitTest name="WhenGettingOpenBatchWithAnOpenBatchCurrentBatchIsReturned" storage="c:\users\james\documents\visual studio 2010\projects\socialpayments\socialpayments.domainservices.unittests\bin\release\socialpayments.domainservices.unittests.dll" id="0e292e98-3d96-5530-11db-f26c3cd22853">
      <Execution id="2adef584-3a0e-40da-a719-66847d6ad748" />
      <TestMethod codeBase="C:/Users/James/documents/visual studio 2010/Projects/SocialPayments/SocialPayments.DomainServices.UnitTests/bin/Release/SocialPayments.DomainServices.UnitTests.DLL" adapterTypeName="Microsoft.VisualStudio.TestTools.TestTypes.Unit.UnitTestAdapter, Microsoft.VisualStudio.QualityTools.Tips.UnitTest.Adapter, Version=10.0.0.0, Culture=neutral, PublicKeyToken=b03f5f7f11d50a3a" className="SocialPayments.DomainServices.UnitTests.TransactionBatchServiceTest, SocialPayments.DomainServices.UnitTests, Version=1.0.0.0, Culture=neutral, PublicKeyToken=null" name="WhenGettingOpenBatchWithAnOpenBatchCurrentBatchIsReturned" />
    </UnitTest>
    <UnitTest name="WhenBatching5TransactionsWithOpenBatchTransactionsInBatchIs5" storage="c:\users\james\documents\visual studio 2010\projects\socialpayments\socialpayments.domainservices.unittests\bin\release\socialpayments.domainservices.unittests.dll" id="75fc7ce4-bb60-fca2-b70e-51c6bb456ba7">
      <Execution id="9fa08f56-020f-4c9c-8f2c-a48dd4987d71" />
      <TestMethod codeBase="C:/Users/James/documents/visual studio 2010/Projects/SocialPayments/SocialPayments.DomainServices.UnitTests/bin/Release/SocialPayments.DomainServices.UnitTests.DLL" adapterTypeName="Microsoft.VisualStudio.TestTools.TestTypes.Unit.UnitTestAdapter, Microsoft.VisualStudio.QualityTools.Tips.UnitTest.Adapter, Version=10.0.0.0, Culture=neutral, PublicKeyToken=b03f5f7f11d50a3a" className="SocialPayments.DomainServices.UnitTests.TransactionBatchServiceTest, SocialPayments.DomainServices.UnitTests, Version=1.0.0.0, Culture=neutral, PublicKeyToken=null" name="WhenBatching5TransactionsWithOpenBatchTransactionsInBatchIs5" />
    </UnitTest>
    <UnitTest name="WhenPhoneNumberWithHyphensAndParensPhoneNumberIsFormatted" storage="c:\users\james\documents\visual studio 2010\projects\socialpayments\socialpayments.domainservices.unittests\bin\release\socialpayments.domainservices.unittests.dll" id="20ee4f6c-37a1-43d7-a121-0f1938e95893">
      <TestCategory>
        <TestCategoryItem TestCategory="Mobile Number Formatting" />
      </TestCategory>
      <Execution id="7288904f-50f6-4d54-a7b1-e095d240d99d" />
      <TestMethod codeBase="C:/Users/James/documents/visual studio 2010/Projects/SocialPayments/SocialPayments.DomainServices.UnitTests/bin/Release/SocialPayments.DomainServices.UnitTests.DLL" adapterTypeName="Microsoft.VisualStudio.TestTools.TestTypes.Unit.UnitTestAdapter, Microsoft.VisualStudio.QualityTools.Tips.UnitTest.Adapter, Version=10.0.0.0, Culture=neutral, PublicKeyToken=b03f5f7f11d50a3a" className="SocialPayments.DomainServices.UnitTests.FormattingServicesTest, SocialPayments.DomainServices.UnitTests, Version=1.0.0.0, Culture=neutral, PublicKeyToken=null" name="WhenPhoneNumberWithHyphensAndParensPhoneNumberIsFormatted" />
    </UnitTest>
    <UnitTest name="WhenAddingToSMSLogSMSLogIsAdded" storage="c:\users\james\documents\visual studio 2010\projects\socialpayments\socialpayments.domainservices.unittests\bin\release\socialpayments.domainservices.unittests.dll" id="ee83915d-90eb-6ce4-3ecd-c9a8afec792a">
      <Execution id="5bb93c97-ebf8-4f67-a3bd-e2601cc4a52f" />
      <TestMethod codeBase="C:/Users/James/documents/visual studio 2010/Projects/SocialPayments/SocialPayments.DomainServices.UnitTests/bin/Release/SocialPayments.DomainServices.UnitTests.DLL" adapterTypeName="Microsoft.VisualStudio.TestTools.TestTypes.Unit.UnitTestAdapter, Microsoft.VisualStudio.QualityTools.Tips.UnitTest.Adapter, Version=10.0.0.0, Culture=neutral, PublicKeyToken=b03f5f7f11d50a3a" className="SocialPayments.DomainServices.UnitTests.SMSLogServiceTest, SocialPayments.DomainServices.UnitTests, Version=1.0.0.0, Culture=neutral, PublicKeyToken=null" name="WhenAddingToSMSLogSMSLogIsAdded" />
    </UnitTest>
    <UnitTest name="WhenPhoneNumberWithHyphensAndParensAndPlusAndLeading1AndSpacePhoneNumberIsFormatted" storage="c:\users\james\documents\visual studio 2010\projects\socialpayments\socialpayments.domainservices.unittests\bin\release\socialpayments.domainservices.unittests.dll" id="3b9a5dba-1e48-7c16-1947-f63c15548429">
      <TestCategory>
        <TestCategoryItem TestCategory="Mobile Number Formatting" />
      </TestCategory>
      <Execution id="7adf3b58-3e16-47e6-87b0-dfa72630f8ab" />
      <TestMethod codeBase="C:/Users/James/documents/visual studio 2010/Projects/SocialPayments/SocialPayments.DomainServices.UnitTests/bin/Release/SocialPayments.DomainServices.UnitTests.DLL" adapterTypeName="Microsoft.VisualStudio.TestTools.TestTypes.Unit.UnitTestAdapter, Microsoft.VisualStudio.QualityTools.Tips.UnitTest.Adapter, Version=10.0.0.0, Culture=neutral, PublicKeyToken=b03f5f7f11d50a3a" className="SocialPayments.DomainServices.UnitTests.FormattingServicesTest, SocialPayments.DomainServices.UnitTests, Version=1.0.0.0, Culture=neutral, PublicKeyToken=null" name="WhenPhoneNumberWithHyphensAndParensAndPlusAndLeading1AndSpacePhoneNumberIsFormatted" />
    </UnitTest>
    <UnitTest name="WhenPendingPaymentMessageWithMobileNumberRecipientUriProcessedWithUnknownRecipientOneTransactionIsCreated" storage="c:\users\james\documents\visual studio 2010\projects\socialpayments\socialpayments.services.messageprocessors.unittest\bin\release\socialpayments.services.messageprocessors.unittest.dll" id="0bbf6510-5b38-cc42-6794-c7dbbf478eb4">
      <Execution id="1a042137-da9a-4107-b9e2-f6e1f47a3eaa" />
      <TestMethod codeBase="C:/Users/James/documents/visual studio 2010/Projects/SocialPayments/SocialPayments.Services.MessageProcessors.UnitTest/bin/Release/SocialPayments.Services.MessageProcessors.UnitTest.DLL" adapterTypeName="Microsoft.VisualStudio.TestTools.TestTypes.Unit.UnitTestAdapter, Microsoft.VisualStudio.QualityTools.Tips.UnitTest.Adapter, Version=10.0.0.0, Culture=neutral, PublicKeyToken=b03f5f7f11d50a3a" className="SocialPayments.Services.MessageProcessors.UnitTest.SumittedPaymentMessageProcessor, SocialPayments.Services.MessageProcessors.UnitTest, Version=1.0.0.0, Culture=neutral, PublicKeyToken=null" name="WhenPendingPaymentMessageWithMobileNumberRecipientUriProcessedWithUnknownRecipientOneTransactionIsCreated" />
    </UnitTest>
    <UnitTest name="WhenVerifyingAccountInCorrectly3TimesAccountStatusIsChangedToNeedsReVerification" storage="c:\users\james\documents\visual studio 2010\projects\socialpayments\socialpayments.domainservices.unittests\bin\release\socialpayments.domainservices.unittests.dll" id="12090d6f-5e04-fb17-c206-c70a446089e1">
      <Execution id="2da235e9-911d-45fa-934d-fa3beac2e931" />
      <TestMethod codeBase="C:/Users/James/documents/visual studio 2010/Projects/SocialPayments/SocialPayments.DomainServices.UnitTests/bin/Release/SocialPayments.DomainServices.UnitTests.DLL" adapterTypeName="Microsoft.VisualStudio.TestTools.TestTypes.Unit.UnitTestAdapter, Microsoft.VisualStudio.QualityTools.Tips.UnitTest.Adapter, Version=10.0.0.0, Culture=neutral, PublicKeyToken=b03f5f7f11d50a3a" className="SocialPayments.DomainServices.UnitTests.UserServicesTest, SocialPayments.DomainServices.UnitTests, Version=1.0.0.0, Culture=neutral, PublicKeyToken=null" name="WhenVerifyingAccountInCorrectly3TimesAccountStatusIsChangedToNeedsReVerification" />
    </UnitTest>
    <UnitTest name="WhenValidatingTwoMobileNumbersThatAreTheSameButFormattedDifferentlyAreNumbersEqualIsTrue" storage="c:\users\james\documents\visual studio 2010\projects\socialpayments\socialpayments.domainservices.unittests\bin\release\socialpayments.domainservices.unittests.dll" id="83317bf7-398d-9bbd-fe96-afe20a9f9fbb">
      <Execution id="05e52e67-1c0d-4d6c-968f-9834c2975e40" />
      <TestMethod codeBase="C:/Users/James/documents/visual studio 2010/Projects/SocialPayments/SocialPayments.DomainServices.UnitTests/bin/Release/SocialPayments.DomainServices.UnitTests.DLL" adapterTypeName="Microsoft.VisualStudio.TestTools.TestTypes.Unit.UnitTestAdapter, Microsoft.VisualStudio.QualityTools.Tips.UnitTest.Adapter, Version=10.0.0.0, Culture=neutral, PublicKeyToken=b03f5f7f11d50a3a" className="SocialPayments.DomainServices.UnitTests.ValidationServiceTest, SocialPayments.DomainServices.UnitTests, Version=1.0.0.0, Culture=neutral, PublicKeyToken=null" name="WhenValidatingTwoMobileNumbersThatAreTheSameButFormattedDifferentlyAreNumbersEqualIsTrue" />
    </UnitTest>
    <UnitTest name="WhenBatchingMessageWithOpenBatchWithWithdrawAndDepositTransactionThenTransactionsInBatchIs2" storage="c:\users\james\documents\visual studio 2010\projects\socialpayments\socialpayments.domainservices.unittests\bin\release\socialpayments.domainservices.unittests.dll" id="549fb95f-9bb1-a967-2d69-f30c29999c9e">
      <Execution id="40937edb-9f41-41b1-b85e-31ad568e530a" />
      <TestMethod codeBase="C:/Users/James/documents/visual studio 2010/Projects/SocialPayments/SocialPayments.DomainServices.UnitTests/bin/Release/SocialPayments.DomainServices.UnitTests.DLL" adapterTypeName="Microsoft.VisualStudio.TestTools.TestTypes.Unit.UnitTestAdapter, Microsoft.VisualStudio.QualityTools.Tips.UnitTest.Adapter, Version=10.0.0.0, Culture=neutral, PublicKeyToken=b03f5f7f11d50a3a" className="SocialPayments.DomainServices.UnitTests.TransactionBatchServiceTest, SocialPayments.DomainServices.UnitTests, Version=1.0.0.0, Culture=neutral, PublicKeyToken=null" name="WhenBatchingMessageWithOpenBatchWithWithdrawAndDepositTransactionThenTransactionsInBatchIs2" />
    </UnitTest>
    <UnitTest name="WhenNewAccountIsAddedPaymentVerificationWithdrawalAmountEqualTheSumOfDeposits" storage="c:\users\james\documents\visual studio 2010\projects\socialpayments\socialpayments.service.paymentaccountsprocessors.tests\bin\release\socialpayments.service.paymentaccountsprocessors.tests.dll" id="ac010929-2341-7d7f-120e-f1319212ef28">
      <Execution id="fbafa08c-24f2-445c-b520-f694fb8dbf37" />
      <TestMethod codeBase="C:/Users/James/documents/visual studio 2010/Projects/SocialPayments/SocialPayments.Service.PaymentAccountsProcessors.Tests/bin/Release/SocialPayments.Service.PaymentAccountsProcessors.Tests.DLL" adapterTypeName="Microsoft.VisualStudio.TestTools.TestTypes.Unit.UnitTestAdapter, Microsoft.VisualStudio.QualityTools.Tips.UnitTest.Adapter, Version=10.0.0.0, Culture=neutral, PublicKeyToken=b03f5f7f11d50a3a" className="SocialPayments.Service.PaymentAccountsProcessors.Tests.UnitTest1, SocialPayments.Service.PaymentAccountsProcessors.Tests, Version=1.0.0.0, Culture=neutral, PublicKeyToken=null" name="WhenNewAccountIsAddedPaymentVerificationWithdrawalAmountEqualTheSumOfDeposits" />
    </UnitTest>
    <UnitTest name="WhenPendingPaymentMessageWithMobileNumberRecipientUriProcessedWithKnownRecipientTwoTransactionsAreCreated" storage="c:\users\james\documents\visual studio 2010\projects\socialpayments\socialpayments.services.messageprocessors.unittest\bin\release\socialpayments.services.messageprocessors.unittest.dll" id="a98f7e50-8b97-baa5-6dbb-3dc100efdbe0">
      <Execution id="e5331eb9-75ed-4eef-a2fc-1ff21e6f36c7" />
      <TestMethod codeBase="C:/Users/James/documents/visual studio 2010/Projects/SocialPayments/SocialPayments.Services.MessageProcessors.UnitTest/bin/Release/SocialPayments.Services.MessageProcessors.UnitTest.DLL" adapterTypeName="Microsoft.VisualStudio.TestTools.TestTypes.Unit.UnitTestAdapter, Microsoft.VisualStudio.QualityTools.Tips.UnitTest.Adapter, Version=10.0.0.0, Culture=neutral, PublicKeyToken=b03f5f7f11d50a3a" className="SocialPayments.Services.MessageProcessors.UnitTest.SumittedPaymentMessageProcessor, SocialPayments.Services.MessageProcessors.UnitTest, Version=1.0.0.0, Culture=neutral, PublicKeyToken=null" name="WhenPendingPaymentMessageWithMobileNumberRecipientUriProcessedWithKnownRecipientTwoTransactionsAreCreated" />
    </UnitTest>
    <UnitTest name="WhenValidatingUserByEmailAddressValidUserIsFound" storage="c:\users\james\documents\visual studio 2010\projects\socialpayments\socialpayments.domainservices.unittests\bin\release\socialpayments.domainservices.unittests.dll" id="0b05f84a-f12c-dc0c-8bcf-65c1519c8530">
      <Execution id="c65e443d-c9c8-4dc6-82b2-11394648af59" />
      <TestMethod codeBase="C:/Users/James/documents/visual studio 2010/Projects/SocialPayments/SocialPayments.DomainServices.UnitTests/bin/Release/SocialPayments.DomainServices.UnitTests.DLL" adapterTypeName="Microsoft.VisualStudio.TestTools.TestTypes.Unit.UnitTestAdapter, Microsoft.VisualStudio.QualityTools.Tips.UnitTest.Adapter, Version=10.0.0.0, Culture=neutral, PublicKeyToken=b03f5f7f11d50a3a" className="SocialPayments.DomainServices.UnitTests.UserServicesTest, SocialPayments.DomainServices.UnitTests, Version=1.0.0.0, Culture=neutral, PublicKeyToken=null" name="WhenValidatingUserByEmailAddressValidUserIsFound" />
    </UnitTest>
    <UnitTest name="WhenGettingSMSLogByIdSMSLogIsReturned" storage="c:\users\james\documents\visual studio 2010\projects\socialpayments\socialpayments.domainservices.unittests\bin\release\socialpayments.domainservices.unittests.dll" id="e1f24c78-d153-40fb-729f-3d211e044d3f">
      <Execution id="62425cf9-26dc-44a5-8b67-53f63c394123" />
      <TestMethod codeBase="C:/Users/James/documents/visual studio 2010/Projects/SocialPayments/SocialPayments.DomainServices.UnitTests/bin/Release/SocialPayments.DomainServices.UnitTests.DLL" adapterTypeName="Microsoft.VisualStudio.TestTools.TestTypes.Unit.UnitTestAdapter, Microsoft.VisualStudio.QualityTools.Tips.UnitTest.Adapter, Version=10.0.0.0, Culture=neutral, PublicKeyToken=b03f5f7f11d50a3a" className="SocialPayments.DomainServices.UnitTests.SMSLogServiceTest, SocialPayments.DomainServices.UnitTests, Version=1.0.0.0, Culture=neutral, PublicKeyToken=null" name="WhenGettingSMSLogByIdSMSLogIsReturned" />
    </UnitTest>
    <UnitTest name="WhenValidatingEmailAddressIsMECodeIsFalse" storage="c:\users\james\documents\visual studio 2010\projects\socialpayments\socialpayments.domainservices.unittests\bin\release\socialpayments.domainservices.unittests.dll" id="d7c2c055-ab4b-51af-90e3-e228843c34e0">
      <Execution id="05fc08ad-ee25-41ec-9f91-cf78736d1e85" />
      <TestMethod codeBase="C:/Users/James/documents/visual studio 2010/Projects/SocialPayments/SocialPayments.DomainServices.UnitTests/bin/Release/SocialPayments.DomainServices.UnitTests.DLL" adapterTypeName="Microsoft.VisualStudio.TestTools.TestTypes.Unit.UnitTestAdapter, Microsoft.VisualStudio.QualityTools.Tips.UnitTest.Adapter, Version=10.0.0.0, Culture=neutral, PublicKeyToken=b03f5f7f11d50a3a" className="SocialPayments.DomainServices.UnitTests.ValidationServiceTest, SocialPayments.DomainServices.UnitTests, Version=1.0.0.0, Culture=neutral, PublicKeyToken=null" name="WhenValidatingEmailAddressIsMECodeIsFalse" />
    </UnitTest>
    <UnitTest name="WhenPhoneNumberWithHyphensAndParensAndLeading1PhoneNumberIsFormatted" storage="c:\users\james\documents\visual studio 2010\projects\socialpayments\socialpayments.domainservices.unittests\bin\release\socialpayments.domainservices.unittests.dll" id="947d117b-7b7c-6cf4-5e6a-9d4c32b39bd3">
      <TestCategory>
        <TestCategoryItem TestCategory="Mobile Number Formatting" />
      </TestCategory>
      <Execution id="43745299-bfb3-4250-bc55-cea3e66560a9" />
      <TestMethod codeBase="C:/Users/James/documents/visual studio 2010/Projects/SocialPayments/SocialPayments.DomainServices.UnitTests/bin/Release/SocialPayments.DomainServices.UnitTests.DLL" adapterTypeName="Microsoft.VisualStudio.TestTools.TestTypes.Unit.UnitTestAdapter, Microsoft.VisualStudio.QualityTools.Tips.UnitTest.Adapter, Version=10.0.0.0, Culture=neutral, PublicKeyToken=b03f5f7f11d50a3a" className="SocialPayments.DomainServices.UnitTests.FormattingServicesTest, SocialPayments.DomainServices.UnitTests, Version=1.0.0.0, Culture=neutral, PublicKeyToken=null" name="WhenPhoneNumberWithHyphensAndParensAndLeading1PhoneNumberIsFormatted" />
    </UnitTest>
    <UnitTest name="WhenAddingApplicationCollectionHasNewItem" storage="c:\users\james\documents\visual studio 2010\projects\socialpayments\socialpayments.domainservices.unittests\bin\release\socialpayments.domainservices.unittests.dll" id="478cca51-171e-22a8-e83b-baf059f41d9f">
      <Execution id="bb7d7732-bc65-4bed-8979-0f4ca2a36855" />
      <TestMethod codeBase="C:/Users/James/documents/visual studio 2010/Projects/SocialPayments/SocialPayments.DomainServices.UnitTests/bin/Release/SocialPayments.DomainServices.UnitTests.DLL" adapterTypeName="Microsoft.VisualStudio.TestTools.TestTypes.Unit.UnitTestAdapter, Microsoft.VisualStudio.QualityTools.Tips.UnitTest.Adapter, Version=10.0.0.0, Culture=neutral, PublicKeyToken=b03f5f7f11d50a3a" className="SocialPayments.DomainServices.UnitTests.ApplicationServicesTest, SocialPayments.DomainServices.UnitTests, Version=1.0.0.0, Culture=neutral, PublicKeyToken=null" name="WhenAddingApplicationCollectionHasNewItem" />
    </UnitTest>
    <UnitTest name="WhenNewAccountIsAddedPaymentVerificationDepositAmountsAreDifferent" storage="c:\users\james\documents\visual studio 2010\projects\socialpayments\socialpayments.service.paymentaccountsprocessors.tests\bin\release\socialpayments.service.paymentaccountsprocessors.tests.dll" id="cb6c0137-a677-2a1c-0a10-0ed8f248bd59">
      <Execution id="6456e7e2-375c-404e-9292-316adea2f127" />
      <TestMethod codeBase="C:/Users/James/documents/visual studio 2010/Projects/SocialPayments/SocialPayments.Service.PaymentAccountsProcessors.Tests/bin/Release/SocialPayments.Service.PaymentAccountsProcessors.Tests.DLL" adapterTypeName="Microsoft.VisualStudio.TestTools.TestTypes.Unit.UnitTestAdapter, Microsoft.VisualStudio.QualityTools.Tips.UnitTest.Adapter, Version=10.0.0.0, Culture=neutral, PublicKeyToken=b03f5f7f11d50a3a" className="SocialPayments.Service.PaymentAccountsProcessors.Tests.UnitTest1, SocialPayments.Service.PaymentAccountsProcessors.Tests, Version=1.0.0.0, Culture=neutral, PublicKeyToken=null" name="WhenNewAccountIsAddedPaymentVerificationDepositAmountsAreDifferent" />
    </UnitTest>
    <UnitTest name="WhenBatchingMessageWithNoOpenBatchWithWithdrawlOnlyThenTransactionsInBatchIs1" storage="c:\users\james\documents\visual studio 2010\projects\socialpayments\socialpayments.domainservices.unittests\bin\release\socialpayments.domainservices.unittests.dll" id="630b2f5b-a7db-0821-b8d1-d297dea8a61d">
      <Execution id="6cadc2ba-d9d2-4d10-816d-364fe997d961" />
      <TestMethod codeBase="C:/Users/James/documents/visual studio 2010/Projects/SocialPayments/SocialPayments.DomainServices.UnitTests/bin/Release/SocialPayments.DomainServices.UnitTests.DLL" adapterTypeName="Microsoft.VisualStudio.TestTools.TestTypes.Unit.UnitTestAdapter, Microsoft.VisualStudio.QualityTools.Tips.UnitTest.Adapter, Version=10.0.0.0, Culture=neutral, PublicKeyToken=b03f5f7f11d50a3a" className="SocialPayments.DomainServices.UnitTests.TransactionBatchServiceTest, SocialPayments.DomainServices.UnitTests, Version=1.0.0.0, Culture=neutral, PublicKeyToken=null" name="WhenBatchingMessageWithNoOpenBatchWithWithdrawlOnlyThenTransactionsInBatchIs1" />
    </UnitTest>
    <UnitTest name="WhenAddingToEmailLogEmalLogIsAdded" storage="c:\users\james\documents\visual studio 2010\projects\socialpayments\socialpayments.domainservices.unittests\bin\release\socialpayments.domainservices.unittests.dll" id="7b704bfd-ba5d-6632-3f52-7b4c5440d35e">
      <Execution id="811ccd0f-1e9b-4368-8ee3-e21cb10bf82a" />
      <TestMethod codeBase="C:/Users/James/documents/visual studio 2010/Projects/SocialPayments/SocialPayments.DomainServices.UnitTests/bin/Release/SocialPayments.DomainServices.UnitTests.DLL" adapterTypeName="Microsoft.VisualStudio.TestTools.TestTypes.Unit.UnitTestAdapter, Microsoft.VisualStudio.QualityTools.Tips.UnitTest.Adapter, Version=10.0.0.0, Culture=neutral, PublicKeyToken=b03f5f7f11d50a3a" className="SocialPayments.DomainServices.UnitTests.EmailLogServiceTest, SocialPayments.DomainServices.UnitTests, Version=1.0.0.0, Culture=neutral, PublicKeyToken=null" name="WhenAddingToEmailLogEmalLogIsAdded" />
    </UnitTest>
    <UnitTest name="WhenValidatingTwoMobileNumbersFormattedTheSameAreNumbersEqualIsTrue" storage="c:\users\james\documents\visual studio 2010\projects\socialpayments\socialpayments.domainservices.unittests\bin\release\socialpayments.domainservices.unittests.dll" id="365730d7-1af5-5553-4605-03b17a466fd5">
      <Execution id="b174db44-9769-43f1-a414-02f527e78321" />
      <TestMethod codeBase="C:/Users/James/documents/visual studio 2010/Projects/SocialPayments/SocialPayments.DomainServices.UnitTests/bin/Release/SocialPayments.DomainServices.UnitTests.DLL" adapterTypeName="Microsoft.VisualStudio.TestTools.TestTypes.Unit.UnitTestAdapter, Microsoft.VisualStudio.QualityTools.Tips.UnitTest.Adapter, Version=10.0.0.0, Culture=neutral, PublicKeyToken=b03f5f7f11d50a3a" className="SocialPayments.DomainServices.UnitTests.ValidationServiceTest, SocialPayments.DomainServices.UnitTests, Version=1.0.0.0, Culture=neutral, PublicKeyToken=null" name="WhenValidatingTwoMobileNumbersFormattedTheSameAreNumbersEqualIsTrue" />
    </UnitTest>
    <UnitTest name="WhenUserSetsUpSecurityPinSecurityPinIsSetup" storage="c:\users\james\documents\visual studio 2010\projects\socialpayments\socialpayments.domainservices.unittests\bin\release\socialpayments.domainservices.unittests.dll" id="9c8cdb61-b369-bcb4-1de3-06b5e0d9fcd9">
      <Execution id="8e1ec6e1-bac9-4bd7-9257-70d382818054" />
      <TestMethod codeBase="C:/Users/James/documents/visual studio 2010/Projects/SocialPayments/SocialPayments.DomainServices.UnitTests/bin/Release/SocialPayments.DomainServices.UnitTests.DLL" adapterTypeName="Microsoft.VisualStudio.TestTools.TestTypes.Unit.UnitTestAdapter, Microsoft.VisualStudio.QualityTools.Tips.UnitTest.Adapter, Version=10.0.0.0, Culture=neutral, PublicKeyToken=b03f5f7f11d50a3a" className="SocialPayments.DomainServices.UnitTests.UserServicesTest, SocialPayments.DomainServices.UnitTests, Version=1.0.0.0, Culture=neutral, PublicKeyToken=null" name="WhenUserSetsUpSecurityPinSecurityPinIsSetup" />
    </UnitTest>
    <UnitTest name="WhenUpdatingSMSLogThenSMSLogIsUpdated" storage="c:\users\james\documents\visual studio 2010\projects\socialpayments\socialpayments.domainservices.unittests\bin\release\socialpayments.domainservices.unittests.dll" id="4a03fb37-c632-458d-6b40-fb978d501b71">
      <Execution id="0bcc3e70-d5e9-45a0-b600-0999e402b6b9" />
      <TestMethod codeBase="C:/Users/James/documents/visual studio 2010/Projects/SocialPayments/SocialPayments.DomainServices.UnitTests/bin/Release/SocialPayments.DomainServices.UnitTests.DLL" adapterTypeName="Microsoft.VisualStudio.TestTools.TestTypes.Unit.UnitTestAdapter, Microsoft.VisualStudio.QualityTools.Tips.UnitTest.Adapter, Version=10.0.0.0, Culture=neutral, PublicKeyToken=b03f5f7f11d50a3a" className="SocialPayments.DomainServices.UnitTests.SMSLogServiceTest, SocialPayments.DomainServices.UnitTests, Version=1.0.0.0, Culture=neutral, PublicKeyToken=null" name="WhenUpdatingSMSLogThenSMSLogIsUpdated" />
    </UnitTest>
    <UnitTest name="WhenBatching3TransactionsWithOpenBatchTransactionsInBatchIs3" storage="c:\users\james\documents\visual studio 2010\projects\socialpayments\socialpayments.domainservices.unittests\bin\release\socialpayments.domainservices.unittests.dll" id="398dd5de-3137-4188-389b-f41fb7cccc4c">
      <Execution id="383cf33b-ec67-4440-9446-7794bcb247b5" />
      <TestMethod codeBase="C:/Users/James/documents/visual studio 2010/Projects/SocialPayments/SocialPayments.DomainServices.UnitTests/bin/Release/SocialPayments.DomainServices.UnitTests.DLL" adapterTypeName="Microsoft.VisualStudio.TestTools.TestTypes.Unit.UnitTestAdapter, Microsoft.VisualStudio.QualityTools.Tips.UnitTest.Adapter, Version=10.0.0.0, Culture=neutral, PublicKeyToken=b03f5f7f11d50a3a" className="SocialPayments.DomainServices.UnitTests.TransactionBatchServiceTest, SocialPayments.DomainServices.UnitTests, Version=1.0.0.0, Culture=neutral, PublicKeyToken=null" name="WhenBatching3TransactionsWithOpenBatchTransactionsInBatchIs3" />
    </UnitTest>
    <UnitTest name="WhenPendingPaymentMessageWithMECodeRecipientUriProcessedWithKnownRecipientTwoTransactionsAreCreated" storage="c:\users\james\documents\visual studio 2010\projects\socialpayments\socialpayments.services.messageprocessors.unittest\bin\release\socialpayments.services.messageprocessors.unittest.dll" id="3fbab4ce-0069-1341-3102-df8af4d658f8">
      <Execution id="6bf90c20-8ec0-403c-a628-3566fc8697ec" />
      <TestMethod codeBase="C:/Users/James/documents/visual studio 2010/Projects/SocialPayments/SocialPayments.Services.MessageProcessors.UnitTest/bin/Release/SocialPayments.Services.MessageProcessors.UnitTest.DLL" adapterTypeName="Microsoft.VisualStudio.TestTools.TestTypes.Unit.UnitTestAdapter, Microsoft.VisualStudio.QualityTools.Tips.UnitTest.Adapter, Version=10.0.0.0, Culture=neutral, PublicKeyToken=b03f5f7f11d50a3a" className="SocialPayments.Services.MessageProcessors.UnitTest.SumittedPaymentMessageProcessor, SocialPayments.Services.MessageProcessors.UnitTest, Version=1.0.0.0, Culture=neutral, PublicKeyToken=null" name="WhenPendingPaymentMessageWithMECodeRecipientUriProcessedWithKnownRecipientTwoTransactionsAreCreated" />
    </UnitTest>
    <UnitTest name="WhenVerifyingAccountInCorrectlyAccountStatusRemainsPendingActivation" storage="c:\users\james\documents\visual studio 2010\projects\socialpayments\socialpayments.domainservices.unittests\bin\release\socialpayments.domainservices.unittests.dll" id="50e08d33-2a87-b930-5af1-4b561f32bb5a">
      <Execution id="5829df41-1532-4a1b-acb5-5a9fe8276e7a" />
      <TestMethod codeBase="C:/Users/James/documents/visual studio 2010/Projects/SocialPayments/SocialPayments.DomainServices.UnitTests/bin/Release/SocialPayments.DomainServices.UnitTests.DLL" adapterTypeName="Microsoft.VisualStudio.TestTools.TestTypes.Unit.UnitTestAdapter, Microsoft.VisualStudio.QualityTools.Tips.UnitTest.Adapter, Version=10.0.0.0, Culture=neutral, PublicKeyToken=b03f5f7f11d50a3a" className="SocialPayments.DomainServices.UnitTests.UserServicesTest, SocialPayments.DomainServices.UnitTests, Version=1.0.0.0, Culture=neutral, PublicKeyToken=null" name="WhenVerifyingAccountInCorrectlyAccountStatusRemainsPendingActivation" />
    </UnitTest>
    <UnitTest name="WhenValidatingUserByUnformattedValidUserIsFound" storage="c:\users\james\documents\visual studio 2010\projects\socialpayments\socialpayments.domainservices.unittests\bin\release\socialpayments.domainservices.unittests.dll" id="16c2364f-cdda-f33e-d319-c13dcf7dad9f">
      <Execution id="3b30cf80-8ddc-425e-b374-391e44d72586" />
      <TestMethod codeBase="C:/Users/James/documents/visual studio 2010/Projects/SocialPayments/SocialPayments.DomainServices.UnitTests/bin/Release/SocialPayments.DomainServices.UnitTests.DLL" adapterTypeName="Microsoft.VisualStudio.TestTools.TestTypes.Unit.UnitTestAdapter, Microsoft.VisualStudio.QualityTools.Tips.UnitTest.Adapter, Version=10.0.0.0, Culture=neutral, PublicKeyToken=b03f5f7f11d50a3a" className="SocialPayments.DomainServices.UnitTests.UserServicesTest, SocialPayments.DomainServices.UnitTests, Version=1.0.0.0, Culture=neutral, PublicKeyToken=null" name="WhenValidatingUserByUnformattedValidUserIsFound" />
    </UnitTest>
    <UnitTest name="WhenBatchingMessageWithNoOpenBatchesWithWithdrawlAndDepositTransactionsThenTransactionsInBatchIs2" storage="c:\users\james\documents\visual studio 2010\projects\socialpayments\socialpayments.domainservices.unittests\bin\release\socialpayments.domainservices.unittests.dll" id="351fe7bf-403b-7756-e28c-f581a421d149">
      <Execution id="c8c35919-c99a-4814-8886-15e2ba6e94a2" />
      <TestMethod codeBase="C:/Users/James/documents/visual studio 2010/Projects/SocialPayments/SocialPayments.DomainServices.UnitTests/bin/Release/SocialPayments.DomainServices.UnitTests.DLL" adapterTypeName="Microsoft.VisualStudio.TestTools.TestTypes.Unit.UnitTestAdapter, Microsoft.VisualStudio.QualityTools.Tips.UnitTest.Adapter, Version=10.0.0.0, Culture=neutral, PublicKeyToken=b03f5f7f11d50a3a" className="SocialPayments.DomainServices.UnitTests.TransactionBatchServiceTest, SocialPayments.DomainServices.UnitTests, Version=1.0.0.0, Culture=neutral, PublicKeyToken=null" name="WhenBatchingMessageWithNoOpenBatchesWithWithdrawlAndDepositTransactionsThenTransactionsInBatchIs2" />
    </UnitTest>
    <UnitTest name="WhenUserRegistersUserIsAddedToUser" storage="c:\users\james\documents\visual studio 2010\projects\socialpayments\socialpayments.domainservices.unittests\bin\release\socialpayments.domainservices.unittests.dll" id="766097ab-5a0f-f597-73e4-4cc1f9399713">
      <Execution id="c819d7de-1a7d-4c97-b373-1fda329cb6c5" />
      <TestMethod codeBase="C:/Users/James/documents/visual studio 2010/Projects/SocialPayments/SocialPayments.DomainServices.UnitTests/bin/Release/SocialPayments.DomainServices.UnitTests.DLL" adapterTypeName="Microsoft.VisualStudio.TestTools.TestTypes.Unit.UnitTestAdapter, Microsoft.VisualStudio.QualityTools.Tips.UnitTest.Adapter, Version=10.0.0.0, Culture=neutral, PublicKeyToken=b03f5f7f11d50a3a" className="SocialPayments.DomainServices.UnitTests.UserServicesTest, SocialPayments.DomainServices.UnitTests, Version=1.0.0.0, Culture=neutral, PublicKeyToken=null" name="WhenUserRegistersUserIsAddedToUser" />
    </UnitTest>
    <UnitTest name="WhenValidatingUserWithUnformattedPhoneNumberWithHyphensValidUserIsFound" storage="c:\users\james\documents\visual studio 2010\projects\socialpayments\socialpayments.domainservices.unittests\bin\release\socialpayments.domainservices.unittests.dll" id="dd5d2ae3-ec3a-82e3-539d-2d753e5aa1a7">
      <Execution id="a7451439-304c-4707-85b6-79824d76dafd" />
      <TestMethod codeBase="C:/Users/James/documents/visual studio 2010/Projects/SocialPayments/SocialPayments.DomainServices.UnitTests/bin/Release/SocialPayments.DomainServices.UnitTests.DLL" adapterTypeName="Microsoft.VisualStudio.TestTools.TestTypes.Unit.UnitTestAdapter, Microsoft.VisualStudio.QualityTools.Tips.UnitTest.Adapter, Version=10.0.0.0, Culture=neutral, PublicKeyToken=b03f5f7f11d50a3a" className="SocialPayments.DomainServices.UnitTests.UserServicesTest, SocialPayments.DomainServices.UnitTests, Version=1.0.0.0, Culture=neutral, PublicKeyToken=null" name="WhenValidatingUserWithUnformattedPhoneNumberWithHyphensValidUserIsFound" />
    </UnitTest>
    <UnitTest name="WhenRemovingMessageWithWithdrawlTransactionInBatchTransactionCountInBatchIsReducedBy1" storage="c:\users\james\documents\visual studio 2010\projects\socialpayments\socialpayments.domainservices.unittests\bin\release\socialpayments.domainservices.unittests.dll" id="650202f2-7ecc-4dd9-c7e0-73142f7dd0eb">
      <Execution id="0bd16c87-e486-4489-bd42-e521aa92d7a8" />
      <TestMethod codeBase="C:/Users/James/documents/visual studio 2010/Projects/SocialPayments/SocialPayments.DomainServices.UnitTests/bin/Release/SocialPayments.DomainServices.UnitTests.DLL" adapterTypeName="Microsoft.VisualStudio.TestTools.TestTypes.Unit.UnitTestAdapter, Microsoft.VisualStudio.QualityTools.Tips.UnitTest.Adapter, Version=10.0.0.0, Culture=neutral, PublicKeyToken=b03f5f7f11d50a3a" className="SocialPayments.DomainServices.UnitTests.TransactionBatchServiceTest, SocialPayments.DomainServices.UnitTests, Version=1.0.0.0, Culture=neutral, PublicKeyToken=null" name="WhenRemovingMessageWithWithdrawlTransactionInBatchTransactionCountInBatchIsReducedBy1" />
    </UnitTest>
    <UnitTest name="WhenBatchingMessageWithOpenBatchWithOnlyWithdrawThenTransactionsInBatchIs1" storage="c:\users\james\documents\visual studio 2010\projects\socialpayments\socialpayments.domainservices.unittests\bin\release\socialpayments.domainservices.unittests.dll" id="b94ba874-4c91-ec0e-ef48-c86449990961">
      <Execution id="74ddf042-4340-4501-a2ec-c57180c0ecc6" />
      <TestMethod codeBase="C:/Users/James/documents/visual studio 2010/Projects/SocialPayments/SocialPayments.DomainServices.UnitTests/bin/Release/SocialPayments.DomainServices.UnitTests.DLL" adapterTypeName="Microsoft.VisualStudio.TestTools.TestTypes.Unit.UnitTestAdapter, Microsoft.VisualStudio.QualityTools.Tips.UnitTest.Adapter, Version=10.0.0.0, Culture=neutral, PublicKeyToken=b03f5f7f11d50a3a" className="SocialPayments.DomainServices.UnitTests.TransactionBatchServiceTest, SocialPayments.DomainServices.UnitTests, Version=1.0.0.0, Culture=neutral, PublicKeyToken=null" name="WhenBatchingMessageWithOpenBatchWithOnlyWithdrawThenTransactionsInBatchIs1" />
    </UnitTest>
    <UnitTest name="WhenValidatingMECodeIsFacebookAccountIsFalse" storage="c:\users\james\documents\visual studio 2010\projects\socialpayments\socialpayments.domainservices.unittests\bin\release\socialpayments.domainservices.unittests.dll" id="d0900090-0010-afed-5ea8-e6b1560e70a1">
      <Execution id="bb99e1d3-fedd-450d-93c4-e22ecf80163a" />
      <TestMethod codeBase="C:/Users/James/documents/visual studio 2010/Projects/SocialPayments/SocialPayments.DomainServices.UnitTests/bin/Release/SocialPayments.DomainServices.UnitTests.DLL" adapterTypeName="Microsoft.VisualStudio.TestTools.TestTypes.Unit.UnitTestAdapter, Microsoft.VisualStudio.QualityTools.Tips.UnitTest.Adapter, Version=10.0.0.0, Culture=neutral, PublicKeyToken=b03f5f7f11d50a3a" className="SocialPayments.DomainServices.UnitTests.ValidationServiceTest, SocialPayments.DomainServices.UnitTests, Version=1.0.0.0, Culture=neutral, PublicKeyToken=null" name="WhenValidatingMECodeIsFacebookAccountIsFalse" />
    </UnitTest>
    <UnitTest name="WhenValidatingFacebookAccountThatIsFormattedCorrectlyIsFacebookAccountIsTrue" storage="c:\users\james\documents\visual studio 2010\projects\socialpayments\socialpayments.domainservices.unittests\bin\release\socialpayments.domainservices.unittests.dll" id="ffb700bc-d63c-b253-7ca9-8a53db480651">
      <Execution id="99e5af89-22ea-4fec-8568-6012971b29e7" />
      <TestMethod codeBase="C:/Users/James/documents/visual studio 2010/Projects/SocialPayments/SocialPayments.DomainServices.UnitTests/bin/Release/SocialPayments.DomainServices.UnitTests.DLL" adapterTypeName="Microsoft.VisualStudio.TestTools.TestTypes.Unit.UnitTestAdapter, Microsoft.VisualStudio.QualityTools.Tips.UnitTest.Adapter, Version=10.0.0.0, Culture=neutral, PublicKeyToken=b03f5f7f11d50a3a" className="SocialPayments.DomainServices.UnitTests.ValidationServiceTest, SocialPayments.DomainServices.UnitTests, Version=1.0.0.0, Culture=neutral, PublicKeyToken=null" name="WhenValidatingFacebookAccountThatIsFormattedCorrectlyIsFacebookAccountIsTrue" />
    </UnitTest>
    <UnitTest name="WhenValidatingMobileNumberIsFacebookAccountIsFalse" storage="c:\users\james\documents\visual studio 2010\projects\socialpayments\socialpayments.domainservices.unittests\bin\release\socialpayments.domainservices.unittests.dll" id="f4498ac7-b87a-a85e-0a7b-615b0f1cae17">
      <Execution id="c9df3ee4-a368-416e-9e84-a473e71f6f09" />
      <TestMethod codeBase="C:/Users/James/documents/visual studio 2010/Projects/SocialPayments/SocialPayments.DomainServices.UnitTests/bin/Release/SocialPayments.DomainServices.UnitTests.DLL" adapterTypeName="Microsoft.VisualStudio.TestTools.TestTypes.Unit.UnitTestAdapter, Microsoft.VisualStudio.QualityTools.Tips.UnitTest.Adapter, Version=10.0.0.0, Culture=neutral, PublicKeyToken=b03f5f7f11d50a3a" className="SocialPayments.DomainServices.UnitTests.ValidationServiceTest, SocialPayments.DomainServices.UnitTests, Version=1.0.0.0, Culture=neutral, PublicKeyToken=null" name="WhenValidatingMobileNumberIsFacebookAccountIsFalse" />
    </UnitTest>
    <UnitTest name="WhenNewAccountIsAddedPaymentVerificationIsCreated" storage="c:\users\james\documents\visual studio 2010\projects\socialpayments\socialpayments.service.paymentaccountsprocessors.tests\bin\release\socialpayments.service.paymentaccountsprocessors.tests.dll" id="fe0663da-fe77-996a-2fe1-f5dba12afaa5">
      <Execution id="44a1229e-ed78-4b2d-8534-e5481c3d2eb5" />
      <TestMethod codeBase="C:/Users/James/documents/visual studio 2010/Projects/SocialPayments/SocialPayments.Service.PaymentAccountsProcessors.Tests/bin/Release/SocialPayments.Service.PaymentAccountsProcessors.Tests.DLL" adapterTypeName="Microsoft.VisualStudio.TestTools.TestTypes.Unit.UnitTestAdapter, Microsoft.VisualStudio.QualityTools.Tips.UnitTest.Adapter, Version=10.0.0.0, Culture=neutral, PublicKeyToken=b03f5f7f11d50a3a" className="SocialPayments.Service.PaymentAccountsProcessors.Tests.UnitTest1, SocialPayments.Service.PaymentAccountsProcessors.Tests, Version=1.0.0.0, Culture=neutral, PublicKeyToken=null" name="WhenNewAccountIsAddedPaymentVerificationIsCreated" />
    </UnitTest>
    <UnitTest name="WhenVerifyingAccountCorrectlyAccountStatusUpdatestoVerified" storage="c:\users\james\documents\visual studio 2010\projects\socialpayments\socialpayments.domainservices.unittests\bin\release\socialpayments.domainservices.unittests.dll" id="e6a4ceb8-bb5b-1344-b441-32e4c0e93a59">
      <Execution id="fb64f278-956f-41fe-8eef-eb5e6c03e7dc" />
      <TestMethod codeBase="C:/Users/James/documents/visual studio 2010/Projects/SocialPayments/SocialPayments.DomainServices.UnitTests/bin/Release/SocialPayments.DomainServices.UnitTests.DLL" adapterTypeName="Microsoft.VisualStudio.TestTools.TestTypes.Unit.UnitTestAdapter, Microsoft.VisualStudio.QualityTools.Tips.UnitTest.Adapter, Version=10.0.0.0, Culture=neutral, PublicKeyToken=b03f5f7f11d50a3a" className="SocialPayments.DomainServices.UnitTests.UserServicesTest, SocialPayments.DomainServices.UnitTests, Version=1.0.0.0, Culture=neutral, PublicKeyToken=null" name="WhenVerifyingAccountCorrectlyAccountStatusUpdatestoVerified" />
    </UnitTest>
    <UnitTest name="WhenGettingOpenBatchWithNoOpenBatchesNewBatchIsCreated" storage="c:\users\james\documents\visual studio 2010\projects\socialpayments\socialpayments.domainservices.unittests\bin\release\socialpayments.domainservices.unittests.dll" id="9c5bcffb-be6e-d7af-f987-3ed004838b07">
      <Execution id="7a516ee5-1046-410d-9fbf-a389212d16bf" />
      <TestMethod codeBase="C:/Users/James/documents/visual studio 2010/Projects/SocialPayments/SocialPayments.DomainServices.UnitTests/bin/Release/SocialPayments.DomainServices.UnitTests.DLL" adapterTypeName="Microsoft.VisualStudio.TestTools.TestTypes.Unit.UnitTestAdapter, Microsoft.VisualStudio.QualityTools.Tips.UnitTest.Adapter, Version=10.0.0.0, Culture=neutral, PublicKeyToken=b03f5f7f11d50a3a" className="SocialPayments.DomainServices.UnitTests.TransactionBatchServiceTest, SocialPayments.DomainServices.UnitTests, Version=1.0.0.0, Culture=neutral, PublicKeyToken=null" name="WhenGettingOpenBatchWithNoOpenBatchesNewBatchIsCreated" />
    </UnitTest>
    <UnitTest name="WhenValidatingEmailAddressThatIsInvalidIsEmailAddressIsFalse" storage="c:\users\james\documents\visual studio 2010\projects\socialpayments\socialpayments.domainservices.unittests\bin\release\socialpayments.domainservices.unittests.dll" id="de825de5-0798-fefe-c854-2f04b58ba1aa">
      <Execution id="e22f884c-ffb4-489d-9fda-44f20ea75afe" />
      <TestMethod codeBase="C:/Users/James/documents/visual studio 2010/Projects/SocialPayments/SocialPayments.DomainServices.UnitTests/bin/Release/SocialPayments.DomainServices.UnitTests.DLL" adapterTypeName="Microsoft.VisualStudio.TestTools.TestTypes.Unit.UnitTestAdapter, Microsoft.VisualStudio.QualityTools.Tips.UnitTest.Adapter, Version=10.0.0.0, Culture=neutral, PublicKeyToken=b03f5f7f11d50a3a" className="SocialPayments.DomainServices.UnitTests.ValidationServiceTest, SocialPayments.DomainServices.UnitTests, Version=1.0.0.0, Culture=neutral, PublicKeyToken=null" name="WhenValidatingEmailAddressThatIsInvalidIsEmailAddressIsFalse" />
    </UnitTest>
    <UnitTest name="WhenPendingPaymentMessageWithEmailAddressRecipientUriProcessedWithKnownRecipientTwoTransactionsAreCreated" storage="c:\users\james\documents\visual studio 2010\projects\socialpayments\socialpayments.services.messageprocessors.unittest\bin\release\socialpayments.services.messageprocessors.unittest.dll" id="9348b3c8-0ebe-7192-620d-3e0b8e10480c">
      <Execution id="a6f935a9-6979-4170-8129-c8f00730c8e6" />
      <TestMethod codeBase="C:/Users/James/documents/visual studio 2010/Projects/SocialPayments/SocialPayments.Services.MessageProcessors.UnitTest/bin/Release/SocialPayments.Services.MessageProcessors.UnitTest.DLL" adapterTypeName="Microsoft.VisualStudio.TestTools.TestTypes.Unit.UnitTestAdapter, Microsoft.VisualStudio.QualityTools.Tips.UnitTest.Adapter, Version=10.0.0.0, Culture=neutral, PublicKeyToken=b03f5f7f11d50a3a" className="SocialPayments.Services.MessageProcessors.UnitTest.SumittedPaymentMessageProcessor, SocialPayments.Services.MessageProcessors.UnitTest, Version=1.0.0.0, Culture=neutral, PublicKeyToken=null" name="WhenPendingPaymentMessageWithEmailAddressRecipientUriProcessedWithKnownRecipientTwoTransactionsAreCreated" />
    </UnitTest>
    <UnitTest name="RegisteredUserWithFacebookAccountCanSignIn" storage="c:\users\james\documents\visual studio 2010\projects\socialpayments\socialpayments.domainservices.unittests\bin\release\socialpayments.domainservices.unittests.dll" id="fba2231e-a36b-4817-e346-ea4ea84c2d77">
      <Execution id="dae28e0a-2016-4cdd-a3a9-a072dad22246" />
      <TestMethod codeBase="C:/Users/James/documents/visual studio 2010/Projects/SocialPayments/SocialPayments.DomainServices.UnitTests/bin/Release/SocialPayments.DomainServices.UnitTests.DLL" adapterTypeName="Microsoft.VisualStudio.TestTools.TestTypes.Unit.UnitTestAdapter, Microsoft.VisualStudio.QualityTools.Tips.UnitTest.Adapter, Version=10.0.0.0, Culture=neutral, PublicKeyToken=b03f5f7f11d50a3a" className="SocialPayments.DomainServices.UnitTests.UserServicesTest, SocialPayments.DomainServices.UnitTests, Version=1.0.0.0, Culture=neutral, PublicKeyToken=null" name="RegisteredUserWithFacebookAccountCanSignIn" />
    </UnitTest>
    <UnitTest name="WhenPhoneNumberWithHyphensAndParensAndPlusAndLeading1AndNoSpacePhoneNumberIsFormatted" storage="c:\users\james\documents\visual studio 2010\projects\socialpayments\socialpayments.domainservices.unittests\bin\release\socialpayments.domainservices.unittests.dll" id="b21ee041-aa13-6075-73ee-7adc402b74ba">
      <TestCategory>
        <TestCategoryItem TestCategory="Mobile Number Formatting" />
      </TestCategory>
      <Execution id="5ae4ae9a-9ba2-430c-afc9-ccb595b3caec" />
      <TestMethod codeBase="C:/Users/James/documents/visual studio 2010/Projects/SocialPayments/SocialPayments.DomainServices.UnitTests/bin/Release/SocialPayments.DomainServices.UnitTests.DLL" adapterTypeName="Microsoft.VisualStudio.TestTools.TestTypes.Unit.UnitTestAdapter, Microsoft.VisualStudio.QualityTools.Tips.UnitTest.Adapter, Version=10.0.0.0, Culture=neutral, PublicKeyToken=b03f5f7f11d50a3a" className="SocialPayments.DomainServices.UnitTests.FormattingServicesTest, SocialPayments.DomainServices.UnitTests, Version=1.0.0.0, Culture=neutral, PublicKeyToken=null" name="WhenPhoneNumberWithHyphensAndParensAndPlusAndLeading1AndNoSpacePhoneNumberIsFormatted" />
    </UnitTest>
  </TestDefinitions>
  <TestLists>
    <TestList name="Results Not in a List" id="8c84fa94-04c1-424b-9868-57a2d4851a1d" />
    <TestList name="All Loaded Results" id="19431567-8539-422a-85d7-44ee4e166bda" />
  </TestLists>
  <TestEntries>
    <TestEntry testId="e5dd1dcd-22d5-819f-31ba-7af40d5883b0" executionId="0ab7f1ad-67fe-4ed7-b124-a74d581a346b" testListId="8c84fa94-04c1-424b-9868-57a2d4851a1d" />
    <TestEntry testId="fba2231e-a36b-4817-e346-ea4ea84c2d77" executionId="dae28e0a-2016-4cdd-a3a9-a072dad22246" testListId="8c84fa94-04c1-424b-9868-57a2d4851a1d" />
    <TestEntry testId="478cca51-171e-22a8-e83b-baf059f41d9f" executionId="bb7d7732-bc65-4bed-8979-0f4ca2a36855" testListId="8c84fa94-04c1-424b-9868-57a2d4851a1d" />
    <TestEntry testId="93e82611-aff3-c279-0829-0d9f341cd332" executionId="66e924e5-121f-4186-a4e5-c88f95af52be" testListId="8c84fa94-04c1-424b-9868-57a2d4851a1d" />
    <TestEntry testId="7b704bfd-ba5d-6632-3f52-7b4c5440d35e" executionId="811ccd0f-1e9b-4368-8ee3-e21cb10bf82a" testListId="8c84fa94-04c1-424b-9868-57a2d4851a1d" />
    <TestEntry testId="ee83915d-90eb-6ce4-3ecd-c9a8afec792a" executionId="5bb93c97-ebf8-4f67-a3bd-e2601cc4a52f" testListId="8c84fa94-04c1-424b-9868-57a2d4851a1d" />
    <TestEntry testId="0af67da2-aa69-eaa9-d8e2-b8b1ec26e6ee" executionId="3e6e36fe-7036-4643-b3c8-88badba5ae13" testListId="8c84fa94-04c1-424b-9868-57a2d4851a1d" />
    <TestEntry testId="9caced43-1642-359c-3127-e248e645d590" executionId="9622d15f-c581-4c67-bfdc-401e8ff89aa5" testListId="8c84fa94-04c1-424b-9868-57a2d4851a1d" />
    <TestEntry testId="398dd5de-3137-4188-389b-f41fb7cccc4c" executionId="383cf33b-ec67-4440-9446-7794bcb247b5" testListId="8c84fa94-04c1-424b-9868-57a2d4851a1d" />
    <TestEntry testId="75fc7ce4-bb60-fca2-b70e-51c6bb456ba7" executionId="9fa08f56-020f-4c9c-8f2c-a48dd4987d71" testListId="8c84fa94-04c1-424b-9868-57a2d4851a1d" />
    <TestEntry testId="351fe7bf-403b-7756-e28c-f581a421d149" executionId="c8c35919-c99a-4814-8886-15e2ba6e94a2" testListId="8c84fa94-04c1-424b-9868-57a2d4851a1d" />
    <TestEntry testId="630b2f5b-a7db-0821-b8d1-d297dea8a61d" executionId="6cadc2ba-d9d2-4d10-816d-364fe997d961" testListId="8c84fa94-04c1-424b-9868-57a2d4851a1d" />
    <TestEntry testId="b94ba874-4c91-ec0e-ef48-c86449990961" executionId="74ddf042-4340-4501-a2ec-c57180c0ecc6" testListId="8c84fa94-04c1-424b-9868-57a2d4851a1d" />
    <TestEntry testId="549fb95f-9bb1-a967-2d69-f30c29999c9e" executionId="40937edb-9f41-41b1-b85e-31ad568e530a" testListId="8c84fa94-04c1-424b-9868-57a2d4851a1d" />
    <TestEntry testId="d54862ac-a136-3613-d2d3-a0f75563ca81" executionId="913c0c86-7195-4ad6-8ab2-f594f97eac5d" testListId="8c84fa94-04c1-424b-9868-57a2d4851a1d" />
    <TestEntry testId="8bec1cbb-e592-88e4-ed4c-094ea9f6bf89" executionId="67edf256-61a4-4b30-b260-33cc43dc59e2" testListId="8c84fa94-04c1-424b-9868-57a2d4851a1d" />
    <TestEntry testId="e3304b05-5d84-d178-e89a-6cd39c15753f" executionId="608cdc26-2763-44ab-8c23-50c1b432b8b1" testListId="8c84fa94-04c1-424b-9868-57a2d4851a1d" />
    <TestEntry testId="ec586861-52a4-8306-116b-5a18443671b3" executionId="15008d07-3d89-4f2c-8f5c-9c2883ce7404" testListId="8c84fa94-04c1-424b-9868-57a2d4851a1d" />
    <TestEntry testId="8d956593-ee9e-4705-52f9-57dc44fd6be7" executionId="e973ea8f-05d8-43ef-8e1a-e08d804aca3e" testListId="8c84fa94-04c1-424b-9868-57a2d4851a1d" />
    <TestEntry testId="f07216c3-dd91-4f32-6392-f36901a1bfe8" executionId="cc9b1c8c-8469-4ac8-b9ae-57c20901180a" testListId="8c84fa94-04c1-424b-9868-57a2d4851a1d" />
    <TestEntry testId="9507875d-fef7-b387-ef19-a14ce091b76b" executionId="a2774aeb-f80c-4ea8-a8dc-a3a43a2f1b7e" testListId="8c84fa94-04c1-424b-9868-57a2d4851a1d" />
    <TestEntry testId="0e292e98-3d96-5530-11db-f26c3cd22853" executionId="2adef584-3a0e-40da-a719-66847d6ad748" testListId="8c84fa94-04c1-424b-9868-57a2d4851a1d" />
    <TestEntry testId="9c5bcffb-be6e-d7af-f987-3ed004838b07" executionId="7a516ee5-1046-410d-9fbf-a389212d16bf" testListId="8c84fa94-04c1-424b-9868-57a2d4851a1d" />
    <TestEntry testId="e1f24c78-d153-40fb-729f-3d211e044d3f" executionId="62425cf9-26dc-44a5-8b67-53f63c394123" testListId="8c84fa94-04c1-424b-9868-57a2d4851a1d" />
    <TestEntry testId="cb6c0137-a677-2a1c-0a10-0ed8f248bd59" executionId="6456e7e2-375c-404e-9292-316adea2f127" testListId="8c84fa94-04c1-424b-9868-57a2d4851a1d" />
    <TestEntry testId="fe0663da-fe77-996a-2fe1-f5dba12afaa5" executionId="44a1229e-ed78-4b2d-8534-e5481c3d2eb5" testListId="8c84fa94-04c1-424b-9868-57a2d4851a1d" />
    <TestEntry testId="ac010929-2341-7d7f-120e-f1319212ef28" executionId="fbafa08c-24f2-445c-b520-f694fb8dbf37" testListId="8c84fa94-04c1-424b-9868-57a2d4851a1d" />
    <TestEntry testId="b1e55234-1998-76c8-0617-cb3f54ca66a1" executionId="254996ba-6c04-409c-882c-f9a88543aa14" testListId="8c84fa94-04c1-424b-9868-57a2d4851a1d" />
    <TestEntry testId="442afbc8-c499-8158-e633-c5b45a3c31a5" executionId="a457da86-689f-4666-b845-f8b204123816" testListId="8c84fa94-04c1-424b-9868-57a2d4851a1d" />
    <TestEntry testId="4c69bfb8-028d-62f7-764f-eafc79883979" executionId="9f3824dc-4d11-4716-a769-0a98d242d38f" testListId="8c84fa94-04c1-424b-9868-57a2d4851a1d" />
    <TestEntry testId="efa4a0f5-f6f7-afb2-4d1a-0ccbbf23de17" executionId="31591482-c6ce-455f-b7bb-f8925465d344" testListId="8c84fa94-04c1-424b-9868-57a2d4851a1d" />
    <TestEntry testId="9348b3c8-0ebe-7192-620d-3e0b8e10480c" executionId="a6f935a9-6979-4170-8129-c8f00730c8e6" testListId="8c84fa94-04c1-424b-9868-57a2d4851a1d" />
    <TestEntry testId="d463e2d2-a104-180b-b12e-04353ae3902b" executionId="6f4614c1-aa44-4132-b7c1-130b7c2c296f" testListId="8c84fa94-04c1-424b-9868-57a2d4851a1d" />
    <TestEntry testId="3fbab4ce-0069-1341-3102-df8af4d658f8" executionId="6bf90c20-8ec0-403c-a628-3566fc8697ec" testListId="8c84fa94-04c1-424b-9868-57a2d4851a1d" />
    <TestEntry testId="a98f7e50-8b97-baa5-6dbb-3dc100efdbe0" executionId="e5331eb9-75ed-4eef-a2fc-1ff21e6f36c7" testListId="8c84fa94-04c1-424b-9868-57a2d4851a1d" />
    <TestEntry testId="0bbf6510-5b38-cc42-6794-c7dbbf478eb4" executionId="1a042137-da9a-4107-b9e2-f6e1f47a3eaa" testListId="8c84fa94-04c1-424b-9868-57a2d4851a1d" />
    <TestEntry testId="0fca5039-70ac-8fe2-0079-00929dc94a06" executionId="6d5f1115-e2df-4527-a20b-4a187e149d12" testListId="8c84fa94-04c1-424b-9868-57a2d4851a1d" />
    <TestEntry testId="a9ddb870-db56-9c79-e19e-55240b51b825" executionId="98fe72d8-ae29-4c9f-b3e4-ae858524a728" testListId="8c84fa94-04c1-424b-9868-57a2d4851a1d" />
    <TestEntry testId="ebe4782a-90b6-11bf-baf5-676d34c78ea6" executionId="8989d56f-93cd-474f-8fe9-c5b00ecfefa6" testListId="8c84fa94-04c1-424b-9868-57a2d4851a1d" />
    <TestEntry testId="947d117b-7b7c-6cf4-5e6a-9d4c32b39bd3" executionId="43745299-bfb3-4250-bc55-cea3e66560a9" testListId="8c84fa94-04c1-424b-9868-57a2d4851a1d" />
    <TestEntry testId="b21ee041-aa13-6075-73ee-7adc402b74ba" executionId="5ae4ae9a-9ba2-430c-afc9-ccb595b3caec" testListId="8c84fa94-04c1-424b-9868-57a2d4851a1d" />
    <TestEntry testId="3b9a5dba-1e48-7c16-1947-f63c15548429" executionId="7adf3b58-3e16-47e6-87b0-dfa72630f8ab" testListId="8c84fa94-04c1-424b-9868-57a2d4851a1d" />
    <TestEntry testId="20ee4f6c-37a1-43d7-a121-0f1938e95893" executionId="7288904f-50f6-4d54-a7b1-e095d240d99d" testListId="8c84fa94-04c1-424b-9868-57a2d4851a1d" />
    <TestEntry testId="92f1a48c-27c3-2484-15f2-11bd22c977c7" executionId="165aac67-7375-4698-95f3-bb38f8da405a" testListId="8c84fa94-04c1-424b-9868-57a2d4851a1d" />
    <TestEntry testId="b3781147-c075-8ef7-e89b-53e5de69fdee" executionId="6fa53e7b-07e8-4d87-90b2-4ae7629e6fc3" testListId="8c84fa94-04c1-424b-9868-57a2d4851a1d" />
    <TestEntry testId="650202f2-7ecc-4dd9-c7e0-73142f7dd0eb" executionId="0bd16c87-e486-4489-bd42-e521aa92d7a8" testListId="8c84fa94-04c1-424b-9868-57a2d4851a1d" />
    <TestEntry testId="7968a70f-f041-74d5-685d-bf4d9a768083" executionId="90bdf93e-f9c1-4c5e-a708-b937e29f99be" testListId="8c84fa94-04c1-424b-9868-57a2d4851a1d" />
    <TestEntry testId="954ba304-f237-1d11-1a31-48fb54e92c87" executionId="ecf8a886-b1f2-4612-a76c-5c1c299766e0" testListId="8c84fa94-04c1-424b-9868-57a2d4851a1d" />
    <TestEntry testId="4a03fb37-c632-458d-6b40-fb978d501b71" executionId="0bcc3e70-d5e9-45a0-b600-0999e402b6b9" testListId="8c84fa94-04c1-424b-9868-57a2d4851a1d" />
    <TestEntry testId="766097ab-5a0f-f597-73e4-4cc1f9399713" executionId="c819d7de-1a7d-4c97-b373-1fda329cb6c5" testListId="8c84fa94-04c1-424b-9868-57a2d4851a1d" />
    <TestEntry testId="9c8cdb61-b369-bcb4-1de3-06b5e0d9fcd9" executionId="8e1ec6e1-bac9-4bd7-9257-70d382818054" testListId="8c84fa94-04c1-424b-9868-57a2d4851a1d" />
    <TestEntry testId="4faec5b5-835d-c650-3b69-89041ad6c7a5" executionId="a81b09f2-3446-4f05-8a7e-b242dc2a94fa" testListId="8c84fa94-04c1-424b-9868-57a2d4851a1d" />
    <TestEntry testId="d7c2c055-ab4b-51af-90e3-e228843c34e0" executionId="05fc08ad-ee25-41ec-9f91-cf78736d1e85" testListId="8c84fa94-04c1-424b-9868-57a2d4851a1d" />
    <TestEntry testId="de825de5-0798-fefe-c854-2f04b58ba1aa" executionId="e22f884c-ffb4-489d-9fda-44f20ea75afe" testListId="8c84fa94-04c1-424b-9868-57a2d4851a1d" />
    <TestEntry testId="50b11e24-8d05-a82b-2969-f41810bd500f" executionId="2d29a7a2-60fb-4c83-9fae-05ad07359d09" testListId="8c84fa94-04c1-424b-9868-57a2d4851a1d" />
    <TestEntry testId="899bf6a6-d07c-2413-28a5-54eb88df6476" executionId="5d03314c-6aef-47d9-b1b7-30df8148440f" testListId="8c84fa94-04c1-424b-9868-57a2d4851a1d" />
    <TestEntry testId="39b5c903-9ed6-8a77-99b3-a3fff6a48f6b" executionId="5d96b042-3fe3-4fec-ad2e-8bddd96ad533" testListId="8c84fa94-04c1-424b-9868-57a2d4851a1d" />
    <TestEntry testId="ffb700bc-d63c-b253-7ca9-8a53db480651" executionId="99e5af89-22ea-4fec-8568-6012971b29e7" testListId="8c84fa94-04c1-424b-9868-57a2d4851a1d" />
    <TestEntry testId="0a677e88-e1fa-442c-458e-1994ae00745e" executionId="ddcf014b-d133-476b-ad29-cdfb0bbe9548" testListId="8c84fa94-04c1-424b-9868-57a2d4851a1d" />
    <TestEntry testId="d0900090-0010-afed-5ea8-e6b1560e70a1" executionId="bb99e1d3-fedd-450d-93c4-e22ecf80163a" testListId="8c84fa94-04c1-424b-9868-57a2d4851a1d" />
    <TestEntry testId="792dc839-f940-d74e-9581-5b57ca2b74b6" executionId="96aa2ecb-77e4-4ca1-8986-ed7b84206b1d" testListId="8c84fa94-04c1-424b-9868-57a2d4851a1d" />
    <TestEntry testId="5a206337-570d-a68e-7591-c6238c14331c" executionId="a4655e84-f930-4611-868c-3c6f4c7203e4" testListId="8c84fa94-04c1-424b-9868-57a2d4851a1d" />
    <TestEntry testId="f4498ac7-b87a-a85e-0a7b-615b0f1cae17" executionId="c9df3ee4-a368-416e-9e84-a473e71f6f09" testListId="8c84fa94-04c1-424b-9868-57a2d4851a1d" />
    <TestEntry testId="aaa92377-90b0-c42e-c927-e5a3dbd95d8e" executionId="1ec66bad-51c0-498f-995e-72de5d71b857" testListId="8c84fa94-04c1-424b-9868-57a2d4851a1d" />
    <TestEntry testId="365730d7-1af5-5553-4605-03b17a466fd5" executionId="b174db44-9769-43f1-a414-02f527e78321" testListId="8c84fa94-04c1-424b-9868-57a2d4851a1d" />
    <TestEntry testId="d607a035-52e4-f66a-99b7-127c13984695" executionId="2ae7ffd8-fde5-4dae-8fa3-993c2512bf0f" testListId="8c84fa94-04c1-424b-9868-57a2d4851a1d" />
    <TestEntry testId="83317bf7-398d-9bbd-fe96-afe20a9f9fbb" executionId="05e52e67-1c0d-4d6c-968f-9834c2975e40" testListId="8c84fa94-04c1-424b-9868-57a2d4851a1d" />
    <TestEntry testId="0b05f84a-f12c-dc0c-8bcf-65c1519c8530" executionId="c65e443d-c9c8-4dc6-82b2-11394648af59" testListId="8c84fa94-04c1-424b-9868-57a2d4851a1d" />
    <TestEntry testId="16c2364f-cdda-f33e-d319-c13dcf7dad9f" executionId="3b30cf80-8ddc-425e-b374-391e44d72586" testListId="8c84fa94-04c1-424b-9868-57a2d4851a1d" />
    <TestEntry testId="2c36ece7-33e7-5d7f-e7ec-52ff999c3bf4" executionId="cda1dbd0-c985-48ff-be3e-a89b2108b2f6" testListId="8c84fa94-04c1-424b-9868-57a2d4851a1d" />
    <TestEntry testId="dd5d2ae3-ec3a-82e3-539d-2d753e5aa1a7" executionId="a7451439-304c-4707-85b6-79824d76dafd" testListId="8c84fa94-04c1-424b-9868-57a2d4851a1d" />
    <TestEntry testId="e6a4ceb8-bb5b-1344-b441-32e4c0e93a59" executionId="fb64f278-956f-41fe-8eef-eb5e6c03e7dc" testListId="8c84fa94-04c1-424b-9868-57a2d4851a1d" />
    <TestEntry testId="4c4c3aa4-9bab-223a-7536-2c207e786dd9" executionId="ed71edf4-d52b-4e99-81b9-09efc977ff53" testListId="8c84fa94-04c1-424b-9868-57a2d4851a1d" />
    <TestEntry testId="12090d6f-5e04-fb17-c206-c70a446089e1" executionId="2da235e9-911d-45fa-934d-fa3beac2e931" testListId="8c84fa94-04c1-424b-9868-57a2d4851a1d" />
    <TestEntry testId="50e08d33-2a87-b930-5af1-4b561f32bb5a" executionId="5829df41-1532-4a1b-acb5-5a9fe8276e7a" testListId="8c84fa94-04c1-424b-9868-57a2d4851a1d" />
    <TestEntry testId="0fe12435-7335-3797-c623-cd0f5419af8f" executionId="35dbe864-d868-4516-b60b-c36a083d7a42" testListId="8c84fa94-04c1-424b-9868-57a2d4851a1d" />
    <TestEntry testId="ebe4a167-24e0-8c3a-ec8d-b92977ef0b32" executionId="c5363282-ceb0-4628-bbd4-c33f6e26e822" testListId="8c84fa94-04c1-424b-9868-57a2d4851a1d" />
  </TestEntries>
  <Results>
    <UnitTestResult executionId="0ab7f1ad-67fe-4ed7-b124-a74d581a346b" testId="e5dd1dcd-22d5-819f-31ba-7af40d5883b0" testName="NewUserWithFacebookAccountCanSignIn" computerName="JAMES-PC" duration="00:00:00.6212627" startTime="2012-05-28T20:50:54.3564453-04:00" endTime="2012-05-28T20:50:57.0283203-04:00" testType="13cdc9d9-ddb5-4fa4-a97d-d965ccfc6d4b" outcome="Passed" testListId="8c84fa94-04c1-424b-9868-57a2d4851a1d" relativeResultsDirectory="0ab7f1ad-67fe-4ed7-b124-a74d581a346b">
      <CollectorDataEntries>
        <Collector agentName="JAMES-PC" uri="datacollector://microsoft/SystemInfo/1.0" collectorDisplayName="System Information">
          <UriAttachments>
            <UriAttachment>
              <A href="JAMES-PC\SystemInformation.xml">System Information from JAMES-PC</A>
            </UriAttachment>
          </UriAttachments>
        </Collector>
        <Collector agentName="JAMES-PC" uri="datacollector://microsoft/TestImpact/1.0" collectorDisplayName="Test Impact">
          <UriAttachments>
            <UriAttachment>
              <A href="JAMES-PC\testimpact.xml">Test Impact Data</A>
            </UriAttachment>
          </UriAttachments>
        </Collector>
      </CollectorDataEntries>
    </UnitTestResult>
    <UnitTestResult executionId="dae28e0a-2016-4cdd-a3a9-a072dad22246" testId="fba2231e-a36b-4817-e346-ea4ea84c2d77" testName="RegisteredUserWithFacebookAccountCanSignIn" computerName="JAMES-PC" duration="00:00:00.0057825" startTime="2012-05-28T20:50:57.1064453-04:00" endTime="2012-05-28T20:50:57.2314453-04:00" testType="13cdc9d9-ddb5-4fa4-a97d-d965ccfc6d4b" outcome="Passed" testListId="8c84fa94-04c1-424b-9868-57a2d4851a1d" relativeResultsDirectory="dae28e0a-2016-4cdd-a3a9-a072dad22246">
      <CollectorDataEntries>
        <Collector agentName="JAMES-PC" uri="datacollector://microsoft/SystemInfo/1.0" collectorDisplayName="System Information">
          <UriAttachments>
            <UriAttachment>
              <A href="JAMES-PC\SystemInformation.xml">System Information from JAMES-PC</A>
            </UriAttachment>
          </UriAttachments>
        </Collector>
        <Collector agentName="JAMES-PC" uri="datacollector://microsoft/TestImpact/1.0" collectorDisplayName="Test Impact">
          <UriAttachments>
            <UriAttachment>
              <A href="JAMES-PC\testimpact.xml">Test Impact Data</A>
            </UriAttachment>
          </UriAttachments>
        </Collector>
      </CollectorDataEntries>
    </UnitTestResult>
    <UnitTestResult executionId="bb7d7732-bc65-4bed-8979-0f4ca2a36855" testId="478cca51-171e-22a8-e83b-baf059f41d9f" testName="WhenAddingApplicationCollectionHasNewItem" computerName="JAMES-PC" duration="00:00:00.0488134" startTime="2012-05-28T20:50:57.2314453-04:00" endTime="2012-05-28T20:50:57.5595703-04:00" testType="13cdc9d9-ddb5-4fa4-a97d-d965ccfc6d4b" outcome="Passed" testListId="8c84fa94-04c1-424b-9868-57a2d4851a1d" relativeResultsDirectory="bb7d7732-bc65-4bed-8979-0f4ca2a36855">
      <CollectorDataEntries>
        <Collector agentName="JAMES-PC" uri="datacollector://microsoft/SystemInfo/1.0" collectorDisplayName="System Information">
          <UriAttachments>
            <UriAttachment>
              <A href="JAMES-PC\SystemInformation.xml">System Information from JAMES-PC</A>
            </UriAttachment>
          </UriAttachments>
        </Collector>
        <Collector agentName="JAMES-PC" uri="datacollector://microsoft/TestImpact/1.0" collectorDisplayName="Test Impact">
          <UriAttachments>
            <UriAttachment>
              <A href="JAMES-PC\testimpact.xml">Test Impact Data</A>
            </UriAttachment>
          </UriAttachments>
        </Collector>
      </CollectorDataEntries>
    </UnitTestResult>
    <UnitTestResult executionId="66e924e5-121f-4186-a4e5-c88f95af52be" testId="93e82611-aff3-c279-0829-0d9f341cd332" testName="WhenAddingFormattedMobileNumberToUserMobileNumberIsUnFormatted" computerName="JAMES-PC" duration="00:00:00.0019591" startTime="2012-05-28T20:50:57.5751953-04:00" endTime="2012-05-28T20:50:57.5908203-04:00" testType="13cdc9d9-ddb5-4fa4-a97d-d965ccfc6d4b" outcome="Passed" testListId="8c84fa94-04c1-424b-9868-57a2d4851a1d" relativeResultsDirectory="66e924e5-121f-4186-a4e5-c88f95af52be">
      <CollectorDataEntries>
        <Collector agentName="JAMES-PC" uri="datacollector://microsoft/SystemInfo/1.0" collectorDisplayName="System Information">
          <UriAttachments>
            <UriAttachment>
              <A href="JAMES-PC\SystemInformation.xml">System Information from JAMES-PC</A>
            </UriAttachment>
          </UriAttachments>
        </Collector>
        <Collector agentName="JAMES-PC" uri="datacollector://microsoft/TestImpact/1.0" collectorDisplayName="Test Impact">
          <UriAttachments>
            <UriAttachment>
              <A href="JAMES-PC\testimpact.xml">Test Impact Data</A>
            </UriAttachment>
          </UriAttachments>
        </Collector>
      </CollectorDataEntries>
    </UnitTestResult>
    <UnitTestResult executionId="811ccd0f-1e9b-4368-8ee3-e21cb10bf82a" testId="7b704bfd-ba5d-6632-3f52-7b4c5440d35e" testName="WhenAddingToEmailLogEmalLogIsAdded" computerName="JAMES-PC" duration="00:00:00.0071668" startTime="2012-05-28T20:50:57.6064453-04:00" endTime="2012-05-28T20:50:57.6220703-04:00" testType="13cdc9d9-ddb5-4fa4-a97d-d965ccfc6d4b" outcome="Passed" testListId="8c84fa94-04c1-424b-9868-57a2d4851a1d" relativeResultsDirectory="811ccd0f-1e9b-4368-8ee3-e21cb10bf82a">
      <CollectorDataEntries>
        <Collector agentName="JAMES-PC" uri="datacollector://microsoft/SystemInfo/1.0" collectorDisplayName="System Information">
          <UriAttachments>
            <UriAttachment>
              <A href="JAMES-PC\SystemInformation.xml">System Information from JAMES-PC</A>
            </UriAttachment>
          </UriAttachments>
        </Collector>
        <Collector agentName="JAMES-PC" uri="datacollector://microsoft/TestImpact/1.0" collectorDisplayName="Test Impact">
          <UriAttachments>
            <UriAttachment>
              <A href="JAMES-PC\testimpact.xml">Test Impact Data</A>
            </UriAttachment>
          </UriAttachments>
        </Collector>
      </CollectorDataEntries>
    </UnitTestResult>
    <UnitTestResult executionId="5bb93c97-ebf8-4f67-a3bd-e2601cc4a52f" testId="ee83915d-90eb-6ce4-3ecd-c9a8afec792a" testName="WhenAddingToSMSLogSMSLogIsAdded" computerName="JAMES-PC" duration="00:00:00.0018977" startTime="2012-05-28T20:50:57.6376953-04:00" endTime="2012-05-28T20:50:57.6533203-04:00" testType="13cdc9d9-ddb5-4fa4-a97d-d965ccfc6d4b" outcome="Passed" testListId="8c84fa94-04c1-424b-9868-57a2d4851a1d" relativeResultsDirectory="5bb93c97-ebf8-4f67-a3bd-e2601cc4a52f">
      <CollectorDataEntries>
        <Collector agentName="JAMES-PC" uri="datacollector://microsoft/SystemInfo/1.0" collectorDisplayName="System Information">
          <UriAttachments>
            <UriAttachment>
              <A href="JAMES-PC\SystemInformation.xml">System Information from JAMES-PC</A>
            </UriAttachment>
          </UriAttachments>
        </Collector>
        <Collector agentName="JAMES-PC" uri="datacollector://microsoft/TestImpact/1.0" collectorDisplayName="Test Impact">
          <UriAttachments>
            <UriAttachment>
              <A href="JAMES-PC\testimpact.xml">Test Impact Data</A>
            </UriAttachment>
          </UriAttachments>
        </Collector>
      </CollectorDataEntries>
    </UnitTestResult>
    <UnitTestResult executionId="3e6e36fe-7036-4643-b3c8-88badba5ae13" testId="0af67da2-aa69-eaa9-d8e2-b8b1ec26e6ee" testName="WhenANewUserRegistersElasticEmailIsSent" computerName="JAMES-PC" duration="00:00:01.9337256" startTime="2012-05-28T20:50:57.6689453-04:00" endTime="2012-05-28T20:51:00.0595703-04:00" testType="13cdc9d9-ddb5-4fa4-a97d-d965ccfc6d4b" outcome="Failed" testListId="8c84fa94-04c1-424b-9868-57a2d4851a1d" relativeResultsDirectory="3e6e36fe-7036-4643-b3c8-88badba5ae13">
      <Output>
        <ErrorInfo>
          <Message>Test method SocialPayments.Services.Users.UnitTests.SubmittedUserProcessorTests.WhenANewUserRegistersElasticEmailIsSent threw exception: 
System.Net.WebException: The remote server returned an error: (502) Bad Gateway.</Message>
          <StackTrace>    at System.Net.HttpWebRequest.GetRequestStream(TransportContext&amp; context)
   at System.Net.HttpWebRequest.GetRequestStream()
   at SocialPayments.DomainServices.SMSService.SendSMS(Guid apiKey, String mobileNumber, String message) in C:\Users\James\documents\visual studio 2010\Projects\SocialPayments\SocialPayments.DomainServices\SMSService.cs:line 95
   at SocialPayments.Services.UserProcessors.SubmittedUserProcessor.Process(User user) in C:\Users\James\documents\visual studio 2010\Projects\SocialPayments\SocialPayments.Services.UserProcessors\SubmittedUserProcessor.cs:line 77
   at SocialPayments.Services.Users.UnitTests.SubmittedUserProcessorTests.WhenANewUserRegistersElasticEmailIsSent() in C:\Users\James\documents\visual studio 2010\Projects\SocialPayments\SocialPayments.Services.Users.UnitTests\UnitTest1.cs:line 95
</StackTrace>
        </ErrorInfo>
      </Output>
      <CollectorDataEntries>
        <Collector agentName="JAMES-PC" uri="datacollector://microsoft/SystemInfo/1.0" collectorDisplayName="System Information">
          <UriAttachments>
            <UriAttachment>
              <A href="JAMES-PC\SystemInformation.xml">System Information from JAMES-PC</A>
            </UriAttachment>
          </UriAttachments>
        </Collector>
        <Collector agentName="JAMES-PC" uri="datacollector://microsoft/TraceDebugger/1.0" collectorDisplayName="IntelliTrace">
          <UriAttachments>
            <UriAttachment>
              <A href="JAMES-PC\QTAgent32_120528_205059903_4004.iTrace">IntelliTrace file for 'QTAgent32.exe' (4004)</A>
            </UriAttachment>
          </UriAttachments>
        </Collector>
      </CollectorDataEntries>
      <DataCollectorMessages>
        <DataCollectorMessage timestamp="2012-05-28T20:50:59.7314453-04:00" dataCollectorUri="datacollector://microsoft/HttpProxy/1.0" dataCollectorFriendlyName="ASP.NET Client Proxy for IntelliTrace and Test Impact" agentName="JAMES-PC" level="Warning">
          <Text>An error occurred while processing a web request: PRXY0027: Unable to connect to the server described by the URI: api.smsified.com:443. No connection could be made because the target machine actively refused it 127.0.0.1:8888</Text>
        </DataCollectorMessage>
      </DataCollectorMessages>
    </UnitTestResult>
    <UnitTestResult executionId="9622d15f-c581-4c67-bfdc-401e8ff89aa5" testId="9caced43-1642-359c-3127-e248e645d590" testName="WhenANewUserRegistersMicroPaymentsAreCreated" computerName="JAMES-PC" duration="00:00:00.0435438" startTime="2012-05-28T20:51:00.2158203-04:00" endTime="2012-05-28T20:51:00.4033203-04:00" testType="13cdc9d9-ddb5-4fa4-a97d-d965ccfc6d4b" outcome="Passed" testListId="8c84fa94-04c1-424b-9868-57a2d4851a1d" relativeResultsDirectory="9622d15f-c581-4c67-bfdc-401e8ff89aa5">
      <CollectorDataEntries>
        <Collector agentName="JAMES-PC" uri="datacollector://microsoft/SystemInfo/1.0" collectorDisplayName="System Information">
          <UriAttachments>
            <UriAttachment>
              <A href="JAMES-PC\SystemInformation.xml">System Information from JAMES-PC</A>
            </UriAttachment>
          </UriAttachments>
        </Collector>
        <Collector agentName="JAMES-PC" uri="datacollector://microsoft/TestImpact/1.0" collectorDisplayName="Test Impact">
          <UriAttachments>
            <UriAttachment>
              <A href="JAMES-PC\testimpact.xml">Test Impact Data</A>
            </UriAttachment>
          </UriAttachments>
        </Collector>
      </CollectorDataEntries>
    </UnitTestResult>
    <UnitTestResult executionId="383cf33b-ec67-4440-9446-7794bcb247b5" testId="398dd5de-3137-4188-389b-f41fb7cccc4c" testName="WhenBatching3TransactionsWithOpenBatchTransactionsInBatchIs3" computerName="JAMES-PC" duration="00:00:00.0442614" startTime="2012-05-28T20:51:00.4033203-04:00" endTime="2012-05-28T20:51:00.5439453-04:00" testType="13cdc9d9-ddb5-4fa4-a97d-d965ccfc6d4b" outcome="Passed" testListId="8c84fa94-04c1-424b-9868-57a2d4851a1d" relativeResultsDirectory="383cf33b-ec67-4440-9446-7794bcb247b5">
      <CollectorDataEntries>
        <Collector agentName="JAMES-PC" uri="datacollector://microsoft/SystemInfo/1.0" collectorDisplayName="System Information">
          <UriAttachments>
            <UriAttachment>
              <A href="JAMES-PC\SystemInformation.xml">System Information from JAMES-PC</A>
            </UriAttachment>
          </UriAttachments>
        </Collector>
        <Collector agentName="JAMES-PC" uri="datacollector://microsoft/TestImpact/1.0" collectorDisplayName="Test Impact">
          <UriAttachments>
            <UriAttachment>
              <A href="JAMES-PC\testimpact.xml">Test Impact Data</A>
            </UriAttachment>
          </UriAttachments>
        </Collector>
      </CollectorDataEntries>
    </UnitTestResult>
    <UnitTestResult executionId="9fa08f56-020f-4c9c-8f2c-a48dd4987d71" testId="75fc7ce4-bb60-fca2-b70e-51c6bb456ba7" testName="WhenBatching5TransactionsWithOpenBatchTransactionsInBatchIs5" computerName="JAMES-PC" duration="00:00:00.0051473" startTime="2012-05-28T20:51:00.5439453-04:00" endTime="2012-05-28T20:51:00.6689453-04:00" testType="13cdc9d9-ddb5-4fa4-a97d-d965ccfc6d4b" outcome="Passed" testListId="8c84fa94-04c1-424b-9868-57a2d4851a1d" relativeResultsDirectory="9fa08f56-020f-4c9c-8f2c-a48dd4987d71">
      <CollectorDataEntries>
        <Collector agentName="JAMES-PC" uri="datacollector://microsoft/SystemInfo/1.0" collectorDisplayName="System Information">
          <UriAttachments>
            <UriAttachment>
              <A href="JAMES-PC\SystemInformation.xml">System Information from JAMES-PC</A>
            </UriAttachment>
          </UriAttachments>
        </Collector>
        <Collector agentName="JAMES-PC" uri="datacollector://microsoft/TestImpact/1.0" collectorDisplayName="Test Impact">
          <UriAttachments>
            <UriAttachment>
              <A href="JAMES-PC\testimpact.xml">Test Impact Data</A>
            </UriAttachment>
          </UriAttachments>
        </Collector>
      </CollectorDataEntries>
    </UnitTestResult>
    <UnitTestResult executionId="c8c35919-c99a-4814-8886-15e2ba6e94a2" testId="351fe7bf-403b-7756-e28c-f581a421d149" testName="WhenBatchingMessageWithNoOpenBatchesWithWithdrawlAndDepositTransactionsThenTransactionsInBatchIs2" computerName="JAMES-PC" duration="00:00:00.4638374" startTime="2012-05-28T20:51:00.6845703-04:00" endTime="2012-05-28T20:51:01.2158203-04:00" testType="13cdc9d9-ddb5-4fa4-a97d-d965ccfc6d4b" outcome="Passed" testListId="8c84fa94-04c1-424b-9868-57a2d4851a1d" relativeResultsDirectory="c8c35919-c99a-4814-8886-15e2ba6e94a2">
      <CollectorDataEntries>
        <Collector agentName="JAMES-PC" uri="datacollector://microsoft/SystemInfo/1.0" collectorDisplayName="System Information">
          <UriAttachments>
            <UriAttachment>
              <A href="JAMES-PC\SystemInformation.xml">System Information from JAMES-PC</A>
            </UriAttachment>
          </UriAttachments>
        </Collector>
        <Collector agentName="JAMES-PC" uri="datacollector://microsoft/TestImpact/1.0" collectorDisplayName="Test Impact">
          <UriAttachments>
            <UriAttachment>
              <A href="JAMES-PC\testimpact.xml">Test Impact Data</A>
            </UriAttachment>
          </UriAttachments>
        </Collector>
      </CollectorDataEntries>
    </UnitTestResult>
    <UnitTestResult executionId="6cadc2ba-d9d2-4d10-816d-364fe997d961" testId="630b2f5b-a7db-0821-b8d1-d297dea8a61d" testName="WhenBatchingMessageWithNoOpenBatchWithWithdrawlOnlyThenTransactionsInBatchIs1" computerName="JAMES-PC" duration="00:00:00.0251302" startTime="2012-05-28T20:51:01.2158203-04:00" endTime="2012-05-28T20:51:01.9033203-04:00" testType="13cdc9d9-ddb5-4fa4-a97d-d965ccfc6d4b" outcome="Failed" testListId="8c84fa94-04c1-424b-9868-57a2d4851a1d" relativeResultsDirectory="6cadc2ba-d9d2-4d10-816d-364fe997d961">
      <Output>
        <ErrorInfo>
          <Message>Assert.AreEqual failed. Expected:&lt;2&gt;. Actual:&lt;1&gt;. </Message>
          <StackTrace>   at SocialPayments.DomainServices.UnitTests.TransactionBatchServiceTest.WhenBatchingMessageWithNoOpenBatchWithWithdrawlOnlyThenTransactionsInBatchIs1() in C:\Users\James\documents\visual studio 2010\Projects\SocialPayments\SocialPayments.DomainServices.UnitTests\TransactionBatchServiceTest.cs:line 289
</StackTrace>
        </ErrorInfo>
      </Output>
      <CollectorDataEntries>
        <Collector agentName="JAMES-PC" uri="datacollector://microsoft/SystemInfo/1.0" collectorDisplayName="System Information">
          <UriAttachments>
            <UriAttachment>
              <A href="JAMES-PC\SystemInformation.xml">System Information from JAMES-PC</A>
            </UriAttachment>
          </UriAttachments>
        </Collector>
        <Collector agentName="JAMES-PC" uri="datacollector://microsoft/TraceDebugger/1.0" collectorDisplayName="IntelliTrace">
          <UriAttachments>
            <UriAttachment>
              <A href="JAMES-PC\QTAgent32_120528_205101247_4004.iTrace">IntelliTrace file for 'QTAgent32.exe' (4004)</A>
            </UriAttachment>
          </UriAttachments>
        </Collector>
      </CollectorDataEntries>
    </UnitTestResult>
    <UnitTestResult executionId="74ddf042-4340-4501-a2ec-c57180c0ecc6" testId="b94ba874-4c91-ec0e-ef48-c86449990961" testName="WhenBatchingMessageWithOpenBatchWithOnlyWithdrawThenTransactionsInBatchIs1" computerName="JAMES-PC" duration="00:00:00.0478370" startTime="2012-05-28T20:51:02.0283203-04:00" endTime="2012-05-28T20:51:02.5126953-04:00" testType="13cdc9d9-ddb5-4fa4-a97d-d965ccfc6d4b" outcome="Failed" testListId="8c84fa94-04c1-424b-9868-57a2d4851a1d" relativeResultsDirectory="74ddf042-4340-4501-a2ec-c57180c0ecc6">
      <Output>
        <ErrorInfo>
          <Message>Assert.AreEqual failed. Expected:&lt;2&gt;. Actual:&lt;1&gt;. </Message>
          <StackTrace>   at SocialPayments.DomainServices.UnitTests.TransactionBatchServiceTest.WhenBatchingMessageWithOpenBatchWithOnlyWithdrawThenTransactionsInBatchIs1() in C:\Users\James\documents\visual studio 2010\Projects\SocialPayments\SocialPayments.DomainServices.UnitTests\TransactionBatchServiceTest.cs:line 240
</StackTrace>
        </ErrorInfo>
      </Output>
      <CollectorDataEntries>
        <Collector agentName="JAMES-PC" uri="datacollector://microsoft/SystemInfo/1.0" collectorDisplayName="System Information">
          <UriAttachments>
            <UriAttachment>
              <A href="JAMES-PC\SystemInformation.xml">System Information from JAMES-PC</A>
            </UriAttachment>
          </UriAttachments>
        </Collector>
        <Collector agentName="JAMES-PC" uri="datacollector://microsoft/TraceDebugger/1.0" collectorDisplayName="IntelliTrace">
          <UriAttachments>
            <UriAttachment>
              <A href="JAMES-PC\QTAgent32_120528_205102122_4004.iTrace">IntelliTrace file for 'QTAgent32.exe' (4004)</A>
            </UriAttachment>
          </UriAttachments>
        </Collector>
      </CollectorDataEntries>
    </UnitTestResult>
    <UnitTestResult executionId="40937edb-9f41-41b1-b85e-31ad568e530a" testId="549fb95f-9bb1-a967-2d69-f30c29999c9e" testName="WhenBatchingMessageWithOpenBatchWithWithdrawAndDepositTransactionThenTransactionsInBatchIs2" computerName="JAMES-PC" duration="00:00:00.0108460" startTime="2012-05-28T20:51:02.6689453-04:00" endTime="2012-05-28T20:51:02.7783203-04:00" testType="13cdc9d9-ddb5-4fa4-a97d-d965ccfc6d4b" outcome="Passed" testListId="8c84fa94-04c1-424b-9868-57a2d4851a1d" relativeResultsDirectory="40937edb-9f41-41b1-b85e-31ad568e530a">
      <CollectorDataEntries>
        <Collector agentName="JAMES-PC" uri="datacollector://microsoft/SystemInfo/1.0" collectorDisplayName="System Information">
          <UriAttachments>
            <UriAttachment>
              <A href="JAMES-PC\SystemInformation.xml">System Information from JAMES-PC</A>
            </UriAttachment>
          </UriAttachments>
        </Collector>
        <Collector agentName="JAMES-PC" uri="datacollector://microsoft/TestImpact/1.0" collectorDisplayName="Test Impact">
          <UriAttachments>
            <UriAttachment>
              <A href="JAMES-PC\testimpact.xml">Test Impact Data</A>
            </UriAttachment>
          </UriAttachments>
        </Collector>
      </CollectorDataEntries>
    </UnitTestResult>
    <UnitTestResult executionId="913c0c86-7195-4ad6-8ab2-f594f97eac5d" testId="d54862ac-a136-3613-d2d3-a0f75563ca81" testName="WhenFindingUserByEmailAddressUserWithEmailAddressIsFound" computerName="JAMES-PC" duration="00:00:00.0054889" startTime="2012-05-28T20:51:02.8251953-04:00" endTime="2012-05-28T20:51:02.8564453-04:00" testType="13cdc9d9-ddb5-4fa4-a97d-d965ccfc6d4b" outcome="Passed" testListId="8c84fa94-04c1-424b-9868-57a2d4851a1d" relativeResultsDirectory="913c0c86-7195-4ad6-8ab2-f594f97eac5d">
      <CollectorDataEntries>
        <Collector agentName="JAMES-PC" uri="datacollector://microsoft/SystemInfo/1.0" collectorDisplayName="System Information">
          <UriAttachments>
            <UriAttachment>
              <A href="JAMES-PC\SystemInformation.xml">System Information from JAMES-PC</A>
            </UriAttachment>
          </UriAttachments>
        </Collector>
        <Collector agentName="JAMES-PC" uri="datacollector://microsoft/TestImpact/1.0" collectorDisplayName="Test Impact">
          <UriAttachments>
            <UriAttachment>
              <A href="JAMES-PC\testimpact.xml">Test Impact Data</A>
            </UriAttachment>
          </UriAttachments>
        </Collector>
      </CollectorDataEntries>
    </UnitTestResult>
    <UnitTestResult executionId="67edf256-61a4-4b30-b260-33cc43dc59e2" testId="8bec1cbb-e592-88e4-ed4c-094ea9f6bf89" testName="WhenFindingUserByFormattedMobileNumberUserWithMobileNumberIsFound" computerName="JAMES-PC" duration="00:00:00.1260920" startTime="2012-05-28T20:51:02.8720703-04:00" endTime="2012-05-28T20:51:03.1689453-04:00" testType="13cdc9d9-ddb5-4fa4-a97d-d965ccfc6d4b" outcome="Passed" testListId="8c84fa94-04c1-424b-9868-57a2d4851a1d" relativeResultsDirectory="67edf256-61a4-4b30-b260-33cc43dc59e2">
      <CollectorDataEntries>
        <Collector agentName="JAMES-PC" uri="datacollector://microsoft/SystemInfo/1.0" collectorDisplayName="System Information">
          <UriAttachments>
            <UriAttachment>
              <A href="JAMES-PC\SystemInformation.xml">System Information from JAMES-PC</A>
            </UriAttachment>
          </UriAttachments>
        </Collector>
        <Collector agentName="JAMES-PC" uri="datacollector://microsoft/TestImpact/1.0" collectorDisplayName="Test Impact">
          <UriAttachments>
            <UriAttachment>
              <A href="JAMES-PC\testimpact.xml">Test Impact Data</A>
            </UriAttachment>
          </UriAttachments>
        </Collector>
      </CollectorDataEntries>
    </UnitTestResult>
    <UnitTestResult executionId="608cdc26-2763-44ab-8c23-50c1b432b8b1" testId="e3304b05-5d84-d178-e89a-6cd39c15753f" testName="WhenFindingUserByIdUserWithIdIsFound" computerName="JAMES-PC" duration="00:00:00.0044617" startTime="2012-05-28T20:51:03.1845703-04:00" endTime="2012-05-28T20:51:03.2158203-04:00" testType="13cdc9d9-ddb5-4fa4-a97d-d965ccfc6d4b" outcome="Passed" testListId="8c84fa94-04c1-424b-9868-57a2d4851a1d" relativeResultsDirectory="608cdc26-2763-44ab-8c23-50c1b432b8b1">
      <CollectorDataEntries>
        <Collector agentName="JAMES-PC" uri="datacollector://microsoft/SystemInfo/1.0" collectorDisplayName="System Information">
          <UriAttachments>
            <UriAttachment>
              <A href="JAMES-PC\SystemInformation.xml">System Information from JAMES-PC</A>
            </UriAttachment>
          </UriAttachments>
        </Collector>
        <Collector agentName="JAMES-PC" uri="datacollector://microsoft/TestImpact/1.0" collectorDisplayName="Test Impact">
          <UriAttachments>
            <UriAttachment>
              <A href="JAMES-PC\testimpact.xml">Test Impact Data</A>
            </UriAttachment>
          </UriAttachments>
        </Collector>
      </CollectorDataEntries>
    </UnitTestResult>
    <UnitTestResult executionId="15008d07-3d89-4f2c-8f5c-9c2883ce7404" testId="ec586861-52a4-8306-116b-5a18443671b3" testName="WhenFindingUserByPhoneNumberWithLeading1UserIsFound" computerName="JAMES-PC" duration="00:00:00.0024285" startTime="2012-05-28T20:51:03.2158203-04:00" endTime="2012-05-28T20:51:03.2314453-04:00" testType="13cdc9d9-ddb5-4fa4-a97d-d965ccfc6d4b" outcome="Passed" testListId="8c84fa94-04c1-424b-9868-57a2d4851a1d" relativeResultsDirectory="15008d07-3d89-4f2c-8f5c-9c2883ce7404">
      <CollectorDataEntries>
        <Collector agentName="JAMES-PC" uri="datacollector://microsoft/SystemInfo/1.0" collectorDisplayName="System Information">
          <UriAttachments>
            <UriAttachment>
              <A href="JAMES-PC\SystemInformation.xml">System Information from JAMES-PC</A>
            </UriAttachment>
          </UriAttachments>
        </Collector>
        <Collector agentName="JAMES-PC" uri="datacollector://microsoft/TestImpact/1.0" collectorDisplayName="Test Impact">
          <UriAttachments>
            <UriAttachment>
              <A href="JAMES-PC\testimpact.xml">Test Impact Data</A>
            </UriAttachment>
          </UriAttachments>
        </Collector>
      </CollectorDataEntries>
    </UnitTestResult>
    <UnitTestResult executionId="e973ea8f-05d8-43ef-8e1a-e08d804aca3e" testId="8d956593-ee9e-4705-52f9-57dc44fd6be7" testName="WhenFindingUserByPhoneNumberWithLeadingPlus1UserIsFound" computerName="JAMES-PC" duration="00:00:00.0034750" startTime="2012-05-28T20:51:03.2470703-04:00" endTime="2012-05-28T20:51:03.2626953-04:00" testType="13cdc9d9-ddb5-4fa4-a97d-d965ccfc6d4b" outcome="Passed" testListId="8c84fa94-04c1-424b-9868-57a2d4851a1d" relativeResultsDirectory="e973ea8f-05d8-43ef-8e1a-e08d804aca3e">
      <CollectorDataEntries>
        <Collector agentName="JAMES-PC" uri="datacollector://microsoft/SystemInfo/1.0" collectorDisplayName="System Information">
          <UriAttachments>
            <UriAttachment>
              <A href="JAMES-PC\SystemInformation.xml">System Information from JAMES-PC</A>
            </UriAttachment>
          </UriAttachments>
        </Collector>
        <Collector agentName="JAMES-PC" uri="datacollector://microsoft/TestImpact/1.0" collectorDisplayName="Test Impact">
          <UriAttachments>
            <UriAttachment>
              <A href="JAMES-PC\testimpact.xml">Test Impact Data</A>
            </UriAttachment>
          </UriAttachments>
        </Collector>
      </CollectorDataEntries>
    </UnitTestResult>
    <UnitTestResult executionId="cc9b1c8c-8469-4ac8-b9ae-57c20901180a" testId="f07216c3-dd91-4f32-6392-f36901a1bfe8" testName="WhenFindingUserByUnFormattedMobilieNumberUserWithMobileNumberIsFound" computerName="JAMES-PC" duration="00:00:00.0024631" startTime="2012-05-28T20:51:03.2783203-04:00" endTime="2012-05-28T20:51:03.2939453-04:00" testType="13cdc9d9-ddb5-4fa4-a97d-d965ccfc6d4b" outcome="Passed" testListId="8c84fa94-04c1-424b-9868-57a2d4851a1d" relativeResultsDirectory="cc9b1c8c-8469-4ac8-b9ae-57c20901180a">
      <CollectorDataEntries>
        <Collector agentName="JAMES-PC" uri="datacollector://microsoft/SystemInfo/1.0" collectorDisplayName="System Information">
          <UriAttachments>
            <UriAttachment>
              <A href="JAMES-PC\SystemInformation.xml">System Information from JAMES-PC</A>
            </UriAttachment>
          </UriAttachments>
        </Collector>
        <Collector agentName="JAMES-PC" uri="datacollector://microsoft/TestImpact/1.0" collectorDisplayName="Test Impact">
          <UriAttachments>
            <UriAttachment>
              <A href="JAMES-PC\testimpact.xml">Test Impact Data</A>
            </UriAttachment>
          </UriAttachments>
        </Collector>
      </CollectorDataEntries>
    </UnitTestResult>
    <UnitTestResult executionId="a2774aeb-f80c-4ea8-a8dc-a3a43a2f1b7e" testId="9507875d-fef7-b387-ef19-a14ce091b76b" testName="WhenGettingEmailLogEntryByIdEmailLogIsReturned" computerName="JAMES-PC" duration="00:00:00.1800206" startTime="2012-05-28T20:51:03.3095703-04:00" endTime="2012-05-28T20:51:03.9658203-04:00" testType="13cdc9d9-ddb5-4fa4-a97d-d965ccfc6d4b" outcome="Failed" testListId="8c84fa94-04c1-424b-9868-57a2d4851a1d" relativeResultsDirectory="a2774aeb-f80c-4ea8-a8dc-a3a43a2f1b7e">
      <Output>
        <ErrorInfo>
          <Message>Test method SocialPayments.DomainServices.UnitTests.EmailLogServiceTest.WhenGettingEmailLogEntryByIdEmailLogIsReturned threw exception: 
System.NullReferenceException: Object reference not set to an instance of an object.</Message>
          <StackTrace>    at SocialPayments.DomainServices.UnitTests.EmailLogServiceTest.WhenGettingEmailLogEntryByIdEmailLogIsReturned() in C:\Users\James\documents\visual studio 2010\Projects\SocialPayments\SocialPayments.DomainServices.UnitTests\EmailLogServiceTest.cs:line 107
</StackTrace>
        </ErrorInfo>
      </Output>
      <CollectorDataEntries>
        <Collector agentName="JAMES-PC" uri="datacollector://microsoft/SystemInfo/1.0" collectorDisplayName="System Information">
          <UriAttachments>
            <UriAttachment>
              <A href="JAMES-PC\SystemInformation.xml">System Information from JAMES-PC</A>
            </UriAttachment>
          </UriAttachments>
        </Collector>
        <Collector agentName="JAMES-PC" uri="datacollector://microsoft/TraceDebugger/1.0" collectorDisplayName="IntelliTrace">
          <UriAttachments>
            <UriAttachment>
              <A href="JAMES-PC\QTAgent32_120528_205103528_4004.iTrace">IntelliTrace file for 'QTAgent32.exe' (4004)</A>
            </UriAttachment>
          </UriAttachments>
        </Collector>
      </CollectorDataEntries>
    </UnitTestResult>
    <UnitTestResult executionId="2adef584-3a0e-40da-a719-66847d6ad748" testId="0e292e98-3d96-5530-11db-f26c3cd22853" testName="WhenGettingOpenBatchWithAnOpenBatchCurrentBatchIsReturned" computerName="JAMES-PC" duration="00:00:00.0018524" startTime="2012-05-28T20:51:04.0283203-04:00" endTime="2012-05-28T20:51:04.0595703-04:00" testType="13cdc9d9-ddb5-4fa4-a97d-d965ccfc6d4b" outcome="Passed" testListId="8c84fa94-04c1-424b-9868-57a2d4851a1d" relativeResultsDirectory="2adef584-3a0e-40da-a719-66847d6ad748">
      <CollectorDataEntries>
        <Collector agentName="JAMES-PC" uri="datacollector://microsoft/SystemInfo/1.0" collectorDisplayName="System Information">
          <UriAttachments>
            <UriAttachment>
              <A href="JAMES-PC\SystemInformation.xml">System Information from JAMES-PC</A>
            </UriAttachment>
          </UriAttachments>
        </Collector>
        <Collector agentName="JAMES-PC" uri="datacollector://microsoft/TestImpact/1.0" collectorDisplayName="Test Impact">
          <UriAttachments>
            <UriAttachment>
              <A href="JAMES-PC\testimpact.xml">Test Impact Data</A>
            </UriAttachment>
          </UriAttachments>
        </Collector>
      </CollectorDataEntries>
    </UnitTestResult>
    <UnitTestResult executionId="7a516ee5-1046-410d-9fbf-a389212d16bf" testId="9c5bcffb-be6e-d7af-f987-3ed004838b07" testName="WhenGettingOpenBatchWithNoOpenBatchesNewBatchIsCreated" computerName="JAMES-PC" duration="00:00:00.0004461" startTime="2012-05-28T20:51:04.0595703-04:00" endTime="2012-05-28T20:51:04.0751953-04:00" testType="13cdc9d9-ddb5-4fa4-a97d-d965ccfc6d4b" outcome="Passed" testListId="8c84fa94-04c1-424b-9868-57a2d4851a1d" relativeResultsDirectory="7a516ee5-1046-410d-9fbf-a389212d16bf">
      <CollectorDataEntries>
        <Collector agentName="JAMES-PC" uri="datacollector://microsoft/SystemInfo/1.0" collectorDisplayName="System Information">
          <UriAttachments>
            <UriAttachment>
              <A href="JAMES-PC\SystemInformation.xml">System Information from JAMES-PC</A>
            </UriAttachment>
          </UriAttachments>
        </Collector>
        <Collector agentName="JAMES-PC" uri="datacollector://microsoft/TestImpact/1.0" collectorDisplayName="Test Impact">
          <UriAttachments>
            <UriAttachment>
              <A href="JAMES-PC\testimpact.xml">Test Impact Data</A>
            </UriAttachment>
          </UriAttachments>
        </Collector>
      </CollectorDataEntries>
    </UnitTestResult>
    <UnitTestResult executionId="62425cf9-26dc-44a5-8b67-53f63c394123" testId="e1f24c78-d153-40fb-729f-3d211e044d3f" testName="WhenGettingSMSLogByIdSMSLogIsReturned" computerName="JAMES-PC" duration="00:00:00.0022759" startTime="2012-05-28T20:51:04.0908203-04:00" endTime="2012-05-28T20:51:04.1064453-04:00" testType="13cdc9d9-ddb5-4fa4-a97d-d965ccfc6d4b" outcome="Passed" testListId="8c84fa94-04c1-424b-9868-57a2d4851a1d" relativeResultsDirectory="62425cf9-26dc-44a5-8b67-53f63c394123">
      <CollectorDataEntries>
        <Collector agentName="JAMES-PC" uri="datacollector://microsoft/SystemInfo/1.0" collectorDisplayName="System Information">
          <UriAttachments>
            <UriAttachment>
              <A href="JAMES-PC\SystemInformation.xml">System Information from JAMES-PC</A>
            </UriAttachment>
          </UriAttachments>
        </Collector>
        <Collector agentName="JAMES-PC" uri="datacollector://microsoft/TestImpact/1.0" collectorDisplayName="Test Impact">
          <UriAttachments>
            <UriAttachment>
              <A href="JAMES-PC\testimpact.xml">Test Impact Data</A>
            </UriAttachment>
          </UriAttachments>
        </Collector>
      </CollectorDataEntries>
    </UnitTestResult>
    <UnitTestResult executionId="6456e7e2-375c-404e-9292-316adea2f127" testId="cb6c0137-a677-2a1c-0a10-0ed8f248bd59" testName="WhenNewAccountIsAddedPaymentVerificationDepositAmountsAreDifferent" computerName="JAMES-PC" duration="00:00:00.1576636" startTime="2012-05-28T20:51:04.1064453-04:00" endTime="2012-05-28T20:51:04.9658203-04:00" testType="13cdc9d9-ddb5-4fa4-a97d-d965ccfc6d4b" outcome="Failed" testListId="8c84fa94-04c1-424b-9868-57a2d4851a1d" relativeResultsDirectory="6456e7e2-375c-404e-9292-316adea2f127">
      <Output>
        <ErrorInfo>
          <Message>Test method SocialPayments.Service.PaymentAccountsProcessors.Tests.UnitTest1.WhenNewAccountIsAddedPaymentVerificationDepositAmountsAreDifferent threw exception: 
System.NullReferenceException: Object reference not set to an instance of an object.</Message>
          <StackTrace>    at SocialPayments.Services.PaymentAccounts.SubmittedPaymentAccountProcessor.Process(PaymentAccount paymentAccount) in C:\Users\James\documents\visual studio 2010\Projects\SocialPayments\SocialPayments.Services.PaymentAccounts\SubmittedPaymentAccountProcessor.cs:line 116
   at SocialPayments.Service.PaymentAccountsProcessors.Tests.UnitTest1.WhenNewAccountIsAddedPaymentVerificationDepositAmountsAreDifferent() in C:\Users\James\documents\visual studio 2010\Projects\SocialPayments\SocialPayments.Service.PaymentAccountsProcessors.Tests\UnitTest1.cs:line 109
</StackTrace>
        </ErrorInfo>
      </Output>
      <CollectorDataEntries>
        <Collector agentName="JAMES-PC" uri="datacollector://microsoft/SystemInfo/1.0" collectorDisplayName="System Information">
          <UriAttachments>
            <UriAttachment>
              <A href="JAMES-PC\SystemInformation.xml">System Information from JAMES-PC</A>
            </UriAttachment>
          </UriAttachments>
        </Collector>
        <Collector agentName="JAMES-PC" uri="datacollector://microsoft/TraceDebugger/1.0" collectorDisplayName="IntelliTrace">
          <UriAttachments>
            <UriAttachment>
              <A href="JAMES-PC\QTAgent32_120528_205104700_4004.iTrace">IntelliTrace file for 'QTAgent32.exe' (4004)</A>
            </UriAttachment>
          </UriAttachments>
        </Collector>
      </CollectorDataEntries>
    </UnitTestResult>
    <UnitTestResult executionId="44a1229e-ed78-4b2d-8534-e5481c3d2eb5" testId="fe0663da-fe77-996a-2fe1-f5dba12afaa5" testName="WhenNewAccountIsAddedPaymentVerificationIsCreated" computerName="JAMES-PC" duration="00:00:00.0374201" startTime="2012-05-28T20:51:05.0908203-04:00" endTime="2012-05-28T20:51:05.5283203-04:00" testType="13cdc9d9-ddb5-4fa4-a97d-d965ccfc6d4b" outcome="Failed" testListId="8c84fa94-04c1-424b-9868-57a2d4851a1d" relativeResultsDirectory="44a1229e-ed78-4b2d-8534-e5481c3d2eb5">
      <Output>
        <ErrorInfo>
          <Message>Test method SocialPayments.Service.PaymentAccountsProcessors.Tests.UnitTest1.WhenNewAccountIsAddedPaymentVerificationIsCreated threw exception: 
System.NullReferenceException: Object reference not set to an instance of an object.</Message>
          <StackTrace>    at SocialPayments.Services.PaymentAccounts.SubmittedPaymentAccountProcessor.Process(PaymentAccount paymentAccount) in C:\Users\James\documents\visual studio 2010\Projects\SocialPayments\SocialPayments.Services.PaymentAccounts\SubmittedPaymentAccountProcessor.cs:line 116
   at SocialPayments.Service.PaymentAccountsProcessors.Tests.UnitTest1.WhenNewAccountIsAddedPaymentVerificationIsCreated() in C:\Users\James\documents\visual studio 2010\Projects\SocialPayments\SocialPayments.Service.PaymentAccountsProcessors.Tests\UnitTest1.cs:line 85
</StackTrace>
        </ErrorInfo>
      </Output>
      <CollectorDataEntries>
        <Collector agentName="JAMES-PC" uri="datacollector://microsoft/SystemInfo/1.0" collectorDisplayName="System Information">
          <UriAttachments>
            <UriAttachment>
              <A href="JAMES-PC\SystemInformation.xml">System Information from JAMES-PC</A>
            </UriAttachment>
          </UriAttachments>
        </Collector>
        <Collector agentName="JAMES-PC" uri="datacollector://microsoft/TraceDebugger/1.0" collectorDisplayName="IntelliTrace">
          <UriAttachments>
            <UriAttachment>
              <A href="JAMES-PC\QTAgent32_120528_205105200_4004.iTrace">IntelliTrace file for 'QTAgent32.exe' (4004)</A>
            </UriAttachment>
          </UriAttachments>
        </Collector>
      </CollectorDataEntries>
    </UnitTestResult>
    <UnitTestResult executionId="fbafa08c-24f2-445c-b520-f694fb8dbf37" testId="ac010929-2341-7d7f-120e-f1319212ef28" testName="WhenNewAccountIsAddedPaymentVerificationWithdrawalAmountEqualTheSumOfDeposits" computerName="JAMES-PC" duration="00:00:00.1497729" startTime="2012-05-28T20:51:05.7158203-04:00" endTime="2012-05-28T20:51:06.4970703-04:00" testType="13cdc9d9-ddb5-4fa4-a97d-d965ccfc6d4b" outcome="Failed" testListId="8c84fa94-04c1-424b-9868-57a2d4851a1d" relativeResultsDirectory="fbafa08c-24f2-445c-b520-f694fb8dbf37">
      <Output>
        <ErrorInfo>
          <Message>Test method SocialPayments.Service.PaymentAccountsProcessors.Tests.UnitTest1.WhenNewAccountIsAddedPaymentVerificationWithdrawalAmountEqualTheSumOfDeposits threw exception: 
System.NullReferenceException: Object reference not set to an instance of an object.</Message>
          <StackTrace>    at SocialPayments.Services.PaymentAccounts.SubmittedPaymentAccountProcessor.Process(PaymentAccount paymentAccount) in C:\Users\James\documents\visual studio 2010\Projects\SocialPayments\SocialPayments.Services.PaymentAccounts\SubmittedPaymentAccountProcessor.cs:line 116
   at SocialPayments.Service.PaymentAccountsProcessors.Tests.UnitTest1.WhenNewAccountIsAddedPaymentVerificationWithdrawalAmountEqualTheSumOfDeposits() in C:\Users\James\documents\visual studio 2010\Projects\SocialPayments\SocialPayments.Service.PaymentAccountsProcessors.Tests\UnitTest1.cs:line 131
</StackTrace>
        </ErrorInfo>
      </Output>
      <CollectorDataEntries>
        <Collector agentName="JAMES-PC" uri="datacollector://microsoft/SystemInfo/1.0" collectorDisplayName="System Information">
          <UriAttachments>
            <UriAttachment>
              <A href="JAMES-PC\SystemInformation.xml">System Information from JAMES-PC</A>
            </UriAttachment>
          </UriAttachments>
        </Collector>
        <Collector agentName="JAMES-PC" uri="datacollector://microsoft/TraceDebugger/1.0" collectorDisplayName="IntelliTrace">
          <UriAttachments>
            <UriAttachment>
              <A href="JAMES-PC\QTAgent32_120528_205105997_4004.iTrace">IntelliTrace file for 'QTAgent32.exe' (4004)</A>
            </UriAttachment>
          </UriAttachments>
        </Collector>
      </CollectorDataEntries>
    </UnitTestResult>
    <UnitTestResult executionId="254996ba-6c04-409c-882c-f9a88543aa14" testId="b1e55234-1998-76c8-0617-cb3f54ca66a1" testName="WhenPaymentMessageReceivedWithRecipientUriRegisteredMeCodeMessageCountIs1" computerName="JAMES-PC" duration="00:00:00.0380861" startTime="2012-05-28T20:51:06.5595703-04:00" endTime="2012-05-28T20:51:06.8876953-04:00" testType="13cdc9d9-ddb5-4fa4-a97d-d965ccfc6d4b" outcome="Passed" testListId="8c84fa94-04c1-424b-9868-57a2d4851a1d" relativeResultsDirectory="254996ba-6c04-409c-882c-f9a88543aa14">
      <CollectorDataEntries>
        <Collector agentName="JAMES-PC" uri="datacollector://microsoft/SystemInfo/1.0" collectorDisplayName="System Information">
          <UriAttachments>
            <UriAttachment>
              <A href="JAMES-PC\SystemInformation.xml">System Information from JAMES-PC</A>
            </UriAttachment>
          </UriAttachments>
        </Collector>
        <Collector agentName="JAMES-PC" uri="datacollector://microsoft/TestImpact/1.0" collectorDisplayName="Test Impact">
          <UriAttachments>
            <UriAttachment>
              <A href="JAMES-PC\testimpact.xml">Test Impact Data</A>
            </UriAttachment>
          </UriAttachments>
        </Collector>
      </CollectorDataEntries>
    </UnitTestResult>
    <UnitTestResult executionId="a457da86-689f-4666-b845-f8b204123816" testId="442afbc8-c499-8158-e633-c5b45a3c31a5" testName="WhenPaymentMessageReceivedWithRecipientUriUnKnownMeCodeArgumentExceptionOccurs" computerName="JAMES-PC" duration="00:00:00.1054393" startTime="2012-05-28T20:51:07.0595703-04:00" endTime="2012-05-28T20:51:07.3720703-04:00" testType="13cdc9d9-ddb5-4fa4-a97d-d965ccfc6d4b" outcome="Passed" testListId="8c84fa94-04c1-424b-9868-57a2d4851a1d" relativeResultsDirectory="a457da86-689f-4666-b845-f8b204123816">
      <CollectorDataEntries>
        <Collector agentName="JAMES-PC" uri="datacollector://microsoft/SystemInfo/1.0" collectorDisplayName="System Information">
          <UriAttachments>
            <UriAttachment>
              <A href="JAMES-PC\SystemInformation.xml">System Information from JAMES-PC</A>
            </UriAttachment>
          </UriAttachments>
        </Collector>
        <Collector agentName="JAMES-PC" uri="datacollector://microsoft/TestImpact/1.0" collectorDisplayName="Test Impact">
          <UriAttachments>
            <UriAttachment>
              <A href="JAMES-PC\testimpact.xml">Test Impact Data</A>
            </UriAttachment>
          </UriAttachments>
        </Collector>
      </CollectorDataEntries>
    </UnitTestResult>
    <UnitTestResult executionId="9f3824dc-4d11-4716-a769-0a98d242d38f" testId="4c69bfb8-028d-62f7-764f-eafc79883979" testName="WhenPaymentMessageReceivedWithRecipientUriUnRegisteredMobileNumberMessageCountIs1" computerName="JAMES-PC" duration="00:00:00.0137316" startTime="2012-05-28T20:51:07.4658203-04:00" endTime="2012-05-28T20:51:07.6689453-04:00" testType="13cdc9d9-ddb5-4fa4-a97d-d965ccfc6d4b" outcome="Passed" testListId="8c84fa94-04c1-424b-9868-57a2d4851a1d" relativeResultsDirectory="9f3824dc-4d11-4716-a769-0a98d242d38f">
      <CollectorDataEntries>
        <Collector agentName="JAMES-PC" uri="datacollector://microsoft/SystemInfo/1.0" collectorDisplayName="System Information">
          <UriAttachments>
            <UriAttachment>
              <A href="JAMES-PC\SystemInformation.xml">System Information from JAMES-PC</A>
            </UriAttachment>
          </UriAttachments>
        </Collector>
        <Collector agentName="JAMES-PC" uri="datacollector://microsoft/TestImpact/1.0" collectorDisplayName="Test Impact">
          <UriAttachments>
            <UriAttachment>
              <A href="JAMES-PC\testimpact.xml">Test Impact Data</A>
            </UriAttachment>
          </UriAttachments>
        </Collector>
      </CollectorDataEntries>
    </UnitTestResult>
    <UnitTestResult executionId="31591482-c6ce-455f-b7bb-f8925465d344" testId="efa4a0f5-f6f7-afb2-4d1a-0ccbbf23de17" testName="WhenPaymentMessageReceivedWithRecipientUriUnRegistreredEmailAddressMessageCountIs1" computerName="JAMES-PC" duration="00:00:00.0082119" startTime="2012-05-28T20:51:07.7314453-04:00" endTime="2012-05-28T20:51:07.7626953-04:00" testType="13cdc9d9-ddb5-4fa4-a97d-d965ccfc6d4b" outcome="Passed" testListId="8c84fa94-04c1-424b-9868-57a2d4851a1d" relativeResultsDirectory="31591482-c6ce-455f-b7bb-f8925465d344">
      <CollectorDataEntries>
        <Collector agentName="JAMES-PC" uri="datacollector://microsoft/SystemInfo/1.0" collectorDisplayName="System Information">
          <UriAttachments>
            <UriAttachment>
              <A href="JAMES-PC\SystemInformation.xml">System Information from JAMES-PC</A>
            </UriAttachment>
          </UriAttachments>
        </Collector>
        <Collector agentName="JAMES-PC" uri="datacollector://microsoft/TestImpact/1.0" collectorDisplayName="Test Impact">
          <UriAttachments>
            <UriAttachment>
              <A href="JAMES-PC\testimpact.xml">Test Impact Data</A>
            </UriAttachment>
          </UriAttachments>
        </Collector>
      </CollectorDataEntries>
    </UnitTestResult>
    <UnitTestResult executionId="a6f935a9-6979-4170-8129-c8f00730c8e6" testId="9348b3c8-0ebe-7192-620d-3e0b8e10480c" testName="WhenPendingPaymentMessageWithEmailAddressRecipientUriProcessedWithKnownRecipientTwoTransactionsAreCreated" computerName="JAMES-PC" duration="00:00:01.2819819" startTime="2012-05-28T20:51:07.8251953-04:00" endTime="2012-05-28T20:51:09.7001953-04:00" testType="13cdc9d9-ddb5-4fa4-a97d-d965ccfc6d4b" outcome="Failed" testListId="8c84fa94-04c1-424b-9868-57a2d4851a1d" relativeResultsDirectory="a6f935a9-6979-4170-8129-c8f00730c8e6">
      <Output>
        <ErrorInfo>
          <Message>Test method SocialPayments.Services.MessageProcessors.UnitTest.SumittedPaymentMessageProcessor.WhenPendingPaymentMessageWithEmailAddressRecipientUriProcessedWithKnownRecipientTwoTransactionsAreCreated threw exception: 
System.Net.WebException: The remote server returned an error: (502) Bad Gateway.</Message>
          <StackTrace>    at System.Net.HttpWebRequest.GetRequestStream(TransportContext&amp; context)
   at System.Net.HttpWebRequest.GetRequestStream()
   at SocialPayments.DomainServices.SMSService.SendSMS(Guid apiKey, String mobileNumber, String message) in C:\Users\James\documents\visual studio 2010\Projects\SocialPayments\SocialPayments.DomainServices\SMSService.cs:line 95
   at SocialPayments.Services.MessageProcessors.SubmittedPaymentMessageProcessor.Process(Message message) in C:\Users\James\documents\visual studio 2010\Projects\SocialPayments\SocialPayments.Services.SubmittedMessageProcessor\SubmittedPaymentMessageProcessor.cs:line 133
   at SocialPayments.Services.MessageProcessors.UnitTest.SumittedPaymentMessageProcessor.WhenPendingPaymentMessageWithEmailAddressRecipientUriProcessedWithKnownRecipientTwoTransactionsAreCreated() in C:\Users\James\documents\visual studio 2010\Projects\SocialPayments\SocialPayments.Services.MessageProcessors.UnitTest\SumittedPaymentMessageProcessor.cs:line 469
</StackTrace>
        </ErrorInfo>
      </Output>
      <CollectorDataEntries>
        <Collector agentName="JAMES-PC" uri="datacollector://microsoft/SystemInfo/1.0" collectorDisplayName="System Information">
          <UriAttachments>
            <UriAttachment>
              <A href="JAMES-PC\SystemInformation.xml">System Information from JAMES-PC</A>
            </UriAttachment>
          </UriAttachments>
        </Collector>
        <Collector agentName="JAMES-PC" uri="datacollector://microsoft/TraceDebugger/1.0" collectorDisplayName="IntelliTrace">
          <UriAttachments>
            <UriAttachment>
              <A href="JAMES-PC\QTAgent32_120528_205109434_4004.iTrace">IntelliTrace file for 'QTAgent32.exe' (4004)</A>
            </UriAttachment>
          </UriAttachments>
        </Collector>
      </CollectorDataEntries>
      <DataCollectorMessages>
        <DataCollectorMessage timestamp="2012-05-28T20:51:09.3720703-04:00" dataCollectorUri="datacollector://microsoft/HttpProxy/1.0" dataCollectorFriendlyName="ASP.NET Client Proxy for IntelliTrace and Test Impact" agentName="JAMES-PC" level="Warning">
          <Text>An error occurred while processing a web request: PRXY0027: Unable to connect to the server described by the URI: api.smsified.com:443. No connection could be made because the target machine actively refused it 127.0.0.1:8888</Text>
        </DataCollectorMessage>
      </DataCollectorMessages>
    </UnitTestResult>
    <UnitTestResult executionId="6f4614c1-aa44-4132-b7c1-130b7c2c296f" testId="d463e2d2-a104-180b-b12e-04353ae3902b" testName="WhenPendingPaymentMessageWithEmailAddressRecipientUriProcessedWithUnknownRecipientOneTransactionIsCreated" computerName="JAMES-PC" duration="00:00:01.0211395" startTime="2012-05-28T20:51:09.7158203-04:00" endTime="2012-05-28T20:51:11.0126953-04:00" testType="13cdc9d9-ddb5-4fa4-a97d-d965ccfc6d4b" outcome="Failed" testListId="8c84fa94-04c1-424b-9868-57a2d4851a1d" relativeResultsDirectory="6f4614c1-aa44-4132-b7c1-130b7c2c296f">
      <Output>
        <ErrorInfo>
          <Message>Test method SocialPayments.Services.MessageProcessors.UnitTest.SumittedPaymentMessageProcessor.WhenPendingPaymentMessageWithEmailAddressRecipientUriProcessedWithUnknownRecipientOneTransactionIsCreated threw exception: 
System.Net.WebException: The remote server returned an error: (502) Bad Gateway.</Message>
          <StackTrace>    at System.Net.HttpWebRequest.GetRequestStream(TransportContext&amp; context)
   at System.Net.HttpWebRequest.GetRequestStream()
   at SocialPayments.DomainServices.SMSService.SendSMS(Guid apiKey, String mobileNumber, String message) in C:\Users\James\documents\visual studio 2010\Projects\SocialPayments\SocialPayments.DomainServices\SMSService.cs:line 95
   at SocialPayments.Services.MessageProcessors.SubmittedPaymentMessageProcessor.Process(Message message) in C:\Users\James\documents\visual studio 2010\Projects\SocialPayments\SocialPayments.Services.SubmittedMessageProcessor\SubmittedPaymentMessageProcessor.cs:line 133
   at SocialPayments.Services.MessageProcessors.UnitTest.SumittedPaymentMessageProcessor.WhenPendingPaymentMessageWithEmailAddressRecipientUriProcessedWithUnknownRecipientOneTransactionIsCreated() in C:\Users\James\documents\visual studio 2010\Projects\SocialPayments\SocialPayments.Services.MessageProcessors.UnitTest\SumittedPaymentMessageProcessor.cs:line 357
</StackTrace>
        </ErrorInfo>
      </Output>
      <CollectorDataEntries>
        <Collector agentName="JAMES-PC" uri="datacollector://microsoft/SystemInfo/1.0" collectorDisplayName="System Information">
          <UriAttachments>
            <UriAttachment>
              <A href="JAMES-PC\SystemInformation.xml">System Information from JAMES-PC</A>
            </UriAttachment>
          </UriAttachments>
        </Collector>
        <Collector agentName="JAMES-PC" uri="datacollector://microsoft/TraceDebugger/1.0" collectorDisplayName="IntelliTrace">
          <UriAttachments>
            <UriAttachment>
              <A href="JAMES-PC\QTAgent32_120528_205110747_4004.iTrace">IntelliTrace file for 'QTAgent32.exe' (4004)</A>
            </UriAttachment>
          </UriAttachments>
        </Collector>
      </CollectorDataEntries>
      <DataCollectorMessages>
        <DataCollectorMessage timestamp="2012-05-28T20:51:10.7470703-04:00" dataCollectorUri="datacollector://microsoft/HttpProxy/1.0" dataCollectorFriendlyName="ASP.NET Client Proxy for IntelliTrace and Test Impact" agentName="JAMES-PC" level="Warning">
          <Text>An error occurred while processing a web request: PRXY0027: Unable to connect to the server described by the URI: api.smsified.com:443. No connection could be made because the target machine actively refused it 127.0.0.1:8888</Text>
        </DataCollectorMessage>
      </DataCollectorMessages>
    </UnitTestResult>
    <UnitTestResult executionId="6bf90c20-8ec0-403c-a628-3566fc8697ec" testId="3fbab4ce-0069-1341-3102-df8af4d658f8" testName="WhenPendingPaymentMessageWithMECodeRecipientUriProcessedWithKnownRecipientTwoTransactionsAreCreated" computerName="JAMES-PC" duration="00:00:01.0643984" startTime="2012-05-28T20:51:11.2001953-04:00" endTime="2012-05-28T20:51:12.6376953-04:00" testType="13cdc9d9-ddb5-4fa4-a97d-d965ccfc6d4b" outcome="Failed" testListId="8c84fa94-04c1-424b-9868-57a2d4851a1d" relativeResultsDirectory="6bf90c20-8ec0-403c-a628-3566fc8697ec">
      <Output>
        <ErrorInfo>
          <Message>Test method SocialPayments.Services.MessageProcessors.UnitTest.SumittedPaymentMessageProcessor.WhenPendingPaymentMessageWithMECodeRecipientUriProcessedWithKnownRecipientTwoTransactionsAreCreated threw exception: 
System.Net.WebException: The remote server returned an error: (502) Bad Gateway.</Message>
          <StackTrace>    at System.Net.HttpWebRequest.GetRequestStream(TransportContext&amp; context)
   at System.Net.HttpWebRequest.GetRequestStream()
   at SocialPayments.DomainServices.SMSService.SendSMS(Guid apiKey, String mobileNumber, String message) in C:\Users\James\documents\visual studio 2010\Projects\SocialPayments\SocialPayments.DomainServices\SMSService.cs:line 95
   at SocialPayments.Services.MessageProcessors.SubmittedPaymentMessageProcessor.Process(Message message) in C:\Users\James\documents\visual studio 2010\Projects\SocialPayments\SocialPayments.Services.SubmittedMessageProcessor\SubmittedPaymentMessageProcessor.cs:line 133
   at SocialPayments.Services.MessageProcessors.UnitTest.SumittedPaymentMessageProcessor.WhenPendingPaymentMessageWithMECodeRecipientUriProcessedWithKnownRecipientTwoTransactionsAreCreated() in C:\Users\James\documents\visual studio 2010\Projects\SocialPayments\SocialPayments.Services.MessageProcessors.UnitTest\SumittedPaymentMessageProcessor.cs:line 596
</StackTrace>
        </ErrorInfo>
      </Output>
      <CollectorDataEntries>
        <Collector agentName="JAMES-PC" uri="datacollector://microsoft/SystemInfo/1.0" collectorDisplayName="System Information">
          <UriAttachments>
            <UriAttachment>
              <A href="JAMES-PC\SystemInformation.xml">System Information from JAMES-PC</A>
            </UriAttachment>
          </UriAttachments>
        </Collector>
        <Collector agentName="JAMES-PC" uri="datacollector://microsoft/TraceDebugger/1.0" collectorDisplayName="IntelliTrace">
          <UriAttachments>
            <UriAttachment>
              <A href="JAMES-PC\QTAgent32_120528_205112262_4004.iTrace">IntelliTrace file for 'QTAgent32.exe' (4004)</A>
            </UriAttachment>
          </UriAttachments>
        </Collector>
      </CollectorDataEntries>
      <DataCollectorMessages>
        <DataCollectorMessage timestamp="2012-05-28T20:51:12.2626953-04:00" dataCollectorUri="datacollector://microsoft/HttpProxy/1.0" dataCollectorFriendlyName="ASP.NET Client Proxy for IntelliTrace and Test Impact" agentName="JAMES-PC" level="Warning">
          <Text>An error occurred while processing a web request: PRXY0027: Unable to connect to the server described by the URI: api.smsified.com:443. No connection could be made because the target machine actively refused it 127.0.0.1:8888</Text>
        </DataCollectorMessage>
      </DataCollectorMessages>
    </UnitTestResult>
    <UnitTestResult executionId="e5331eb9-75ed-4eef-a2fc-1ff21e6f36c7" testId="a98f7e50-8b97-baa5-6dbb-3dc100efdbe0" testName="WhenPendingPaymentMessageWithMobileNumberRecipientUriProcessedWithKnownRecipientTwoTransactionsAreCreated" computerName="JAMES-PC" duration="00:00:01.0452881" startTime="2012-05-28T20:51:12.6845703-04:00" endTime="2012-05-28T20:51:14.0126953-04:00" testType="13cdc9d9-ddb5-4fa4-a97d-d965ccfc6d4b" outcome="Failed" testListId="8c84fa94-04c1-424b-9868-57a2d4851a1d" relativeResultsDirectory="e5331eb9-75ed-4eef-a2fc-1ff21e6f36c7">
      <Output>
        <ErrorInfo>
          <Message>Test method SocialPayments.Services.MessageProcessors.UnitTest.SumittedPaymentMessageProcessor.WhenPendingPaymentMessageWithMobileNumberRecipientUriProcessedWithKnownRecipientTwoTransactionsAreCreated threw exception: 
System.Net.WebException: The remote server returned an error: (502) Bad Gateway.</Message>
          <StackTrace>    at System.Net.HttpWebRequest.GetRequestStream(TransportContext&amp; context)
   at System.Net.HttpWebRequest.GetRequestStream()
   at SocialPayments.DomainServices.SMSService.SendSMS(Guid apiKey, String mobileNumber, String message) in C:\Users\James\documents\visual studio 2010\Projects\SocialPayments\SocialPayments.DomainServices\SMSService.cs:line 95
   at SocialPayments.Services.MessageProcessors.SubmittedPaymentMessageProcessor.Process(Message message) in C:\Users\James\documents\visual studio 2010\Projects\SocialPayments\SocialPayments.Services.SubmittedMessageProcessor\SubmittedPaymentMessageProcessor.cs:line 133
   at SocialPayments.Services.MessageProcessors.UnitTest.SumittedPaymentMessageProcessor.WhenPendingPaymentMessageWithMobileNumberRecipientUriProcessedWithKnownRecipientTwoTransactionsAreCreated() in C:\Users\James\documents\visual studio 2010\Projects\SocialPayments\SocialPayments.Services.MessageProcessors.UnitTest\SumittedPaymentMessageProcessor.cs:line 257
</StackTrace>
        </ErrorInfo>
      </Output>
      <CollectorDataEntries>
        <Collector agentName="JAMES-PC" uri="datacollector://microsoft/SystemInfo/1.0" collectorDisplayName="System Information">
          <UriAttachments>
            <UriAttachment>
              <A href="JAMES-PC\SystemInformation.xml">System Information from JAMES-PC</A>
            </UriAttachment>
          </UriAttachments>
        </Collector>
        <Collector agentName="JAMES-PC" uri="datacollector://microsoft/TraceDebugger/1.0" collectorDisplayName="IntelliTrace">
          <UriAttachments>
            <UriAttachment>
              <A href="JAMES-PC\QTAgent32_120528_205113731_4004.iTrace">IntelliTrace file for 'QTAgent32.exe' (4004)</A>
            </UriAttachment>
          </UriAttachments>
        </Collector>
      </CollectorDataEntries>
      <DataCollectorMessages>
        <DataCollectorMessage timestamp="2012-05-28T20:51:13.7314453-04:00" dataCollectorUri="datacollector://microsoft/HttpProxy/1.0" dataCollectorFriendlyName="ASP.NET Client Proxy for IntelliTrace and Test Impact" agentName="JAMES-PC" level="Warning">
          <Text>An error occurred while processing a web request: PRXY0027: Unable to connect to the server described by the URI: api.smsified.com:443. No connection could be made because the target machine actively refused it 127.0.0.1:8888</Text>
        </DataCollectorMessage>
      </DataCollectorMessages>
    </UnitTestResult>
    <UnitTestResult executionId="1a042137-da9a-4107-b9e2-f6e1f47a3eaa" testId="0bbf6510-5b38-cc42-6794-c7dbbf478eb4" testName="WhenPendingPaymentMessageWithMobileNumberRecipientUriProcessedWithUnknownRecipientOneTransactionIsCreated" computerName="JAMES-PC" duration="00:00:01.0430373" startTime="2012-05-28T20:51:14.0595703-04:00" endTime="2012-05-28T20:51:15.3251953-04:00" testType="13cdc9d9-ddb5-4fa4-a97d-d965ccfc6d4b" outcome="Failed" testListId="8c84fa94-04c1-424b-9868-57a2d4851a1d" relativeResultsDirectory="1a042137-da9a-4107-b9e2-f6e1f47a3eaa">
      <Output>
        <ErrorInfo>
          <Message>Test method SocialPayments.Services.MessageProcessors.UnitTest.SumittedPaymentMessageProcessor.WhenPendingPaymentMessageWithMobileNumberRecipientUriProcessedWithUnknownRecipientOneTransactionIsCreated threw exception: 
System.Net.WebException: The remote server returned an error: (502) Bad Gateway.</Message>
          <StackTrace>    at System.Net.HttpWebRequest.GetRequestStream(TransportContext&amp; context)
   at System.Net.HttpWebRequest.GetRequestStream()
   at SocialPayments.DomainServices.SMSService.SendSMS(Guid apiKey, String mobileNumber, String message) in C:\Users\James\documents\visual studio 2010\Projects\SocialPayments\SocialPayments.DomainServices\SMSService.cs:line 95
   at SocialPayments.Services.MessageProcessors.SubmittedPaymentMessageProcessor.Process(Message message) in C:\Users\James\documents\visual studio 2010\Projects\SocialPayments\SocialPayments.Services.SubmittedMessageProcessor\SubmittedPaymentMessageProcessor.cs:line 133
   at SocialPayments.Services.MessageProcessors.UnitTest.SumittedPaymentMessageProcessor.WhenPendingPaymentMessageWithMobileNumberRecipientUriProcessedWithUnknownRecipientOneTransactionIsCreated() in C:\Users\James\documents\visual studio 2010\Projects\SocialPayments\SocialPayments.Services.MessageProcessors.UnitTest\SumittedPaymentMessageProcessor.cs:line 143
</StackTrace>
        </ErrorInfo>
      </Output>
      <CollectorDataEntries>
        <Collector agentName="JAMES-PC" uri="datacollector://microsoft/SystemInfo/1.0" collectorDisplayName="System Information">
          <UriAttachments>
            <UriAttachment>
              <A href="JAMES-PC\SystemInformation.xml">System Information from JAMES-PC</A>
            </UriAttachment>
          </UriAttachments>
        </Collector>
        <Collector agentName="JAMES-PC" uri="datacollector://microsoft/TraceDebugger/1.0" collectorDisplayName="IntelliTrace">
          <UriAttachments>
            <UriAttachment>
              <A href="JAMES-PC\QTAgent32_120528_205115106_4004.iTrace">IntelliTrace file for 'QTAgent32.exe' (4004)</A>
            </UriAttachment>
          </UriAttachments>
        </Collector>
      </CollectorDataEntries>
      <DataCollectorMessages>
        <DataCollectorMessage timestamp="2012-05-28T20:51:15.1064453-04:00" dataCollectorUri="datacollector://microsoft/HttpProxy/1.0" dataCollectorFriendlyName="ASP.NET Client Proxy for IntelliTrace and Test Impact" agentName="JAMES-PC" level="Warning">
          <Text>An error occurred while processing a web request: PRXY0027: Unable to connect to the server described by the URI: api.smsified.com:443. No connection could be made because the target machine actively refused it 127.0.0.1:8888</Text>
        </DataCollectorMessage>
      </DataCollectorMessages>
    </UnitTestResult>
    <UnitTestResult executionId="6d5f1115-e2df-4527-a20b-4a187e149d12" testId="0fca5039-70ac-8fe2-0079-00929dc94a06" testName="WhenPhoneNumberWithAllDigitsPhoneNumberIsFormatted" computerName="JAMES-PC" duration="00:00:00.0015300" startTime="2012-05-28T20:51:15.3564453-04:00" endTime="2012-05-28T20:51:15.3720703-04:00" testType="13cdc9d9-ddb5-4fa4-a97d-d965ccfc6d4b" outcome="Passed" testListId="8c84fa94-04c1-424b-9868-57a2d4851a1d" relativeResultsDirectory="6d5f1115-e2df-4527-a20b-4a187e149d12">
      <CollectorDataEntries>
        <Collector agentName="JAMES-PC" uri="datacollector://microsoft/SystemInfo/1.0" collectorDisplayName="System Information">
          <UriAttachments>
            <UriAttachment>
              <A href="JAMES-PC\SystemInformation.xml">System Information from JAMES-PC</A>
            </UriAttachment>
          </UriAttachments>
        </Collector>
        <Collector agentName="JAMES-PC" uri="datacollector://microsoft/TestImpact/1.0" collectorDisplayName="Test Impact">
          <UriAttachments>
            <UriAttachment>
              <A href="JAMES-PC\testimpact.xml">Test Impact Data</A>
            </UriAttachment>
          </UriAttachments>
        </Collector>
      </CollectorDataEntries>
    </UnitTestResult>
    <UnitTestResult executionId="98fe72d8-ae29-4c9f-b3e4-ae858524a728" testId="a9ddb870-db56-9c79-e19e-55240b51b825" testName="WhenPhoneNumberWithHyphensAndParensAndLeading1AndSpacePhoneNumberIsFormatted" computerName="JAMES-PC" duration="00:00:00.0016298" startTime="2012-05-28T20:51:15.3876953-04:00" endTime="2012-05-28T20:51:15.4033203-04:00" testType="13cdc9d9-ddb5-4fa4-a97d-d965ccfc6d4b" outcome="Passed" testListId="8c84fa94-04c1-424b-9868-57a2d4851a1d" relativeResultsDirectory="98fe72d8-ae29-4c9f-b3e4-ae858524a728">
      <CollectorDataEntries>
        <Collector agentName="JAMES-PC" uri="datacollector://microsoft/SystemInfo/1.0" collectorDisplayName="System Information">
          <UriAttachments>
            <UriAttachment>
              <A href="JAMES-PC\SystemInformation.xml">System Information from JAMES-PC</A>
            </UriAttachment>
          </UriAttachments>
        </Collector>
        <Collector agentName="JAMES-PC" uri="datacollector://microsoft/TestImpact/1.0" collectorDisplayName="Test Impact">
          <UriAttachments>
            <UriAttachment>
              <A href="JAMES-PC\testimpact.xml">Test Impact Data</A>
            </UriAttachment>
          </UriAttachments>
        </Collector>
      </CollectorDataEntries>
    </UnitTestResult>
    <UnitTestResult executionId="8989d56f-93cd-474f-8fe9-c5b00ecfefa6" testId="ebe4782a-90b6-11bf-baf5-676d34c78ea6" testName="WhenPhoneNumberWithHyphensAndParensAndLeading1NoSpacePhoneNumberIsFormatted" computerName="JAMES-PC" duration="00:00:00.0006674" startTime="2012-05-28T20:51:15.4033203-04:00" endTime="2012-05-28T20:51:15.4345703-04:00" testType="13cdc9d9-ddb5-4fa4-a97d-d965ccfc6d4b" outcome="Passed" testListId="8c84fa94-04c1-424b-9868-57a2d4851a1d" relativeResultsDirectory="8989d56f-93cd-474f-8fe9-c5b00ecfefa6">
      <CollectorDataEntries>
        <Collector agentName="JAMES-PC" uri="datacollector://microsoft/SystemInfo/1.0" collectorDisplayName="System Information">
          <UriAttachments>
            <UriAttachment>
              <A href="JAMES-PC\SystemInformation.xml">System Information from JAMES-PC</A>
            </UriAttachment>
          </UriAttachments>
        </Collector>
        <Collector agentName="JAMES-PC" uri="datacollector://microsoft/TestImpact/1.0" collectorDisplayName="Test Impact">
          <UriAttachments>
            <UriAttachment>
              <A href="JAMES-PC\testimpact.xml">Test Impact Data</A>
            </UriAttachment>
          </UriAttachments>
        </Collector>
      </CollectorDataEntries>
    </UnitTestResult>
    <UnitTestResult executionId="43745299-bfb3-4250-bc55-cea3e66560a9" testId="947d117b-7b7c-6cf4-5e6a-9d4c32b39bd3" testName="WhenPhoneNumberWithHyphensAndParensAndLeading1PhoneNumberIsFormatted" computerName="JAMES-PC" duration="00:00:00.0015281" startTime="2012-05-28T20:51:15.4345703-04:00" endTime="2012-05-28T20:51:15.4501953-04:00" testType="13cdc9d9-ddb5-4fa4-a97d-d965ccfc6d4b" outcome="Passed" testListId="8c84fa94-04c1-424b-9868-57a2d4851a1d" relativeResultsDirectory="43745299-bfb3-4250-bc55-cea3e66560a9">
      <CollectorDataEntries>
        <Collector agentName="JAMES-PC" uri="datacollector://microsoft/SystemInfo/1.0" collectorDisplayName="System Information">
          <UriAttachments>
            <UriAttachment>
              <A href="JAMES-PC\SystemInformation.xml">System Information from JAMES-PC</A>
            </UriAttachment>
          </UriAttachments>
        </Collector>
        <Collector agentName="JAMES-PC" uri="datacollector://microsoft/TestImpact/1.0" collectorDisplayName="Test Impact">
          <UriAttachments>
            <UriAttachment>
              <A href="JAMES-PC\testimpact.xml">Test Impact Data</A>
            </UriAttachment>
          </UriAttachments>
        </Collector>
      </CollectorDataEntries>
    </UnitTestResult>
    <UnitTestResult executionId="5ae4ae9a-9ba2-430c-afc9-ccb595b3caec" testId="b21ee041-aa13-6075-73ee-7adc402b74ba" testName="WhenPhoneNumberWithHyphensAndParensAndPlusAndLeading1AndNoSpacePhoneNumberIsFormatted" computerName="JAMES-PC" duration="00:00:00.0006648" startTime="2012-05-28T20:51:15.4658203-04:00" endTime="2012-05-28T20:51:15.4814453-04:00" testType="13cdc9d9-ddb5-4fa4-a97d-d965ccfc6d4b" outcome="Passed" testListId="8c84fa94-04c1-424b-9868-57a2d4851a1d" relativeResultsDirectory="5ae4ae9a-9ba2-430c-afc9-ccb595b3caec">
      <CollectorDataEntries>
        <Collector agentName="JAMES-PC" uri="datacollector://microsoft/SystemInfo/1.0" collectorDisplayName="System Information">
          <UriAttachments>
            <UriAttachment>
              <A href="JAMES-PC\SystemInformation.xml">System Information from JAMES-PC</A>
            </UriAttachment>
          </UriAttachments>
        </Collector>
        <Collector agentName="JAMES-PC" uri="datacollector://microsoft/TestImpact/1.0" collectorDisplayName="Test Impact">
          <UriAttachments>
            <UriAttachment>
              <A href="JAMES-PC\testimpact.xml">Test Impact Data</A>
            </UriAttachment>
          </UriAttachments>
        </Collector>
      </CollectorDataEntries>
    </UnitTestResult>
    <UnitTestResult executionId="7adf3b58-3e16-47e6-87b0-dfa72630f8ab" testId="3b9a5dba-1e48-7c16-1947-f63c15548429" testName="WhenPhoneNumberWithHyphensAndParensAndPlusAndLeading1AndSpacePhoneNumberIsFormatted" computerName="JAMES-PC" duration="00:00:00.0006539" startTime="2012-05-28T20:51:15.4814453-04:00" endTime="2012-05-28T20:51:15.6064453-04:00" testType="13cdc9d9-ddb5-4fa4-a97d-d965ccfc6d4b" outcome="Passed" testListId="8c84fa94-04c1-424b-9868-57a2d4851a1d" relativeResultsDirectory="7adf3b58-3e16-47e6-87b0-dfa72630f8ab">
      <CollectorDataEntries>
        <Collector agentName="JAMES-PC" uri="datacollector://microsoft/SystemInfo/1.0" collectorDisplayName="System Information">
          <UriAttachments>
            <UriAttachment>
              <A href="JAMES-PC\SystemInformation.xml">System Information from JAMES-PC</A>
            </UriAttachment>
          </UriAttachments>
        </Collector>
        <Collector agentName="JAMES-PC" uri="datacollector://microsoft/TestImpact/1.0" collectorDisplayName="Test Impact">
          <UriAttachments>
            <UriAttachment>
              <A href="JAMES-PC\testimpact.xml">Test Impact Data</A>
            </UriAttachment>
          </UriAttachments>
        </Collector>
      </CollectorDataEntries>
    </UnitTestResult>
    <UnitTestResult executionId="7288904f-50f6-4d54-a7b1-e095d240d99d" testId="20ee4f6c-37a1-43d7-a121-0f1938e95893" testName="WhenPhoneNumberWithHyphensAndParensPhoneNumberIsFormatted" computerName="JAMES-PC" duration="00:00:00.0017451" startTime="2012-05-28T20:51:15.6376953-04:00" endTime="2012-05-28T20:51:15.6689453-04:00" testType="13cdc9d9-ddb5-4fa4-a97d-d965ccfc6d4b" outcome="Passed" testListId="8c84fa94-04c1-424b-9868-57a2d4851a1d" relativeResultsDirectory="7288904f-50f6-4d54-a7b1-e095d240d99d">
      <CollectorDataEntries>
        <Collector agentName="JAMES-PC" uri="datacollector://microsoft/SystemInfo/1.0" collectorDisplayName="System Information">
          <UriAttachments>
            <UriAttachment>
              <A href="JAMES-PC\SystemInformation.xml">System Information from JAMES-PC</A>
            </UriAttachment>
          </UriAttachments>
        </Collector>
        <Collector agentName="JAMES-PC" uri="datacollector://microsoft/TestImpact/1.0" collectorDisplayName="Test Impact">
          <UriAttachments>
            <UriAttachment>
              <A href="JAMES-PC\testimpact.xml">Test Impact Data</A>
            </UriAttachment>
          </UriAttachments>
        </Collector>
      </CollectorDataEntries>
    </UnitTestResult>
    <UnitTestResult executionId="165aac67-7375-4698-95f3-bb38f8da405a" testId="92f1a48c-27c3-2484-15f2-11bd22c977c7" testName="WhenPhoneNumberWithHyphensPhoneNumberIsFormatted" computerName="JAMES-PC" duration="00:00:00.0059711" startTime="2012-05-28T20:51:15.6689453-04:00" endTime="2012-05-28T20:51:15.7001953-04:00" testType="13cdc9d9-ddb5-4fa4-a97d-d965ccfc6d4b" outcome="Passed" testListId="8c84fa94-04c1-424b-9868-57a2d4851a1d" relativeResultsDirectory="165aac67-7375-4698-95f3-bb38f8da405a">
      <CollectorDataEntries>
        <Collector agentName="JAMES-PC" uri="datacollector://microsoft/SystemInfo/1.0" collectorDisplayName="System Information">
          <UriAttachments>
            <UriAttachment>
              <A href="JAMES-PC\SystemInformation.xml">System Information from JAMES-PC</A>
            </UriAttachment>
          </UriAttachments>
        </Collector>
        <Collector agentName="JAMES-PC" uri="datacollector://microsoft/TestImpact/1.0" collectorDisplayName="Test Impact">
          <UriAttachments>
            <UriAttachment>
              <A href="JAMES-PC\testimpact.xml">Test Impact Data</A>
            </UriAttachment>
          </UriAttachments>
        </Collector>
      </CollectorDataEntries>
    </UnitTestResult>
    <UnitTestResult executionId="6fa53e7b-07e8-4d87-90b2-4ae7629e6fc3" testId="b3781147-c075-8ef7-e89b-53e5de69fdee" testName="WhenRemovingMessageWithDepositAndWithdrawlTransactionInBatchTransactionCountInBatchIsReducedBy2" computerName="JAMES-PC" duration="00:00:00.0047397" startTime="2012-05-28T20:51:15.7001953-04:00" endTime="2012-05-28T20:51:15.7314453-04:00" testType="13cdc9d9-ddb5-4fa4-a97d-d965ccfc6d4b" outcome="Passed" testListId="8c84fa94-04c1-424b-9868-57a2d4851a1d" relativeResultsDirectory="6fa53e7b-07e8-4d87-90b2-4ae7629e6fc3">
      <CollectorDataEntries>
        <Collector agentName="JAMES-PC" uri="datacollector://microsoft/SystemInfo/1.0" collectorDisplayName="System Information">
          <UriAttachments>
            <UriAttachment>
              <A href="JAMES-PC\SystemInformation.xml">System Information from JAMES-PC</A>
            </UriAttachment>
          </UriAttachments>
        </Collector>
        <Collector agentName="JAMES-PC" uri="datacollector://microsoft/TestImpact/1.0" collectorDisplayName="Test Impact">
          <UriAttachments>
            <UriAttachment>
              <A href="JAMES-PC\testimpact.xml">Test Impact Data</A>
            </UriAttachment>
          </UriAttachments>
        </Collector>
      </CollectorDataEntries>
    </UnitTestResult>
    <UnitTestResult executionId="0bd16c87-e486-4489-bd42-e521aa92d7a8" testId="650202f2-7ecc-4dd9-c7e0-73142f7dd0eb" testName="WhenRemovingMessageWithWithdrawlTransactionInBatchTransactionCountInBatchIsReducedBy1" computerName="JAMES-PC" duration="00:00:00.0005883" startTime="2012-05-28T20:51:15.7314453-04:00" endTime="2012-05-28T20:51:15.7626953-04:00" testType="13cdc9d9-ddb5-4fa4-a97d-d965ccfc6d4b" outcome="Passed" testListId="8c84fa94-04c1-424b-9868-57a2d4851a1d" relativeResultsDirectory="0bd16c87-e486-4489-bd42-e521aa92d7a8">
      <CollectorDataEntries>
        <Collector agentName="JAMES-PC" uri="datacollector://microsoft/SystemInfo/1.0" collectorDisplayName="System Information">
          <UriAttachments>
            <UriAttachment>
              <A href="JAMES-PC\SystemInformation.xml">System Information from JAMES-PC</A>
            </UriAttachment>
          </UriAttachments>
        </Collector>
        <Collector agentName="JAMES-PC" uri="datacollector://microsoft/TestImpact/1.0" collectorDisplayName="Test Impact">
          <UriAttachments>
            <UriAttachment>
              <A href="JAMES-PC\testimpact.xml">Test Impact Data</A>
            </UriAttachment>
          </UriAttachments>
        </Collector>
      </CollectorDataEntries>
    </UnitTestResult>
    <UnitTestResult executionId="90bdf93e-f9c1-4c5e-a708-b937e29f99be" testId="7968a70f-f041-74d5-685d-bf4d9a768083" testName="WhenUpdatingEmailLogThenEmailLogIsUpdated" computerName="JAMES-PC" duration="00:00:00.0032378" startTime="2012-05-28T20:51:15.7626953-04:00" endTime="2012-05-28T20:51:16.0595703-04:00" testType="13cdc9d9-ddb5-4fa4-a97d-d965ccfc6d4b" outcome="Failed" testListId="8c84fa94-04c1-424b-9868-57a2d4851a1d" relativeResultsDirectory="90bdf93e-f9c1-4c5e-a708-b937e29f99be">
      <Output>
        <ErrorInfo>
          <Message>Test method SocialPayments.DomainServices.UnitTests.EmailLogServiceTest.WhenUpdatingEmailLogThenEmailLogIsUpdated threw exception: 
System.NullReferenceException: Object reference not set to an instance of an object.</Message>
          <StackTrace>    at SocialPayments.DomainServices.UnitTests.EmailLogServiceTest.WhenUpdatingEmailLogThenEmailLogIsUpdated() in C:\Users\James\documents\visual studio 2010\Projects\SocialPayments\SocialPayments.DomainServices.UnitTests\EmailLogServiceTest.cs:line 123
</StackTrace>
        </ErrorInfo>
      </Output>
      <CollectorDataEntries>
        <Collector agentName="JAMES-PC" uri="datacollector://microsoft/SystemInfo/1.0" collectorDisplayName="System Information">
          <UriAttachments>
            <UriAttachment>
              <A href="JAMES-PC\SystemInformation.xml">System Information from JAMES-PC</A>
            </UriAttachment>
          </UriAttachments>
        </Collector>
        <Collector agentName="JAMES-PC" uri="datacollector://microsoft/TraceDebugger/1.0" collectorDisplayName="IntelliTrace">
          <UriAttachments>
            <UriAttachment>
              <A href="JAMES-PC\QTAgent32_120528_205115778_4004.iTrace">IntelliTrace file for 'QTAgent32.exe' (4004)</A>
            </UriAttachment>
          </UriAttachments>
        </Collector>
      </CollectorDataEntries>
    </UnitTestResult>
    <UnitTestResult executionId="ecf8a886-b1f2-4612-a76c-5c1c299766e0" testId="954ba304-f237-1d11-1a31-48fb54e92c87" testName="WhenUpdatingNameApplicationNameIsChanged" computerName="JAMES-PC" duration="00:00:00.0367141" startTime="2012-05-28T20:51:16.2001953-04:00" endTime="2012-05-28T20:51:16.5439453-04:00" testType="13cdc9d9-ddb5-4fa4-a97d-d965ccfc6d4b" outcome="Passed" testListId="8c84fa94-04c1-424b-9868-57a2d4851a1d" relativeResultsDirectory="ecf8a886-b1f2-4612-a76c-5c1c299766e0">
      <CollectorDataEntries>
        <Collector agentName="JAMES-PC" uri="datacollector://microsoft/SystemInfo/1.0" collectorDisplayName="System Information">
          <UriAttachments>
            <UriAttachment>
              <A href="JAMES-PC\SystemInformation.xml">System Information from JAMES-PC</A>
            </UriAttachment>
          </UriAttachments>
        </Collector>
        <Collector agentName="JAMES-PC" uri="datacollector://microsoft/TestImpact/1.0" collectorDisplayName="Test Impact">
          <UriAttachments>
            <UriAttachment>
              <A href="JAMES-PC\testimpact.xml">Test Impact Data</A>
            </UriAttachment>
          </UriAttachments>
        </Collector>
      </CollectorDataEntries>
    </UnitTestResult>
    <UnitTestResult executionId="0bcc3e70-d5e9-45a0-b600-0999e402b6b9" testId="4a03fb37-c632-458d-6b40-fb978d501b71" testName="WhenUpdatingSMSLogThenSMSLogIsUpdated" computerName="JAMES-PC" duration="00:00:00.0023743" startTime="2012-05-28T20:51:16.5439453-04:00" endTime="2012-05-28T20:51:16.5751953-04:00" testType="13cdc9d9-ddb5-4fa4-a97d-d965ccfc6d4b" outcome="Passed" testListId="8c84fa94-04c1-424b-9868-57a2d4851a1d" relativeResultsDirectory="0bcc3e70-d5e9-45a0-b600-0999e402b6b9">
      <CollectorDataEntries>
        <Collector agentName="JAMES-PC" uri="datacollector://microsoft/SystemInfo/1.0" collectorDisplayName="System Information">
          <UriAttachments>
            <UriAttachment>
              <A href="JAMES-PC\SystemInformation.xml">System Information from JAMES-PC</A>
            </UriAttachment>
          </UriAttachments>
        </Collector>
        <Collector agentName="JAMES-PC" uri="datacollector://microsoft/TestImpact/1.0" collectorDisplayName="Test Impact">
          <UriAttachments>
            <UriAttachment>
              <A href="JAMES-PC\testimpact.xml">Test Impact Data</A>
            </UriAttachment>
          </UriAttachments>
        </Collector>
      </CollectorDataEntries>
    </UnitTestResult>
    <UnitTestResult executionId="c819d7de-1a7d-4c97-b373-1fda329cb6c5" testId="766097ab-5a0f-f597-73e4-4cc1f9399713" testName="WhenUserRegistersUserIsAddedToUser" computerName="JAMES-PC" duration="00:00:00.0059560" startTime="2012-05-28T20:51:16.5751953-04:00" endTime="2012-05-28T20:51:16.5908203-04:00" testType="13cdc9d9-ddb5-4fa4-a97d-d965ccfc6d4b" outcome="Passed" testListId="8c84fa94-04c1-424b-9868-57a2d4851a1d" relativeResultsDirectory="c819d7de-1a7d-4c97-b373-1fda329cb6c5">
      <CollectorDataEntries>
        <Collector agentName="JAMES-PC" uri="datacollector://microsoft/SystemInfo/1.0" collectorDisplayName="System Information">
          <UriAttachments>
            <UriAttachment>
              <A href="JAMES-PC\SystemInformation.xml">System Information from JAMES-PC</A>
            </UriAttachment>
          </UriAttachments>
        </Collector>
        <Collector agentName="JAMES-PC" uri="datacollector://microsoft/TestImpact/1.0" collectorDisplayName="Test Impact">
          <UriAttachments>
            <UriAttachment>
              <A href="JAMES-PC\testimpact.xml">Test Impact Data</A>
            </UriAttachment>
          </UriAttachments>
        </Collector>
      </CollectorDataEntries>
    </UnitTestResult>
    <UnitTestResult executionId="8e1ec6e1-bac9-4bd7-9257-70d382818054" testId="9c8cdb61-b369-bcb4-1de3-06b5e0d9fcd9" testName="WhenUserSetsUpSecurityPinSecurityPinIsSetup" computerName="JAMES-PC" duration="00:00:00.0007704" startTime="2012-05-28T20:51:16.6064453-04:00" endTime="2012-05-28T20:51:16.6376953-04:00" testType="13cdc9d9-ddb5-4fa4-a97d-d965ccfc6d4b" outcome="Passed" testListId="8c84fa94-04c1-424b-9868-57a2d4851a1d" relativeResultsDirectory="8e1ec6e1-bac9-4bd7-9257-70d382818054">
      <CollectorDataEntries>
        <Collector agentName="JAMES-PC" uri="datacollector://microsoft/SystemInfo/1.0" collectorDisplayName="System Information">
          <UriAttachments>
            <UriAttachment>
              <A href="JAMES-PC\SystemInformation.xml">System Information from JAMES-PC</A>
            </UriAttachment>
          </UriAttachments>
        </Collector>
        <Collector agentName="JAMES-PC" uri="datacollector://microsoft/TestImpact/1.0" collectorDisplayName="Test Impact">
          <UriAttachments>
            <UriAttachment>
              <A href="JAMES-PC\testimpact.xml">Test Impact Data</A>
            </UriAttachment>
          </UriAttachments>
        </Collector>
      </CollectorDataEntries>
    </UnitTestResult>
    <UnitTestResult executionId="a81b09f2-3446-4f05-8a7e-b242dc2a94fa" testId="4faec5b5-835d-c650-3b69-89041ad6c7a5" testName="WhenValidatingEmailAddressIsFacebookAccountIsFalse" computerName="JAMES-PC" duration="00:00:00.0034627" startTime="2012-05-28T20:51:16.6376953-04:00" endTime="2012-05-28T20:51:16.6533203-04:00" testType="13cdc9d9-ddb5-4fa4-a97d-d965ccfc6d4b" outcome="Passed" testListId="8c84fa94-04c1-424b-9868-57a2d4851a1d" relativeResultsDirectory="a81b09f2-3446-4f05-8a7e-b242dc2a94fa">
      <CollectorDataEntries>
        <Collector agentName="JAMES-PC" uri="datacollector://microsoft/SystemInfo/1.0" collectorDisplayName="System Information">
          <UriAttachments>
            <UriAttachment>
              <A href="JAMES-PC\SystemInformation.xml">System Information from JAMES-PC</A>
            </UriAttachment>
          </UriAttachments>
        </Collector>
        <Collector agentName="JAMES-PC" uri="datacollector://microsoft/TestImpact/1.0" collectorDisplayName="Test Impact">
          <UriAttachments>
            <UriAttachment>
              <A href="JAMES-PC\testimpact.xml">Test Impact Data</A>
            </UriAttachment>
          </UriAttachments>
        </Collector>
      </CollectorDataEntries>
    </UnitTestResult>
    <UnitTestResult executionId="05fc08ad-ee25-41ec-9f91-cf78736d1e85" testId="d7c2c055-ab4b-51af-90e3-e228843c34e0" testName="WhenValidatingEmailAddressIsMECodeIsFalse" computerName="JAMES-PC" duration="00:00:00.0009065" startTime="2012-05-28T20:51:16.6689453-04:00" endTime="2012-05-28T20:51:16.9814453-04:00" testType="13cdc9d9-ddb5-4fa4-a97d-d965ccfc6d4b" outcome="Passed" testListId="8c84fa94-04c1-424b-9868-57a2d4851a1d" relativeResultsDirectory="05fc08ad-ee25-41ec-9f91-cf78736d1e85">
      <CollectorDataEntries>
        <Collector agentName="JAMES-PC" uri="datacollector://microsoft/SystemInfo/1.0" collectorDisplayName="System Information">
          <UriAttachments>
            <UriAttachment>
              <A href="JAMES-PC\SystemInformation.xml">System Information from JAMES-PC</A>
            </UriAttachment>
          </UriAttachments>
        </Collector>
        <Collector agentName="JAMES-PC" uri="datacollector://microsoft/TestImpact/1.0" collectorDisplayName="Test Impact">
          <UriAttachments>
            <UriAttachment>
              <A href="JAMES-PC\testimpact.xml">Test Impact Data</A>
            </UriAttachment>
          </UriAttachments>
        </Collector>
      </CollectorDataEntries>
    </UnitTestResult>
    <UnitTestResult executionId="e22f884c-ffb4-489d-9fda-44f20ea75afe" testId="de825de5-0798-fefe-c854-2f04b58ba1aa" testName="WhenValidatingEmailAddressThatIsInvalidIsEmailAddressIsFalse" computerName="JAMES-PC" duration="00:00:00.0018653" startTime="2012-05-28T20:51:16.9814453-04:00" endTime="2012-05-28T20:51:17.0126953-04:00" testType="13cdc9d9-ddb5-4fa4-a97d-d965ccfc6d4b" outcome="Passed" testListId="8c84fa94-04c1-424b-9868-57a2d4851a1d" relativeResultsDirectory="e22f884c-ffb4-489d-9fda-44f20ea75afe">
      <CollectorDataEntries>
        <Collector agentName="JAMES-PC" uri="datacollector://microsoft/SystemInfo/1.0" collectorDisplayName="System Information">
          <UriAttachments>
            <UriAttachment>
              <A href="JAMES-PC\SystemInformation.xml">System Information from JAMES-PC</A>
            </UriAttachment>
          </UriAttachments>
        </Collector>
        <Collector agentName="JAMES-PC" uri="datacollector://microsoft/TestImpact/1.0" collectorDisplayName="Test Impact">
          <UriAttachments>
            <UriAttachment>
              <A href="JAMES-PC\testimpact.xml">Test Impact Data</A>
            </UriAttachment>
          </UriAttachments>
        </Collector>
      </CollectorDataEntries>
    </UnitTestResult>
    <UnitTestResult executionId="2d29a7a2-60fb-4c83-9fae-05ad07359d09" testId="50b11e24-8d05-a82b-2969-f41810bd500f" testName="WhenValidatingEmailAddressThatIsValidIsEmailAddressIsTrue" computerName="JAMES-PC" duration="00:00:00.0017035" startTime="2012-05-28T20:51:17.0126953-04:00" endTime="2012-05-28T20:51:17.0439453-04:00" testType="13cdc9d9-ddb5-4fa4-a97d-d965ccfc6d4b" outcome="Passed" testListId="8c84fa94-04c1-424b-9868-57a2d4851a1d" relativeResultsDirectory="2d29a7a2-60fb-4c83-9fae-05ad07359d09">
      <CollectorDataEntries>
        <Collector agentName="JAMES-PC" uri="datacollector://microsoft/SystemInfo/1.0" collectorDisplayName="System Information">
          <UriAttachments>
            <UriAttachment>
              <A href="JAMES-PC\SystemInformation.xml">System Information from JAMES-PC</A>
            </UriAttachment>
          </UriAttachments>
        </Collector>
        <Collector agentName="JAMES-PC" uri="datacollector://microsoft/TestImpact/1.0" collectorDisplayName="Test Impact">
          <UriAttachments>
            <UriAttachment>
              <A href="JAMES-PC\testimpact.xml">Test Impact Data</A>
            </UriAttachment>
          </UriAttachments>
        </Collector>
      </CollectorDataEntries>
    </UnitTestResult>
    <UnitTestResult executionId="5d03314c-6aef-47d9-b1b7-30df8148440f" testId="899bf6a6-d07c-2413-28a5-54eb88df6476" testName="WhenValidatingFacebookAccountIsEmailAddressIsFalse" computerName="JAMES-PC" duration="00:00:00.0008685" startTime="2012-05-28T20:51:17.0595703-04:00" endTime="2012-05-28T20:51:17.0908203-04:00" testType="13cdc9d9-ddb5-4fa4-a97d-d965ccfc6d4b" outcome="Passed" testListId="8c84fa94-04c1-424b-9868-57a2d4851a1d" relativeResultsDirectory="5d03314c-6aef-47d9-b1b7-30df8148440f">
      <CollectorDataEntries>
        <Collector agentName="JAMES-PC" uri="datacollector://microsoft/SystemInfo/1.0" collectorDisplayName="System Information">
          <UriAttachments>
            <UriAttachment>
              <A href="JAMES-PC\SystemInformation.xml">System Information from JAMES-PC</A>
            </UriAttachment>
          </UriAttachments>
        </Collector>
        <Collector agentName="JAMES-PC" uri="datacollector://microsoft/TestImpact/1.0" collectorDisplayName="Test Impact">
          <UriAttachments>
            <UriAttachment>
              <A href="JAMES-PC\testimpact.xml">Test Impact Data</A>
            </UriAttachment>
          </UriAttachments>
        </Collector>
      </CollectorDataEntries>
    </UnitTestResult>
    <UnitTestResult executionId="5d96b042-3fe3-4fec-ad2e-8bddd96ad533" testId="39b5c903-9ed6-8a77-99b3-a3fff6a48f6b" testName="WhenValidatingFacebookAccountIsMeCodeIsFalse" computerName="JAMES-PC" duration="00:00:00.0030526" startTime="2012-05-28T20:51:17.0908203-04:00" endTime="2012-05-28T20:51:17.1064453-04:00" testType="13cdc9d9-ddb5-4fa4-a97d-d965ccfc6d4b" outcome="Passed" testListId="8c84fa94-04c1-424b-9868-57a2d4851a1d" relativeResultsDirectory="5d96b042-3fe3-4fec-ad2e-8bddd96ad533">
      <CollectorDataEntries>
        <Collector agentName="JAMES-PC" uri="datacollector://microsoft/SystemInfo/1.0" collectorDisplayName="System Information">
          <UriAttachments>
            <UriAttachment>
              <A href="JAMES-PC\SystemInformation.xml">System Information from JAMES-PC</A>
            </UriAttachment>
          </UriAttachments>
        </Collector>
        <Collector agentName="JAMES-PC" uri="datacollector://microsoft/TestImpact/1.0" collectorDisplayName="Test Impact">
          <UriAttachments>
            <UriAttachment>
              <A href="JAMES-PC\testimpact.xml">Test Impact Data</A>
            </UriAttachment>
          </UriAttachments>
        </Collector>
      </CollectorDataEntries>
    </UnitTestResult>
    <UnitTestResult executionId="99e5af89-22ea-4fec-8568-6012971b29e7" testId="ffb700bc-d63c-b253-7ca9-8a53db480651" testName="WhenValidatingFacebookAccountThatIsFormattedCorrectlyIsFacebookAccountIsTrue" computerName="JAMES-PC" duration="00:00:00.0008847" startTime="2012-05-28T20:51:17.1220703-04:00" endTime="2012-05-28T20:51:17.1376953-04:00" testType="13cdc9d9-ddb5-4fa4-a97d-d965ccfc6d4b" outcome="Passed" testListId="8c84fa94-04c1-424b-9868-57a2d4851a1d" relativeResultsDirectory="99e5af89-22ea-4fec-8568-6012971b29e7">
      <CollectorDataEntries>
        <Collector agentName="JAMES-PC" uri="datacollector://microsoft/SystemInfo/1.0" collectorDisplayName="System Information">
          <UriAttachments>
            <UriAttachment>
              <A href="JAMES-PC\SystemInformation.xml">System Information from JAMES-PC</A>
            </UriAttachment>
          </UriAttachments>
        </Collector>
        <Collector agentName="JAMES-PC" uri="datacollector://microsoft/TestImpact/1.0" collectorDisplayName="Test Impact">
          <UriAttachments>
            <UriAttachment>
              <A href="JAMES-PC\testimpact.xml">Test Impact Data</A>
            </UriAttachment>
          </UriAttachments>
        </Collector>
      </CollectorDataEntries>
    </UnitTestResult>
    <UnitTestResult executionId="ddcf014b-d133-476b-ad29-cdfb0bbe9548" testId="0a677e88-e1fa-442c-458e-1994ae00745e" testName="WhenValidatingMECodeIsEmailAddressIsFalse" computerName="JAMES-PC" duration="00:00:00.0006727" startTime="2012-05-28T20:51:17.1533203-04:00" endTime="2012-05-28T20:51:17.1689453-04:00" testType="13cdc9d9-ddb5-4fa4-a97d-d965ccfc6d4b" outcome="Passed" testListId="8c84fa94-04c1-424b-9868-57a2d4851a1d" relativeResultsDirectory="ddcf014b-d133-476b-ad29-cdfb0bbe9548">
      <CollectorDataEntries>
        <Collector agentName="JAMES-PC" uri="datacollector://microsoft/SystemInfo/1.0" collectorDisplayName="System Information">
          <UriAttachments>
            <UriAttachment>
              <A href="JAMES-PC\SystemInformation.xml">System Information from JAMES-PC</A>
            </UriAttachment>
          </UriAttachments>
        </Collector>
        <Collector agentName="JAMES-PC" uri="datacollector://microsoft/TestImpact/1.0" collectorDisplayName="Test Impact">
          <UriAttachments>
            <UriAttachment>
              <A href="JAMES-PC\testimpact.xml">Test Impact Data</A>
            </UriAttachment>
          </UriAttachments>
        </Collector>
      </CollectorDataEntries>
    </UnitTestResult>
    <UnitTestResult executionId="bb99e1d3-fedd-450d-93c4-e22ecf80163a" testId="d0900090-0010-afed-5ea8-e6b1560e70a1" testName="WhenValidatingMECodeIsFacebookAccountIsFalse" computerName="JAMES-PC" duration="00:00:00.0016661" startTime="2012-05-28T20:51:17.1845703-04:00" endTime="2012-05-28T20:51:17.2001953-04:00" testType="13cdc9d9-ddb5-4fa4-a97d-d965ccfc6d4b" outcome="Passed" testListId="8c84fa94-04c1-424b-9868-57a2d4851a1d" relativeResultsDirectory="bb99e1d3-fedd-450d-93c4-e22ecf80163a">
      <CollectorDataEntries>
        <Collector agentName="JAMES-PC" uri="datacollector://microsoft/SystemInfo/1.0" collectorDisplayName="System Information">
          <UriAttachments>
            <UriAttachment>
              <A href="JAMES-PC\SystemInformation.xml">System Information from JAMES-PC</A>
            </UriAttachment>
          </UriAttachments>
        </Collector>
        <Collector agentName="JAMES-PC" uri="datacollector://microsoft/TestImpact/1.0" collectorDisplayName="Test Impact">
          <UriAttachments>
            <UriAttachment>
              <A href="JAMES-PC\testimpact.xml">Test Impact Data</A>
            </UriAttachment>
          </UriAttachments>
        </Collector>
      </CollectorDataEntries>
    </UnitTestResult>
    <UnitTestResult executionId="96aa2ecb-77e4-4ca1-8986-ed7b84206b1d" testId="792dc839-f940-d74e-9581-5b57ca2b74b6" testName="WhenValidatingMECodeThatIsFormattedCorrectlyIsMECodeIsTrue" computerName="JAMES-PC" duration="00:00:00.0009378" startTime="2012-05-28T20:51:17.2001953-04:00" endTime="2012-05-28T20:51:17.2470703-04:00" testType="13cdc9d9-ddb5-4fa4-a97d-d965ccfc6d4b" outcome="Passed" testListId="8c84fa94-04c1-424b-9868-57a2d4851a1d" relativeResultsDirectory="96aa2ecb-77e4-4ca1-8986-ed7b84206b1d">
      <CollectorDataEntries>
        <Collector agentName="JAMES-PC" uri="datacollector://microsoft/SystemInfo/1.0" collectorDisplayName="System Information">
          <UriAttachments>
            <UriAttachment>
              <A href="JAMES-PC\SystemInformation.xml">System Information from JAMES-PC</A>
            </UriAttachment>
          </UriAttachments>
        </Collector>
        <Collector agentName="JAMES-PC" uri="datacollector://microsoft/TestImpact/1.0" collectorDisplayName="Test Impact">
          <UriAttachments>
            <UriAttachment>
              <A href="JAMES-PC\testimpact.xml">Test Impact Data</A>
            </UriAttachment>
          </UriAttachments>
        </Collector>
      </CollectorDataEntries>
    </UnitTestResult>
    <UnitTestResult executionId="a4655e84-f930-4611-868c-3c6f4c7203e4" testId="5a206337-570d-a68e-7591-c6238c14331c" testName="WhenValidatingMobileNumberIsEmailAddressIsFalse" computerName="JAMES-PC" duration="00:00:00.0021458" startTime="2012-05-28T20:51:17.2470703-04:00" endTime="2012-05-28T20:51:17.2783203-04:00" testType="13cdc9d9-ddb5-4fa4-a97d-d965ccfc6d4b" outcome="Passed" testListId="8c84fa94-04c1-424b-9868-57a2d4851a1d" relativeResultsDirectory="a4655e84-f930-4611-868c-3c6f4c7203e4">
      <CollectorDataEntries>
        <Collector agentName="JAMES-PC" uri="datacollector://microsoft/SystemInfo/1.0" collectorDisplayName="System Information">
          <UriAttachments>
            <UriAttachment>
              <A href="JAMES-PC\SystemInformation.xml">System Information from JAMES-PC</A>
            </UriAttachment>
          </UriAttachments>
        </Collector>
        <Collector agentName="JAMES-PC" uri="datacollector://microsoft/TestImpact/1.0" collectorDisplayName="Test Impact">
          <UriAttachments>
            <UriAttachment>
              <A href="JAMES-PC\testimpact.xml">Test Impact Data</A>
            </UriAttachment>
          </UriAttachments>
        </Collector>
      </CollectorDataEntries>
    </UnitTestResult>
    <UnitTestResult executionId="c9df3ee4-a368-416e-9e84-a473e71f6f09" testId="f4498ac7-b87a-a85e-0a7b-615b0f1cae17" testName="WhenValidatingMobileNumberIsFacebookAccountIsFalse" computerName="JAMES-PC" duration="00:00:00.0005333" startTime="2012-05-28T20:51:17.2783203-04:00" endTime="2012-05-28T20:51:17.2939453-04:00" testType="13cdc9d9-ddb5-4fa4-a97d-d965ccfc6d4b" outcome="Passed" testListId="8c84fa94-04c1-424b-9868-57a2d4851a1d" relativeResultsDirectory="c9df3ee4-a368-416e-9e84-a473e71f6f09">
      <CollectorDataEntries>
        <Collector agentName="JAMES-PC" uri="datacollector://microsoft/SystemInfo/1.0" collectorDisplayName="System Information">
          <UriAttachments>
            <UriAttachment>
              <A href="JAMES-PC\SystemInformation.xml">System Information from JAMES-PC</A>
            </UriAttachment>
          </UriAttachments>
        </Collector>
        <Collector agentName="JAMES-PC" uri="datacollector://microsoft/TestImpact/1.0" collectorDisplayName="Test Impact">
          <UriAttachments>
            <UriAttachment>
              <A href="JAMES-PC\testimpact.xml">Test Impact Data</A>
            </UriAttachment>
          </UriAttachments>
        </Collector>
      </CollectorDataEntries>
    </UnitTestResult>
    <UnitTestResult executionId="1ec66bad-51c0-498f-995e-72de5d71b857" testId="aaa92377-90b0-c42e-c927-e5a3dbd95d8e" testName="WhenValidatingMobileNumberIsMECoodeIsFale" computerName="JAMES-PC" duration="00:00:00.0005880" startTime="2012-05-28T20:51:17.2939453-04:00" endTime="2012-05-28T20:51:17.3251953-04:00" testType="13cdc9d9-ddb5-4fa4-a97d-d965ccfc6d4b" outcome="Passed" testListId="8c84fa94-04c1-424b-9868-57a2d4851a1d" relativeResultsDirectory="1ec66bad-51c0-498f-995e-72de5d71b857">
      <CollectorDataEntries>
        <Collector agentName="JAMES-PC" uri="datacollector://microsoft/SystemInfo/1.0" collectorDisplayName="System Information">
          <UriAttachments>
            <UriAttachment>
              <A href="JAMES-PC\SystemInformation.xml">System Information from JAMES-PC</A>
            </UriAttachment>
          </UriAttachments>
        </Collector>
        <Collector agentName="JAMES-PC" uri="datacollector://microsoft/TestImpact/1.0" collectorDisplayName="Test Impact">
          <UriAttachments>
            <UriAttachment>
              <A href="JAMES-PC\testimpact.xml">Test Impact Data</A>
            </UriAttachment>
          </UriAttachments>
        </Collector>
      </CollectorDataEntries>
    </UnitTestResult>
    <UnitTestResult executionId="b174db44-9769-43f1-a414-02f527e78321" testId="365730d7-1af5-5553-4605-03b17a466fd5" testName="WhenValidatingTwoMobileNumbersFormattedTheSameAreNumbersEqualIsTrue" computerName="JAMES-PC" duration="00:00:00.0013571" startTime="2012-05-28T20:51:17.3251953-04:00" endTime="2012-05-28T20:51:17.3408203-04:00" testType="13cdc9d9-ddb5-4fa4-a97d-d965ccfc6d4b" outcome="Passed" testListId="8c84fa94-04c1-424b-9868-57a2d4851a1d" relativeResultsDirectory="b174db44-9769-43f1-a414-02f527e78321">
      <CollectorDataEntries>
        <Collector agentName="JAMES-PC" uri="datacollector://microsoft/SystemInfo/1.0" collectorDisplayName="System Information">
          <UriAttachments>
            <UriAttachment>
              <A href="JAMES-PC\SystemInformation.xml">System Information from JAMES-PC</A>
            </UriAttachment>
          </UriAttachments>
        </Collector>
        <Collector agentName="JAMES-PC" uri="datacollector://microsoft/TestImpact/1.0" collectorDisplayName="Test Impact">
          <UriAttachments>
            <UriAttachment>
              <A href="JAMES-PC\testimpact.xml">Test Impact Data</A>
            </UriAttachment>
          </UriAttachments>
        </Collector>
      </CollectorDataEntries>
    </UnitTestResult>
    <UnitTestResult executionId="2ae7ffd8-fde5-4dae-8fa3-993c2512bf0f" testId="d607a035-52e4-f66a-99b7-127c13984695" testName="WhenValidatingTwoMobileNumbersThatAreNotTheSameAreNumbersEqualsIsFalse" computerName="JAMES-PC" duration="00:00:00.0010948" startTime="2012-05-28T20:51:17.3408203-04:00" endTime="2012-05-28T20:51:17.3564453-04:00" testType="13cdc9d9-ddb5-4fa4-a97d-d965ccfc6d4b" outcome="Passed" testListId="8c84fa94-04c1-424b-9868-57a2d4851a1d" relativeResultsDirectory="2ae7ffd8-fde5-4dae-8fa3-993c2512bf0f">
      <CollectorDataEntries>
        <Collector agentName="JAMES-PC" uri="datacollector://microsoft/SystemInfo/1.0" collectorDisplayName="System Information">
          <UriAttachments>
            <UriAttachment>
              <A href="JAMES-PC\SystemInformation.xml">System Information from JAMES-PC</A>
            </UriAttachment>
          </UriAttachments>
        </Collector>
        <Collector agentName="JAMES-PC" uri="datacollector://microsoft/TestImpact/1.0" collectorDisplayName="Test Impact">
          <UriAttachments>
            <UriAttachment>
              <A href="JAMES-PC\testimpact.xml">Test Impact Data</A>
            </UriAttachment>
          </UriAttachments>
        </Collector>
      </CollectorDataEntries>
    </UnitTestResult>
    <UnitTestResult executionId="05e52e67-1c0d-4d6c-968f-9834c2975e40" testId="83317bf7-398d-9bbd-fe96-afe20a9f9fbb" testName="WhenValidatingTwoMobileNumbersThatAreTheSameButFormattedDifferentlyAreNumbersEqualIsTrue" computerName="JAMES-PC" duration="00:00:00.0010392" startTime="2012-05-28T20:51:17.3720703-04:00" endTime="2012-05-28T20:51:17.3876953-04:00" testType="13cdc9d9-ddb5-4fa4-a97d-d965ccfc6d4b" outcome="Passed" testListId="8c84fa94-04c1-424b-9868-57a2d4851a1d" relativeResultsDirectory="05e52e67-1c0d-4d6c-968f-9834c2975e40">
      <CollectorDataEntries>
        <Collector agentName="JAMES-PC" uri="datacollector://microsoft/SystemInfo/1.0" collectorDisplayName="System Information">
          <UriAttachments>
            <UriAttachment>
              <A href="JAMES-PC\SystemInformation.xml">System Information from JAMES-PC</A>
            </UriAttachment>
          </UriAttachments>
        </Collector>
        <Collector agentName="JAMES-PC" uri="datacollector://microsoft/TestImpact/1.0" collectorDisplayName="Test Impact">
          <UriAttachments>
            <UriAttachment>
              <A href="JAMES-PC\testimpact.xml">Test Impact Data</A>
            </UriAttachment>
          </UriAttachments>
        </Collector>
      </CollectorDataEntries>
    </UnitTestResult>
    <UnitTestResult executionId="c65e443d-c9c8-4dc6-82b2-11394648af59" testId="0b05f84a-f12c-dc0c-8bcf-65c1519c8530" testName="WhenValidatingUserByEmailAddressValidUserIsFound" computerName="JAMES-PC" duration="00:00:00.0083164" startTime="2012-05-28T20:51:17.3876953-04:00" endTime="2012-05-28T20:51:17.4970703-04:00" testType="13cdc9d9-ddb5-4fa4-a97d-d965ccfc6d4b" outcome="Passed" testListId="8c84fa94-04c1-424b-9868-57a2d4851a1d" relativeResultsDirectory="c65e443d-c9c8-4dc6-82b2-11394648af59">
      <CollectorDataEntries>
        <Collector agentName="JAMES-PC" uri="datacollector://microsoft/SystemInfo/1.0" collectorDisplayName="System Information">
          <UriAttachments>
            <UriAttachment>
              <A href="JAMES-PC\SystemInformation.xml">System Information from JAMES-PC</A>
            </UriAttachment>
          </UriAttachments>
        </Collector>
        <Collector agentName="JAMES-PC" uri="datacollector://microsoft/TestImpact/1.0" collectorDisplayName="Test Impact">
          <UriAttachments>
            <UriAttachment>
              <A href="JAMES-PC\testimpact.xml">Test Impact Data</A>
            </UriAttachment>
          </UriAttachments>
        </Collector>
      </CollectorDataEntries>
    </UnitTestResult>
    <UnitTestResult executionId="3b30cf80-8ddc-425e-b374-391e44d72586" testId="16c2364f-cdda-f33e-d319-c13dcf7dad9f" testName="WhenValidatingUserByUnformattedValidUserIsFound" computerName="JAMES-PC" duration="00:00:00.0301275" startTime="2012-05-28T20:51:17.6064453-04:00" endTime="2012-05-28T20:51:17.7939453-04:00" testType="13cdc9d9-ddb5-4fa4-a97d-d965ccfc6d4b" outcome="Passed" testListId="8c84fa94-04c1-424b-9868-57a2d4851a1d" relativeResultsDirectory="3b30cf80-8ddc-425e-b374-391e44d72586">
      <CollectorDataEntries>
        <Collector agentName="JAMES-PC" uri="datacollector://microsoft/SystemInfo/1.0" collectorDisplayName="System Information">
          <UriAttachments>
            <UriAttachment>
              <A href="JAMES-PC\SystemInformation.xml">System Information from JAMES-PC</A>
            </UriAttachment>
          </UriAttachments>
        </Collector>
        <Collector agentName="JAMES-PC" uri="datacollector://microsoft/TestImpact/1.0" collectorDisplayName="Test Impact">
          <UriAttachments>
            <UriAttachment>
              <A href="JAMES-PC\testimpact.xml">Test Impact Data</A>
            </UriAttachment>
          </UriAttachments>
        </Collector>
      </CollectorDataEntries>
    </UnitTestResult>
    <UnitTestResult executionId="cda1dbd0-c985-48ff-be3e-a89b2108b2f6" testId="2c36ece7-33e7-5d7f-e7ec-52ff999c3bf4" testName="WhenValidatingUserFormattedValidUserIsFound" computerName="JAMES-PC" duration="00:00:00.0048752" startTime="2012-05-28T20:51:17.8408203-04:00" endTime="2012-05-28T20:51:17.8720703-04:00" testType="13cdc9d9-ddb5-4fa4-a97d-d965ccfc6d4b" outcome="Passed" testListId="8c84fa94-04c1-424b-9868-57a2d4851a1d" relativeResultsDirectory="cda1dbd0-c985-48ff-be3e-a89b2108b2f6">
      <CollectorDataEntries>
        <Collector agentName="JAMES-PC" uri="datacollector://microsoft/SystemInfo/1.0" collectorDisplayName="System Information">
          <UriAttachments>
            <UriAttachment>
              <A href="JAMES-PC\SystemInformation.xml">System Information from JAMES-PC</A>
            </UriAttachment>
          </UriAttachments>
        </Collector>
        <Collector agentName="JAMES-PC" uri="datacollector://microsoft/TestImpact/1.0" collectorDisplayName="Test Impact">
          <UriAttachments>
            <UriAttachment>
              <A href="JAMES-PC\testimpact.xml">Test Impact Data</A>
            </UriAttachment>
          </UriAttachments>
        </Collector>
      </CollectorDataEntries>
    </UnitTestResult>
    <UnitTestResult executionId="a7451439-304c-4707-85b6-79824d76dafd" testId="dd5d2ae3-ec3a-82e3-539d-2d753e5aa1a7" testName="WhenValidatingUserWithUnformattedPhoneNumberWithHyphensValidUserIsFound" computerName="JAMES-PC" duration="00:00:00.0048352" startTime="2012-05-28T20:51:17.8720703-04:00" endTime="2012-05-28T20:51:17.9033203-04:00" testType="13cdc9d9-ddb5-4fa4-a97d-d965ccfc6d4b" outcome="Passed" testListId="8c84fa94-04c1-424b-9868-57a2d4851a1d" relativeResultsDirectory="a7451439-304c-4707-85b6-79824d76dafd">
      <CollectorDataEntries>
        <Collector agentName="JAMES-PC" uri="datacollector://microsoft/SystemInfo/1.0" collectorDisplayName="System Information">
          <UriAttachments>
            <UriAttachment>
              <A href="JAMES-PC\SystemInformation.xml">System Information from JAMES-PC</A>
            </UriAttachment>
          </UriAttachments>
        </Collector>
        <Collector agentName="JAMES-PC" uri="datacollector://microsoft/TestImpact/1.0" collectorDisplayName="Test Impact">
          <UriAttachments>
            <UriAttachment>
              <A href="JAMES-PC\testimpact.xml">Test Impact Data</A>
            </UriAttachment>
          </UriAttachments>
        </Collector>
      </CollectorDataEntries>
    </UnitTestResult>
    <UnitTestResult executionId="fb64f278-956f-41fe-8eef-eb5e6c03e7dc" testId="e6a4ceb8-bb5b-1344-b441-32e4c0e93a59" testName="WhenVerifyingAccountCorrectlyAccountStatusUpdatestoVerified" computerName="JAMES-PC" duration="00:00:00.0163724" startTime="2012-05-28T20:51:17.9033203-04:00" endTime="2012-05-28T20:51:17.9501953-04:00" testType="13cdc9d9-ddb5-4fa4-a97d-d965ccfc6d4b" outcome="Passed" testListId="8c84fa94-04c1-424b-9868-57a2d4851a1d" relativeResultsDirectory="fb64f278-956f-41fe-8eef-eb5e6c03e7dc">
      <CollectorDataEntries>
        <Collector agentName="JAMES-PC" uri="datacollector://microsoft/SystemInfo/1.0" collectorDisplayName="System Information">
          <UriAttachments>
            <UriAttachment>
              <A href="JAMES-PC\SystemInformation.xml">System Information from JAMES-PC</A>
            </UriAttachment>
          </UriAttachments>
        </Collector>
        <Collector agentName="JAMES-PC" uri="datacollector://microsoft/TestImpact/1.0" collectorDisplayName="Test Impact">
          <UriAttachments>
            <UriAttachment>
              <A href="JAMES-PC\testimpact.xml">Test Impact Data</A>
            </UriAttachment>
          </UriAttachments>
        </Collector>
      </CollectorDataEntries>
    </UnitTestResult>
    <UnitTestResult executionId="ed71edf4-d52b-4e99-81b9-09efc977ff53" testId="4c4c3aa4-9bab-223a-7536-2c207e786dd9" testName="WhenVerifyingAccountCorrectlyVerificationServiceReturnsTrue" computerName="JAMES-PC" duration="00:00:00.0043564" startTime="2012-05-28T20:51:17.9501953-04:00" endTime="2012-05-28T20:51:17.9814453-04:00" testType="13cdc9d9-ddb5-4fa4-a97d-d965ccfc6d4b" outcome="Passed" testListId="8c84fa94-04c1-424b-9868-57a2d4851a1d" relativeResultsDirectory="ed71edf4-d52b-4e99-81b9-09efc977ff53">
      <CollectorDataEntries>
        <Collector agentName="JAMES-PC" uri="datacollector://microsoft/SystemInfo/1.0" collectorDisplayName="System Information">
          <UriAttachments>
            <UriAttachment>
              <A href="JAMES-PC\SystemInformation.xml">System Information from JAMES-PC</A>
            </UriAttachment>
          </UriAttachments>
        </Collector>
        <Collector agentName="JAMES-PC" uri="datacollector://microsoft/TestImpact/1.0" collectorDisplayName="Test Impact">
          <UriAttachments>
            <UriAttachment>
              <A href="JAMES-PC\testimpact.xml">Test Impact Data</A>
            </UriAttachment>
          </UriAttachments>
        </Collector>
      </CollectorDataEntries>
    </UnitTestResult>
    <UnitTestResult executionId="2da235e9-911d-45fa-934d-fa3beac2e931" testId="12090d6f-5e04-fb17-c206-c70a446089e1" testName="WhenVerifyingAccountInCorrectly3TimesAccountStatusIsChangedToNeedsReVerification" computerName="JAMES-PC" duration="00:00:00.0088050" startTime="2012-05-28T20:51:17.9970703-04:00" endTime="2012-05-28T20:51:18.0283203-04:00" testType="13cdc9d9-ddb5-4fa4-a97d-d965ccfc6d4b" outcome="Passed" testListId="8c84fa94-04c1-424b-9868-57a2d4851a1d" relativeResultsDirectory="2da235e9-911d-45fa-934d-fa3beac2e931">
      <CollectorDataEntries>
        <Collector agentName="JAMES-PC" uri="datacollector://microsoft/SystemInfo/1.0" collectorDisplayName="System Information">
          <UriAttachments>
            <UriAttachment>
              <A href="JAMES-PC\SystemInformation.xml">System Information from JAMES-PC</A>
            </UriAttachment>
          </UriAttachments>
        </Collector>
        <Collector agentName="JAMES-PC" uri="datacollector://microsoft/TestImpact/1.0" collectorDisplayName="Test Impact">
          <UriAttachments>
            <UriAttachment>
              <A href="JAMES-PC\testimpact.xml">Test Impact Data</A>
            </UriAttachment>
          </UriAttachments>
        </Collector>
      </CollectorDataEntries>
    </UnitTestResult>
    <UnitTestResult executionId="5829df41-1532-4a1b-acb5-5a9fe8276e7a" testId="50e08d33-2a87-b930-5af1-4b561f32bb5a" testName="WhenVerifyingAccountInCorrectlyAccountStatusRemainsPendingActivation" computerName="JAMES-PC" duration="00:00:00.0046053" startTime="2012-05-28T20:51:18.0283203-04:00" endTime="2012-05-28T20:51:18.0595703-04:00" testType="13cdc9d9-ddb5-4fa4-a97d-d965ccfc6d4b" outcome="Passed" testListId="8c84fa94-04c1-424b-9868-57a2d4851a1d" relativeResultsDirectory="5829df41-1532-4a1b-acb5-5a9fe8276e7a">
      <CollectorDataEntries>
        <Collector agentName="JAMES-PC" uri="datacollector://microsoft/SystemInfo/1.0" collectorDisplayName="System Information">
          <UriAttachments>
            <UriAttachment>
              <A href="JAMES-PC\SystemInformation.xml">System Information from JAMES-PC</A>
            </UriAttachment>
          </UriAttachments>
        </Collector>
        <Collector agentName="JAMES-PC" uri="datacollector://microsoft/TestImpact/1.0" collectorDisplayName="Test Impact">
          <UriAttachments>
            <UriAttachment>
              <A href="JAMES-PC\testimpact.xml">Test Impact Data</A>
            </UriAttachment>
          </UriAttachments>
        </Collector>
      </CollectorDataEntries>
    </UnitTestResult>
    <UnitTestResult executionId="35dbe864-d868-4516-b60b-c36a083d7a42" testId="0fe12435-7335-3797-c623-cd0f5419af8f" testName="WhenVerifyingAccountInCorrectlyNumberOfFailuresIncrements" computerName="JAMES-PC" duration="00:00:00.0052333" startTime="2012-05-28T20:51:18.0751953-04:00" endTime="2012-05-28T20:51:18.1064453-04:00" testType="13cdc9d9-ddb5-4fa4-a97d-d965ccfc6d4b" outcome="Passed" testListId="8c84fa94-04c1-424b-9868-57a2d4851a1d" relativeResultsDirectory="35dbe864-d868-4516-b60b-c36a083d7a42">
      <CollectorDataEntries>
        <Collector agentName="JAMES-PC" uri="datacollector://microsoft/SystemInfo/1.0" collectorDisplayName="System Information">
          <UriAttachments>
            <UriAttachment>
              <A href="JAMES-PC\SystemInformation.xml">System Information from JAMES-PC</A>
            </UriAttachment>
          </UriAttachments>
        </Collector>
        <Collector agentName="JAMES-PC" uri="datacollector://microsoft/TestImpact/1.0" collectorDisplayName="Test Impact">
          <UriAttachments>
            <UriAttachment>
              <A href="JAMES-PC\testimpact.xml">Test Impact Data</A>
            </UriAttachment>
          </UriAttachments>
        </Collector>
      </CollectorDataEntries>
    </UnitTestResult>
    <UnitTestResult executionId="c5363282-ceb0-4628-bbd4-c33f6e26e822" testId="ebe4a167-24e0-8c3a-ec8d-b92977ef0b32" testName="WhenVerifyingAccountInCorrectlyVerificationServiceReturnsFalse" computerName="JAMES-PC" duration="00:00:00.0052327" startTime="2012-05-28T20:51:18.1064453-04:00" endTime="2012-05-28T20:51:18.1376953-04:00" testType="13cdc9d9-ddb5-4fa4-a97d-d965ccfc6d4b" outcome="Passed" testListId="8c84fa94-04c1-424b-9868-57a2d4851a1d" relativeResultsDirectory="c5363282-ceb0-4628-bbd4-c33f6e26e822">
      <CollectorDataEntries>
        <Collector agentName="JAMES-PC" uri="datacollector://microsoft/SystemInfo/1.0" collectorDisplayName="System Information">
          <UriAttachments>
            <UriAttachment>
              <A href="JAMES-PC\SystemInformation.xml">System Information from JAMES-PC</A>
            </UriAttachment>
          </UriAttachments>
        </Collector>
        <Collector agentName="JAMES-PC" uri="datacollector://microsoft/TestImpact/1.0" collectorDisplayName="Test Impact">
          <UriAttachments>
            <UriAttachment>
              <A href="JAMES-PC\testimpact.xml">Test Impact Data</A>
            </UriAttachment>
          </UriAttachments>
        </Collector>
      </CollectorDataEntries>
    </UnitTestResult>
  </Results>
</TestRun>