<?xml version="1.0" encoding="UTF-8"?>
<TestRun id="fe9cd2ea-596c-4d74-bfb8-e3f807b18683" name="James@JAMES-PC 2012-05-20 23:05:36" runUser="James-PC\James" xmlns="http://microsoft.com/schemas/VisualStudio/TeamTest/2010">
  <TestSettings name="Local" id="63f1875e-6356-47de-9b24-1f557b223cad">
    <Description>These are default test settings for a local test run.</Description>
    <Deployment enabled="false" runDeploymentRoot="James_JAMES-PC 2012-05-20 23_05_36">
      <DeploymentItem filename="C:\Users\James\documents\visual studio 2010\Projects\SocialPayments\SocialPayments.Facebook\bin\SocialPayments.Facebook.dll" />
      <DeploymentItem filename="C:\Users\James\documents\visual studio 2010\Projects\SocialPayments\SocialPayments.Services.IMessageProcessor\bin\Release\SocialPayments.Services.IMessageProcessor.dll" />
      <DeploymentItem filename="C:\Users\James\documents\visual studio 2010\Projects\SocialPayments\SocialPayments.Services.SubmittedMessageProcessor\bin\Release\SocialPayments.Services.SubmittedMessageProcessor.dll" />
      <DeploymentItem filename="C:\Users\James\documents\visual studio 2010\Projects\SocialPayments\SocialPayments.DomainServices\bin\Local\SocialPayments.DomainServices.dll" />
      <DeploymentItem filename="C:\Users\James\documents\visual studio 2010\Projects\SocialPayments\SocialPayments.Domain\bin\Local\SocialPayments.Domain.dll" />
      <DeploymentItem filename="C:\Users\James\documents\visual studio 2010\Projects\SocialPayments\SocialPayments.DomainServices.UnitTests\bin\Release\SocialPayments.DomainServices.UnitTests.dll" />
      <DeploymentItem filename="C:\Users\James\documents\visual studio 2010\Projects\SocialPayments\SocialPayments.DataLayer\bin\Local\SocialPayments.DataLayer.dll" />
    </Deployment>
    <Execution>
      <TestTypeSpecific />
      <AgentRule name="Execution Agents">
      </AgentRule>
    </Execution>
  </TestSettings>
  <Times creation="2012-05-20T23:05:36.7119141-04:00" queuing="2012-05-20T23:05:39.1191407-04:00" start="2012-05-20T23:05:39.5097657-04:00" finish="2012-05-20T23:06:55.7685547-04:00" />
  <ResultSummary outcome="Error">
    <Counters total="8" executed="2" passed="1" error="0" failed="0" timeout="0" aborted="1" inconclusive="0" passedButRunAborted="0" notRunnable="0" notExecuted="6" disconnected="0" warning="0" completed="0" inProgress="0" pending="0" />
    <RunInfos>
      <RunInfo computerName="JAMES-PC" outcome="Error" timestamp="2012-05-20T23:06:55.7373047-04:00">
        <Text>Test host process exited unexpectedly.</Text>
      </RunInfo>
    </RunInfos>
  </ResultSummary>
  <TestDefinitions>
    <UnitTest name="WhenPendingPaymentMessageWithMECodeRecipientUriProcessedWithKnownRecipientTwoTransactionsAreCreated" storage="c:\users\james\documents\visual studio 2010\projects\socialpayments\socialpayments.services.messageprocessors.unittest\bin\release\socialpayments.services.messageprocessors.unittest.dll" id="3fbab4ce-0069-1341-3102-df8af4d658f8">
      <Execution id="77026ff4-653b-4198-87e4-e0574c6c308f" />
      <TestMethod codeBase="C:/Users/James/documents/visual studio 2010/Projects/SocialPayments/SocialPayments.Services.MessageProcessors.UnitTest/bin/Release/SocialPayments.Services.MessageProcessors.UnitTest.DLL" adapterTypeName="Microsoft.VisualStudio.TestTools.TestTypes.Unit.UnitTestAdapter, Microsoft.VisualStudio.QualityTools.Tips.UnitTest.Adapter, Version=10.0.0.0, Culture=neutral, PublicKeyToken=b03f5f7f11d50a3a" className="SocialPayments.Services.MessageProcessors.UnitTest.SumittedPaymentMessageProcessor, SocialPayments.Services.MessageProcessors.UnitTest, Version=1.0.0.0, Culture=neutral, PublicKeyToken=null" name="WhenPendingPaymentMessageWithMECodeRecipientUriProcessedWithKnownRecipientTwoTransactionsAreCreated" />
    </UnitTest>
    <UnitTest name="WhenUpdatingNameApplicationNameIsChanged" storage="c:\users\james\documents\visual studio 2010\projects\socialpayments\socialpayments.domainservices.unittests\bin\release\socialpayments.domainservices.unittests.dll" id="954ba304-f237-1d11-1a31-48fb54e92c87">
      <Execution id="41e830ad-dc50-4e7c-bcb6-72565bd9a12b" />
      <TestMethod codeBase="C:/Users/James/documents/visual studio 2010/Projects/SocialPayments/SocialPayments.DomainServices.UnitTests/bin/Release/SocialPayments.DomainServices.UnitTests.DLL" adapterTypeName="Microsoft.VisualStudio.TestTools.TestTypes.Unit.UnitTestAdapter, Microsoft.VisualStudio.QualityTools.Tips.UnitTest.Adapter, Version=10.0.0.0, Culture=neutral, PublicKeyToken=b03f5f7f11d50a3a" className="SocialPayments.DomainServices.UnitTests.ApplicationServicesTest, SocialPayments.DomainServices.UnitTests, Version=1.0.0.0, Culture=neutral, PublicKeyToken=null" name="WhenUpdatingNameApplicationNameIsChanged" />
    </UnitTest>
    <UnitTest name="WhenPendingPaymentMessageWithMobileNumberRecipientUriProcessedWithUnknownRecipientOneTransactionIsCreated" storage="c:\users\james\documents\visual studio 2010\projects\socialpayments\socialpayments.services.messageprocessors.unittest\bin\release\socialpayments.services.messageprocessors.unittest.dll" id="0bbf6510-5b38-cc42-6794-c7dbbf478eb4">
      <Execution id="11d06e1a-d424-4972-b3eb-846dde29d7e8" />
      <TestMethod codeBase="C:/Users/James/documents/visual studio 2010/Projects/SocialPayments/SocialPayments.Services.MessageProcessors.UnitTest/bin/Release/SocialPayments.Services.MessageProcessors.UnitTest.DLL" adapterTypeName="Microsoft.VisualStudio.TestTools.TestTypes.Unit.UnitTestAdapter, Microsoft.VisualStudio.QualityTools.Tips.UnitTest.Adapter, Version=10.0.0.0, Culture=neutral, PublicKeyToken=b03f5f7f11d50a3a" className="SocialPayments.Services.MessageProcessors.UnitTest.SumittedPaymentMessageProcessor, SocialPayments.Services.MessageProcessors.UnitTest, Version=1.0.0.0, Culture=neutral, PublicKeyToken=null" name="WhenPendingPaymentMessageWithMobileNumberRecipientUriProcessedWithUnknownRecipientOneTransactionIsCreated" />
    </UnitTest>
    <UnitTest name="About" storage="c:\users\james\documents\visual studio 2010\projects\socialpayments\socialpayments.facebook.tests\bin\local\socialpayments.facebook.tests.dll" id="c1d7bd53-920e-b184-31fb-b52ca09868f5">
      <Execution id="1513f966-6665-41df-9b79-588549341860" />
      <TestMethod codeBase="C:/Users/James/documents/visual studio 2010/Projects/SocialPayments/SocialPayments.Facebook.Tests/bin/Local/SocialPayments.Facebook.Tests.DLL" adapterTypeName="Microsoft.VisualStudio.TestTools.TestTypes.Unit.UnitTestAdapter, Microsoft.VisualStudio.QualityTools.Tips.UnitTest.Adapter, Version=10.0.0.0, Culture=neutral, PublicKeyToken=b03f5f7f11d50a3a" className="SocialPayments.Facebook.Tests.Controllers.HomeControllerTest, SocialPayments.Facebook.Tests, Version=1.0.0.0, Culture=neutral, PublicKeyToken=null" name="About" />
    </UnitTest>
    <UnitTest name="WhenAddingApplicationCollectionHasNewItem" storage="c:\users\james\documents\visual studio 2010\projects\socialpayments\socialpayments.domainservices.unittests\bin\release\socialpayments.domainservices.unittests.dll" id="478cca51-171e-22a8-e83b-baf059f41d9f">
      <Execution id="fce90e7d-eb75-4a14-b3e3-111f92f9ce6a" />
      <TestMethod codeBase="C:/Users/James/documents/visual studio 2010/Projects/SocialPayments/SocialPayments.DomainServices.UnitTests/bin/Release/SocialPayments.DomainServices.UnitTests.DLL" adapterTypeName="Microsoft.VisualStudio.TestTools.TestTypes.Unit.UnitTestAdapter, Microsoft.VisualStudio.QualityTools.Tips.UnitTest.Adapter, Version=10.0.0.0, Culture=neutral, PublicKeyToken=b03f5f7f11d50a3a" className="SocialPayments.DomainServices.UnitTests.ApplicationServicesTest, SocialPayments.DomainServices.UnitTests, Version=1.0.0.0, Culture=neutral, PublicKeyToken=null" name="WhenAddingApplicationCollectionHasNewItem" />
    </UnitTest>
    <UnitTest name="Index" storage="c:\users\james\documents\visual studio 2010\projects\socialpayments\socialpayments.facebook.tests\bin\local\socialpayments.facebook.tests.dll" id="f5ae4d3d-1411-d1d3-0b66-791e83111db6">
      <Execution id="ffc84595-e3d0-4018-b054-5b596690ede1" />
      <TestMethod codeBase="C:/Users/James/documents/visual studio 2010/Projects/SocialPayments/SocialPayments.Facebook.Tests/bin/Local/SocialPayments.Facebook.Tests.DLL" adapterTypeName="Microsoft.VisualStudio.TestTools.TestTypes.Unit.UnitTestAdapter, Microsoft.VisualStudio.QualityTools.Tips.UnitTest.Adapter, Version=10.0.0.0, Culture=neutral, PublicKeyToken=b03f5f7f11d50a3a" className="SocialPayments.Facebook.Tests.Controllers.HomeControllerTest, SocialPayments.Facebook.Tests, Version=1.0.0.0, Culture=neutral, PublicKeyToken=null" name="Index" />
    </UnitTest>
    <UnitTest name="WhenPendingPaymentMessageWithMobileNumberRecipientUriProcessedWithKnownRecipientTwoTransactionsAreCreated" storage="c:\users\james\documents\visual studio 2010\projects\socialpayments\socialpayments.services.messageprocessors.unittest\bin\release\socialpayments.services.messageprocessors.unittest.dll" id="a98f7e50-8b97-baa5-6dbb-3dc100efdbe0">
      <Execution id="8da838a4-a172-4c80-bda1-ab6bd0c17f42" />
      <TestMethod codeBase="C:/Users/James/documents/visual studio 2010/Projects/SocialPayments/SocialPayments.Services.MessageProcessors.UnitTest/bin/Release/SocialPayments.Services.MessageProcessors.UnitTest.DLL" adapterTypeName="Microsoft.VisualStudio.TestTools.TestTypes.Unit.UnitTestAdapter, Microsoft.VisualStudio.QualityTools.Tips.UnitTest.Adapter, Version=10.0.0.0, Culture=neutral, PublicKeyToken=b03f5f7f11d50a3a" className="SocialPayments.Services.MessageProcessors.UnitTest.SumittedPaymentMessageProcessor, SocialPayments.Services.MessageProcessors.UnitTest, Version=1.0.0.0, Culture=neutral, PublicKeyToken=null" name="WhenPendingPaymentMessageWithMobileNumberRecipientUriProcessedWithKnownRecipientTwoTransactionsAreCreated" />
    </UnitTest>
    <UnitTest name="WhenPendingPaymentMessageWithEmailAddressRecipientUriProcessedWithKnownRecipientTwoTransactionsAreCreated" storage="c:\users\james\documents\visual studio 2010\projects\socialpayments\socialpayments.services.messageprocessors.unittest\bin\release\socialpayments.services.messageprocessors.unittest.dll" id="9348b3c8-0ebe-7192-620d-3e0b8e10480c">
      <Execution id="4643507d-4f65-49c6-bc4f-f33f3d5ad004" />
      <TestMethod codeBase="C:/Users/James/documents/visual studio 2010/Projects/SocialPayments/SocialPayments.Services.MessageProcessors.UnitTest/bin/Release/SocialPayments.Services.MessageProcessors.UnitTest.DLL" adapterTypeName="Microsoft.VisualStudio.TestTools.TestTypes.Unit.UnitTestAdapter, Microsoft.VisualStudio.QualityTools.Tips.UnitTest.Adapter, Version=10.0.0.0, Culture=neutral, PublicKeyToken=b03f5f7f11d50a3a" className="SocialPayments.Services.MessageProcessors.UnitTest.SumittedPaymentMessageProcessor, SocialPayments.Services.MessageProcessors.UnitTest, Version=1.0.0.0, Culture=neutral, PublicKeyToken=null" name="WhenPendingPaymentMessageWithEmailAddressRecipientUriProcessedWithKnownRecipientTwoTransactionsAreCreated" />
    </UnitTest>
  </TestDefinitions>
  <TestLists>
    <TestList name="Results Not in a List" id="8c84fa94-04c1-424b-9868-57a2d4851a1d" />
    <TestList name="All Loaded Results" id="19431567-8539-422a-85d7-44ee4e166bda" />
  </TestLists>
  <TestEntries>
    <TestEntry testId="0bbf6510-5b38-cc42-6794-c7dbbf478eb4" executionId="11d06e1a-d424-4972-b3eb-846dde29d7e8" testListId="8c84fa94-04c1-424b-9868-57a2d4851a1d" />
    <TestEntry testId="3fbab4ce-0069-1341-3102-df8af4d658f8" executionId="77026ff4-653b-4198-87e4-e0574c6c308f" testListId="8c84fa94-04c1-424b-9868-57a2d4851a1d" />
    <TestEntry testId="478cca51-171e-22a8-e83b-baf059f41d9f" executionId="fce90e7d-eb75-4a14-b3e3-111f92f9ce6a" testListId="8c84fa94-04c1-424b-9868-57a2d4851a1d" />
    <TestEntry testId="9348b3c8-0ebe-7192-620d-3e0b8e10480c" executionId="4643507d-4f65-49c6-bc4f-f33f3d5ad004" testListId="8c84fa94-04c1-424b-9868-57a2d4851a1d" />
    <TestEntry testId="954ba304-f237-1d11-1a31-48fb54e92c87" executionId="41e830ad-dc50-4e7c-bcb6-72565bd9a12b" testListId="8c84fa94-04c1-424b-9868-57a2d4851a1d" />
    <TestEntry testId="a98f7e50-8b97-baa5-6dbb-3dc100efdbe0" executionId="8da838a4-a172-4c80-bda1-ab6bd0c17f42" testListId="8c84fa94-04c1-424b-9868-57a2d4851a1d" />
    <TestEntry testId="c1d7bd53-920e-b184-31fb-b52ca09868f5" executionId="1513f966-6665-41df-9b79-588549341860" testListId="8c84fa94-04c1-424b-9868-57a2d4851a1d" />
    <TestEntry testId="f5ae4d3d-1411-d1d3-0b66-791e83111db6" executionId="ffc84595-e3d0-4018-b054-5b596690ede1" testListId="8c84fa94-04c1-424b-9868-57a2d4851a1d" />
  </TestEntries>
  <Results>
    <UnitTestResult executionId="11d06e1a-d424-4972-b3eb-846dde29d7e8" testId="0bbf6510-5b38-cc42-6794-c7dbbf478eb4" testName="WhenPendingPaymentMessageWithMobileNumberRecipientUriProcessedWithUnknownRecipientOneTransactionIsCreated" computerName="JAMES-PC" duration="00:00:03.5936514" startTime="2012-05-20T23:05:40.0097657-04:00" endTime="2012-05-20T23:05:44.8847657-04:00" testType="13cdc9d9-ddb5-4fa4-a97d-d965ccfc6d4b" outcome="Passed" testListId="8c84fa94-04c1-424b-9868-57a2d4851a1d" relativeResultsDirectory="11d06e1a-d424-4972-b3eb-846dde29d7e8">
    </UnitTestResult>
    <UnitTestResult executionId="77026ff4-653b-4198-87e4-e0574c6c308f" testId="3fbab4ce-0069-1341-3102-df8af4d658f8" testName="WhenPendingPaymentMessageWithMECodeRecipientUriProcessedWithKnownRecipientTwoTransactionsAreCreated" computerName="JAMES-PC" duration="00:01:10.7744140" startTime="2012-05-20T23:05:44.9941407-04:00" endTime="2012-05-20T23:06:55.7685547-04:00" testType="13cdc9d9-ddb5-4fa4-a97d-d965ccfc6d4b" outcome="Aborted" testListId="8c84fa94-04c1-424b-9868-57a2d4851a1d" relativeResultsDirectory="77026ff4-653b-4198-87e4-e0574c6c308f">
    </UnitTestResult>
    <UnitTestResult executionId="fce90e7d-eb75-4a14-b3e3-111f92f9ce6a" testId="478cca51-171e-22a8-e83b-baf059f41d9f" testName="WhenAddingApplicationCollectionHasNewItem" computerName="JAMES-PC" testType="13cdc9d9-ddb5-4fa4-a97d-d965ccfc6d4b" outcome="NotExecuted" testListId="8c84fa94-04c1-424b-9868-57a2d4851a1d" relativeResultsDirectory="fce90e7d-eb75-4a14-b3e3-111f92f9ce6a">
    </UnitTestResult>
    <UnitTestResult executionId="4643507d-4f65-49c6-bc4f-f33f3d5ad004" testId="9348b3c8-0ebe-7192-620d-3e0b8e10480c" testName="WhenPendingPaymentMessageWithEmailAddressRecipientUriProcessedWithKnownRecipientTwoTransactionsAreCreated" computerName="JAMES-PC" testType="13cdc9d9-ddb5-4fa4-a97d-d965ccfc6d4b" outcome="NotExecuted" testListId="8c84fa94-04c1-424b-9868-57a2d4851a1d" relativeResultsDirectory="4643507d-4f65-49c6-bc4f-f33f3d5ad004">
    </UnitTestResult>
    <UnitTestResult executionId="41e830ad-dc50-4e7c-bcb6-72565bd9a12b" testId="954ba304-f237-1d11-1a31-48fb54e92c87" testName="WhenUpdatingNameApplicationNameIsChanged" computerName="JAMES-PC" testType="13cdc9d9-ddb5-4fa4-a97d-d965ccfc6d4b" outcome="NotExecuted" testListId="8c84fa94-04c1-424b-9868-57a2d4851a1d" relativeResultsDirectory="41e830ad-dc50-4e7c-bcb6-72565bd9a12b">
    </UnitTestResult>
    <UnitTestResult executionId="8da838a4-a172-4c80-bda1-ab6bd0c17f42" testId="a98f7e50-8b97-baa5-6dbb-3dc100efdbe0" testName="WhenPendingPaymentMessageWithMobileNumberRecipientUriProcessedWithKnownRecipientTwoTransactionsAreCreated" computerName="JAMES-PC" testType="13cdc9d9-ddb5-4fa4-a97d-d965ccfc6d4b" outcome="NotExecuted" testListId="8c84fa94-04c1-424b-9868-57a2d4851a1d" relativeResultsDirectory="8da838a4-a172-4c80-bda1-ab6bd0c17f42">
    </UnitTestResult>
    <UnitTestResult executionId="1513f966-6665-41df-9b79-588549341860" testId="c1d7bd53-920e-b184-31fb-b52ca09868f5" testName="About" computerName="JAMES-PC" testType="13cdc9d9-ddb5-4fa4-a97d-d965ccfc6d4b" outcome="NotExecuted" testListId="8c84fa94-04c1-424b-9868-57a2d4851a1d" relativeResultsDirectory="1513f966-6665-41df-9b79-588549341860">
    </UnitTestResult>
    <UnitTestResult executionId="ffc84595-e3d0-4018-b054-5b596690ede1" testId="f5ae4d3d-1411-d1d3-0b66-791e83111db6" testName="Index" computerName="JAMES-PC" testType="13cdc9d9-ddb5-4fa4-a97d-d965ccfc6d4b" outcome="NotExecuted" testListId="8c84fa94-04c1-424b-9868-57a2d4851a1d" relativeResultsDirectory="ffc84595-e3d0-4018-b054-5b596690ede1">
    </UnitTestResult>
  </Results>
</TestRun>