<?xml version="1.0" encoding="UTF-8"?>
<TestRun id="0dd66460-dcae-42bb-9213-7b580da99152" name="James@JAMES-PC 2012-04-11 01:09:32" runUser="James-PC\James" xmlns="http://microsoft.com/schemas/VisualStudio/TeamTest/2010">
  <TestSettings name="Default Test Settings" id="ad5fdc6d-82f9-4fbe-b584-bcec6980694e">
    <Deployment runDeploymentRoot="James_JAMES-PC 2012-04-11 01_09_32">
      <DeploymentItem filename="C:\Users\James\documents\visual studio 2010\Projects\SocialPayments\SocialPayments.Facebook\bin\SocialPayments.Facebook.dll" />
      <DeploymentItem filename="C:\Users\James\documents\visual studio 2010\Projects\SocialPayments\SocialPayments.Web.Admin\bin\SocialPayments.Web.Admin.dll" />
    </Deployment>
    <Execution>
      <TestTypeSpecific />
      <AgentRule name="Execution Agents">
      </AgentRule>
    </Execution>
  </TestSettings>
  <Times creation="2012-04-11T01:09:32.9150390-04:00" queuing="2012-04-11T01:09:37.0039062-04:00" start="2012-04-11T01:09:37.3242187-04:00" finish="2012-04-11T01:09:41.3916015-04:00" />
  <ResultSummary outcome="Failed">
    <Counters total="4" executed="4" passed="2" error="0" failed="2" timeout="0" aborted="0" inconclusive="0" passedButRunAborted="0" notRunnable="0" notExecuted="0" disconnected="0" warning="0" completed="0" inProgress="0" pending="0" />
  </ResultSummary>
  <TestDefinitions>
    <UnitTest name="Index" storage="c:\users\james\documents\visual studio 2010\projects\socialpayments\socialpayments.facebook.tests\bin\dev\socialpayments.facebook.tests.dll" id="f5ae4d3d-1411-d1d3-0b66-791e83111db6">
      <Execution id="fd4fc952-6cbe-4f47-97c8-ba0efbf025db" />
      <TestMethod codeBase="C:/Users/James/documents/visual studio 2010/Projects/SocialPayments/SocialPayments.Facebook.Tests/bin/Dev/SocialPayments.Facebook.Tests.DLL" adapterTypeName="Microsoft.VisualStudio.TestTools.TestTypes.Unit.UnitTestAdapter, Microsoft.VisualStudio.QualityTools.Tips.UnitTest.Adapter, Version=10.0.0.0, Culture=neutral, PublicKeyToken=b03f5f7f11d50a3a" className="SocialPayments.Facebook.Tests.Controllers.HomeControllerTest, SocialPayments.Facebook.Tests, Version=1.0.0.0, Culture=neutral, PublicKeyToken=null" name="Index" />
    </UnitTest>
    <UnitTest name="Index" storage="c:\users\james\documents\visual studio 2010\projects\socialpayments\socialpayments.web.admin.tests\bin\dev\socialpayments.web.admin.tests.dll" id="5b99f7cb-1db3-e09e-3653-a6b2ba79a288">
      <Execution id="cde40de2-0c2d-47a2-9e3e-0553a1a59375" />
      <TestMethod codeBase="C:/Users/James/documents/visual studio 2010/Projects/SocialPayments/SocialPayments.Web.Admin.Tests/bin/Dev/SocialPayments.Web.Admin.Tests.DLL" adapterTypeName="Microsoft.VisualStudio.TestTools.TestTypes.Unit.UnitTestAdapter, Microsoft.VisualStudio.QualityTools.Tips.UnitTest.Adapter, Version=10.0.0.0, Culture=neutral, PublicKeyToken=b03f5f7f11d50a3a" className="SocialPayments.Web.Admin.Tests.Controllers.HomeControllerTest, SocialPayments.Web.Admin.Tests, Version=1.0.0.0, Culture=neutral, PublicKeyToken=null" name="Index" />
    </UnitTest>
    <UnitTest name="About" storage="c:\users\james\documents\visual studio 2010\projects\socialpayments\socialpayments.facebook.tests\bin\dev\socialpayments.facebook.tests.dll" id="c1d7bd53-920e-b184-31fb-b52ca09868f5">
      <Execution id="83ba3bf0-c230-4c00-84ef-1ce296ecd09b" />
      <TestMethod codeBase="C:/Users/James/documents/visual studio 2010/Projects/SocialPayments/SocialPayments.Facebook.Tests/bin/Dev/SocialPayments.Facebook.Tests.DLL" adapterTypeName="Microsoft.VisualStudio.TestTools.TestTypes.Unit.UnitTestAdapter, Microsoft.VisualStudio.QualityTools.Tips.UnitTest.Adapter, Version=10.0.0.0, Culture=neutral, PublicKeyToken=b03f5f7f11d50a3a" className="SocialPayments.Facebook.Tests.Controllers.HomeControllerTest, SocialPayments.Facebook.Tests, Version=1.0.0.0, Culture=neutral, PublicKeyToken=null" name="About" />
    </UnitTest>
    <UnitTest name="About" storage="c:\users\james\documents\visual studio 2010\projects\socialpayments\socialpayments.web.admin.tests\bin\dev\socialpayments.web.admin.tests.dll" id="54de1e2a-c365-20ba-ebe0-ac01c66e22f0">
      <Execution id="f7fbd8c1-c8ef-4f94-8f9d-8597bfaacb35" />
      <TestMethod codeBase="C:/Users/James/documents/visual studio 2010/Projects/SocialPayments/SocialPayments.Web.Admin.Tests/bin/Dev/SocialPayments.Web.Admin.Tests.DLL" adapterTypeName="Microsoft.VisualStudio.TestTools.TestTypes.Unit.UnitTestAdapter, Microsoft.VisualStudio.QualityTools.Tips.UnitTest.Adapter, Version=10.0.0.0, Culture=neutral, PublicKeyToken=b03f5f7f11d50a3a" className="SocialPayments.Web.Admin.Tests.Controllers.HomeControllerTest, SocialPayments.Web.Admin.Tests, Version=1.0.0.0, Culture=neutral, PublicKeyToken=null" name="About" />
    </UnitTest>
  </TestDefinitions>
  <TestLists>
    <TestList name="Results Not in a List" id="8c84fa94-04c1-424b-9868-57a2d4851a1d" />
    <TestList name="All Loaded Results" id="19431567-8539-422a-85d7-44ee4e166bda" />
  </TestLists>
  <TestEntries>
    <TestEntry testId="54de1e2a-c365-20ba-ebe0-ac01c66e22f0" executionId="f7fbd8c1-c8ef-4f94-8f9d-8597bfaacb35" testListId="8c84fa94-04c1-424b-9868-57a2d4851a1d" />
    <TestEntry testId="5b99f7cb-1db3-e09e-3653-a6b2ba79a288" executionId="cde40de2-0c2d-47a2-9e3e-0553a1a59375" testListId="8c84fa94-04c1-424b-9868-57a2d4851a1d" />
    <TestEntry testId="c1d7bd53-920e-b184-31fb-b52ca09868f5" executionId="83ba3bf0-c230-4c00-84ef-1ce296ecd09b" testListId="8c84fa94-04c1-424b-9868-57a2d4851a1d" />
    <TestEntry testId="f5ae4d3d-1411-d1d3-0b66-791e83111db6" executionId="fd4fc952-6cbe-4f47-97c8-ba0efbf025db" testListId="8c84fa94-04c1-424b-9868-57a2d4851a1d" />
  </TestEntries>
  <Results>
    <UnitTestResult executionId="f7fbd8c1-c8ef-4f94-8f9d-8597bfaacb35" testId="54de1e2a-c365-20ba-ebe0-ac01c66e22f0" testName="About" computerName="JAMES-PC" duration="00:00:00.9772554" startTime="2012-04-11T01:09:37.6992187-04:00" endTime="2012-04-11T01:09:39.5009765-04:00" testType="13cdc9d9-ddb5-4fa4-a97d-d965ccfc6d4b" outcome="Passed" testListId="8c84fa94-04c1-424b-9868-57a2d4851a1d" relativeResultsDirectory="f7fbd8c1-c8ef-4f94-8f9d-8597bfaacb35">
    </UnitTestResult>
    <UnitTestResult executionId="cde40de2-0c2d-47a2-9e3e-0553a1a59375" testId="5b99f7cb-1db3-e09e-3653-a6b2ba79a288" testName="Index" computerName="JAMES-PC" duration="00:00:00.3510672" startTime="2012-04-11T01:09:39.5439453-04:00" endTime="2012-04-11T01:09:39.9306640-04:00" testType="13cdc9d9-ddb5-4fa4-a97d-d965ccfc6d4b" outcome="Failed" testListId="8c84fa94-04c1-424b-9868-57a2d4851a1d" relativeResultsDirectory="cde40de2-0c2d-47a2-9e3e-0553a1a59375">
      <Output>
        <ErrorInfo>
          <Message>Test method SocialPayments.Web.Admin.Tests.Controllers.HomeControllerTest.Index threw exception: 
System.InvalidOperationException: No connection string named 'DataContext' could be found in the application config file.</Message>
          <StackTrace>    at System.Data.Entity.Internal.LazyInternalConnection.Initialize()
   at System.Data.Entity.Internal.LazyInternalConnection.get_ConnectionHasModel()
   at System.Data.Entity.Internal.LazyInternalContext.InitializeContext()
   at System.Data.Entity.Internal.InternalContext.GetEntitySetAndBaseTypeForType(Type entityType)
   at System.Data.Entity.Internal.Linq.InternalSet`1.Initialize()
   at System.Data.Entity.Internal.Linq.InternalSet`1.get_InternalContext()
   at System.Data.Entity.Infrastructure.DbQuery`1.System.Linq.IQueryable.get_Provider()
   at System.Linq.Queryable.FirstOrDefault[TSource](IQueryable`1 source, Expression`1 predicate)
   at SocialPayments.Web.Admin.Controllers.HomeController.Index() in C:\Users\James\documents\visual studio 2010\Projects\SocialPayments\SocialPayments.Web.Admin\Controllers\HomeController.cs:line 19
   at SocialPayments.Web.Admin.Tests.Controllers.HomeControllerTest.Index() in C:\Users\James\documents\visual studio 2010\Projects\SocialPayments\SocialPayments.Web.Admin.Tests\Controllers\HomeControllerTest.cs:line 22
</StackTrace>
        </ErrorInfo>
      </Output>
    </UnitTestResult>
    <UnitTestResult executionId="83ba3bf0-c230-4c00-84ef-1ce296ecd09b" testId="c1d7bd53-920e-b184-31fb-b52ca09868f5" testName="About" computerName="JAMES-PC" duration="00:00:00.0216784" startTime="2012-04-11T01:09:40.0029296-04:00" endTime="2012-04-11T01:09:40.2744140-04:00" testType="13cdc9d9-ddb5-4fa4-a97d-d965ccfc6d4b" outcome="Passed" testListId="8c84fa94-04c1-424b-9868-57a2d4851a1d" relativeResultsDirectory="83ba3bf0-c230-4c00-84ef-1ce296ecd09b">
    </UnitTestResult>
    <UnitTestResult executionId="fd4fc952-6cbe-4f47-97c8-ba0efbf025db" testId="f5ae4d3d-1411-d1d3-0b66-791e83111db6" testName="Index" computerName="JAMES-PC" duration="00:00:00.7467468" startTime="2012-04-11T01:09:40.3818359-04:00" endTime="2012-04-11T01:09:41.1660156-04:00" testType="13cdc9d9-ddb5-4fa4-a97d-d965ccfc6d4b" outcome="Failed" testListId="8c84fa94-04c1-424b-9868-57a2d4851a1d" relativeResultsDirectory="fd4fc952-6cbe-4f47-97c8-ba0efbf025db">
      <Output>
        <ErrorInfo>
          <Message>Assert.AreEqual failed. Expected:&lt;Welcome to ASP.NET MVC!&gt;. Actual:&lt;Welcome to PaidThx&gt;. </Message>
          <StackTrace>   at CallSite.Target(Closure , CallSite , Type , String , Object )
   at System.Dynamic.UpdateDelegates.UpdateAndExecuteVoid3[T0,T1,T2](CallSite site, T0 arg0, T1 arg1, T2 arg2)
   at SocialPayments.Facebook.Tests.Controllers.HomeControllerTest.Index() in C:\Users\James\documents\visual studio 2010\Projects\SocialPayments\SocialPayments.Facebook.Tests\Controllers\HomeControllerTest.cs:line 25
</StackTrace>
        </ErrorInfo>
      </Output>
    </UnitTestResult>
  </Results>
</TestRun>