<?xml version="1.0" encoding="UTF-8"?>
<TestRun id="647b153c-8547-4a47-8a5f-8cbf8cbd70d8" name="James@JAMES-PC 2012-05-24 22:39:15" runUser="James-PC\James" xmlns="http://microsoft.com/schemas/VisualStudio/TeamTest/2010">
  <TestSettings name="Local" id="63f1875e-6356-47de-9b24-1f557b223cad">
    <Description>These are default test settings for a local test run.</Description>
    <Deployment userDeploymentRoot="C:\Users\James\documents\visual studio 2010\Projects\SocialPayments\TestResults" useDefaultDeploymentRoot="false" enabled="false" runDeploymentRoot="James_JAMES-PC 2012-05-24 22_39_15">
      <DeploymentItem filename="C:\Users\James\documents\visual studio 2010\Projects\SocialPayments\packages\AspNetMvc.4.0.20126.16343\lib\net40\System.Web.Mvc.dll" />
      <DeploymentItem filename="C:\Users\James\documents\visual studio 2010\Projects\SocialPayments\packages\Microsoft.Web.Infrastructure.1.0.0.0\lib\net40\Microsoft.Web.Infrastructure.dll" />
      <DeploymentItem filename="C:\Users\James\documents\visual studio 2010\Projects\SocialPayments\packages\AspNetWebPages.Core.2.0.20126.16343\lib\net40\System.Web.WebPages.Deployment.dll" />
      <DeploymentItem filename="C:\Users\James\documents\visual studio 2010\Projects\SocialPayments\packages\AspNetWebPages.Core.2.0.20126.16343\lib\net40\System.Web.WebPages.Razor.dll" />
      <DeploymentItem filename="C:\Users\James\documents\visual studio 2010\Projects\SocialPayments\packages\AspNetWebPages.Core.2.0.20126.16343\lib\net40\System.Web.Helpers.dll" />
      <DeploymentItem filename="C:\Users\James\documents\visual studio 2010\Projects\SocialPayments\SocialPayments.DomainServices\bin\Test\SocialPayments.DomainServices.dll" />
      <DeploymentItem filename="C:\Users\James\documents\visual studio 2010\Projects\SocialPayments\packages\AspNetRazor.Core.2.0.20126.16343\lib\net40\System.Web.Razor.dll" />
      <DeploymentItem filename="C:\Users\James\documents\visual studio 2010\Projects\SocialPayments\packages\AspNetWebPages.Core.2.0.20126.16343\lib\net40\System.Web.WebPages.dll" />
      <DeploymentItem filename="C:\Users\James\documents\visual studio 2010\Projects\SocialPayments\packages\System.Web.Http.Common.4.0.20126.16343\lib\net40\System.Web.Http.Common.dll" />
      <DeploymentItem filename="C:\Users\James\documents\visual studio 2010\Projects\SocialPayments\SocialPayments.DataLayer\bin\Test\SocialPayments.DataLayer.dll" />
      <DeploymentItem filename="C:\Users\James\documents\visual studio 2010\Projects\SocialPayments\SocialPayments.Domain\bin\Test\SocialPayments.Domain.dll" />
    </Deployment>
    <Execution>
      <TestTypeSpecific />
      <AgentRule name="Execution Agents">
      </AgentRule>
    </Execution>
  </TestSettings>
  <Times creation="2012-05-24T22:39:15.3476562-04:00" queuing="2012-05-24T22:39:18.2382812-04:00" start="2012-05-24T22:39:18.5507812-04:00" finish="2012-05-24T22:39:24.9257812-04:00" />
  <ResultSummary outcome="Error">
    <Counters total="1" executed="1" error="0" failed="0" timeout="0" aborted="1" inconclusive="0" passedButRunAborted="0" notRunnable="0" notExecuted="0" disconnected="0" warning="0" passed="0" completed="0" inProgress="0" pending="0" />
    <RunInfos>
      <RunInfo computerName="JAMES-PC" outcome="Error" timestamp="2012-05-24T22:39:24.9101562-04:00">
        <Text>Test host process exited unexpectedly.</Text>
      </RunInfo>
    </RunInfos>
  </ResultSummary>
  <TestDefinitions>
    <UnitTest name="WhenUserRegistersUserIsAddedToUser" storage="c:\users\james\documents\visual studio 2010\projects\socialpayments\socialpayments.domainservices.unittests\bin\test\socialpayments.domainservices.unittests.dll" id="766097ab-5a0f-f597-73e4-4cc1f9399713">
      <Execution id="cf0098ca-15b6-421d-a770-d16ae4b4e043" />
      <TestMethod codeBase="C:/Users/James/documents/visual studio 2010/Projects/SocialPayments/SocialPayments.DomainServices.UnitTests/bin/Test/SocialPayments.DomainServices.UnitTests.DLL" adapterTypeName="Microsoft.VisualStudio.TestTools.TestTypes.Unit.UnitTestAdapter, Microsoft.VisualStudio.QualityTools.Tips.UnitTest.Adapter, Version=10.0.0.0, Culture=neutral, PublicKeyToken=b03f5f7f11d50a3a" className="SocialPayments.DomainServices.UnitTests.UserServicesTest, SocialPayments.DomainServices.UnitTests, Version=1.0.0.0, Culture=neutral, PublicKeyToken=null" name="WhenUserRegistersUserIsAddedToUser" />
    </UnitTest>
  </TestDefinitions>
  <TestLists>
    <TestList name="Results Not in a List" id="8c84fa94-04c1-424b-9868-57a2d4851a1d" />
    <TestList name="All Loaded Results" id="19431567-8539-422a-85d7-44ee4e166bda" />
  </TestLists>
  <TestEntries>
    <TestEntry testId="766097ab-5a0f-f597-73e4-4cc1f9399713" executionId="cf0098ca-15b6-421d-a770-d16ae4b4e043" testListId="8c84fa94-04c1-424b-9868-57a2d4851a1d" />
  </TestEntries>
  <Results>
    <UnitTestResult executionId="cf0098ca-15b6-421d-a770-d16ae4b4e043" testId="766097ab-5a0f-f597-73e4-4cc1f9399713" testName="WhenUserRegistersUserIsAddedToUser" computerName="JAMES-PC" duration="00:00:05.8125000" startTime="2012-05-24T22:39:19.1132812-04:00" endTime="2012-05-24T22:39:24.9257812-04:00" testType="13cdc9d9-ddb5-4fa4-a97d-d965ccfc6d4b" outcome="Aborted" testListId="8c84fa94-04c1-424b-9868-57a2d4851a1d" relativeResultsDirectory="cf0098ca-15b6-421d-a770-d16ae4b4e043">
    </UnitTestResult>
  </Results>
</TestRun>