<?xml version="1.0" encoding="UTF-8"?>
<TestRun id="6a499fad-b59e-47f6-93d8-168ea6a5dd3d" name="James@JAMES-PC 2012-05-23 10:32:30" runUser="James-PC\James" xmlns="http://microsoft.com/schemas/VisualStudio/TeamTest/2010">
  <TestSettings name="Local" id="63f1875e-6356-47de-9b24-1f557b223cad">
    <Description>These are default test settings for a local test run.</Description>
    <Deployment enabled="false" runDeploymentRoot="James_JAMES-PC 2012-05-23 10_32_30">
      <DeploymentItem filename="C:\Users\James\documents\visual studio 2010\Projects\SocialPayments\SocialPayments.DomainServices\bin\Test\SocialPayments.DomainServices.dll" />
      <DeploymentItem filename="C:\Users\James\documents\visual studio 2010\Projects\SocialPayments\SocialPayments.DomainServices.UnitTests\bin\Test\SocialPayments.DomainServices.UnitTests.dll" />
      <DeploymentItem filename="C:\Users\James\documents\visual studio 2010\Projects\SocialPayments\SocialPayments.Domain\bin\Test\SocialPayments.Domain.dll" />
      <DeploymentItem filename="C:\Users\James\documents\visual studio 2010\Projects\SocialPayments\SocialPayments.DataLayer\bin\Test\SocialPayments.DataLayer.dll" />
      <DeploymentItem filename="C:\Users\James\documents\visual studio 2010\Projects\SocialPayments\SocialPayments.Services.UserProcessors\bin\Release\SocialPayments.Services.UserProcessors.dll" />
    </Deployment>
    <Execution>
      <TestTypeSpecific />
      <AgentRule name="Execution Agents">
      </AgentRule>
    </Execution>
  </TestSettings>
  <Times creation="2012-05-23T10:32:30.4345703-04:00" queuing="2012-05-23T10:32:42.2001953-04:00" start="2012-05-23T10:32:42.8720703-04:00" finish="2012-05-23T10:32:52.6220703-04:00" />
  <ResultSummary outcome="Completed">
    <Counters total="1" executed="1" passed="1" error="0" failed="0" timeout="0" aborted="0" inconclusive="0" passedButRunAborted="0" notRunnable="0" notExecuted="0" disconnected="0" warning="0" completed="0" inProgress="0" pending="0" />
  </ResultSummary>
  <TestDefinitions>
    <UnitTest name="WhenANewUserRegistersElasticEmailIsSent" storage="c:\users\james\documents\visual studio 2010\projects\socialpayments\socialpayments.services.users.unittests\bin\release\socialpayments.services.users.unittests.dll" id="0af67da2-aa69-eaa9-d8e2-b8b1ec26e6ee">
      <Execution id="8525a36a-2298-43a1-9b4e-1cf37235eaec" />
      <TestMethod codeBase="C:/Users/James/documents/visual studio 2010/Projects/SocialPayments/SocialPayments.Services.Users.UnitTests/bin/Release/SocialPayments.Services.Users.UnitTests.DLL" adapterTypeName="Microsoft.VisualStudio.TestTools.TestTypes.Unit.UnitTestAdapter, Microsoft.VisualStudio.QualityTools.Tips.UnitTest.Adapter, Version=10.0.0.0, Culture=neutral, PublicKeyToken=b03f5f7f11d50a3a" className="SocialPayments.Services.Users.UnitTests.SubmittedUserProcessorTests, SocialPayments.Services.Users.UnitTests, Version=1.0.0.0, Culture=neutral, PublicKeyToken=null" name="WhenANewUserRegistersElasticEmailIsSent" />
    </UnitTest>
  </TestDefinitions>
  <TestLists>
    <TestList name="Results Not in a List" id="8c84fa94-04c1-424b-9868-57a2d4851a1d" />
    <TestList name="All Loaded Results" id="19431567-8539-422a-85d7-44ee4e166bda" />
  </TestLists>
  <TestEntries>
    <TestEntry testId="0af67da2-aa69-eaa9-d8e2-b8b1ec26e6ee" executionId="8525a36a-2298-43a1-9b4e-1cf37235eaec" testListId="8c84fa94-04c1-424b-9868-57a2d4851a1d" />
  </TestEntries>
  <Results>
    <UnitTestResult executionId="8525a36a-2298-43a1-9b4e-1cf37235eaec" testId="0af67da2-aa69-eaa9-d8e2-b8b1ec26e6ee" testName="WhenANewUserRegistersElasticEmailIsSent" computerName="JAMES-PC" duration="00:00:05.1027401" startTime="2012-05-23T10:32:43.7470703-04:00" endTime="2012-05-23T10:32:50.9345703-04:00" testType="13cdc9d9-ddb5-4fa4-a97d-d965ccfc6d4b" outcome="Passed" testListId="8c84fa94-04c1-424b-9868-57a2d4851a1d" relativeResultsDirectory="8525a36a-2298-43a1-9b4e-1cf37235eaec">
    </UnitTestResult>
  </Results>
</TestRun>