<?xml version="1.0" encoding="UTF-8"?>
<TestRun id="87457499-ddc7-408e-a9f6-add53bcdcb94" name="James@JAMES-PC 2012-05-29 11:06:56" runUser="James-PC\James" xmlns="http://microsoft.com/schemas/VisualStudio/TeamTest/2010">
  <TestSettings name="Trace and Test Impact" id="0f6a2b5b-2f0e-4e40-bd8f-ceb87423dee9">
    <Description>These are test settings for Trace and Test Impact.</Description>
    <Deployment runDeploymentRoot="James_JAMES-PC 2012-05-29 11_06_56">
      <DeploymentItem filename="C:\Users\James\documents\visual studio 2010\Projects\SocialPayments\SocialPayments.Services.SubmittedMessageProcessor\bin\Release\SocialPayments.Services.SubmittedMessageProcessor.dll" />
      <DeploymentItem filename="C:\Users\James\documents\visual studio 2010\Projects\SocialPayments\SocialPayments.DomainServices.UnitTests\bin\Release\SocialPayments.DomainServices.UnitTests.dll" />
      <DeploymentItem filename="C:\Users\James\documents\visual studio 2010\Projects\SocialPayments\SocialPayments.DataLayer\bin\Local\SocialPayments.DataLayer.dll" />
      <DeploymentItem filename="C:\Users\James\documents\visual studio 2010\Projects\SocialPayments\SocialPayments.DomainServices\bin\Local\SocialPayments.DomainServices.dll" />
      <DeploymentItem filename="C:\Users\James\documents\visual studio 2010\Projects\SocialPayments\SocialPayments.Domain\bin\Local\SocialPayments.Domain.dll" />
    </Deployment>
    <Execution>
      <TestTypeSpecific />
      <AgentRule name="Execution Agents">
        <DataCollectors>
          <DataCollector uri="datacollector://microsoft/SystemInfo/1.0" assemblyQualifiedName="Microsoft.VisualStudio.TestTools.DataCollection.SystemInfo.SystemInfoDataCollector, Microsoft.VisualStudio.TestTools.DataCollection.SystemInfo, Version=10.0.0.0, Culture=neutral, PublicKeyToken=b03f5f7f11d50a3a" friendlyName="System Information">
          </DataCollector>
          <DataCollector uri="datacollector://microsoft/ActionLog/1.0" assemblyQualifiedName="Microsoft.VisualStudio.TestTools.ManualTest.ActionLog.ActionLogPlugin, Microsoft.VisualStudio.TestTools.ManualTest.ActionLog, Version=10.0.0.0, Culture=neutral, PublicKeyToken=b03f5f7f11d50a3a" friendlyName="Actions">
          </DataCollector>
          <DataCollector uri="datacollector://microsoft/HttpProxy/1.0" assemblyQualifiedName="Microsoft.VisualStudio.TraceCollector.HttpProxyCollector, Microsoft.VisualStudio.TraceCollector, Version=10.0.0.0, Culture=neutral, PublicKeyToken=b03f5f7f11d50a3a" friendlyName="ASP.NET Client Proxy for IntelliTrace and Test Impact">
          </DataCollector>
          <DataCollector uri="datacollector://microsoft/TestImpact/1.0" assemblyQualifiedName="Microsoft.VisualStudio.TraceCollector.TestImpactDataCollector, Microsoft.VisualStudio.TraceCollector, Version=10.0.0.0, Culture=neutral, PublicKeyToken=b03f5f7f11d50a3a" friendlyName="Test Impact">
          </DataCollector>
          <DataCollector uri="datacollector://microsoft/TraceDebugger/1.0" assemblyQualifiedName="Microsoft.VisualStudio.TraceCollector.TraceDebuggerDataCollector, Microsoft.VisualStudio.TraceCollector, Version=10.0.0.0, Culture=neutral, PublicKeyToken=b03f5f7f11d50a3a" friendlyName="IntelliTrace">
          </DataCollector>
        </DataCollectors>
      </AgentRule>
    </Execution>
  </TestSettings>
  <Times creation="2012-05-29T11:06:56.5751953-04:00" queuing="2012-05-29T11:07:06.2773437-04:00" start="2012-05-29T11:07:16.0898437-04:00" finish="2012-05-29T11:08:08.2792969-04:00" />
  <ResultSummary outcome="Failed">
    <Counters total="1" executed="1" error="0" failed="1" timeout="0" aborted="0" inconclusive="0" passedButRunAborted="0" notRunnable="0" notExecuted="0" disconnected="0" warning="0" passed="0" completed="0" inProgress="0" pending="0" />
    <CollectorDataEntries>
      <Collector agentName="JAMES-PC" uri="datacollector://microsoft/SystemInfo/1.0" collectorDisplayName="System Information">
        <UriAttachments>
          <UriAttachment>
            <A href="JAMES-PC\SystemInformation.xml">System Information from JAMES-PC</A>
          </UriAttachment>
        </UriAttachments>
      </Collector>
    </CollectorDataEntries>
  </ResultSummary>
  <TestDefinitions>
    <UnitTest name="WhenPendingPaymentMessageWithEmailAddressRecipientUriProcessedWithUnknownRecipientOneTransactionIsCreated" storage="c:\users\james\documents\visual studio 2010\projects\socialpayments\socialpayments.services.messageprocessors.unittest\bin\release\socialpayments.services.messageprocessors.unittest.dll" id="d463e2d2-a104-180b-b12e-04353ae3902b">
      <Execution id="0555b78e-e299-4efc-a620-d2b357e38a47" />
      <TestMethod codeBase="C:/Users/James/documents/visual studio 2010/Projects/SocialPayments/SocialPayments.Services.MessageProcessors.UnitTest/bin/Release/SocialPayments.Services.MessageProcessors.UnitTest.DLL" adapterTypeName="Microsoft.VisualStudio.TestTools.TestTypes.Unit.UnitTestAdapter, Microsoft.VisualStudio.QualityTools.Tips.UnitTest.Adapter, Version=10.0.0.0, Culture=neutral, PublicKeyToken=b03f5f7f11d50a3a" className="SocialPayments.Services.MessageProcessors.UnitTest.SumittedPaymentMessageProcessor, SocialPayments.Services.MessageProcessors.UnitTest, Version=1.0.0.0, Culture=neutral, PublicKeyToken=null" name="WhenPendingPaymentMessageWithEmailAddressRecipientUriProcessedWithUnknownRecipientOneTransactionIsCreated" />
    </UnitTest>
  </TestDefinitions>
  <TestLists>
    <TestList name="Results Not in a List" id="8c84fa94-04c1-424b-9868-57a2d4851a1d" />
    <TestList name="All Loaded Results" id="19431567-8539-422a-85d7-44ee4e166bda" />
  </TestLists>
  <TestEntries>
    <TestEntry testId="d463e2d2-a104-180b-b12e-04353ae3902b" executionId="0555b78e-e299-4efc-a620-d2b357e38a47" testListId="8c84fa94-04c1-424b-9868-57a2d4851a1d" />
  </TestEntries>
  <Results>
    <UnitTestResult executionId="0555b78e-e299-4efc-a620-d2b357e38a47" testId="d463e2d2-a104-180b-b12e-04353ae3902b" testName="WhenPendingPaymentMessageWithEmailAddressRecipientUriProcessedWithUnknownRecipientOneTransactionIsCreated" computerName="JAMES-PC" duration="00:00:46.3958327" startTime="2012-05-29T11:07:16.7148437-04:00" endTime="2012-05-29T11:08:05.4980469-04:00" testType="13cdc9d9-ddb5-4fa4-a97d-d965ccfc6d4b" outcome="Failed" testListId="8c84fa94-04c1-424b-9868-57a2d4851a1d" relativeResultsDirectory="0555b78e-e299-4efc-a620-d2b357e38a47">
      <Output>
        <ErrorInfo>
          <Message>Test method SocialPayments.Services.MessageProcessors.UnitTest.SumittedPaymentMessageProcessor.WhenPendingPaymentMessageWithEmailAddressRecipientUriProcessedWithUnknownRecipientOneTransactionIsCreated threw exception: 
System.Net.WebException: The remote server returned an error: (502) Bad Gateway.</Message>
          <StackTrace>    at System.Net.HttpWebRequest.GetRequestStream(TransportContext&amp; context)
   at System.Net.HttpWebRequest.GetRequestStream()
   at SocialPayments.DomainServices.SMSService.SendSMS(Guid apiKey, String mobileNumber, String message) in C:\Users\James\documents\visual studio 2010\Projects\SocialPayments\SocialPayments.DomainServices\SMSService.cs:line 95
   at SocialPayments.Services.MessageProcessors.SubmittedPaymentMessageProcessor.Process(Message message) in C:\Users\James\documents\visual studio 2010\Projects\SocialPayments\SocialPayments.Services.SubmittedMessageProcessor\SubmittedPaymentMessageProcessor.cs:line 271
   at SocialPayments.Services.MessageProcessors.UnitTest.SumittedPaymentMessageProcessor.WhenPendingPaymentMessageWithEmailAddressRecipientUriProcessedWithUnknownRecipientOneTransactionIsCreated() in C:\Users\James\documents\visual studio 2010\Projects\SocialPayments\SocialPayments.Services.MessageProcessors.UnitTest\SumittedPaymentMessageProcessor.cs:line 357
</StackTrace>
        </ErrorInfo>
      </Output>
      <CollectorDataEntries>
        <Collector agentName="JAMES-PC" uri="datacollector://microsoft/SystemInfo/1.0" collectorDisplayName="System Information">
          <UriAttachments>
            <UriAttachment>
              <A href="JAMES-PC\SystemInformation.xml">System Information from JAMES-PC</A>
            </UriAttachment>
          </UriAttachments>
        </Collector>
      </CollectorDataEntries>
      <DataCollectorMessages>
        <DataCollectorMessage timestamp="2012-05-29T11:07:57.5449219-04:00" dataCollectorUri="datacollector://microsoft/HttpProxy/1.0" dataCollectorFriendlyName="ASP.NET Client Proxy for IntelliTrace and Test Impact" agentName="JAMES-PC" level="Warning">
          <Text>An error occurred while processing a web request: PRXY0027: Unable to connect to the server described by the URI: api.smsified.com:443. No connection could be made because the target machine actively refused it 127.0.0.1:8888</Text>
        </DataCollectorMessage>
        <DataCollectorMessage timestamp="2012-05-29T11:08:02.2636719-04:00" dataCollectorUri="datacollector://microsoft/HttpProxy/1.0" dataCollectorFriendlyName="ASP.NET Client Proxy for IntelliTrace and Test Impact" agentName="JAMES-PC" level="Warning">
          <Text>An error occurred while processing a web request: PRXY0027: Unable to connect to the server described by the URI: http://crl.microsoft.com/pki/crl/products/MicCodSigPCA_08-31-2010.crl. No connection could be made because the target machine actively refused it 127.0.0.1:8888</Text>
        </DataCollectorMessage>
        <DataCollectorMessage timestamp="2012-05-29T11:08:03.2949219-04:00" dataCollectorUri="datacollector://microsoft/HttpProxy/1.0" dataCollectorFriendlyName="ASP.NET Client Proxy for IntelliTrace and Test Impact" agentName="JAMES-PC" level="Warning">
          <Text>An error occurred while processing a web request: PRXY0027: Unable to connect to the server described by the URI: http://crl.microsoft.com/pki/crl/products/microsoftrootcert.crl. No connection could be made because the target machine actively refused it 127.0.0.1:8888</Text>
        </DataCollectorMessage>
        <DataCollectorMessage timestamp="2012-05-29T11:08:04.3261719-04:00" dataCollectorUri="datacollector://microsoft/HttpProxy/1.0" dataCollectorFriendlyName="ASP.NET Client Proxy for IntelliTrace and Test Impact" agentName="JAMES-PC" level="Warning">
          <Text>An error occurred while processing a web request: PRXY0027: Unable to connect to the server described by the URI: http://crl.microsoft.com/pki/crl/products/CSPCA.crl. No connection could be made because the target machine actively refused it 127.0.0.1:8888</Text>
        </DataCollectorMessage>
        <DataCollectorMessage timestamp="2012-05-29T11:08:05.4667969-04:00" dataCollectorUri="datacollector://microsoft/TestImpact/1.0" dataCollectorFriendlyName="Test Impact" agentName="JAMES-PC" level="Warning">
          <Text>No Microsoft .NET applications were launched during the test run. Launch applications from Explorer or a new command prompt after a test case has started. If no .NET application is being tested, disable the Test Impact and IntelliTrace diagnostic data adapters.</Text>
        </DataCollectorMessage>
      </DataCollectorMessages>
    </UnitTestResult>
  </Results>
</TestRun>