<?xml version="1.0" encoding="UTF-8"?>
<TestRun id="805e630b-3977-4312-ac27-b4b67d93a38c" name="James@JAMES-PC 2012-05-20 22:58:41" runUser="James-PC\James" xmlns="http://microsoft.com/schemas/VisualStudio/TeamTest/2010">
  <TestSettings name="Local" id="63f1875e-6356-47de-9b24-1f557b223cad">
    <Description>These are default test settings for a local test run.</Description>
    <Deployment enabled="false" runDeploymentRoot="James_JAMES-PC 2012-05-20 22_58_41">
      <DeploymentItem filename="C:\Users\James\documents\visual studio 2010\Projects\SocialPayments\SocialPayments.Facebook\bin\SocialPayments.Facebook.dll" />
      <DeploymentItem filename="C:\Users\James\documents\visual studio 2010\Projects\SocialPayments\SocialPayments.Services.IMessageProcessor\bin\Release\SocialPayments.Services.IMessageProcessor.dll" />
      <DeploymentItem filename="C:\Users\James\documents\visual studio 2010\Projects\SocialPayments\SocialPayments.Services.SubmittedMessageProcessor\bin\Release\SocialPayments.Services.SubmittedMessageProcessor.dll" />
      <DeploymentItem filename="C:\Users\James\documents\visual studio 2010\Projects\SocialPayments\SocialPayments.DomainServices\bin\Local\SocialPayments.DomainServices.dll" />
      <DeploymentItem filename="C:\Users\James\documents\visual studio 2010\Projects\SocialPayments\SocialPayments.Domain\bin\Local\SocialPayments.Domain.dll" />
      <DeploymentItem filename="C:\Users\James\documents\visual studio 2010\Projects\SocialPayments\SocialPayments.DomainServices.UnitTests\bin\Release\SocialPayments.DomainServices.UnitTests.dll" />
      <DeploymentItem filename="C:\Users\James\documents\visual studio 2010\Projects\SocialPayments\SocialPayments.DataLayer\bin\Local\SocialPayments.DataLayer.dll" />
    </Deployment>
    <Execution>
      <TestTypeSpecific />
      <AgentRule name="Execution Agents">
      </AgentRule>
    </Execution>
  </TestSettings>
  <Times creation="2012-05-20T22:58:41.8085938-04:00" queuing="2012-05-20T22:58:44.5742188-04:00" start="2012-05-20T22:58:44.9023438-04:00" finish="2012-05-20T22:59:28.4101563-04:00" />
  <ResultSummary outcome="Error">
    <Counters total="8" executed="2" passed="1" error="0" failed="0" timeout="0" aborted="1" inconclusive="0" passedButRunAborted="0" notRunnable="0" notExecuted="6" disconnected="0" warning="0" completed="0" inProgress="0" pending="0" />
    <RunInfos>
      <RunInfo computerName="JAMES-PC" outcome="Error" timestamp="2012-05-20T22:59:28.4101563-04:00">
        <Text>Test host process exited unexpectedly.</Text>
      </RunInfo>
    </RunInfos>
  </ResultSummary>
  <TestDefinitions>
    <UnitTest name="WhenPendingPaymentMessageWithMECodeRecipientUriProcessedWithKnownRecipientTwoTransactionsAreCreated" storage="c:\users\james\documents\visual studio 2010\projects\socialpayments\socialpayments.services.messageprocessors.unittest\bin\release\socialpayments.services.messageprocessors.unittest.dll" id="3fbab4ce-0069-1341-3102-df8af4d658f8">
      <Execution id="897ce8b6-45d2-4db9-be60-2febb9f65b74" />
      <TestMethod codeBase="C:/Users/James/documents/visual studio 2010/Projects/SocialPayments/SocialPayments.Services.MessageProcessors.UnitTest/bin/Release/SocialPayments.Services.MessageProcessors.UnitTest.DLL" adapterTypeName="Microsoft.VisualStudio.TestTools.TestTypes.Unit.UnitTestAdapter, Microsoft.VisualStudio.QualityTools.Tips.UnitTest.Adapter, Version=10.0.0.0, Culture=neutral, PublicKeyToken=b03f5f7f11d50a3a" className="SocialPayments.Services.MessageProcessors.UnitTest.SumittedPaymentMessageProcessor, SocialPayments.Services.MessageProcessors.UnitTest, Version=1.0.0.0, Culture=neutral, PublicKeyToken=null" name="WhenPendingPaymentMessageWithMECodeRecipientUriProcessedWithKnownRecipientTwoTransactionsAreCreated" />
    </UnitTest>
    <UnitTest name="WhenUpdatingNameApplicationNameIsChanged" storage="c:\users\james\documents\visual studio 2010\projects\socialpayments\socialpayments.domainservices.unittests\bin\release\socialpayments.domainservices.unittests.dll" id="954ba304-f237-1d11-1a31-48fb54e92c87">
      <Execution id="6b3f98ee-c664-4333-9ed2-c8fb3801dc75" />
      <TestMethod codeBase="C:/Users/James/documents/visual studio 2010/Projects/SocialPayments/SocialPayments.DomainServices.UnitTests/bin/Release/SocialPayments.DomainServices.UnitTests.DLL" adapterTypeName="Microsoft.VisualStudio.TestTools.TestTypes.Unit.UnitTestAdapter, Microsoft.VisualStudio.QualityTools.Tips.UnitTest.Adapter, Version=10.0.0.0, Culture=neutral, PublicKeyToken=b03f5f7f11d50a3a" className="SocialPayments.DomainServices.UnitTests.ApplicationServicesTest, SocialPayments.DomainServices.UnitTests, Version=1.0.0.0, Culture=neutral, PublicKeyToken=null" name="WhenUpdatingNameApplicationNameIsChanged" />
    </UnitTest>
    <UnitTest name="WhenPendingPaymentMessageWithMobileNumberRecipientUriProcessedWithUnknownRecipientOneTransactionIsCreated" storage="c:\users\james\documents\visual studio 2010\projects\socialpayments\socialpayments.services.messageprocessors.unittest\bin\release\socialpayments.services.messageprocessors.unittest.dll" id="0bbf6510-5b38-cc42-6794-c7dbbf478eb4">
      <Execution id="40acc0f5-d695-4109-a0f0-c52a812be150" />
      <TestMethod codeBase="C:/Users/James/documents/visual studio 2010/Projects/SocialPayments/SocialPayments.Services.MessageProcessors.UnitTest/bin/Release/SocialPayments.Services.MessageProcessors.UnitTest.DLL" adapterTypeName="Microsoft.VisualStudio.TestTools.TestTypes.Unit.UnitTestAdapter, Microsoft.VisualStudio.QualityTools.Tips.UnitTest.Adapter, Version=10.0.0.0, Culture=neutral, PublicKeyToken=b03f5f7f11d50a3a" className="SocialPayments.Services.MessageProcessors.UnitTest.SumittedPaymentMessageProcessor, SocialPayments.Services.MessageProcessors.UnitTest, Version=1.0.0.0, Culture=neutral, PublicKeyToken=null" name="WhenPendingPaymentMessageWithMobileNumberRecipientUriProcessedWithUnknownRecipientOneTransactionIsCreated" />
    </UnitTest>
    <UnitTest name="About" storage="c:\users\james\documents\visual studio 2010\projects\socialpayments\socialpayments.facebook.tests\bin\local\socialpayments.facebook.tests.dll" id="c1d7bd53-920e-b184-31fb-b52ca09868f5">
      <Execution id="b54fcbb3-3d50-4955-ad35-bb7b9e6d4f78" />
      <TestMethod codeBase="C:/Users/James/documents/visual studio 2010/Projects/SocialPayments/SocialPayments.Facebook.Tests/bin/Local/SocialPayments.Facebook.Tests.DLL" adapterTypeName="Microsoft.VisualStudio.TestTools.TestTypes.Unit.UnitTestAdapter, Microsoft.VisualStudio.QualityTools.Tips.UnitTest.Adapter, Version=10.0.0.0, Culture=neutral, PublicKeyToken=b03f5f7f11d50a3a" className="SocialPayments.Facebook.Tests.Controllers.HomeControllerTest, SocialPayments.Facebook.Tests, Version=1.0.0.0, Culture=neutral, PublicKeyToken=null" name="About" />
    </UnitTest>
    <UnitTest name="WhenAddingApplicationCollectionHasNewItem" storage="c:\users\james\documents\visual studio 2010\projects\socialpayments\socialpayments.domainservices.unittests\bin\release\socialpayments.domainservices.unittests.dll" id="478cca51-171e-22a8-e83b-baf059f41d9f">
      <Execution id="0d0f2952-df48-427f-a4e5-8771b03c5b73" />
      <TestMethod codeBase="C:/Users/James/documents/visual studio 2010/Projects/SocialPayments/SocialPayments.DomainServices.UnitTests/bin/Release/SocialPayments.DomainServices.UnitTests.DLL" adapterTypeName="Microsoft.VisualStudio.TestTools.TestTypes.Unit.UnitTestAdapter, Microsoft.VisualStudio.QualityTools.Tips.UnitTest.Adapter, Version=10.0.0.0, Culture=neutral, PublicKeyToken=b03f5f7f11d50a3a" className="SocialPayments.DomainServices.UnitTests.ApplicationServicesTest, SocialPayments.DomainServices.UnitTests, Version=1.0.0.0, Culture=neutral, PublicKeyToken=null" name="WhenAddingApplicationCollectionHasNewItem" />
    </UnitTest>
    <UnitTest name="Index" storage="c:\users\james\documents\visual studio 2010\projects\socialpayments\socialpayments.facebook.tests\bin\local\socialpayments.facebook.tests.dll" id="f5ae4d3d-1411-d1d3-0b66-791e83111db6">
      <Execution id="9f873dba-bb17-4667-abc4-531935dddacb" />
      <TestMethod codeBase="C:/Users/James/documents/visual studio 2010/Projects/SocialPayments/SocialPayments.Facebook.Tests/bin/Local/SocialPayments.Facebook.Tests.DLL" adapterTypeName="Microsoft.VisualStudio.TestTools.TestTypes.Unit.UnitTestAdapter, Microsoft.VisualStudio.QualityTools.Tips.UnitTest.Adapter, Version=10.0.0.0, Culture=neutral, PublicKeyToken=b03f5f7f11d50a3a" className="SocialPayments.Facebook.Tests.Controllers.HomeControllerTest, SocialPayments.Facebook.Tests, Version=1.0.0.0, Culture=neutral, PublicKeyToken=null" name="Index" />
    </UnitTest>
    <UnitTest name="WhenPendingPaymentMessageWithMobileNumberRecipientUriProcessedWithKnownRecipientTwoTransactionsAreCreated" storage="c:\users\james\documents\visual studio 2010\projects\socialpayments\socialpayments.services.messageprocessors.unittest\bin\release\socialpayments.services.messageprocessors.unittest.dll" id="a98f7e50-8b97-baa5-6dbb-3dc100efdbe0">
      <Execution id="66a81d1e-85be-4b64-9c41-82e69891b78e" />
      <TestMethod codeBase="C:/Users/James/documents/visual studio 2010/Projects/SocialPayments/SocialPayments.Services.MessageProcessors.UnitTest/bin/Release/SocialPayments.Services.MessageProcessors.UnitTest.DLL" adapterTypeName="Microsoft.VisualStudio.TestTools.TestTypes.Unit.UnitTestAdapter, Microsoft.VisualStudio.QualityTools.Tips.UnitTest.Adapter, Version=10.0.0.0, Culture=neutral, PublicKeyToken=b03f5f7f11d50a3a" className="SocialPayments.Services.MessageProcessors.UnitTest.SumittedPaymentMessageProcessor, SocialPayments.Services.MessageProcessors.UnitTest, Version=1.0.0.0, Culture=neutral, PublicKeyToken=null" name="WhenPendingPaymentMessageWithMobileNumberRecipientUriProcessedWithKnownRecipientTwoTransactionsAreCreated" />
    </UnitTest>
    <UnitTest name="WhenPendingPaymentMessageWithEmailAddressRecipientUriProcessedWithKnownRecipientTwoTransactionsAreCreated" storage="c:\users\james\documents\visual studio 2010\projects\socialpayments\socialpayments.services.messageprocessors.unittest\bin\release\socialpayments.services.messageprocessors.unittest.dll" id="9348b3c8-0ebe-7192-620d-3e0b8e10480c">
      <Execution id="55fc90a6-fe56-4353-82e8-61b03c47a623" />
      <TestMethod codeBase="C:/Users/James/documents/visual studio 2010/Projects/SocialPayments/SocialPayments.Services.MessageProcessors.UnitTest/bin/Release/SocialPayments.Services.MessageProcessors.UnitTest.DLL" adapterTypeName="Microsoft.VisualStudio.TestTools.TestTypes.Unit.UnitTestAdapter, Microsoft.VisualStudio.QualityTools.Tips.UnitTest.Adapter, Version=10.0.0.0, Culture=neutral, PublicKeyToken=b03f5f7f11d50a3a" className="SocialPayments.Services.MessageProcessors.UnitTest.SumittedPaymentMessageProcessor, SocialPayments.Services.MessageProcessors.UnitTest, Version=1.0.0.0, Culture=neutral, PublicKeyToken=null" name="WhenPendingPaymentMessageWithEmailAddressRecipientUriProcessedWithKnownRecipientTwoTransactionsAreCreated" />
    </UnitTest>
  </TestDefinitions>
  <TestLists>
    <TestList name="Results Not in a List" id="8c84fa94-04c1-424b-9868-57a2d4851a1d" />
    <TestList name="All Loaded Results" id="19431567-8539-422a-85d7-44ee4e166bda" />
  </TestLists>
  <TestEntries>
    <TestEntry testId="0bbf6510-5b38-cc42-6794-c7dbbf478eb4" executionId="40acc0f5-d695-4109-a0f0-c52a812be150" testListId="8c84fa94-04c1-424b-9868-57a2d4851a1d" />
    <TestEntry testId="3fbab4ce-0069-1341-3102-df8af4d658f8" executionId="897ce8b6-45d2-4db9-be60-2febb9f65b74" testListId="8c84fa94-04c1-424b-9868-57a2d4851a1d" />
    <TestEntry testId="478cca51-171e-22a8-e83b-baf059f41d9f" executionId="0d0f2952-df48-427f-a4e5-8771b03c5b73" testListId="8c84fa94-04c1-424b-9868-57a2d4851a1d" />
    <TestEntry testId="9348b3c8-0ebe-7192-620d-3e0b8e10480c" executionId="55fc90a6-fe56-4353-82e8-61b03c47a623" testListId="8c84fa94-04c1-424b-9868-57a2d4851a1d" />
    <TestEntry testId="954ba304-f237-1d11-1a31-48fb54e92c87" executionId="6b3f98ee-c664-4333-9ed2-c8fb3801dc75" testListId="8c84fa94-04c1-424b-9868-57a2d4851a1d" />
    <TestEntry testId="a98f7e50-8b97-baa5-6dbb-3dc100efdbe0" executionId="66a81d1e-85be-4b64-9c41-82e69891b78e" testListId="8c84fa94-04c1-424b-9868-57a2d4851a1d" />
    <TestEntry testId="c1d7bd53-920e-b184-31fb-b52ca09868f5" executionId="b54fcbb3-3d50-4955-ad35-bb7b9e6d4f78" testListId="8c84fa94-04c1-424b-9868-57a2d4851a1d" />
    <TestEntry testId="f5ae4d3d-1411-d1d3-0b66-791e83111db6" executionId="9f873dba-bb17-4667-abc4-531935dddacb" testListId="8c84fa94-04c1-424b-9868-57a2d4851a1d" />
  </TestEntries>
  <Results>
    <UnitTestResult executionId="40acc0f5-d695-4109-a0f0-c52a812be150" testId="0bbf6510-5b38-cc42-6794-c7dbbf478eb4" testName="WhenPendingPaymentMessageWithMobileNumberRecipientUriProcessedWithUnknownRecipientOneTransactionIsCreated" computerName="JAMES-PC" duration="00:00:04.5156297" startTime="2012-05-20T22:58:45.0742188-04:00" endTime="2012-05-20T22:58:50.9794922-04:00" testType="13cdc9d9-ddb5-4fa4-a97d-d965ccfc6d4b" outcome="Passed" testListId="8c84fa94-04c1-424b-9868-57a2d4851a1d" relativeResultsDirectory="40acc0f5-d695-4109-a0f0-c52a812be150">
    </UnitTestResult>
    <UnitTestResult executionId="897ce8b6-45d2-4db9-be60-2febb9f65b74" testId="3fbab4ce-0069-1341-3102-df8af4d658f8" testName="WhenPendingPaymentMessageWithMECodeRecipientUriProcessedWithKnownRecipientTwoTransactionsAreCreated" computerName="JAMES-PC" duration="00:00:37.3837891" startTime="2012-05-20T22:58:51.0263672-04:00" endTime="2012-05-20T22:59:28.4101563-04:00" testType="13cdc9d9-ddb5-4fa4-a97d-d965ccfc6d4b" outcome="Aborted" testListId="8c84fa94-04c1-424b-9868-57a2d4851a1d" relativeResultsDirectory="897ce8b6-45d2-4db9-be60-2febb9f65b74">
    </UnitTestResult>
    <UnitTestResult executionId="0d0f2952-df48-427f-a4e5-8771b03c5b73" testId="478cca51-171e-22a8-e83b-baf059f41d9f" testName="WhenAddingApplicationCollectionHasNewItem" computerName="JAMES-PC" testType="13cdc9d9-ddb5-4fa4-a97d-d965ccfc6d4b" outcome="NotExecuted" testListId="8c84fa94-04c1-424b-9868-57a2d4851a1d" relativeResultsDirectory="0d0f2952-df48-427f-a4e5-8771b03c5b73">
    </UnitTestResult>
    <UnitTestResult executionId="55fc90a6-fe56-4353-82e8-61b03c47a623" testId="9348b3c8-0ebe-7192-620d-3e0b8e10480c" testName="WhenPendingPaymentMessageWithEmailAddressRecipientUriProcessedWithKnownRecipientTwoTransactionsAreCreated" computerName="JAMES-PC" testType="13cdc9d9-ddb5-4fa4-a97d-d965ccfc6d4b" outcome="NotExecuted" testListId="8c84fa94-04c1-424b-9868-57a2d4851a1d" relativeResultsDirectory="55fc90a6-fe56-4353-82e8-61b03c47a623">
    </UnitTestResult>
    <UnitTestResult executionId="6b3f98ee-c664-4333-9ed2-c8fb3801dc75" testId="954ba304-f237-1d11-1a31-48fb54e92c87" testName="WhenUpdatingNameApplicationNameIsChanged" computerName="JAMES-PC" testType="13cdc9d9-ddb5-4fa4-a97d-d965ccfc6d4b" outcome="NotExecuted" testListId="8c84fa94-04c1-424b-9868-57a2d4851a1d" relativeResultsDirectory="6b3f98ee-c664-4333-9ed2-c8fb3801dc75">
    </UnitTestResult>
    <UnitTestResult executionId="66a81d1e-85be-4b64-9c41-82e69891b78e" testId="a98f7e50-8b97-baa5-6dbb-3dc100efdbe0" testName="WhenPendingPaymentMessageWithMobileNumberRecipientUriProcessedWithKnownRecipientTwoTransactionsAreCreated" computerName="JAMES-PC" testType="13cdc9d9-ddb5-4fa4-a97d-d965ccfc6d4b" outcome="NotExecuted" testListId="8c84fa94-04c1-424b-9868-57a2d4851a1d" relativeResultsDirectory="66a81d1e-85be-4b64-9c41-82e69891b78e">
    </UnitTestResult>
    <UnitTestResult executionId="b54fcbb3-3d50-4955-ad35-bb7b9e6d4f78" testId="c1d7bd53-920e-b184-31fb-b52ca09868f5" testName="About" computerName="JAMES-PC" testType="13cdc9d9-ddb5-4fa4-a97d-d965ccfc6d4b" outcome="NotExecuted" testListId="8c84fa94-04c1-424b-9868-57a2d4851a1d" relativeResultsDirectory="b54fcbb3-3d50-4955-ad35-bb7b9e6d4f78">
    </UnitTestResult>
    <UnitTestResult executionId="9f873dba-bb17-4667-abc4-531935dddacb" testId="f5ae4d3d-1411-d1d3-0b66-791e83111db6" testName="Index" computerName="JAMES-PC" testType="13cdc9d9-ddb5-4fa4-a97d-d965ccfc6d4b" outcome="NotExecuted" testListId="8c84fa94-04c1-424b-9868-57a2d4851a1d" relativeResultsDirectory="9f873dba-bb17-4667-abc4-531935dddacb">
    </UnitTestResult>
  </Results>
</TestRun>