<?xml version="1.0" encoding="UTF-8"?>
<TestRun id="d831e221-ee66-49f9-b606-ea778ffbdcd5" name="James@JAMES-PC 2012-05-20 22:57:34" runUser="James-PC\James" xmlns="http://microsoft.com/schemas/VisualStudio/TeamTest/2010">
  <TestSettings name="Local" id="63f1875e-6356-47de-9b24-1f557b223cad">
    <Description>These are default test settings for a local test run.</Description>
    <Deployment enabled="false" runDeploymentRoot="James_JAMES-PC 2012-05-20 22_57_34">
      <DeploymentItem filename="C:\Users\James\documents\visual studio 2010\Projects\SocialPayments\SocialPayments.Facebook\bin\SocialPayments.Facebook.dll" />
      <DeploymentItem filename="C:\Users\James\documents\visual studio 2010\Projects\SocialPayments\SocialPayments.Services.IMessageProcessor\bin\Release\SocialPayments.Services.IMessageProcessor.dll" />
      <DeploymentItem filename="C:\Users\James\documents\visual studio 2010\Projects\SocialPayments\SocialPayments.Services.SubmittedMessageProcessor\bin\Release\SocialPayments.Services.SubmittedMessageProcessor.dll" />
      <DeploymentItem filename="C:\Users\James\documents\visual studio 2010\Projects\SocialPayments\SocialPayments.DomainServices\bin\Local\SocialPayments.DomainServices.dll" />
      <DeploymentItem filename="C:\Users\James\documents\visual studio 2010\Projects\SocialPayments\SocialPayments.Domain\bin\Local\SocialPayments.Domain.dll" />
      <DeploymentItem filename="C:\Users\James\documents\visual studio 2010\Projects\SocialPayments\SocialPayments.DomainServices.UnitTests\bin\Release\SocialPayments.DomainServices.UnitTests.dll" />
      <DeploymentItem filename="C:\Users\James\documents\visual studio 2010\Projects\SocialPayments\SocialPayments.DataLayer\bin\Local\SocialPayments.DataLayer.dll" />
    </Deployment>
    <Execution>
      <TestTypeSpecific />
      <AgentRule name="Execution Agents">
      </AgentRule>
    </Execution>
  </TestSettings>
  <Times creation="2012-05-20T22:57:34.9648438-04:00" queuing="2012-05-20T22:57:37.3544922-04:00" start="2012-05-20T22:57:37.7294922-04:00" finish="2012-05-20T22:58:19.0673828-04:00" />
  <ResultSummary outcome="Error">
    <Counters total="8" executed="2" passed="1" error="0" failed="0" timeout="0" aborted="1" inconclusive="0" passedButRunAborted="0" notRunnable="0" notExecuted="6" disconnected="0" warning="0" completed="0" inProgress="0" pending="0" />
    <RunInfos>
      <RunInfo computerName="JAMES-PC" outcome="Error" timestamp="2012-05-20T22:58:19.0634766-04:00">
        <Text>Test host process exited unexpectedly.</Text>
      </RunInfo>
    </RunInfos>
  </ResultSummary>
  <TestDefinitions>
    <UnitTest name="WhenPendingPaymentMessageWithMECodeRecipientUriProcessedWithKnownRecipientTwoTransactionsAreCreated" storage="c:\users\james\documents\visual studio 2010\projects\socialpayments\socialpayments.services.messageprocessors.unittest\bin\release\socialpayments.services.messageprocessors.unittest.dll" id="3fbab4ce-0069-1341-3102-df8af4d658f8">
      <Execution id="972b3307-c39a-4a52-b8cc-62b18774be21" />
      <TestMethod codeBase="C:/Users/James/documents/visual studio 2010/Projects/SocialPayments/SocialPayments.Services.MessageProcessors.UnitTest/bin/Release/SocialPayments.Services.MessageProcessors.UnitTest.DLL" adapterTypeName="Microsoft.VisualStudio.TestTools.TestTypes.Unit.UnitTestAdapter, Microsoft.VisualStudio.QualityTools.Tips.UnitTest.Adapter, Version=10.0.0.0, Culture=neutral, PublicKeyToken=b03f5f7f11d50a3a" className="SocialPayments.Services.MessageProcessors.UnitTest.SumittedPaymentMessageProcessor, SocialPayments.Services.MessageProcessors.UnitTest, Version=1.0.0.0, Culture=neutral, PublicKeyToken=null" name="WhenPendingPaymentMessageWithMECodeRecipientUriProcessedWithKnownRecipientTwoTransactionsAreCreated" />
    </UnitTest>
    <UnitTest name="WhenUpdatingNameApplicationNameIsChanged" storage="c:\users\james\documents\visual studio 2010\projects\socialpayments\socialpayments.domainservices.unittests\bin\release\socialpayments.domainservices.unittests.dll" id="954ba304-f237-1d11-1a31-48fb54e92c87">
      <Execution id="822da00e-96d3-4e4a-918e-b3027c6b1493" />
      <TestMethod codeBase="C:/Users/James/documents/visual studio 2010/Projects/SocialPayments/SocialPayments.DomainServices.UnitTests/bin/Release/SocialPayments.DomainServices.UnitTests.DLL" adapterTypeName="Microsoft.VisualStudio.TestTools.TestTypes.Unit.UnitTestAdapter, Microsoft.VisualStudio.QualityTools.Tips.UnitTest.Adapter, Version=10.0.0.0, Culture=neutral, PublicKeyToken=b03f5f7f11d50a3a" className="SocialPayments.DomainServices.UnitTests.ApplicationServicesTest, SocialPayments.DomainServices.UnitTests, Version=1.0.0.0, Culture=neutral, PublicKeyToken=null" name="WhenUpdatingNameApplicationNameIsChanged" />
    </UnitTest>
    <UnitTest name="WhenPendingPaymentMessageWithMobileNumberRecipientUriProcessedWithUnknownRecipientOneTransactionIsCreated" storage="c:\users\james\documents\visual studio 2010\projects\socialpayments\socialpayments.services.messageprocessors.unittest\bin\release\socialpayments.services.messageprocessors.unittest.dll" id="0bbf6510-5b38-cc42-6794-c7dbbf478eb4">
      <Execution id="e66c969c-1df4-4196-9e8a-8d043cb47452" />
      <TestMethod codeBase="C:/Users/James/documents/visual studio 2010/Projects/SocialPayments/SocialPayments.Services.MessageProcessors.UnitTest/bin/Release/SocialPayments.Services.MessageProcessors.UnitTest.DLL" adapterTypeName="Microsoft.VisualStudio.TestTools.TestTypes.Unit.UnitTestAdapter, Microsoft.VisualStudio.QualityTools.Tips.UnitTest.Adapter, Version=10.0.0.0, Culture=neutral, PublicKeyToken=b03f5f7f11d50a3a" className="SocialPayments.Services.MessageProcessors.UnitTest.SumittedPaymentMessageProcessor, SocialPayments.Services.MessageProcessors.UnitTest, Version=1.0.0.0, Culture=neutral, PublicKeyToken=null" name="WhenPendingPaymentMessageWithMobileNumberRecipientUriProcessedWithUnknownRecipientOneTransactionIsCreated" />
    </UnitTest>
    <UnitTest name="About" storage="c:\users\james\documents\visual studio 2010\projects\socialpayments\socialpayments.facebook.tests\bin\local\socialpayments.facebook.tests.dll" id="c1d7bd53-920e-b184-31fb-b52ca09868f5">
      <Execution id="677b1466-c07d-4a72-97a0-4a4af1983cd2" />
      <TestMethod codeBase="C:/Users/James/documents/visual studio 2010/Projects/SocialPayments/SocialPayments.Facebook.Tests/bin/Local/SocialPayments.Facebook.Tests.DLL" adapterTypeName="Microsoft.VisualStudio.TestTools.TestTypes.Unit.UnitTestAdapter, Microsoft.VisualStudio.QualityTools.Tips.UnitTest.Adapter, Version=10.0.0.0, Culture=neutral, PublicKeyToken=b03f5f7f11d50a3a" className="SocialPayments.Facebook.Tests.Controllers.HomeControllerTest, SocialPayments.Facebook.Tests, Version=1.0.0.0, Culture=neutral, PublicKeyToken=null" name="About" />
    </UnitTest>
    <UnitTest name="WhenAddingApplicationCollectionHasNewItem" storage="c:\users\james\documents\visual studio 2010\projects\socialpayments\socialpayments.domainservices.unittests\bin\release\socialpayments.domainservices.unittests.dll" id="478cca51-171e-22a8-e83b-baf059f41d9f">
      <Execution id="cfbc9af4-eb12-4b57-b797-e6f13a28190a" />
      <TestMethod codeBase="C:/Users/James/documents/visual studio 2010/Projects/SocialPayments/SocialPayments.DomainServices.UnitTests/bin/Release/SocialPayments.DomainServices.UnitTests.DLL" adapterTypeName="Microsoft.VisualStudio.TestTools.TestTypes.Unit.UnitTestAdapter, Microsoft.VisualStudio.QualityTools.Tips.UnitTest.Adapter, Version=10.0.0.0, Culture=neutral, PublicKeyToken=b03f5f7f11d50a3a" className="SocialPayments.DomainServices.UnitTests.ApplicationServicesTest, SocialPayments.DomainServices.UnitTests, Version=1.0.0.0, Culture=neutral, PublicKeyToken=null" name="WhenAddingApplicationCollectionHasNewItem" />
    </UnitTest>
    <UnitTest name="Index" storage="c:\users\james\documents\visual studio 2010\projects\socialpayments\socialpayments.facebook.tests\bin\local\socialpayments.facebook.tests.dll" id="f5ae4d3d-1411-d1d3-0b66-791e83111db6">
      <Execution id="8e2f9733-7f6c-4b90-9166-0373eb33308c" />
      <TestMethod codeBase="C:/Users/James/documents/visual studio 2010/Projects/SocialPayments/SocialPayments.Facebook.Tests/bin/Local/SocialPayments.Facebook.Tests.DLL" adapterTypeName="Microsoft.VisualStudio.TestTools.TestTypes.Unit.UnitTestAdapter, Microsoft.VisualStudio.QualityTools.Tips.UnitTest.Adapter, Version=10.0.0.0, Culture=neutral, PublicKeyToken=b03f5f7f11d50a3a" className="SocialPayments.Facebook.Tests.Controllers.HomeControllerTest, SocialPayments.Facebook.Tests, Version=1.0.0.0, Culture=neutral, PublicKeyToken=null" name="Index" />
    </UnitTest>
    <UnitTest name="WhenPendingPaymentMessageWithMobileNumberRecipientUriProcessedWithKnownRecipientTwoTransactionsAreCreated" storage="c:\users\james\documents\visual studio 2010\projects\socialpayments\socialpayments.services.messageprocessors.unittest\bin\release\socialpayments.services.messageprocessors.unittest.dll" id="a98f7e50-8b97-baa5-6dbb-3dc100efdbe0">
      <Execution id="478c58e4-b01b-4d7c-89cf-d41e7cb95b83" />
      <TestMethod codeBase="C:/Users/James/documents/visual studio 2010/Projects/SocialPayments/SocialPayments.Services.MessageProcessors.UnitTest/bin/Release/SocialPayments.Services.MessageProcessors.UnitTest.DLL" adapterTypeName="Microsoft.VisualStudio.TestTools.TestTypes.Unit.UnitTestAdapter, Microsoft.VisualStudio.QualityTools.Tips.UnitTest.Adapter, Version=10.0.0.0, Culture=neutral, PublicKeyToken=b03f5f7f11d50a3a" className="SocialPayments.Services.MessageProcessors.UnitTest.SumittedPaymentMessageProcessor, SocialPayments.Services.MessageProcessors.UnitTest, Version=1.0.0.0, Culture=neutral, PublicKeyToken=null" name="WhenPendingPaymentMessageWithMobileNumberRecipientUriProcessedWithKnownRecipientTwoTransactionsAreCreated" />
    </UnitTest>
    <UnitTest name="WhenPendingPaymentMessageWithEmailAddressRecipientUriProcessedWithKnownRecipientTwoTransactionsAreCreated" storage="c:\users\james\documents\visual studio 2010\projects\socialpayments\socialpayments.services.messageprocessors.unittest\bin\release\socialpayments.services.messageprocessors.unittest.dll" id="9348b3c8-0ebe-7192-620d-3e0b8e10480c">
      <Execution id="f65543c9-aad4-4723-8ba3-bb06f4b77088" />
      <TestMethod codeBase="C:/Users/James/documents/visual studio 2010/Projects/SocialPayments/SocialPayments.Services.MessageProcessors.UnitTest/bin/Release/SocialPayments.Services.MessageProcessors.UnitTest.DLL" adapterTypeName="Microsoft.VisualStudio.TestTools.TestTypes.Unit.UnitTestAdapter, Microsoft.VisualStudio.QualityTools.Tips.UnitTest.Adapter, Version=10.0.0.0, Culture=neutral, PublicKeyToken=b03f5f7f11d50a3a" className="SocialPayments.Services.MessageProcessors.UnitTest.SumittedPaymentMessageProcessor, SocialPayments.Services.MessageProcessors.UnitTest, Version=1.0.0.0, Culture=neutral, PublicKeyToken=null" name="WhenPendingPaymentMessageWithEmailAddressRecipientUriProcessedWithKnownRecipientTwoTransactionsAreCreated" />
    </UnitTest>
  </TestDefinitions>
  <TestLists>
    <TestList name="Results Not in a List" id="8c84fa94-04c1-424b-9868-57a2d4851a1d" />
    <TestList name="All Loaded Results" id="19431567-8539-422a-85d7-44ee4e166bda" />
  </TestLists>
  <TestEntries>
    <TestEntry testId="0bbf6510-5b38-cc42-6794-c7dbbf478eb4" executionId="e66c969c-1df4-4196-9e8a-8d043cb47452" testListId="8c84fa94-04c1-424b-9868-57a2d4851a1d" />
    <TestEntry testId="3fbab4ce-0069-1341-3102-df8af4d658f8" executionId="972b3307-c39a-4a52-b8cc-62b18774be21" testListId="8c84fa94-04c1-424b-9868-57a2d4851a1d" />
    <TestEntry testId="478cca51-171e-22a8-e83b-baf059f41d9f" executionId="cfbc9af4-eb12-4b57-b797-e6f13a28190a" testListId="8c84fa94-04c1-424b-9868-57a2d4851a1d" />
    <TestEntry testId="9348b3c8-0ebe-7192-620d-3e0b8e10480c" executionId="f65543c9-aad4-4723-8ba3-bb06f4b77088" testListId="8c84fa94-04c1-424b-9868-57a2d4851a1d" />
    <TestEntry testId="954ba304-f237-1d11-1a31-48fb54e92c87" executionId="822da00e-96d3-4e4a-918e-b3027c6b1493" testListId="8c84fa94-04c1-424b-9868-57a2d4851a1d" />
    <TestEntry testId="a98f7e50-8b97-baa5-6dbb-3dc100efdbe0" executionId="478c58e4-b01b-4d7c-89cf-d41e7cb95b83" testListId="8c84fa94-04c1-424b-9868-57a2d4851a1d" />
    <TestEntry testId="c1d7bd53-920e-b184-31fb-b52ca09868f5" executionId="677b1466-c07d-4a72-97a0-4a4af1983cd2" testListId="8c84fa94-04c1-424b-9868-57a2d4851a1d" />
    <TestEntry testId="f5ae4d3d-1411-d1d3-0b66-791e83111db6" executionId="8e2f9733-7f6c-4b90-9166-0373eb33308c" testListId="8c84fa94-04c1-424b-9868-57a2d4851a1d" />
  </TestEntries>
  <Results>
    <UnitTestResult executionId="e66c969c-1df4-4196-9e8a-8d043cb47452" testId="0bbf6510-5b38-cc42-6794-c7dbbf478eb4" testName="WhenPendingPaymentMessageWithMobileNumberRecipientUriProcessedWithUnknownRecipientOneTransactionIsCreated" computerName="JAMES-PC" duration="00:00:03.5832682" startTime="2012-05-20T22:57:38.3076172-04:00" endTime="2012-05-20T22:57:43.5283203-04:00" testType="13cdc9d9-ddb5-4fa4-a97d-d965ccfc6d4b" outcome="Passed" testListId="8c84fa94-04c1-424b-9868-57a2d4851a1d" relativeResultsDirectory="e66c969c-1df4-4196-9e8a-8d043cb47452">
    </UnitTestResult>
    <UnitTestResult executionId="972b3307-c39a-4a52-b8cc-62b18774be21" testId="3fbab4ce-0069-1341-3102-df8af4d658f8" testName="WhenPendingPaymentMessageWithMECodeRecipientUriProcessedWithKnownRecipientTwoTransactionsAreCreated" computerName="JAMES-PC" duration="00:00:35.4755860" startTime="2012-05-20T22:57:43.5908203-04:00" endTime="2012-05-20T22:58:19.0664063-04:00" testType="13cdc9d9-ddb5-4fa4-a97d-d965ccfc6d4b" outcome="Aborted" testListId="8c84fa94-04c1-424b-9868-57a2d4851a1d" relativeResultsDirectory="972b3307-c39a-4a52-b8cc-62b18774be21">
    </UnitTestResult>
    <UnitTestResult executionId="cfbc9af4-eb12-4b57-b797-e6f13a28190a" testId="478cca51-171e-22a8-e83b-baf059f41d9f" testName="WhenAddingApplicationCollectionHasNewItem" computerName="JAMES-PC" testType="13cdc9d9-ddb5-4fa4-a97d-d965ccfc6d4b" outcome="NotExecuted" testListId="8c84fa94-04c1-424b-9868-57a2d4851a1d" relativeResultsDirectory="cfbc9af4-eb12-4b57-b797-e6f13a28190a">
    </UnitTestResult>
    <UnitTestResult executionId="f65543c9-aad4-4723-8ba3-bb06f4b77088" testId="9348b3c8-0ebe-7192-620d-3e0b8e10480c" testName="WhenPendingPaymentMessageWithEmailAddressRecipientUriProcessedWithKnownRecipientTwoTransactionsAreCreated" computerName="JAMES-PC" testType="13cdc9d9-ddb5-4fa4-a97d-d965ccfc6d4b" outcome="NotExecuted" testListId="8c84fa94-04c1-424b-9868-57a2d4851a1d" relativeResultsDirectory="f65543c9-aad4-4723-8ba3-bb06f4b77088">
    </UnitTestResult>
    <UnitTestResult executionId="822da00e-96d3-4e4a-918e-b3027c6b1493" testId="954ba304-f237-1d11-1a31-48fb54e92c87" testName="WhenUpdatingNameApplicationNameIsChanged" computerName="JAMES-PC" testType="13cdc9d9-ddb5-4fa4-a97d-d965ccfc6d4b" outcome="NotExecuted" testListId="8c84fa94-04c1-424b-9868-57a2d4851a1d" relativeResultsDirectory="822da00e-96d3-4e4a-918e-b3027c6b1493">
    </UnitTestResult>
    <UnitTestResult executionId="478c58e4-b01b-4d7c-89cf-d41e7cb95b83" testId="a98f7e50-8b97-baa5-6dbb-3dc100efdbe0" testName="WhenPendingPaymentMessageWithMobileNumberRecipientUriProcessedWithKnownRecipientTwoTransactionsAreCreated" computerName="JAMES-PC" testType="13cdc9d9-ddb5-4fa4-a97d-d965ccfc6d4b" outcome="NotExecuted" testListId="8c84fa94-04c1-424b-9868-57a2d4851a1d" relativeResultsDirectory="478c58e4-b01b-4d7c-89cf-d41e7cb95b83">
    </UnitTestResult>
    <UnitTestResult executionId="677b1466-c07d-4a72-97a0-4a4af1983cd2" testId="c1d7bd53-920e-b184-31fb-b52ca09868f5" testName="About" computerName="JAMES-PC" testType="13cdc9d9-ddb5-4fa4-a97d-d965ccfc6d4b" outcome="NotExecuted" testListId="8c84fa94-04c1-424b-9868-57a2d4851a1d" relativeResultsDirectory="677b1466-c07d-4a72-97a0-4a4af1983cd2">
    </UnitTestResult>
    <UnitTestResult executionId="8e2f9733-7f6c-4b90-9166-0373eb33308c" testId="f5ae4d3d-1411-d1d3-0b66-791e83111db6" testName="Index" computerName="JAMES-PC" testType="13cdc9d9-ddb5-4fa4-a97d-d965ccfc6d4b" outcome="NotExecuted" testListId="8c84fa94-04c1-424b-9868-57a2d4851a1d" relativeResultsDirectory="8e2f9733-7f6c-4b90-9166-0373eb33308c">
    </UnitTestResult>
  </Results>
</TestRun>