<?xml version="1.0" encoding="UTF-8"?>
<TestRun id="15df8bfa-fdfe-40ea-9cd0-97e059caeeb9" name="James@JAMES-PC 2012-05-20 19:56:33" runUser="James-PC\James" xmlns="http://microsoft.com/schemas/VisualStudio/TeamTest/2010">
  <TestSettings name="Local" id="63f1875e-6356-47de-9b24-1f557b223cad">
    <Description>These are default test settings for a local test run.</Description>
    <Deployment enabled="false" runDeploymentRoot="James_JAMES-PC 2012-05-20 19_56_33">
      <DeploymentItem filename="C:\Users\James\documents\visual studio 2010\Projects\SocialPayments\SocialPayments.Facebook\bin\SocialPayments.Facebook.dll" />
      <DeploymentItem filename="C:\Users\James\documents\visual studio 2010\Projects\SocialPayments\SocialPayments.Services.IMessageProcessor\bin\Release\SocialPayments.Services.IMessageProcessor.dll" />
      <DeploymentItem filename="C:\Users\James\documents\visual studio 2010\Projects\SocialPayments\SocialPayments.Services.SubmittedMessageProcessor\bin\Release\SocialPayments.Services.SubmittedMessageProcessor.dll" />
      <DeploymentItem filename="C:\Users\James\documents\visual studio 2010\Projects\SocialPayments\SocialPayments.DomainServices\bin\Local\SocialPayments.DomainServices.dll" />
      <DeploymentItem filename="C:\Users\James\documents\visual studio 2010\Projects\SocialPayments\SocialPayments.Domain\bin\Local\SocialPayments.Domain.dll" />
      <DeploymentItem filename="C:\Users\James\documents\visual studio 2010\Projects\SocialPayments\SocialPayments.DomainServices.UnitTests\bin\Release\SocialPayments.DomainServices.UnitTests.dll" />
      <DeploymentItem filename="C:\Users\James\documents\visual studio 2010\Projects\SocialPayments\SocialPayments.DataLayer\bin\Local\SocialPayments.DataLayer.dll" />
    </Deployment>
    <Execution>
      <TestTypeSpecific />
      <AgentRule name="Execution Agents">
      </AgentRule>
    </Execution>
  </TestSettings>
  <Times creation="2012-05-20T19:56:33.3291015-04:00" queuing="2012-05-20T19:56:40.2304687-04:00" start="2012-05-20T19:56:40.7773437-04:00" finish="2012-05-20T19:58:22.0136718-04:00" />
  <ResultSummary outcome="Failed">
    <Counters total="6" executed="6" passed="5" error="0" failed="1" timeout="0" aborted="0" inconclusive="0" passedButRunAborted="0" notRunnable="0" notExecuted="0" disconnected="0" warning="0" completed="0" inProgress="0" pending="0" />
  </ResultSummary>
  <TestDefinitions>
    <UnitTest name="WhenUpdatingNameApplicationNameIsChanged" storage="c:\users\james\documents\visual studio 2010\projects\socialpayments\socialpayments.domainservices.unittests\bin\release\socialpayments.domainservices.unittests.dll" id="954ba304-f237-1d11-1a31-48fb54e92c87">
      <Execution id="d03f0771-6c56-4ab4-8d4d-05ccc442b6bc" />
      <TestMethod codeBase="C:/Users/James/documents/visual studio 2010/Projects/SocialPayments/SocialPayments.DomainServices.UnitTests/bin/Release/SocialPayments.DomainServices.UnitTests.DLL" adapterTypeName="Microsoft.VisualStudio.TestTools.TestTypes.Unit.UnitTestAdapter, Microsoft.VisualStudio.QualityTools.Tips.UnitTest.Adapter, Version=10.0.0.0, Culture=neutral, PublicKeyToken=b03f5f7f11d50a3a" className="SocialPayments.DomainServices.UnitTests.ApplicationServicesTest, SocialPayments.DomainServices.UnitTests, Version=1.0.0.0, Culture=neutral, PublicKeyToken=null" name="WhenUpdatingNameApplicationNameIsChanged" />
    </UnitTest>
    <UnitTest name="About" storage="c:\users\james\documents\visual studio 2010\projects\socialpayments\socialpayments.facebook.tests\bin\local\socialpayments.facebook.tests.dll" id="c1d7bd53-920e-b184-31fb-b52ca09868f5">
      <Execution id="ba2cf207-1160-47ab-9641-f9cd6b323256" />
      <TestMethod codeBase="C:/Users/James/documents/visual studio 2010/Projects/SocialPayments/SocialPayments.Facebook.Tests/bin/Local/SocialPayments.Facebook.Tests.DLL" adapterTypeName="Microsoft.VisualStudio.TestTools.TestTypes.Unit.UnitTestAdapter, Microsoft.VisualStudio.QualityTools.Tips.UnitTest.Adapter, Version=10.0.0.0, Culture=neutral, PublicKeyToken=b03f5f7f11d50a3a" className="SocialPayments.Facebook.Tests.Controllers.HomeControllerTest, SocialPayments.Facebook.Tests, Version=1.0.0.0, Culture=neutral, PublicKeyToken=null" name="About" />
    </UnitTest>
    <UnitTest name="WhenPendingPaymentMessageProcessedWithUnknownRecipientOneTransactionIsCreated" storage="c:\users\james\documents\visual studio 2010\projects\socialpayments\socialpayments.services.messageprocessors.unittest\bin\release\socialpayments.services.messageprocessors.unittest.dll" id="de3b9979-1054-afcb-d514-509aa54a7542">
      <Execution id="9b7bfd63-4a12-4e95-a4b5-f5dea5545fc7" />
      <TestMethod codeBase="C:/Users/James/documents/visual studio 2010/Projects/SocialPayments/SocialPayments.Services.MessageProcessors.UnitTest/bin/Release/SocialPayments.Services.MessageProcessors.UnitTest.DLL" adapterTypeName="Microsoft.VisualStudio.TestTools.TestTypes.Unit.UnitTestAdapter, Microsoft.VisualStudio.QualityTools.Tips.UnitTest.Adapter, Version=10.0.0.0, Culture=neutral, PublicKeyToken=b03f5f7f11d50a3a" className="SocialPayments.Services.MessageProcessors.UnitTest.UnitTest1, SocialPayments.Services.MessageProcessors.UnitTest, Version=1.0.0.0, Culture=neutral, PublicKeyToken=null" name="WhenPendingPaymentMessageProcessedWithUnknownRecipientOneTransactionIsCreated" />
    </UnitTest>
    <UnitTest name="WhenAddingApplicationCollectionHasNewItem" storage="c:\users\james\documents\visual studio 2010\projects\socialpayments\socialpayments.domainservices.unittests\bin\release\socialpayments.domainservices.unittests.dll" id="478cca51-171e-22a8-e83b-baf059f41d9f">
      <Execution id="950b781e-8e95-4675-b4d6-d9092498ef66" />
      <TestMethod codeBase="C:/Users/James/documents/visual studio 2010/Projects/SocialPayments/SocialPayments.DomainServices.UnitTests/bin/Release/SocialPayments.DomainServices.UnitTests.DLL" adapterTypeName="Microsoft.VisualStudio.TestTools.TestTypes.Unit.UnitTestAdapter, Microsoft.VisualStudio.QualityTools.Tips.UnitTest.Adapter, Version=10.0.0.0, Culture=neutral, PublicKeyToken=b03f5f7f11d50a3a" className="SocialPayments.DomainServices.UnitTests.ApplicationServicesTest, SocialPayments.DomainServices.UnitTests, Version=1.0.0.0, Culture=neutral, PublicKeyToken=null" name="WhenAddingApplicationCollectionHasNewItem" />
    </UnitTest>
    <UnitTest name="WhenPendingPaymentMessageProcessedWithKnownRecipientTwoTransactionsAreCreated" storage="c:\users\james\documents\visual studio 2010\projects\socialpayments\socialpayments.services.messageprocessors.unittest\bin\release\socialpayments.services.messageprocessors.unittest.dll" id="e919518b-87a5-b1f8-cb22-e589c1c4b365">
      <Execution id="b412e8c4-9695-4e0c-b90e-eabb120b85da" />
      <TestMethod codeBase="C:/Users/James/documents/visual studio 2010/Projects/SocialPayments/SocialPayments.Services.MessageProcessors.UnitTest/bin/Release/SocialPayments.Services.MessageProcessors.UnitTest.DLL" adapterTypeName="Microsoft.VisualStudio.TestTools.TestTypes.Unit.UnitTestAdapter, Microsoft.VisualStudio.QualityTools.Tips.UnitTest.Adapter, Version=10.0.0.0, Culture=neutral, PublicKeyToken=b03f5f7f11d50a3a" className="SocialPayments.Services.MessageProcessors.UnitTest.UnitTest1, SocialPayments.Services.MessageProcessors.UnitTest, Version=1.0.0.0, Culture=neutral, PublicKeyToken=null" name="WhenPendingPaymentMessageProcessedWithKnownRecipientTwoTransactionsAreCreated" />
    </UnitTest>
    <UnitTest name="Index" storage="c:\users\james\documents\visual studio 2010\projects\socialpayments\socialpayments.facebook.tests\bin\local\socialpayments.facebook.tests.dll" id="f5ae4d3d-1411-d1d3-0b66-791e83111db6">
      <Execution id="1b7c7977-0ecf-4a86-be09-be57282d8f31" />
      <TestMethod codeBase="C:/Users/James/documents/visual studio 2010/Projects/SocialPayments/SocialPayments.Facebook.Tests/bin/Local/SocialPayments.Facebook.Tests.DLL" adapterTypeName="Microsoft.VisualStudio.TestTools.TestTypes.Unit.UnitTestAdapter, Microsoft.VisualStudio.QualityTools.Tips.UnitTest.Adapter, Version=10.0.0.0, Culture=neutral, PublicKeyToken=b03f5f7f11d50a3a" className="SocialPayments.Facebook.Tests.Controllers.HomeControllerTest, SocialPayments.Facebook.Tests, Version=1.0.0.0, Culture=neutral, PublicKeyToken=null" name="Index" />
    </UnitTest>
  </TestDefinitions>
  <TestLists>
    <TestList name="Results Not in a List" id="8c84fa94-04c1-424b-9868-57a2d4851a1d" />
    <TestList name="All Loaded Results" id="19431567-8539-422a-85d7-44ee4e166bda" />
  </TestLists>
  <TestEntries>
    <TestEntry testId="478cca51-171e-22a8-e83b-baf059f41d9f" executionId="950b781e-8e95-4675-b4d6-d9092498ef66" testListId="8c84fa94-04c1-424b-9868-57a2d4851a1d" />
    <TestEntry testId="954ba304-f237-1d11-1a31-48fb54e92c87" executionId="d03f0771-6c56-4ab4-8d4d-05ccc442b6bc" testListId="8c84fa94-04c1-424b-9868-57a2d4851a1d" />
    <TestEntry testId="c1d7bd53-920e-b184-31fb-b52ca09868f5" executionId="ba2cf207-1160-47ab-9641-f9cd6b323256" testListId="8c84fa94-04c1-424b-9868-57a2d4851a1d" />
    <TestEntry testId="de3b9979-1054-afcb-d514-509aa54a7542" executionId="9b7bfd63-4a12-4e95-a4b5-f5dea5545fc7" testListId="8c84fa94-04c1-424b-9868-57a2d4851a1d" />
    <TestEntry testId="e919518b-87a5-b1f8-cb22-e589c1c4b365" executionId="b412e8c4-9695-4e0c-b90e-eabb120b85da" testListId="8c84fa94-04c1-424b-9868-57a2d4851a1d" />
    <TestEntry testId="f5ae4d3d-1411-d1d3-0b66-791e83111db6" executionId="1b7c7977-0ecf-4a86-be09-be57282d8f31" testListId="8c84fa94-04c1-424b-9868-57a2d4851a1d" />
  </TestEntries>
  <Results>
    <UnitTestResult executionId="950b781e-8e95-4675-b4d6-d9092498ef66" testId="478cca51-171e-22a8-e83b-baf059f41d9f" testName="WhenAddingApplicationCollectionHasNewItem" computerName="JAMES-PC" duration="00:00:00.1852006" startTime="2012-05-20T19:56:41.9179687-04:00" endTime="2012-05-20T19:56:43.9570312-04:00" testType="13cdc9d9-ddb5-4fa4-a97d-d965ccfc6d4b" outcome="Passed" testListId="8c84fa94-04c1-424b-9868-57a2d4851a1d" relativeResultsDirectory="950b781e-8e95-4675-b4d6-d9092498ef66">
    </UnitTestResult>
    <UnitTestResult executionId="d03f0771-6c56-4ab4-8d4d-05ccc442b6bc" testId="954ba304-f237-1d11-1a31-48fb54e92c87" testName="WhenUpdatingNameApplicationNameIsChanged" computerName="JAMES-PC" duration="00:00:00.0133338" startTime="2012-05-20T19:56:44.0351562-04:00" endTime="2012-05-20T19:56:44.0507812-04:00" testType="13cdc9d9-ddb5-4fa4-a97d-d965ccfc6d4b" outcome="Passed" testListId="8c84fa94-04c1-424b-9868-57a2d4851a1d" relativeResultsDirectory="d03f0771-6c56-4ab4-8d4d-05ccc442b6bc">
    </UnitTestResult>
    <UnitTestResult executionId="ba2cf207-1160-47ab-9641-f9cd6b323256" testId="c1d7bd53-920e-b184-31fb-b52ca09868f5" testName="About" computerName="JAMES-PC" duration="00:00:00.2437647" startTime="2012-05-20T19:56:44.1132812-04:00" endTime="2012-05-20T19:56:45.9726562-04:00" testType="13cdc9d9-ddb5-4fa4-a97d-d965ccfc6d4b" outcome="Passed" testListId="8c84fa94-04c1-424b-9868-57a2d4851a1d" relativeResultsDirectory="ba2cf207-1160-47ab-9641-f9cd6b323256">
    </UnitTestResult>
    <UnitTestResult executionId="9b7bfd63-4a12-4e95-a4b5-f5dea5545fc7" testId="de3b9979-1054-afcb-d514-509aa54a7542" testName="WhenPendingPaymentMessageProcessedWithUnknownRecipientOneTransactionIsCreated" computerName="JAMES-PC" duration="00:00:54.3989135" startTime="2012-05-20T19:56:46.0664062-04:00" endTime="2012-05-20T19:57:42.1240234-04:00" testType="13cdc9d9-ddb5-4fa4-a97d-d965ccfc6d4b" outcome="Passed" testListId="8c84fa94-04c1-424b-9868-57a2d4851a1d" relativeResultsDirectory="9b7bfd63-4a12-4e95-a4b5-f5dea5545fc7">
    </UnitTestResult>
    <UnitTestResult executionId="b412e8c4-9695-4e0c-b90e-eabb120b85da" testId="e919518b-87a5-b1f8-cb22-e589c1c4b365" testName="WhenPendingPaymentMessageProcessedWithKnownRecipientTwoTransactionsAreCreated" computerName="JAMES-PC" duration="00:00:05.1149623" startTime="2012-05-20T19:57:42.2646484-04:00" endTime="2012-05-20T19:57:47.3896484-04:00" testType="13cdc9d9-ddb5-4fa4-a97d-d965ccfc6d4b" outcome="Passed" testListId="8c84fa94-04c1-424b-9868-57a2d4851a1d" relativeResultsDirectory="b412e8c4-9695-4e0c-b90e-eabb120b85da">
    </UnitTestResult>
    <UnitTestResult executionId="1b7c7977-0ecf-4a86-be09-be57282d8f31" testId="f5ae4d3d-1411-d1d3-0b66-791e83111db6" testName="Index" computerName="JAMES-PC" duration="00:00:29.2550296" startTime="2012-05-20T19:57:47.4521484-04:00" endTime="2012-05-20T19:58:16.7207031-04:00" testType="13cdc9d9-ddb5-4fa4-a97d-d965ccfc6d4b" outcome="Failed" testListId="8c84fa94-04c1-424b-9868-57a2d4851a1d" relativeResultsDirectory="1b7c7977-0ecf-4a86-be09-be57282d8f31">
      <Output>
        <ErrorInfo>
          <Message>Assert.AreEqual failed. Expected:&lt;Welcome to ASP.NET MVC!&gt;. Actual:&lt;Welcome to PaidThx&gt;. </Message>
          <StackTrace>   at CallSite.Target(Closure , CallSite , Type , String , Object )
   at System.Dynamic.UpdateDelegates.UpdateAndExecuteVoid3[T0,T1,T2](CallSite site, T0 arg0, T1 arg1, T2 arg2)
   at SocialPayments.Facebook.Tests.Controllers.HomeControllerTest.Index() in C:\Users\James\documents\visual studio 2010\Projects\SocialPayments\SocialPayments.Facebook.Tests\Controllers\HomeControllerTest.cs:line 25
</StackTrace>
        </ErrorInfo>
      </Output>
    </UnitTestResult>
  </Results>
</TestRun>