<?xml version="1.0" encoding="UTF-8"?>
<TestRun id="eca23e10-0282-4b7a-8fed-1ef7ade92ba5" name="James@JAMES-PC 2012-05-20 22:59:58" runUser="James-PC\James" xmlns="http://microsoft.com/schemas/VisualStudio/TeamTest/2010">
  <TestSettings name="Local" id="63f1875e-6356-47de-9b24-1f557b223cad">
    <Description>These are default test settings for a local test run.</Description>
    <Deployment enabled="false" runDeploymentRoot="James_JAMES-PC 2012-05-20 22_59_58">
      <DeploymentItem filename="C:\Users\James\documents\visual studio 2010\Projects\SocialPayments\SocialPayments.Facebook\bin\SocialPayments.Facebook.dll" />
      <DeploymentItem filename="C:\Users\James\documents\visual studio 2010\Projects\SocialPayments\SocialPayments.Services.IMessageProcessor\bin\Release\SocialPayments.Services.IMessageProcessor.dll" />
      <DeploymentItem filename="C:\Users\James\documents\visual studio 2010\Projects\SocialPayments\SocialPayments.Services.SubmittedMessageProcessor\bin\Release\SocialPayments.Services.SubmittedMessageProcessor.dll" />
      <DeploymentItem filename="C:\Users\James\documents\visual studio 2010\Projects\SocialPayments\SocialPayments.DomainServices\bin\Local\SocialPayments.DomainServices.dll" />
      <DeploymentItem filename="C:\Users\James\documents\visual studio 2010\Projects\SocialPayments\SocialPayments.Domain\bin\Local\SocialPayments.Domain.dll" />
      <DeploymentItem filename="C:\Users\James\documents\visual studio 2010\Projects\SocialPayments\SocialPayments.DomainServices.UnitTests\bin\Release\SocialPayments.DomainServices.UnitTests.dll" />
      <DeploymentItem filename="C:\Users\James\documents\visual studio 2010\Projects\SocialPayments\SocialPayments.DataLayer\bin\Local\SocialPayments.DataLayer.dll" />
    </Deployment>
    <Execution>
      <TestTypeSpecific />
      <AgentRule name="Execution Agents">
      </AgentRule>
    </Execution>
  </TestSettings>
  <Times creation="2012-05-20T22:59:58.7597657-04:00" queuing="2012-05-20T23:00:01.0058594-04:00" start="2012-05-20T23:00:01.3808594-04:00" finish="2012-05-20T23:01:39.6611328-04:00" />
  <ResultSummary outcome="Error">
    <Counters total="8" executed="2" passed="1" error="0" failed="0" timeout="0" aborted="1" inconclusive="0" passedButRunAborted="0" notRunnable="0" notExecuted="6" disconnected="0" warning="0" completed="0" inProgress="0" pending="0" />
    <RunInfos>
      <RunInfo computerName="JAMES-PC" outcome="Error" timestamp="2012-05-20T23:01:39.6455078-04:00">
        <Text>Test host process exited unexpectedly.</Text>
      </RunInfo>
    </RunInfos>
  </ResultSummary>
  <TestDefinitions>
    <UnitTest name="WhenPendingPaymentMessageWithMECodeRecipientUriProcessedWithKnownRecipientTwoTransactionsAreCreated" storage="c:\users\james\documents\visual studio 2010\projects\socialpayments\socialpayments.services.messageprocessors.unittest\bin\release\socialpayments.services.messageprocessors.unittest.dll" id="3fbab4ce-0069-1341-3102-df8af4d658f8">
      <Execution id="ace43eba-4624-4c7d-9a6e-5508716f3369" />
      <TestMethod codeBase="C:/Users/James/documents/visual studio 2010/Projects/SocialPayments/SocialPayments.Services.MessageProcessors.UnitTest/bin/Release/SocialPayments.Services.MessageProcessors.UnitTest.DLL" adapterTypeName="Microsoft.VisualStudio.TestTools.TestTypes.Unit.UnitTestAdapter, Microsoft.VisualStudio.QualityTools.Tips.UnitTest.Adapter, Version=10.0.0.0, Culture=neutral, PublicKeyToken=b03f5f7f11d50a3a" className="SocialPayments.Services.MessageProcessors.UnitTest.SumittedPaymentMessageProcessor, SocialPayments.Services.MessageProcessors.UnitTest, Version=1.0.0.0, Culture=neutral, PublicKeyToken=null" name="WhenPendingPaymentMessageWithMECodeRecipientUriProcessedWithKnownRecipientTwoTransactionsAreCreated" />
    </UnitTest>
    <UnitTest name="WhenUpdatingNameApplicationNameIsChanged" storage="c:\users\james\documents\visual studio 2010\projects\socialpayments\socialpayments.domainservices.unittests\bin\release\socialpayments.domainservices.unittests.dll" id="954ba304-f237-1d11-1a31-48fb54e92c87">
      <Execution id="acc68c29-8754-4876-aa76-8dbfcc1e69d3" />
      <TestMethod codeBase="C:/Users/James/documents/visual studio 2010/Projects/SocialPayments/SocialPayments.DomainServices.UnitTests/bin/Release/SocialPayments.DomainServices.UnitTests.DLL" adapterTypeName="Microsoft.VisualStudio.TestTools.TestTypes.Unit.UnitTestAdapter, Microsoft.VisualStudio.QualityTools.Tips.UnitTest.Adapter, Version=10.0.0.0, Culture=neutral, PublicKeyToken=b03f5f7f11d50a3a" className="SocialPayments.DomainServices.UnitTests.ApplicationServicesTest, SocialPayments.DomainServices.UnitTests, Version=1.0.0.0, Culture=neutral, PublicKeyToken=null" name="WhenUpdatingNameApplicationNameIsChanged" />
    </UnitTest>
    <UnitTest name="WhenPendingPaymentMessageWithMobileNumberRecipientUriProcessedWithUnknownRecipientOneTransactionIsCreated" storage="c:\users\james\documents\visual studio 2010\projects\socialpayments\socialpayments.services.messageprocessors.unittest\bin\release\socialpayments.services.messageprocessors.unittest.dll" id="0bbf6510-5b38-cc42-6794-c7dbbf478eb4">
      <Execution id="287fafa0-5965-4c7a-ab0d-1899cf0f2a7f" />
      <TestMethod codeBase="C:/Users/James/documents/visual studio 2010/Projects/SocialPayments/SocialPayments.Services.MessageProcessors.UnitTest/bin/Release/SocialPayments.Services.MessageProcessors.UnitTest.DLL" adapterTypeName="Microsoft.VisualStudio.TestTools.TestTypes.Unit.UnitTestAdapter, Microsoft.VisualStudio.QualityTools.Tips.UnitTest.Adapter, Version=10.0.0.0, Culture=neutral, PublicKeyToken=b03f5f7f11d50a3a" className="SocialPayments.Services.MessageProcessors.UnitTest.SumittedPaymentMessageProcessor, SocialPayments.Services.MessageProcessors.UnitTest, Version=1.0.0.0, Culture=neutral, PublicKeyToken=null" name="WhenPendingPaymentMessageWithMobileNumberRecipientUriProcessedWithUnknownRecipientOneTransactionIsCreated" />
    </UnitTest>
    <UnitTest name="About" storage="c:\users\james\documents\visual studio 2010\projects\socialpayments\socialpayments.facebook.tests\bin\local\socialpayments.facebook.tests.dll" id="c1d7bd53-920e-b184-31fb-b52ca09868f5">
      <Execution id="31462437-8a7f-4cfd-948b-52fe75ebaeec" />
      <TestMethod codeBase="C:/Users/James/documents/visual studio 2010/Projects/SocialPayments/SocialPayments.Facebook.Tests/bin/Local/SocialPayments.Facebook.Tests.DLL" adapterTypeName="Microsoft.VisualStudio.TestTools.TestTypes.Unit.UnitTestAdapter, Microsoft.VisualStudio.QualityTools.Tips.UnitTest.Adapter, Version=10.0.0.0, Culture=neutral, PublicKeyToken=b03f5f7f11d50a3a" className="SocialPayments.Facebook.Tests.Controllers.HomeControllerTest, SocialPayments.Facebook.Tests, Version=1.0.0.0, Culture=neutral, PublicKeyToken=null" name="About" />
    </UnitTest>
    <UnitTest name="WhenAddingApplicationCollectionHasNewItem" storage="c:\users\james\documents\visual studio 2010\projects\socialpayments\socialpayments.domainservices.unittests\bin\release\socialpayments.domainservices.unittests.dll" id="478cca51-171e-22a8-e83b-baf059f41d9f">
      <Execution id="44fff5b2-c7da-4c2b-af3f-d5c8a17af283" />
      <TestMethod codeBase="C:/Users/James/documents/visual studio 2010/Projects/SocialPayments/SocialPayments.DomainServices.UnitTests/bin/Release/SocialPayments.DomainServices.UnitTests.DLL" adapterTypeName="Microsoft.VisualStudio.TestTools.TestTypes.Unit.UnitTestAdapter, Microsoft.VisualStudio.QualityTools.Tips.UnitTest.Adapter, Version=10.0.0.0, Culture=neutral, PublicKeyToken=b03f5f7f11d50a3a" className="SocialPayments.DomainServices.UnitTests.ApplicationServicesTest, SocialPayments.DomainServices.UnitTests, Version=1.0.0.0, Culture=neutral, PublicKeyToken=null" name="WhenAddingApplicationCollectionHasNewItem" />
    </UnitTest>
    <UnitTest name="Index" storage="c:\users\james\documents\visual studio 2010\projects\socialpayments\socialpayments.facebook.tests\bin\local\socialpayments.facebook.tests.dll" id="f5ae4d3d-1411-d1d3-0b66-791e83111db6">
      <Execution id="61543ce1-90dc-417a-995b-c31eda455f27" />
      <TestMethod codeBase="C:/Users/James/documents/visual studio 2010/Projects/SocialPayments/SocialPayments.Facebook.Tests/bin/Local/SocialPayments.Facebook.Tests.DLL" adapterTypeName="Microsoft.VisualStudio.TestTools.TestTypes.Unit.UnitTestAdapter, Microsoft.VisualStudio.QualityTools.Tips.UnitTest.Adapter, Version=10.0.0.0, Culture=neutral, PublicKeyToken=b03f5f7f11d50a3a" className="SocialPayments.Facebook.Tests.Controllers.HomeControllerTest, SocialPayments.Facebook.Tests, Version=1.0.0.0, Culture=neutral, PublicKeyToken=null" name="Index" />
    </UnitTest>
    <UnitTest name="WhenPendingPaymentMessageWithMobileNumberRecipientUriProcessedWithKnownRecipientTwoTransactionsAreCreated" storage="c:\users\james\documents\visual studio 2010\projects\socialpayments\socialpayments.services.messageprocessors.unittest\bin\release\socialpayments.services.messageprocessors.unittest.dll" id="a98f7e50-8b97-baa5-6dbb-3dc100efdbe0">
      <Execution id="782e878f-27a8-4795-afba-95b1b8ce38dc" />
      <TestMethod codeBase="C:/Users/James/documents/visual studio 2010/Projects/SocialPayments/SocialPayments.Services.MessageProcessors.UnitTest/bin/Release/SocialPayments.Services.MessageProcessors.UnitTest.DLL" adapterTypeName="Microsoft.VisualStudio.TestTools.TestTypes.Unit.UnitTestAdapter, Microsoft.VisualStudio.QualityTools.Tips.UnitTest.Adapter, Version=10.0.0.0, Culture=neutral, PublicKeyToken=b03f5f7f11d50a3a" className="SocialPayments.Services.MessageProcessors.UnitTest.SumittedPaymentMessageProcessor, SocialPayments.Services.MessageProcessors.UnitTest, Version=1.0.0.0, Culture=neutral, PublicKeyToken=null" name="WhenPendingPaymentMessageWithMobileNumberRecipientUriProcessedWithKnownRecipientTwoTransactionsAreCreated" />
    </UnitTest>
    <UnitTest name="WhenPendingPaymentMessageWithEmailAddressRecipientUriProcessedWithKnownRecipientTwoTransactionsAreCreated" storage="c:\users\james\documents\visual studio 2010\projects\socialpayments\socialpayments.services.messageprocessors.unittest\bin\release\socialpayments.services.messageprocessors.unittest.dll" id="9348b3c8-0ebe-7192-620d-3e0b8e10480c">
      <Execution id="92636575-8958-46e9-bdbb-6b8c830e0113" />
      <TestMethod codeBase="C:/Users/James/documents/visual studio 2010/Projects/SocialPayments/SocialPayments.Services.MessageProcessors.UnitTest/bin/Release/SocialPayments.Services.MessageProcessors.UnitTest.DLL" adapterTypeName="Microsoft.VisualStudio.TestTools.TestTypes.Unit.UnitTestAdapter, Microsoft.VisualStudio.QualityTools.Tips.UnitTest.Adapter, Version=10.0.0.0, Culture=neutral, PublicKeyToken=b03f5f7f11d50a3a" className="SocialPayments.Services.MessageProcessors.UnitTest.SumittedPaymentMessageProcessor, SocialPayments.Services.MessageProcessors.UnitTest, Version=1.0.0.0, Culture=neutral, PublicKeyToken=null" name="WhenPendingPaymentMessageWithEmailAddressRecipientUriProcessedWithKnownRecipientTwoTransactionsAreCreated" />
    </UnitTest>
  </TestDefinitions>
  <TestLists>
    <TestList name="Results Not in a List" id="8c84fa94-04c1-424b-9868-57a2d4851a1d" />
    <TestList name="All Loaded Results" id="19431567-8539-422a-85d7-44ee4e166bda" />
  </TestLists>
  <TestEntries>
    <TestEntry testId="0bbf6510-5b38-cc42-6794-c7dbbf478eb4" executionId="287fafa0-5965-4c7a-ab0d-1899cf0f2a7f" testListId="8c84fa94-04c1-424b-9868-57a2d4851a1d" />
    <TestEntry testId="3fbab4ce-0069-1341-3102-df8af4d658f8" executionId="ace43eba-4624-4c7d-9a6e-5508716f3369" testListId="8c84fa94-04c1-424b-9868-57a2d4851a1d" />
    <TestEntry testId="478cca51-171e-22a8-e83b-baf059f41d9f" executionId="44fff5b2-c7da-4c2b-af3f-d5c8a17af283" testListId="8c84fa94-04c1-424b-9868-57a2d4851a1d" />
    <TestEntry testId="9348b3c8-0ebe-7192-620d-3e0b8e10480c" executionId="92636575-8958-46e9-bdbb-6b8c830e0113" testListId="8c84fa94-04c1-424b-9868-57a2d4851a1d" />
    <TestEntry testId="954ba304-f237-1d11-1a31-48fb54e92c87" executionId="acc68c29-8754-4876-aa76-8dbfcc1e69d3" testListId="8c84fa94-04c1-424b-9868-57a2d4851a1d" />
    <TestEntry testId="a98f7e50-8b97-baa5-6dbb-3dc100efdbe0" executionId="782e878f-27a8-4795-afba-95b1b8ce38dc" testListId="8c84fa94-04c1-424b-9868-57a2d4851a1d" />
    <TestEntry testId="c1d7bd53-920e-b184-31fb-b52ca09868f5" executionId="31462437-8a7f-4cfd-948b-52fe75ebaeec" testListId="8c84fa94-04c1-424b-9868-57a2d4851a1d" />
    <TestEntry testId="f5ae4d3d-1411-d1d3-0b66-791e83111db6" executionId="61543ce1-90dc-417a-995b-c31eda455f27" testListId="8c84fa94-04c1-424b-9868-57a2d4851a1d" />
  </TestEntries>
  <Results>
    <UnitTestResult executionId="287fafa0-5965-4c7a-ab0d-1899cf0f2a7f" testId="0bbf6510-5b38-cc42-6794-c7dbbf478eb4" testName="WhenPendingPaymentMessageWithMobileNumberRecipientUriProcessedWithUnknownRecipientOneTransactionIsCreated" computerName="JAMES-PC" duration="00:00:03.7261780" startTime="2012-05-20T23:00:01.9746094-04:00" endTime="2012-05-20T23:00:07.5273438-04:00" testType="13cdc9d9-ddb5-4fa4-a97d-d965ccfc6d4b" outcome="Passed" testListId="8c84fa94-04c1-424b-9868-57a2d4851a1d" relativeResultsDirectory="287fafa0-5965-4c7a-ab0d-1899cf0f2a7f">
    </UnitTestResult>
    <UnitTestResult executionId="ace43eba-4624-4c7d-9a6e-5508716f3369" testId="3fbab4ce-0069-1341-3102-df8af4d658f8" testName="WhenPendingPaymentMessageWithMECodeRecipientUriProcessedWithKnownRecipientTwoTransactionsAreCreated" computerName="JAMES-PC" duration="00:01:32.0869140" startTime="2012-05-20T23:00:07.5742188-04:00" endTime="2012-05-20T23:01:39.6611328-04:00" testType="13cdc9d9-ddb5-4fa4-a97d-d965ccfc6d4b" outcome="Aborted" testListId="8c84fa94-04c1-424b-9868-57a2d4851a1d" relativeResultsDirectory="ace43eba-4624-4c7d-9a6e-5508716f3369">
    </UnitTestResult>
    <UnitTestResult executionId="44fff5b2-c7da-4c2b-af3f-d5c8a17af283" testId="478cca51-171e-22a8-e83b-baf059f41d9f" testName="WhenAddingApplicationCollectionHasNewItem" computerName="JAMES-PC" testType="13cdc9d9-ddb5-4fa4-a97d-d965ccfc6d4b" outcome="NotExecuted" testListId="8c84fa94-04c1-424b-9868-57a2d4851a1d" relativeResultsDirectory="44fff5b2-c7da-4c2b-af3f-d5c8a17af283">
    </UnitTestResult>
    <UnitTestResult executionId="92636575-8958-46e9-bdbb-6b8c830e0113" testId="9348b3c8-0ebe-7192-620d-3e0b8e10480c" testName="WhenPendingPaymentMessageWithEmailAddressRecipientUriProcessedWithKnownRecipientTwoTransactionsAreCreated" computerName="JAMES-PC" testType="13cdc9d9-ddb5-4fa4-a97d-d965ccfc6d4b" outcome="NotExecuted" testListId="8c84fa94-04c1-424b-9868-57a2d4851a1d" relativeResultsDirectory="92636575-8958-46e9-bdbb-6b8c830e0113">
    </UnitTestResult>
    <UnitTestResult executionId="acc68c29-8754-4876-aa76-8dbfcc1e69d3" testId="954ba304-f237-1d11-1a31-48fb54e92c87" testName="WhenUpdatingNameApplicationNameIsChanged" computerName="JAMES-PC" testType="13cdc9d9-ddb5-4fa4-a97d-d965ccfc6d4b" outcome="NotExecuted" testListId="8c84fa94-04c1-424b-9868-57a2d4851a1d" relativeResultsDirectory="acc68c29-8754-4876-aa76-8dbfcc1e69d3">
    </UnitTestResult>
    <UnitTestResult executionId="782e878f-27a8-4795-afba-95b1b8ce38dc" testId="a98f7e50-8b97-baa5-6dbb-3dc100efdbe0" testName="WhenPendingPaymentMessageWithMobileNumberRecipientUriProcessedWithKnownRecipientTwoTransactionsAreCreated" computerName="JAMES-PC" testType="13cdc9d9-ddb5-4fa4-a97d-d965ccfc6d4b" outcome="NotExecuted" testListId="8c84fa94-04c1-424b-9868-57a2d4851a1d" relativeResultsDirectory="782e878f-27a8-4795-afba-95b1b8ce38dc">
    </UnitTestResult>
    <UnitTestResult executionId="31462437-8a7f-4cfd-948b-52fe75ebaeec" testId="c1d7bd53-920e-b184-31fb-b52ca09868f5" testName="About" computerName="JAMES-PC" testType="13cdc9d9-ddb5-4fa4-a97d-d965ccfc6d4b" outcome="NotExecuted" testListId="8c84fa94-04c1-424b-9868-57a2d4851a1d" relativeResultsDirectory="31462437-8a7f-4cfd-948b-52fe75ebaeec">
    </UnitTestResult>
    <UnitTestResult executionId="61543ce1-90dc-417a-995b-c31eda455f27" testId="f5ae4d3d-1411-d1d3-0b66-791e83111db6" testName="Index" computerName="JAMES-PC" testType="13cdc9d9-ddb5-4fa4-a97d-d965ccfc6d4b" outcome="NotExecuted" testListId="8c84fa94-04c1-424b-9868-57a2d4851a1d" relativeResultsDirectory="61543ce1-90dc-417a-995b-c31eda455f27">
    </UnitTestResult>
  </Results>
</TestRun>